<?xml version="1.0" encoding="UTF-8"?>
<testsuite xmlns:xsi="http://www.w3.org/2001/XMLSchema-instance" xsi:noNamespaceSchemaLocation="https://maven.apache.org/surefire/maven-surefire-plugin/xsd/surefire-test-report-3.0.xsd" version="3.0" name="CreateOrderTest" time="14.215" tests="4" errors="0" skipped="0" failures="0">
  <properties>
[...]
</properties>
  <testcase name="createOrderAuthUserIncorrectHash" classname="CreateOrderTest" time="8.003">
    <system-out><![CDATA[Request method:	GET
Request URI:	https://stellarburgers.nomoreparties.site/api/ingredients
Proxy:			<none>
Request params:	<none>
Query params:	<none>
Form params:	<none>
Path params:	<none>
Headers:		Accept=*/*
				Content-Type=application/json
Cookies:		<none>
Multiparts:		<none>
Body:			<none>
HTTP/1.1 200 OK
Date: Sun, 30 Jun 2024 15:27:29 GMT
Content-Type: application/json; charset=utf-8
Transfer-Encoding: chunked
Connection: keep-alive
X-Powered-By: Express
Access-Control-Allow-Origin: *
ETag: W/"1745-LHZ7D8kBZWcbCGljCoPXtjB5CeA"
CF-Cache-Status: DYNAMIC
Report-To: {"endpoints":[{"url":"https:\/\/a.nel.cloudflare.com\/report\/v4?s=f%2F28hMiUtz9x8OCx2sIi2iakkw1V3JEDs2vdO%2BrGXNiIYB%2BvQvHIRZYZIa1tjkAtFXMga0z8t2wjR%2BMAJcVLAaPYw9Ok0F%2FsbZIqYoPSkZN5EMU3SHkZRfTefCiQl1r%2Bb6P0NVwHlk7gfMgfobApi6mioKI%3D"}],"group":"cf-nel","max_age":604800}
NEL: {"success_fraction":0,"report_to":"cf-nel","max_age":604800}
Server: cloudflare
CF-RAY: 89bf2e3fca1a75b7-DME
Content-Encoding: gzip
alt-svc: h3=":443"; ma=86400

{
    "success": true,
    "data": [
        {
            "_id": "61c0c5a71d1f82001bdaaa6d",
            "name": "Флюоресцентная булка R2-D3",
            "type": "bun",
            "proteins": 44,
            "fat": 26,
            "carbohydrates": 85,
            "calories": 643,
            "price": 988,
            "image": "https://code.s3.yandex.net/react/code/bun-01.png",
            "image_mobile": "https://code.s3.yandex.net/react/code/bun-01-mobile.png",
            "image_large": "https://code.s3.yandex.net/react/code/bun-01-large.png",
            "__v": 0
        },
        {
            "_id": "61c0c5a71d1f82001bdaaa6f",
            "name": "Мясо бессмертных моллюсков Protostomia",
            "type": "main",
            "proteins": 433,
            "fat": 244,
            "carbohydrates": 33,
            "calories": 420,
            "price": 1337,
            "image": "https://code.s3.yandex.net/react/code/meat-02.png",
            "image_mobile": "https://code.s3.yandex.net/react/code/meat-02-mobile.png",
            "image_large": "https://code.s3.yandex.net/react/code/meat-02-large.png",
            "__v": 0
        },
        {
            "_id": "61c0c5a71d1f82001bdaaa70",
            "name": "Говяжий метеорит (отбивная)",
            "type": "main",
            "proteins": 800,
            "fat": 800,
            "carbohydrates": 300,
            "calories": 2674,
            "price": 3000,
            "image": "https://code.s3.yandex.net/react/code/meat-04.png",
            "image_mobile": "https://code.s3.yandex.net/react/code/meat-04-mobile.png",
            "image_large": "https://code.s3.yandex.net/react/code/meat-04-large.png",
            "__v": 0
        },
        {
            "_id": "61c0c5a71d1f82001bdaaa71",
            "name": "Биокотлета из марсианской Магнолии",
            "type": "main",
            "proteins": 420,
            "fat": 142,
            "carbohydrates": 242,
            "calories": 4242,
            "price": 424,
            "image": "https://code.s3.yandex.net/react/code/meat-01.png",
            "image_mobile": "https://code.s3.yandex.net/react/code/meat-01-mobile.png",
            "image_large": "https://code.s3.yandex.net/react/code/meat-01-large.png",
            "__v": 0
        },
        {
            "_id": "61c0c5a71d1f82001bdaaa72",
            "name": "Соус Spicy-X",
            "type": "sauce",
            "proteins": 30,
            "fat": 20,
            "carbohydrates": 40,
            "calories": 30,
            "price": 90,
            "image": "https://code.s3.yandex.net/react/code/sauce-02.png",
            "image_mobile": "https://code.s3.yandex.net/react/code/sauce-02-mobile.png",
            "image_large": "https://code.s3.yandex.net/react/code/sauce-02-large.png",
            "__v": 0
        },
        {
            "_id": "61c0c5a71d1f82001bdaaa6e",
            "name": "Филе Люминесцентного тетраодонтимформа",
            "type": "main",
            "proteins": 44,
            "fat": 26,
            "carbohydrates": 85,
            "calories": 643,
            "price": 988,
            "image": "https://code.s3.yandex.net/react/code/meat-03.png",
            "image_mobile": "https://code.s3.yandex.net/react/code/meat-03-mobile.png",
            "image_large": "https://code.s3.yandex.net/react/code/meat-03-large.png",
            "__v": 0
        },
        {
            "_id": "61c0c5a71d1f82001bdaaa73",
            "name": "Соус фирменный Space Sauce",
            "type": "sauce",
            "proteins": 50,
            "fat": 22,
            "carbohydrates": 11,
            "calories": 14,
            "price": 80,
            "image": "https://code.s3.yandex.net/react/code/sauce-04.png",
            "image_mobile": "https://code.s3.yandex.net/react/code/sauce-04-mobile.png",
            "image_large": "https://code.s3.yandex.net/react/code/sauce-04-large.png",
            "__v": 0
        },
        {
            "_id": "61c0c5a71d1f82001bdaaa74",
            "name": "Соус традиционный галактический",
            "type": "sauce",
            "proteins": 42,
            "fat": 24,
            "carbohydrates": 42,
            "calories": 99,
            "price": 15,
            "image": "https://code.s3.yandex.net/react/code/sauce-03.png",
            "image_mobile": "https://code.s3.yandex.net/react/code/sauce-03-mobile.png",
            "image_large": "https://code.s3.yandex.net/react/code/sauce-03-large.png",
            "__v": 0
        },
        {
            "_id": "61c0c5a71d1f82001bdaaa6c",
            "name": "Краторная булка N-200i",
            "type": "bun",
            "proteins": 80,
            "fat": 24,
            "carbohydrates": 53,
            "calories": 420,
            "price": 1255,
            "image": "https://code.s3.yandex.net/react/code/bun-02.png",
            "image_mobile": "https://code.s3.yandex.net/react/code/bun-02-mobile.png",
            "image_large": "https://code.s3.yandex.net/react/code/bun-02-large.png",
            "__v": 0
        },
        {
            "_id": "61c0c5a71d1f82001bdaaa75",
            "name": "Соус с шипами Антарианского плоскоходца",
            "type": "sauce",
            "proteins": 101,
            "fat": 99,
            "carbohydrates": 100,
            "calories": 100,
            "price": 88,
            "image": "https://code.s3.yandex.net/react/code/sauce-01.png",
            "image_mobile": "https://code.s3.yandex.net/react/code/sauce-01-mobile.png",
            "image_large": "https://code.s3.yandex.net/react/code/sauce-01-large.png",
            "__v": 0
        },
        {
            "_id": "61c0c5a71d1f82001bdaaa76",
            "name": "Хрустящие минеральные кольца",
            "type": "main",
            "proteins": 808,
            "fat": 689,
            "carbohydrates": 609,
            "calories": 986,
            "price": 300,
            "image": "https://code.s3.yandex.net/react/code/mineral_rings.png",
            "image_mobile": "https://code.s3.yandex.net/react/code/mineral_rings-mobile.png",
            "image_large": "https://code.s3.yandex.net/react/code/mineral_rings-large.png",
            "__v": 0
        },
        {
            "_id": "61c0c5a71d1f82001bdaaa77",
            "name": "Плоды Фалленианского дерева",
            "type": "main",
            "proteins": 20,
            "fat": 5,
            "carbohydrates": 55,
            "calories": 77,
            "price": 874,
            "image": "https://code.s3.yandex.net/react/code/sp_1.png",
            "image_mobile": "https://code.s3.yandex.net/react/code/sp_1-mobile.png",
            "image_large": "https://code.s3.yandex.net/react/code/sp_1-large.png",
            "__v": 0
        },
        {
            "_id": "61c0c5a71d1f82001bdaaa78",
            "name": "Кристаллы марсианских альфа-сахаридов",
            "type": "main",
            "proteins": 234,
            "fat": 432,
            "carbohydrates": 111,
            "calories": 189,
            "price": 762,
            "image": "https://code.s3.yandex.net/react/code/core.png",
            "image_mobile": "https://code.s3.yandex.net/react/code/core-mobile.png",
            "image_large": "https://code.s3.yandex.net/react/code/core-large.png",
            "__v": 0
        },
        {
            "_id": "61c0c5a71d1f82001bdaaa79",
            "name": "Мини-салат Экзо-Плантаго",
            "type": "main",
            "proteins": 1,
            "fat": 2,
            "carbohydrates": 3,
            "calories": 6,
            "price": 4400,
            "image": "https://code.s3.yandex.net/react/code/salad.png",
            "image_mobile": "https://code.s3.yandex.net/react/code/salad-mobile.png",
            "image_large": "https://code.s3.yandex.net/react/code/salad-large.png",
            "__v": 0
        },
        {
            "_id": "61c0c5a71d1f82001bdaaa7a",
            "name": "Сыр с астероидной плесенью",
            "type": "main",
            "proteins": 84,
            "fat": 48,
            "carbohydrates": 420,
            "calories": 3377,
            "price": 4142,
            "image": "https://code.s3.yandex.net/react/code/cheese.png",
            "image_mobile": "https://code.s3.yandex.net/react/code/cheese-mobile.png",
            "image_large": "https://code.s3.yandex.net/react/code/cheese-large.png",
            "__v": 0
        }
    ]
}
Request method:	POST
Request URI:	https://stellarburgers.nomoreparties.site/api/orders
Proxy:			<none>
Request params:	<none>
Query params:	<none>
Form params:	<none>
Path params:	<none>
Headers:		authorization=Bearer eyJhbGciOiJIUzI1NiIsInR5cCI6IkpXVCJ9.eyJpZCI6IjY2ODE3OTVmOWVkMjgwMDAxYjQ1OTVlZSIsImlhdCI6MTcxOTc2MTI0NywiZXhwIjoxNzE5NzYyNDQ3fQ.bInRG6jBuJuHP0pl4t2olmbrcfqpkHUHLo8b8BudEdw
				Accept=*/*
				Content-Type=application/json
Cookies:		<none>
Multiparts:		<none>
Body:
{
    "ingredients": [
        "61c0c5a71d1f82001bdaaa6f1",
        "61c0c5a71d1f82001bdaaa6e2",
        "61c0c5a71d1f82001bdaaa6c3"
    ]
}
HTTP/1.1 500 Internal Server Error
Date: Sun, 30 Jun 2024 15:27:29 GMT
Content-Type: text/html; charset=utf-8
Transfer-Encoding: chunked
Connection: keep-alive
X-Powered-By: Express
Access-Control-Allow-Origin: *
Content-Security-Policy: default-src 'none'
X-Content-Type-Options: nosniff
CF-Cache-Status: DYNAMIC
Report-To: {"endpoints":[{"url":"https:\/\/a.nel.cloudflare.com\/report\/v4?s=6Q4uErndObsfaR1uivzuFRMREkLprg3R4g5xqX%2BQcWZj%2FN6ERJgwBLeHehe2o79xSxGPa81l2nzZ9iapCyzIXCB7mgZ7sjj9Yp%2B2PYpIS7wzgI1FskU9tV0DbtdOtwPWH4kpSsnt1yAuQimCy%2BZ43TmIfy8%3D"}],"group":"cf-nel","max_age":604800}
NEL: {"success_fraction":0,"report_to":"cf-nel","max_age":604800}
Server: cloudflare
CF-RAY: 89bf2e428d29b91a-AMS
alt-svc: h3=":443"; ma=86400

<html lang="en">
  <head>
    <meta charset="utf-8"/>
    <title>Error</title>
  </head>
  <body>
    <pre>Internal Server Error</pre>
  </body>
</html>
Request method:	DELETE
Request URI:	https://stellarburgers.nomoreparties.site/api/auth/user
Proxy:			<none>
Request params:	<none>
Query params:	<none>
Form params:	<none>
Path params:	<none>
Headers:		authorization=Bearer eyJhbGciOiJIUzI1NiIsInR5cCI6IkpXVCJ9.eyJpZCI6IjY2ODE3OTVmOWVkMjgwMDAxYjQ1OTVlZSIsImlhdCI6MTcxOTc2MTI0NywiZXhwIjoxNzE5NzYyNDQ3fQ.bInRG6jBuJuHP0pl4t2olmbrcfqpkHUHLo8b8BudEdw
				Accept=*/*
				Content-Type=application/json
Cookies:		<none>
Multiparts:		<none>
Body:			<none>
Request method:	DELETE
Request URI:	https://stellarburgers.nomoreparties.site/api/auth/user
Proxy:			<none>
Request params:	<none>
Query params:	<none>
Form params:	<none>
Path params:	<none>
Headers:		authorization=Bearer eyJhbGciOiJIUzI1NiIsInR5cCI6IkpXVCJ9.eyJpZCI6IjY2ODE3OTVmOWVkMjgwMDAxYjQ1OTVlZSIsImlhdCI6MTcxOTc2MTI0NywiZXhwIjoxNzE5NzYyNDQ3fQ.bInRG6jBuJuHP0pl4t2olmbrcfqpkHUHLo8b8BudEdw
				Accept=*/*
				Content-Type=application/json
Cookies:		<none>
Multiparts:		<none>
Body:			<none>
HTTP/1.1 202 Accepted
Date: Sun, 30 Jun 2024 15:27:30 GMT
Content-Type: application/json; charset=utf-8
Content-Length: 54
Connection: keep-alive
X-Powered-By: Express
Access-Control-Allow-Origin: *
ETag: W/"36-hDmZnQ3Ou/ynnqAeC6TYmyseuzY"
CF-Cache-Status: DYNAMIC
Report-To: {"endpoints":[{"url":"https:\/\/a.nel.cloudflare.com\/report\/v4?s=o3kkoWpO8SXfpWtQsVTJjXdQSDDkgP%2FCknfViXLx%2FHaKs8BltxqqFal5drQM0TQTFbRvu8KU4GbfiQqSlg9gw2jk0vHADbze7HcqSTZCVa2ewvcO3rZAcXH%2FFB44C%2B4KSrFQ%2F9wyi9QNOKlRJkHpAEPAufk%3D"}],"group":"cf-nel","max_age":604800}
NEL: {"success_fraction":0,"report_to":"cf-nel","max_age":604800}
Server: cloudflare
CF-RAY: 89bf2e460aed660d-AMS
alt-svc: h3=":443"; ma=86400

{
    "success": true,
    "message": "User successfully removed"
}
HTTP/1.1 202 Accepted
Date: Sun, 30 Jun 2024 15:27:30 GMT
Content-Type: application/json; charset=utf-8
Content-Length: 54
Connection: keep-alive
X-Powered-By: Express
Access-Control-Allow-Origin: *
ETag: W/"36-hDmZnQ3Ou/ynnqAeC6TYmyseuzY"
CF-Cache-Status: DYNAMIC
Report-To: {"endpoints":[{"url":"https:\/\/a.nel.cloudflare.com\/report\/v4?s=o3kkoWpO8SXfpWtQsVTJjXdQSDDkgP%2FCknfViXLx%2FHaKs8BltxqqFal5drQM0TQTFbRvu8KU4GbfiQqSlg9gw2jk0vHADbze7HcqSTZCVa2ewvcO3rZAcXH%2FFB44C%2B4KSrFQ%2F9wyi9QNOKlRJkHpAEPAufk%3D"}],"group":"cf-nel","max_age":604800}
NEL: {"success_fraction":0,"report_to":"cf-nel","max_age":604800}
Server: cloudflare
CF-RAY: 89bf2e460aed660d-AMS
alt-svc: h3=":443"; ma=86400

{
    "success": true,
    "message": "User successfully removed"
}
]]></system-out>
    <system-err><![CDATA[SLF4J: Failed to load class "org.slf4j.impl.StaticLoggerBinder".
SLF4J: Defaulting to no-operation (NOP) logger implementation
SLF4J: See http://www.slf4j.org/codes.html#StaticLoggerBinder for further details.
]]></system-err>
  </testcase>
  <testcase name="createOrderAuthUserNotIngridient" classname="CreateOrderTest" time="1.879">
    <system-out><![CDATA[Request method:	POST
Request URI:	https://stellarburgers.nomoreparties.site/api/auth/register
Proxy:			<none>
Request params:	<none>
Query params:	<none>
Form params:	<none>
Path params:	<none>
Headers:		Accept=*/*
				Content-Type=application/json
Cookies:		<none>
Multiparts:		<none>
Body:
{
    "email": "fuLNeKiLMe@ya.ru",
    "password": "nnNTlRNPWJ",
    "name": "ETWLYkgXsZ"
}
Request method:	POST
Request URI:	https://stellarburgers.nomoreparties.site/api/auth/register
Proxy:			<none>
Request params:	<none>
Query params:	<none>
Form params:	<none>
Path params:	<none>
Headers:		Accept=*/*
				Content-Type=application/json
Cookies:		<none>
Multiparts:		<none>
Body:
{
    "email": "fuLNeKiLMe@ya.ru",
    "password": "nnNTlRNPWJ",
    "name": "ETWLYkgXsZ"
}
HTTP/1.1 200 OK
Date: Sun, 30 Jun 2024 15:27:30 GMT
Content-Type: application/json; charset=utf-8
Transfer-Encoding: chunked
Connection: keep-alive
X-Powered-By: Express
Access-Control-Allow-Origin: *
authorization: Bearer eyJhbGciOiJIUzI1NiIsInR5cCI6IkpXVCJ9.eyJpZCI6IjY2ODE3OTYyOWVkMjgwMDAxYjQ1OTVmNCIsImlhdCI6MTcxOTc2MTI1MCwiZXhwIjoxNzE5NzYyNDUwfQ.taFv-8TjDpJUBs7ULjQ7OVbiEtCxuUgbW-vx00SOo3E
ETag: W/"16d-krVMqUTTm+H0tQclVU9RFjoLyBE"
CF-Cache-Status: DYNAMIC
Report-To: {"endpoints":[{"url":"https:\/\/a.nel.cloudflare.com\/report\/v4?s=guWp0APX5DgNfxfvlgqXf8FJ7EkWEv5y0R7uWDOQ1%2BUdW2NzpYFvjHO0EbvKrmRr8lk1NYWJRp3T%2B7aZB6x2cUyt1gRlJkBKq8aOiBFMoP9fnn4L%2FIvLAOk98y8eh%2FU3oGj3aHhYLVw9JYzqf%2F%2Bw3fJ8DZA%3D"}],"group":"cf-nel","max_age":604800}
NEL: {"success_fraction":0,"report_to":"cf-nel","max_age":604800}
Server: cloudflare
CF-RAY: 89bf2e49aa937b37-DME
Content-Encoding: gzip
alt-svc: h3=":443"; ma=86400

{
    "success": true,
    "user": {
        "email": "fulnekilme@ya.ru",
        "name": "ETWLYkgXsZ"
    },
    "accessToken": "Bearer eyJhbGciOiJIUzI1NiIsInR5cCI6IkpXVCJ9.eyJpZCI6IjY2ODE3OTYyOWVkMjgwMDAxYjQ1OTVmNCIsImlhdCI6MTcxOTc2MTI1MCwiZXhwIjoxNzE5NzYyNDUwfQ.taFv-8TjDpJUBs7ULjQ7OVbiEtCxuUgbW-vx00SOo3E",
    "refreshToken": "0fbe7aec81c8ef73d02121ce4d295d286e0f217be19cddae0cf37cde090a2e9d9189167d0126ba64"
}
HTTP/1.1 200 OK
Date: Sun, 30 Jun 2024 15:27:30 GMT
Content-Type: application/json; charset=utf-8
Transfer-Encoding: chunked
Connection: keep-alive
X-Powered-By: Express
Access-Control-Allow-Origin: *
authorization: Bearer eyJhbGciOiJIUzI1NiIsInR5cCI6IkpXVCJ9.eyJpZCI6IjY2ODE3OTYyOWVkMjgwMDAxYjQ1OTVmNCIsImlhdCI6MTcxOTc2MTI1MCwiZXhwIjoxNzE5NzYyNDUwfQ.taFv-8TjDpJUBs7ULjQ7OVbiEtCxuUgbW-vx00SOo3E
ETag: W/"16d-krVMqUTTm+H0tQclVU9RFjoLyBE"
CF-Cache-Status: DYNAMIC
Report-To: {"endpoints":[{"url":"https:\/\/a.nel.cloudflare.com\/report\/v4?s=guWp0APX5DgNfxfvlgqXf8FJ7EkWEv5y0R7uWDOQ1%2BUdW2NzpYFvjHO0EbvKrmRr8lk1NYWJRp3T%2B7aZB6x2cUyt1gRlJkBKq8aOiBFMoP9fnn4L%2FIvLAOk98y8eh%2FU3oGj3aHhYLVw9JYzqf%2F%2Bw3fJ8DZA%3D"}],"group":"cf-nel","max_age":604800}
NEL: {"success_fraction":0,"report_to":"cf-nel","max_age":604800}
Server: cloudflare
CF-RAY: 89bf2e49aa937b37-DME
Content-Encoding: gzip
alt-svc: h3=":443"; ma=86400

{
    "success": true,
    "user": {
        "email": "fulnekilme@ya.ru",
        "name": "ETWLYkgXsZ"
    },
    "accessToken": "Bearer eyJhbGciOiJIUzI1NiIsInR5cCI6IkpXVCJ9.eyJpZCI6IjY2ODE3OTYyOWVkMjgwMDAxYjQ1OTVmNCIsImlhdCI6MTcxOTc2MTI1MCwiZXhwIjoxNzE5NzYyNDUwfQ.taFv-8TjDpJUBs7ULjQ7OVbiEtCxuUgbW-vx00SOo3E",
    "refreshToken": "0fbe7aec81c8ef73d02121ce4d295d286e0f217be19cddae0cf37cde090a2e9d9189167d0126ba64"
}
Request method:	POST
Request URI:	https://stellarburgers.nomoreparties.site/api/auth/login
Proxy:			<none>
Request params:	<none>
Query params:	<none>
Form params:	<none>
Path params:	<none>
Headers:		Accept=*/*
				Content-Type=application/json
Cookies:		<none>
Multiparts:		<none>
Body:
{
    "email": "fuLNeKiLMe@ya.ru",
    "password": "nnNTlRNPWJ",
    "name": "ETWLYkgXsZ"
}
Request method:	POST
Request URI:	https://stellarburgers.nomoreparties.site/api/auth/login
Proxy:			<none>
Request params:	<none>
Query params:	<none>
Form params:	<none>
Path params:	<none>
Headers:		Accept=*/*
				Content-Type=application/json
Cookies:		<none>
Multiparts:		<none>
Body:
{
    "email": "fuLNeKiLMe@ya.ru",
    "password": "nnNTlRNPWJ",
    "name": "ETWLYkgXsZ"
}
HTTP/1.1 200 OK
Date: Sun, 30 Jun 2024 15:27:31 GMT
Content-Type: application/json; charset=utf-8
Transfer-Encoding: chunked
Connection: keep-alive
X-Powered-By: Express
Access-Control-Allow-Origin: *
ETag: W/"16d-R0A/yfI3T8rTLxoSBs5PxBlvmsE"
CF-Cache-Status: DYNAMIC
Report-To: {"endpoints":[{"url":"https:\/\/a.nel.cloudflare.com\/report\/v4?s=h1C7jbIVqFBKUj9aP5V2q8K5hyokZJ%2FJyCnQW0RNAXS2rsT6U3DsfDEsEHaNjGUzrYIGRFdmOlbX7bKAGwtUtFXyUS%2FVwlDwrcPk%2BywCslU%2FZaWNIbS%2BYcyaET51pfScs8O0FRPd0UCJsiOhGx1y6wReP1Y%3D"}],"group":"cf-nel","max_age":604800}
NEL: {"success_fraction":0,"report_to":"cf-nel","max_age":604800}
Server: cloudflare
CF-RAY: 89bf2e4b5e53b8f1-AMS
Content-Encoding: gzip
alt-svc: h3=":443"; ma=86400

{
    "success": true,
    "accessToken": "Bearer eyJhbGciOiJIUzI1NiIsInR5cCI6IkpXVCJ9.eyJpZCI6IjY2ODE3OTYyOWVkMjgwMDAxYjQ1OTVmNCIsImlhdCI6MTcxOTc2MTI1MSwiZXhwIjoxNzE5NzYyNDUxfQ.S4wRXz2Bnm1IaIX90WHvApImcYkLa4IDgxLMWFa82Ek",
    "refreshToken": "fae22095a3fa0acfcdafd716c199cfdb100fabf37c75bbfe4bb86518767a1aefc4e46643cece8ccd",
    "user": {
        "email": "fulnekilme@ya.ru",
        "name": "ETWLYkgXsZ"
    }
}
HTTP/1.1 200 OK
Date: Sun, 30 Jun 2024 15:27:31 GMT
Content-Type: application/json; charset=utf-8
Transfer-Encoding: chunked
Connection: keep-alive
X-Powered-By: Express
Access-Control-Allow-Origin: *
ETag: W/"16d-R0A/yfI3T8rTLxoSBs5PxBlvmsE"
CF-Cache-Status: DYNAMIC
Report-To: {"endpoints":[{"url":"https:\/\/a.nel.cloudflare.com\/report\/v4?s=h1C7jbIVqFBKUj9aP5V2q8K5hyokZJ%2FJyCnQW0RNAXS2rsT6U3DsfDEsEHaNjGUzrYIGRFdmOlbX7bKAGwtUtFXyUS%2FVwlDwrcPk%2BywCslU%2FZaWNIbS%2BYcyaET51pfScs8O0FRPd0UCJsiOhGx1y6wReP1Y%3D"}],"group":"cf-nel","max_age":604800}
NEL: {"success_fraction":0,"report_to":"cf-nel","max_age":604800}
Server: cloudflare
CF-RAY: 89bf2e4b5e53b8f1-AMS
Content-Encoding: gzip
alt-svc: h3=":443"; ma=86400

{
    "success": true,
    "accessToken": "Bearer eyJhbGciOiJIUzI1NiIsInR5cCI6IkpXVCJ9.eyJpZCI6IjY2ODE3OTYyOWVkMjgwMDAxYjQ1OTVmNCIsImlhdCI6MTcxOTc2MTI1MSwiZXhwIjoxNzE5NzYyNDUxfQ.S4wRXz2Bnm1IaIX90WHvApImcYkLa4IDgxLMWFa82Ek",
    "refreshToken": "fae22095a3fa0acfcdafd716c199cfdb100fabf37c75bbfe4bb86518767a1aefc4e46643cece8ccd",
    "user": {
        "email": "fulnekilme@ya.ru",
        "name": "ETWLYkgXsZ"
    }
}
Request method:	POST
Request URI:	https://stellarburgers.nomoreparties.site/api/orders
Proxy:			<none>
Request params:	<none>
Query params:	<none>
Form params:	<none>
Path params:	<none>
Headers:		authorization=Bearer eyJhbGciOiJIUzI1NiIsInR5cCI6IkpXVCJ9.eyJpZCI6IjY2ODE3OTYyOWVkMjgwMDAxYjQ1OTVmNCIsImlhdCI6MTcxOTc2MTI1MSwiZXhwIjoxNzE5NzYyNDUxfQ.S4wRXz2Bnm1IaIX90WHvApImcYkLa4IDgxLMWFa82Ek
				Accept=*/*
				Content-Type=application/json
Cookies:		<none>
Multiparts:		<none>
Body:
{
    "ingredients": [
        
    ]
}
Request method:	POST
Request URI:	https://stellarburgers.nomoreparties.site/api/orders
Proxy:			<none>
Request params:	<none>
Query params:	<none>
Form params:	<none>
Path params:	<none>
Headers:		authorization=Bearer eyJhbGciOiJIUzI1NiIsInR5cCI6IkpXVCJ9.eyJpZCI6IjY2ODE3OTYyOWVkMjgwMDAxYjQ1OTVmNCIsImlhdCI6MTcxOTc2MTI1MSwiZXhwIjoxNzE5NzYyNDUxfQ.S4wRXz2Bnm1IaIX90WHvApImcYkLa4IDgxLMWFa82Ek
				Accept=*/*
				Content-Type=application/json
Cookies:		<none>
Multiparts:		<none>
Body:
{
    "ingredients": [
        
    ]
}
Request method:	POST
Request URI:	https://stellarburgers.nomoreparties.site/api/orders
Proxy:			<none>
Request params:	<none>
Query params:	<none>
Form params:	<none>
Path params:	<none>
Headers:		authorization=Bearer eyJhbGciOiJIUzI1NiIsInR5cCI6IkpXVCJ9.eyJpZCI6IjY2ODE3OTYyOWVkMjgwMDAxYjQ1OTVmNCIsImlhdCI6MTcxOTc2MTI1MSwiZXhwIjoxNzE5NzYyNDUxfQ.S4wRXz2Bnm1IaIX90WHvApImcYkLa4IDgxLMWFa82Ek
				Accept=*/*
				Content-Type=application/json
Cookies:		<none>
Multiparts:		<none>
Body:
{
    "ingredients": [
        
    ]
}
HTTP/1.1 400 Bad Request
Date: Sun, 30 Jun 2024 15:27:31 GMT
Content-Type: application/json; charset=utf-8
Content-Length: 61
Connection: keep-alive
X-Powered-By: Express
Access-Control-Allow-Origin: *
ETag: W/"3d-2OjyVsQbcrSKTjJtjBJ5FY7GEPQ"
CF-Cache-Status: DYNAMIC
Report-To: {"endpoints":[{"url":"https:\/\/a.nel.cloudflare.com\/report\/v4?s=4oRzsqjuz4cI4ajABgLzOulS%2BpFOcH4jMH1yf%2BiKJpa%2FB%2BCrVyepU%2FKwLzCFM8EYgdBnR%2FwVgjDa4cgfbA7x9gvh6ztYg42P%2FAKosh4nJX1UoGa5iJzb0gpi5ReLvk0Bru2DukODYJYcApzwLfFDq%2BSPI9k%3D"}],"group":"cf-nel","max_age":604800}
NEL: {"success_fraction":0,"report_to":"cf-nel","max_age":604800}
Server: cloudflare
CF-RAY: 89bf2e4d78f89717-AMS
alt-svc: h3=":443"; ma=86400

{
    "success": false,
    "message": "Ingredient ids must be provided"
}
HTTP/1.1 400 Bad Request
Date: Sun, 30 Jun 2024 15:27:31 GMT
Content-Type: application/json; charset=utf-8
Content-Length: 61
Connection: keep-alive
X-Powered-By: Express
Access-Control-Allow-Origin: *
ETag: W/"3d-2OjyVsQbcrSKTjJtjBJ5FY7GEPQ"
CF-Cache-Status: DYNAMIC
Report-To: {"endpoints":[{"url":"https:\/\/a.nel.cloudflare.com\/report\/v4?s=4oRzsqjuz4cI4ajABgLzOulS%2BpFOcH4jMH1yf%2BiKJpa%2FB%2BCrVyepU%2FKwLzCFM8EYgdBnR%2FwVgjDa4cgfbA7x9gvh6ztYg42P%2FAKosh4nJX1UoGa5iJzb0gpi5ReLvk0Bru2DukODYJYcApzwLfFDq%2BSPI9k%3D"}],"group":"cf-nel","max_age":604800}
NEL: {"success_fraction":0,"report_to":"cf-nel","max_age":604800}
Server: cloudflare
CF-RAY: 89bf2e4d78f89717-AMS
alt-svc: h3=":443"; ma=86400

{
    "success": false,
    "message": "Ingredient ids must be provided"
}
HTTP/1.1 400 Bad Request
Date: Sun, 30 Jun 2024 15:27:31 GMT
Content-Type: application/json; charset=utf-8
Content-Length: 61
Connection: keep-alive
X-Powered-By: Express
Access-Control-Allow-Origin: *
ETag: W/"3d-2OjyVsQbcrSKTjJtjBJ5FY7GEPQ"
CF-Cache-Status: DYNAMIC
Report-To: {"endpoints":[{"url":"https:\/\/a.nel.cloudflare.com\/report\/v4?s=4oRzsqjuz4cI4ajABgLzOulS%2BpFOcH4jMH1yf%2BiKJpa%2FB%2BCrVyepU%2FKwLzCFM8EYgdBnR%2FwVgjDa4cgfbA7x9gvh6ztYg42P%2FAKosh4nJX1UoGa5iJzb0gpi5ReLvk0Bru2DukODYJYcApzwLfFDq%2BSPI9k%3D"}],"group":"cf-nel","max_age":604800}
NEL: {"success_fraction":0,"report_to":"cf-nel","max_age":604800}
Server: cloudflare
CF-RAY: 89bf2e4d78f89717-AMS
alt-svc: h3=":443"; ma=86400

{
    "success": false,
    "message": "Ingredient ids must be provided"
}
Request method:	DELETE
Request URI:	https://stellarburgers.nomoreparties.site/api/auth/user
Proxy:			<none>
Request params:	<none>
Query params:	<none>
Form params:	<none>
Path params:	<none>
Headers:		authorization=Bearer eyJhbGciOiJIUzI1NiIsInR5cCI6IkpXVCJ9.eyJpZCI6IjY2ODE3OTYyOWVkMjgwMDAxYjQ1OTVmNCIsImlhdCI6MTcxOTc2MTI1MSwiZXhwIjoxNzE5NzYyNDUxfQ.S4wRXz2Bnm1IaIX90WHvApImcYkLa4IDgxLMWFa82Ek
				Accept=*/*
				Content-Type=application/json
Cookies:		<none>
Multiparts:		<none>
Body:			<none>
Request method:	DELETE
Request URI:	https://stellarburgers.nomoreparties.site/api/auth/user
Proxy:			<none>
Request params:	<none>
Query params:	<none>
Form params:	<none>
Path params:	<none>
Headers:		authorization=Bearer eyJhbGciOiJIUzI1NiIsInR5cCI6IkpXVCJ9.eyJpZCI6IjY2ODE3OTYyOWVkMjgwMDAxYjQ1OTVmNCIsImlhdCI6MTcxOTc2MTI1MSwiZXhwIjoxNzE5NzYyNDUxfQ.S4wRXz2Bnm1IaIX90WHvApImcYkLa4IDgxLMWFa82Ek
				Accept=*/*
				Content-Type=application/json
Cookies:		<none>
Multiparts:		<none>
Body:			<none>
Request method:	DELETE
Request URI:	https://stellarburgers.nomoreparties.site/api/auth/user
Proxy:			<none>
Request params:	<none>
Query params:	<none>
Form params:	<none>
Path params:	<none>
Headers:		authorization=Bearer eyJhbGciOiJIUzI1NiIsInR5cCI6IkpXVCJ9.eyJpZCI6IjY2ODE3OTYyOWVkMjgwMDAxYjQ1OTVmNCIsImlhdCI6MTcxOTc2MTI1MSwiZXhwIjoxNzE5NzYyNDUxfQ.S4wRXz2Bnm1IaIX90WHvApImcYkLa4IDgxLMWFa82Ek
				Accept=*/*
				Content-Type=application/json
Cookies:		<none>
Multiparts:		<none>
Body:			<none>
Request method:	DELETE
Request URI:	https://stellarburgers.nomoreparties.site/api/auth/user
Proxy:			<none>
Request params:	<none>
Query params:	<none>
Form params:	<none>
Path params:	<none>
Headers:		authorization=Bearer eyJhbGciOiJIUzI1NiIsInR5cCI6IkpXVCJ9.eyJpZCI6IjY2ODE3OTYyOWVkMjgwMDAxYjQ1OTVmNCIsImlhdCI6MTcxOTc2MTI1MSwiZXhwIjoxNzE5NzYyNDUxfQ.S4wRXz2Bnm1IaIX90WHvApImcYkLa4IDgxLMWFa82Ek
				Accept=*/*
				Content-Type=application/json
Cookies:		<none>
Multiparts:		<none>
Body:			<none>
HTTP/1.1 202 Accepted
Date: Sun, 30 Jun 2024 15:27:32 GMT
Content-Type: application/json; charset=utf-8
Content-Length: 54
Connection: keep-alive
X-Powered-By: Express
Access-Control-Allow-Origin: *
ETag: W/"36-hDmZnQ3Ou/ynnqAeC6TYmyseuzY"
CF-Cache-Status: DYNAMIC
Report-To: {"endpoints":[{"url":"https:\/\/a.nel.cloudflare.com\/report\/v4?s=ifjCXZDv3sCQyQqW27fUO8TMFEI8kLmvDaDVHy1XHrDML8Gi4cfuOIPu4oA%2FH1bW932%2Bs%2BV2XsfpYNunJzRe8X7RKfrFrJ1d4Xy3gGIx1xbKaUWaXLAn71pVsLRqWWAp9i06apqU%2BgssRD7D%2BK6v%2Fs901sU%3D"}],"group":"cf-nel","max_age":604800}
NEL: {"success_fraction":0,"report_to":"cf-nel","max_age":604800}
Server: cloudflare
CF-RAY: 89bf2e52be2d7745-AMS
alt-svc: h3=":443"; ma=86400

{
    "success": true,
    "message": "User successfully removed"
}
HTTP/1.1 202 Accepted
Date: Sun, 30 Jun 2024 15:27:32 GMT
Content-Type: application/json; charset=utf-8
Content-Length: 54
Connection: keep-alive
X-Powered-By: Express
Access-Control-Allow-Origin: *
ETag: W/"36-hDmZnQ3Ou/ynnqAeC6TYmyseuzY"
CF-Cache-Status: DYNAMIC
Report-To: {"endpoints":[{"url":"https:\/\/a.nel.cloudflare.com\/report\/v4?s=ifjCXZDv3sCQyQqW27fUO8TMFEI8kLmvDaDVHy1XHrDML8Gi4cfuOIPu4oA%2FH1bW932%2Bs%2BV2XsfpYNunJzRe8X7RKfrFrJ1d4Xy3gGIx1xbKaUWaXLAn71pVsLRqWWAp9i06apqU%2BgssRD7D%2BK6v%2Fs901sU%3D"}],"group":"cf-nel","max_age":604800}
NEL: {"success_fraction":0,"report_to":"cf-nel","max_age":604800}
Server: cloudflare
CF-RAY: 89bf2e52be2d7745-AMS
alt-svc: h3=":443"; ma=86400

{
    "success": true,
    "message": "User successfully removed"
}
HTTP/1.1 202 Accepted
Date: Sun, 30 Jun 2024 15:27:32 GMT
Content-Type: application/json; charset=utf-8
Content-Length: 54
Connection: keep-alive
X-Powered-By: Express
Access-Control-Allow-Origin: *
ETag: W/"36-hDmZnQ3Ou/ynnqAeC6TYmyseuzY"
CF-Cache-Status: DYNAMIC
Report-To: {"endpoints":[{"url":"https:\/\/a.nel.cloudflare.com\/report\/v4?s=ifjCXZDv3sCQyQqW27fUO8TMFEI8kLmvDaDVHy1XHrDML8Gi4cfuOIPu4oA%2FH1bW932%2Bs%2BV2XsfpYNunJzRe8X7RKfrFrJ1d4Xy3gGIx1xbKaUWaXLAn71pVsLRqWWAp9i06apqU%2BgssRD7D%2BK6v%2Fs901sU%3D"}],"group":"cf-nel","max_age":604800}
NEL: {"success_fraction":0,"report_to":"cf-nel","max_age":604800}
Server: cloudflare
CF-RAY: 89bf2e52be2d7745-AMS
alt-svc: h3=":443"; ma=86400

{
    "success": true,
    "message": "User successfully removed"
}
HTTP/1.1 202 Accepted
Date: Sun, 30 Jun 2024 15:27:32 GMT
Content-Type: application/json; charset=utf-8
Content-Length: 54
Connection: keep-alive
X-Powered-By: Express
Access-Control-Allow-Origin: *
ETag: W/"36-hDmZnQ3Ou/ynnqAeC6TYmyseuzY"
CF-Cache-Status: DYNAMIC
Report-To: {"endpoints":[{"url":"https:\/\/a.nel.cloudflare.com\/report\/v4?s=ifjCXZDv3sCQyQqW27fUO8TMFEI8kLmvDaDVHy1XHrDML8Gi4cfuOIPu4oA%2FH1bW932%2Bs%2BV2XsfpYNunJzRe8X7RKfrFrJ1d4Xy3gGIx1xbKaUWaXLAn71pVsLRqWWAp9i06apqU%2BgssRD7D%2BK6v%2Fs901sU%3D"}],"group":"cf-nel","max_age":604800}
NEL: {"success_fraction":0,"report_to":"cf-nel","max_age":604800}
Server: cloudflare
CF-RAY: 89bf2e52be2d7745-AMS
alt-svc: h3=":443"; ma=86400

{
    "success": true,
    "message": "User successfully removed"
}
]]></system-out>
  </testcase>
  <testcase name="createOrderAuthUserIngridient" classname="CreateOrderTest" time="2.485">
    <system-out><![CDATA[Request method:	POST
Request URI:	https://stellarburgers.nomoreparties.site/api/auth/register
Proxy:			<none>
Request params:	<none>
Query params:	<none>
Form params:	<none>
Path params:	<none>
Headers:		Accept=*/*
				Content-Type=application/json
Cookies:		<none>
Multiparts:		<none>
Body:
{
    "email": "uSYcqCxhaV@ya.ru",
    "password": "yVBbCabEVA",
    "name": "FrrRKxkiQg"
}
Request method:	POST
Request URI:	https://stellarburgers.nomoreparties.site/api/auth/register
Proxy:			<none>
Request params:	<none>
Query params:	<none>
Form params:	<none>
Path params:	<none>
Headers:		Accept=*/*
				Content-Type=application/json
Cookies:		<none>
Multiparts:		<none>
Body:
{
    "email": "uSYcqCxhaV@ya.ru",
    "password": "yVBbCabEVA",
    "name": "FrrRKxkiQg"
}
Request method:	POST
Request URI:	https://stellarburgers.nomoreparties.site/api/auth/register
Proxy:			<none>
Request params:	<none>
Query params:	<none>
Form params:	<none>
Path params:	<none>
Headers:		Accept=*/*
				Content-Type=application/json
Cookies:		<none>
Multiparts:		<none>
Body:
{
    "email": "uSYcqCxhaV@ya.ru",
    "password": "yVBbCabEVA",
    "name": "FrrRKxkiQg"
}
Request method:	POST
Request URI:	https://stellarburgers.nomoreparties.site/api/auth/register
Proxy:			<none>
Request params:	<none>
Query params:	<none>
Form params:	<none>
Path params:	<none>
Headers:		Accept=*/*
				Content-Type=application/json
Cookies:		<none>
Multiparts:		<none>
Body:
{
    "email": "uSYcqCxhaV@ya.ru",
    "password": "yVBbCabEVA",
    "name": "FrrRKxkiQg"
}
HTTP/1.1 200 OK
Date: Sun, 30 Jun 2024 15:27:32 GMT
Content-Type: application/json; charset=utf-8
Transfer-Encoding: chunked
Connection: keep-alive
X-Powered-By: Express
Access-Control-Allow-Origin: *
authorization: Bearer eyJhbGciOiJIUzI1NiIsInR5cCI6IkpXVCJ9.eyJpZCI6IjY2ODE3OTY0OWVkMjgwMDAxYjQ1OTVmOCIsImlhdCI6MTcxOTc2MTI1MiwiZXhwIjoxNzE5NzYyNDUyfQ.UO9gjuchMB9lTCtdX0p5TcrNw2T9kqnMEDHljWkd2-8
ETag: W/"16d-9Y7jGps6/PqOeFfouznyuR673b0"
CF-Cache-Status: DYNAMIC
Report-To: {"endpoints":[{"url":"https:\/\/a.nel.cloudflare.com\/report\/v4?s=89%2Fk%2Fe4pW6zMHo%2FVX7EmYJxAiLX0NxoGI0RHSzgErED4QpECuVBq10MpQKXII8%2BXmv02JFgV%2FdOa7Mk%2FazJyeOWCokc7TCoKaYmgoEuVvN1ILjNTcgNz6U5RRKGt8ZaDrM%2B0QmwTbWMnDCICOWlYxxDKGRA%3D"}],"group":"cf-nel","max_age":604800}
NEL: {"success_fraction":0,"report_to":"cf-nel","max_age":604800}
Server: cloudflare
CF-RAY: 89bf2e55cb4da5f4-FRA
Content-Encoding: gzip
alt-svc: h3=":443"; ma=86400

{
    "success": true,
    "user": {
        "email": "usycqcxhav@ya.ru",
        "name": "FrrRKxkiQg"
    },
    "accessToken": "Bearer eyJhbGciOiJIUzI1NiIsInR5cCI6IkpXVCJ9.eyJpZCI6IjY2ODE3OTY0OWVkMjgwMDAxYjQ1OTVmOCIsImlhdCI6MTcxOTc2MTI1MiwiZXhwIjoxNzE5NzYyNDUyfQ.UO9gjuchMB9lTCtdX0p5TcrNw2T9kqnMEDHljWkd2-8",
    "refreshToken": "33fa319f6205a0ac2af1c7856dabab45e6e92fa868dcb52de985574f43a571f73e926c0027d46c61"
}
HTTP/1.1 200 OK
Date: Sun, 30 Jun 2024 15:27:32 GMT
Content-Type: application/json; charset=utf-8
Transfer-Encoding: chunked
Connection: keep-alive
X-Powered-By: Express
Access-Control-Allow-Origin: *
authorization: Bearer eyJhbGciOiJIUzI1NiIsInR5cCI6IkpXVCJ9.eyJpZCI6IjY2ODE3OTY0OWVkMjgwMDAxYjQ1OTVmOCIsImlhdCI6MTcxOTc2MTI1MiwiZXhwIjoxNzE5NzYyNDUyfQ.UO9gjuchMB9lTCtdX0p5TcrNw2T9kqnMEDHljWkd2-8
ETag: W/"16d-9Y7jGps6/PqOeFfouznyuR673b0"
CF-Cache-Status: DYNAMIC
Report-To: {"endpoints":[{"url":"https:\/\/a.nel.cloudflare.com\/report\/v4?s=89%2Fk%2Fe4pW6zMHo%2FVX7EmYJxAiLX0NxoGI0RHSzgErED4QpECuVBq10MpQKXII8%2BXmv02JFgV%2FdOa7Mk%2FazJyeOWCokc7TCoKaYmgoEuVvN1ILjNTcgNz6U5RRKGt8ZaDrM%2B0QmwTbWMnDCICOWlYxxDKGRA%3D"}],"group":"cf-nel","max_age":604800}
NEL: {"success_fraction":0,"report_to":"cf-nel","max_age":604800}
Server: cloudflare
CF-RAY: 89bf2e55cb4da5f4-FRA
Content-Encoding: gzip
alt-svc: h3=":443"; ma=86400

{
    "success": true,
    "user": {
        "email": "usycqcxhav@ya.ru",
        "name": "FrrRKxkiQg"
    },
    "accessToken": "Bearer eyJhbGciOiJIUzI1NiIsInR5cCI6IkpXVCJ9.eyJpZCI6IjY2ODE3OTY0OWVkMjgwMDAxYjQ1OTVmOCIsImlhdCI6MTcxOTc2MTI1MiwiZXhwIjoxNzE5NzYyNDUyfQ.UO9gjuchMB9lTCtdX0p5TcrNw2T9kqnMEDHljWkd2-8",
    "refreshToken": "33fa319f6205a0ac2af1c7856dabab45e6e92fa868dcb52de985574f43a571f73e926c0027d46c61"
}
HTTP/1.1 200 OK
Date: Sun, 30 Jun 2024 15:27:32 GMT
Content-Type: application/json; charset=utf-8
Transfer-Encoding: chunked
Connection: keep-alive
X-Powered-By: Express
Access-Control-Allow-Origin: *
authorization: Bearer eyJhbGciOiJIUzI1NiIsInR5cCI6IkpXVCJ9.eyJpZCI6IjY2ODE3OTY0OWVkMjgwMDAxYjQ1OTVmOCIsImlhdCI6MTcxOTc2MTI1MiwiZXhwIjoxNzE5NzYyNDUyfQ.UO9gjuchMB9lTCtdX0p5TcrNw2T9kqnMEDHljWkd2-8
ETag: W/"16d-9Y7jGps6/PqOeFfouznyuR673b0"
CF-Cache-Status: DYNAMIC
Report-To: {"endpoints":[{"url":"https:\/\/a.nel.cloudflare.com\/report\/v4?s=89%2Fk%2Fe4pW6zMHo%2FVX7EmYJxAiLX0NxoGI0RHSzgErED4QpECuVBq10MpQKXII8%2BXmv02JFgV%2FdOa7Mk%2FazJyeOWCokc7TCoKaYmgoEuVvN1ILjNTcgNz6U5RRKGt8ZaDrM%2B0QmwTbWMnDCICOWlYxxDKGRA%3D"}],"group":"cf-nel","max_age":604800}
NEL: {"success_fraction":0,"report_to":"cf-nel","max_age":604800}
Server: cloudflare
CF-RAY: 89bf2e55cb4da5f4-FRA
Content-Encoding: gzip
alt-svc: h3=":443"; ma=86400

{
    "success": true,
    "user": {
        "email": "usycqcxhav@ya.ru",
        "name": "FrrRKxkiQg"
    },
    "accessToken": "Bearer eyJhbGciOiJIUzI1NiIsInR5cCI6IkpXVCJ9.eyJpZCI6IjY2ODE3OTY0OWVkMjgwMDAxYjQ1OTVmOCIsImlhdCI6MTcxOTc2MTI1MiwiZXhwIjoxNzE5NzYyNDUyfQ.UO9gjuchMB9lTCtdX0p5TcrNw2T9kqnMEDHljWkd2-8",
    "refreshToken": "33fa319f6205a0ac2af1c7856dabab45e6e92fa868dcb52de985574f43a571f73e926c0027d46c61"
}
HTTP/1.1 200 OK
Date: Sun, 30 Jun 2024 15:27:32 GMT
Content-Type: application/json; charset=utf-8
Transfer-Encoding: chunked
Connection: keep-alive
X-Powered-By: Express
Access-Control-Allow-Origin: *
authorization: Bearer eyJhbGciOiJIUzI1NiIsInR5cCI6IkpXVCJ9.eyJpZCI6IjY2ODE3OTY0OWVkMjgwMDAxYjQ1OTVmOCIsImlhdCI6MTcxOTc2MTI1MiwiZXhwIjoxNzE5NzYyNDUyfQ.UO9gjuchMB9lTCtdX0p5TcrNw2T9kqnMEDHljWkd2-8
ETag: W/"16d-9Y7jGps6/PqOeFfouznyuR673b0"
CF-Cache-Status: DYNAMIC
Report-To: {"endpoints":[{"url":"https:\/\/a.nel.cloudflare.com\/report\/v4?s=89%2Fk%2Fe4pW6zMHo%2FVX7EmYJxAiLX0NxoGI0RHSzgErED4QpECuVBq10MpQKXII8%2BXmv02JFgV%2FdOa7Mk%2FazJyeOWCokc7TCoKaYmgoEuVvN1ILjNTcgNz6U5RRKGt8ZaDrM%2B0QmwTbWMnDCICOWlYxxDKGRA%3D"}],"group":"cf-nel","max_age":604800}
NEL: {"success_fraction":0,"report_to":"cf-nel","max_age":604800}
Server: cloudflare
CF-RAY: 89bf2e55cb4da5f4-FRA
Content-Encoding: gzip
alt-svc: h3=":443"; ma=86400

{
    "success": true,
    "user": {
        "email": "usycqcxhav@ya.ru",
        "name": "FrrRKxkiQg"
    },
    "accessToken": "Bearer eyJhbGciOiJIUzI1NiIsInR5cCI6IkpXVCJ9.eyJpZCI6IjY2ODE3OTY0OWVkMjgwMDAxYjQ1OTVmOCIsImlhdCI6MTcxOTc2MTI1MiwiZXhwIjoxNzE5NzYyNDUyfQ.UO9gjuchMB9lTCtdX0p5TcrNw2T9kqnMEDHljWkd2-8",
    "refreshToken": "33fa319f6205a0ac2af1c7856dabab45e6e92fa868dcb52de985574f43a571f73e926c0027d46c61"
}
Request method:	POST
Request URI:	https://stellarburgers.nomoreparties.site/api/auth/login
Proxy:			<none>
Request params:	<none>
Query params:	<none>
Form params:	<none>
Path params:	<none>
Headers:		Accept=*/*
				Content-Type=application/json
Cookies:		<none>
Multiparts:		<none>
Body:
{
    "email": "uSYcqCxhaV@ya.ru",
    "password": "yVBbCabEVA",
    "name": "FrrRKxkiQg"
}
Request method:	POST
Request URI:	https://stellarburgers.nomoreparties.site/api/auth/login
Proxy:			<none>
Request params:	<none>
Query params:	<none>
Form params:	<none>
Path params:	<none>
Headers:		Accept=*/*
				Content-Type=application/json
Cookies:		<none>
Multiparts:		<none>
Body:
{
    "email": "uSYcqCxhaV@ya.ru",
    "password": "yVBbCabEVA",
    "name": "FrrRKxkiQg"
}
Request method:	POST
Request URI:	https://stellarburgers.nomoreparties.site/api/auth/login
Proxy:			<none>
Request params:	<none>
Query params:	<none>
Form params:	<none>
Path params:	<none>
Headers:		Accept=*/*
				Content-Type=application/json
Cookies:		<none>
Multiparts:		<none>
Body:
{
    "email": "uSYcqCxhaV@ya.ru",
    "password": "yVBbCabEVA",
    "name": "FrrRKxkiQg"
}
Request method:	POST
Request URI:	https://stellarburgers.nomoreparties.site/api/auth/login
Proxy:			<none>
Request params:	<none>
Query params:	<none>
Form params:	<none>
Path params:	<none>
Headers:		Accept=*/*
				Content-Type=application/json
Cookies:		<none>
Multiparts:		<none>
Body:
{
    "email": "uSYcqCxhaV@ya.ru",
    "password": "yVBbCabEVA",
    "name": "FrrRKxkiQg"
}
HTTP/1.1 200 OK
Date: Sun, 30 Jun 2024 15:27:33 GMT
Content-Type: application/json; charset=utf-8
Transfer-Encoding: chunked
Connection: keep-alive
X-Powered-By: Express
Access-Control-Allow-Origin: *
ETag: W/"16d-P497nLCgB/pNKdBr9DUEUMSrDzU"
CF-Cache-Status: DYNAMIC
Report-To: {"endpoints":[{"url":"https:\/\/a.nel.cloudflare.com\/report\/v4?s=tJ07DeJxUGDdTASTjHIcJTx6L8JSIF%2FwyRPxTEACyxRJ0xR0vN56EY5%2BpyD5HE95r5er%2F8f4P9aZGlFiFEs8C9v7Pat8O%2FzVdLld%2F3KXNBJOk0za%2FNqOUsW2nOcDw%2B%2BohIrcpJfXLTUOzPbDrtisBsg1ZQs%3D"}],"group":"cf-nel","max_age":604800}
NEL: {"success_fraction":0,"report_to":"cf-nel","max_age":604800}
Server: cloudflare
CF-RAY: 89bf2e57bd7393bd-AMS
Content-Encoding: gzip
alt-svc: h3=":443"; ma=86400

{
    "success": true,
    "accessToken": "Bearer eyJhbGciOiJIUzI1NiIsInR5cCI6IkpXVCJ9.eyJpZCI6IjY2ODE3OTY0OWVkMjgwMDAxYjQ1OTVmOCIsImlhdCI6MTcxOTc2MTI1MywiZXhwIjoxNzE5NzYyNDUzfQ.EYOfEgjF9nnaDhtuat5P4kkCVOVUap1DJD74qsKoPGQ",
    "refreshToken": "0b4b4f31bbb9ea0df422407d11fb9b6cb65c4ef2273e7c11c0733adce21c3b5b7c573b6e791cf484",
    "user": {
        "email": "usycqcxhav@ya.ru",
        "name": "FrrRKxkiQg"
    }
}
HTTP/1.1 200 OK
Date: Sun, 30 Jun 2024 15:27:33 GMT
Content-Type: application/json; charset=utf-8
Transfer-Encoding: chunked
Connection: keep-alive
X-Powered-By: Express
Access-Control-Allow-Origin: *
ETag: W/"16d-P497nLCgB/pNKdBr9DUEUMSrDzU"
CF-Cache-Status: DYNAMIC
Report-To: {"endpoints":[{"url":"https:\/\/a.nel.cloudflare.com\/report\/v4?s=tJ07DeJxUGDdTASTjHIcJTx6L8JSIF%2FwyRPxTEACyxRJ0xR0vN56EY5%2BpyD5HE95r5er%2F8f4P9aZGlFiFEs8C9v7Pat8O%2FzVdLld%2F3KXNBJOk0za%2FNqOUsW2nOcDw%2B%2BohIrcpJfXLTUOzPbDrtisBsg1ZQs%3D"}],"group":"cf-nel","max_age":604800}
NEL: {"success_fraction":0,"report_to":"cf-nel","max_age":604800}
Server: cloudflare
CF-RAY: 89bf2e57bd7393bd-AMS
Content-Encoding: gzip
alt-svc: h3=":443"; ma=86400

{
    "success": true,
    "accessToken": "Bearer eyJhbGciOiJIUzI1NiIsInR5cCI6IkpXVCJ9.eyJpZCI6IjY2ODE3OTY0OWVkMjgwMDAxYjQ1OTVmOCIsImlhdCI6MTcxOTc2MTI1MywiZXhwIjoxNzE5NzYyNDUzfQ.EYOfEgjF9nnaDhtuat5P4kkCVOVUap1DJD74qsKoPGQ",
    "refreshToken": "0b4b4f31bbb9ea0df422407d11fb9b6cb65c4ef2273e7c11c0733adce21c3b5b7c573b6e791cf484",
    "user": {
        "email": "usycqcxhav@ya.ru",
        "name": "FrrRKxkiQg"
    }
}
HTTP/1.1 200 OK
Date: Sun, 30 Jun 2024 15:27:33 GMT
Content-Type: application/json; charset=utf-8
Transfer-Encoding: chunked
Connection: keep-alive
X-Powered-By: Express
Access-Control-Allow-Origin: *
ETag: W/"16d-P497nLCgB/pNKdBr9DUEUMSrDzU"
CF-Cache-Status: DYNAMIC
Report-To: {"endpoints":[{"url":"https:\/\/a.nel.cloudflare.com\/report\/v4?s=tJ07DeJxUGDdTASTjHIcJTx6L8JSIF%2FwyRPxTEACyxRJ0xR0vN56EY5%2BpyD5HE95r5er%2F8f4P9aZGlFiFEs8C9v7Pat8O%2FzVdLld%2F3KXNBJOk0za%2FNqOUsW2nOcDw%2B%2BohIrcpJfXLTUOzPbDrtisBsg1ZQs%3D"}],"group":"cf-nel","max_age":604800}
NEL: {"success_fraction":0,"report_to":"cf-nel","max_age":604800}
Server: cloudflare
CF-RAY: 89bf2e57bd7393bd-AMS
Content-Encoding: gzip
alt-svc: h3=":443"; ma=86400

{
    "success": true,
    "accessToken": "Bearer eyJhbGciOiJIUzI1NiIsInR5cCI6IkpXVCJ9.eyJpZCI6IjY2ODE3OTY0OWVkMjgwMDAxYjQ1OTVmOCIsImlhdCI6MTcxOTc2MTI1MywiZXhwIjoxNzE5NzYyNDUzfQ.EYOfEgjF9nnaDhtuat5P4kkCVOVUap1DJD74qsKoPGQ",
    "refreshToken": "0b4b4f31bbb9ea0df422407d11fb9b6cb65c4ef2273e7c11c0733adce21c3b5b7c573b6e791cf484",
    "user": {
        "email": "usycqcxhav@ya.ru",
        "name": "FrrRKxkiQg"
    }
}
HTTP/1.1 200 OK
Date: Sun, 30 Jun 2024 15:27:33 GMT
Content-Type: application/json; charset=utf-8
Transfer-Encoding: chunked
Connection: keep-alive
X-Powered-By: Express
Access-Control-Allow-Origin: *
ETag: W/"16d-P497nLCgB/pNKdBr9DUEUMSrDzU"
CF-Cache-Status: DYNAMIC
Report-To: {"endpoints":[{"url":"https:\/\/a.nel.cloudflare.com\/report\/v4?s=tJ07DeJxUGDdTASTjHIcJTx6L8JSIF%2FwyRPxTEACyxRJ0xR0vN56EY5%2BpyD5HE95r5er%2F8f4P9aZGlFiFEs8C9v7Pat8O%2FzVdLld%2F3KXNBJOk0za%2FNqOUsW2nOcDw%2B%2BohIrcpJfXLTUOzPbDrtisBsg1ZQs%3D"}],"group":"cf-nel","max_age":604800}
NEL: {"success_fraction":0,"report_to":"cf-nel","max_age":604800}
Server: cloudflare
CF-RAY: 89bf2e57bd7393bd-AMS
Content-Encoding: gzip
alt-svc: h3=":443"; ma=86400

{
    "success": true,
    "accessToken": "Bearer eyJhbGciOiJIUzI1NiIsInR5cCI6IkpXVCJ9.eyJpZCI6IjY2ODE3OTY0OWVkMjgwMDAxYjQ1OTVmOCIsImlhdCI6MTcxOTc2MTI1MywiZXhwIjoxNzE5NzYyNDUzfQ.EYOfEgjF9nnaDhtuat5P4kkCVOVUap1DJD74qsKoPGQ",
    "refreshToken": "0b4b4f31bbb9ea0df422407d11fb9b6cb65c4ef2273e7c11c0733adce21c3b5b7c573b6e791cf484",
    "user": {
        "email": "usycqcxhav@ya.ru",
        "name": "FrrRKxkiQg"
    }
}
Request method:	GET
Request URI:	https://stellarburgers.nomoreparties.site/api/ingredients
Proxy:			<none>
Request params:	<none>
Query params:	<none>
Form params:	<none>
Path params:	<none>
Headers:		Accept=*/*
				Content-Type=application/json
Cookies:		<none>
Multiparts:		<none>
Body:			<none>
Request method:	GET
Request URI:	https://stellarburgers.nomoreparties.site/api/ingredients
Proxy:			<none>
Request params:	<none>
Query params:	<none>
Form params:	<none>
Path params:	<none>
Headers:		Accept=*/*
				Content-Type=application/json
Cookies:		<none>
Multiparts:		<none>
Body:			<none>
Request method:	GET
Request URI:	https://stellarburgers.nomoreparties.site/api/ingredients
Proxy:			<none>
Request params:	<none>
Query params:	<none>
Form params:	<none>
Path params:	<none>
Headers:		Accept=*/*
				Content-Type=application/json
Cookies:		<none>
Multiparts:		<none>
Body:			<none>
Request method:	GET
Request URI:	https://stellarburgers.nomoreparties.site/api/ingredients
Proxy:			<none>
Request params:	<none>
Query params:	<none>
Form params:	<none>
Path params:	<none>
Headers:		Accept=*/*
				Content-Type=application/json
Cookies:		<none>
Multiparts:		<none>
Body:			<none>
Request method:	GET
Request URI:	https://stellarburgers.nomoreparties.site/api/ingredients
Proxy:			<none>
Request params:	<none>
Query params:	<none>
Form params:	<none>
Path params:	<none>
Headers:		Accept=*/*
				Content-Type=application/json
Cookies:		<none>
Multiparts:		<none>
Body:			<none>
HTTP/1.1 200 OK
Date: Sun, 30 Jun 2024 15:27:33 GMT
Content-Type: application/json; charset=utf-8
Transfer-Encoding: chunked
Connection: keep-alive
X-Powered-By: Express
Access-Control-Allow-Origin: *
ETag: W/"1745-LHZ7D8kBZWcbCGljCoPXtjB5CeA"
CF-Cache-Status: DYNAMIC
Report-To: {"endpoints":[{"url":"https:\/\/a.nel.cloudflare.com\/report\/v4?s=aCR8Clwunu3u8IinZNztofSdrVnfqKNqNnAv0TA97n%2BnHV7d0eSmRXWdsmtTIeryTW2y3vo3zhUqRlZV1f00Nz%2Bhy%2FgDe6ioFx7JQbyZX1wp%2Fs0bIiUVnYyLkB5EsYzv%2FAO43SJRluSlpl4aylX2r5davUU%3D"}],"group":"cf-nel","max_age":604800}
NEL: {"success_fraction":0,"report_to":"cf-nel","max_age":604800}
Server: cloudflare
CF-RAY: 89bf2e5999dc9d3a-DME
Content-Encoding: gzip
alt-svc: h3=":443"; ma=86400

{
    "success": true,
    "data": [
        {
            "_id": "61c0c5a71d1f82001bdaaa6d",
            "name": "Флюоресцентная булка R2-D3",
            "type": "bun",
            "proteins": 44,
            "fat": 26,
            "carbohydrates": 85,
            "calories": 643,
            "price": 988,
            "image": "https://code.s3.yandex.net/react/code/bun-01.png",
            "image_mobile": "https://code.s3.yandex.net/react/code/bun-01-mobile.png",
            "image_large": "https://code.s3.yandex.net/react/code/bun-01-large.png",
            "__v": 0
        },
        {
            "_id": "61c0c5a71d1f82001bdaaa6f",
            "name": "Мясо бессмертных моллюсков Protostomia",
            "type": "main",
            "proteins": 433,
            "fat": 244,
            "carbohydrates": 33,
            "calories": 420,
            "price": 1337,
            "image": "https://code.s3.yandex.net/react/code/meat-02.png",
            "image_mobile": "https://code.s3.yandex.net/react/code/meat-02-mobile.png",
            "image_large": "https://code.s3.yandex.net/react/code/meat-02-large.png",
            "__v": 0
        },
        {
            "_id": "61c0c5a71d1f82001bdaaa70",
            "name": "Говяжий метеорит (отбивная)",
            "type": "main",
            "proteins": 800,
            "fat": 800,
            "carbohydrates": 300,
            "calories": 2674,
            "price": 3000,
            "image": "https://code.s3.yandex.net/react/code/meat-04.png",
            "image_mobile": "https://code.s3.yandex.net/react/code/meat-04-mobile.png",
            "image_large": "https://code.s3.yandex.net/react/code/meat-04-large.png",
            "__v": 0
        },
        {
            "_id": "61c0c5a71d1f82001bdaaa71",
            "name": "Биокотлета из марсианской Магнолии",
            "type": "main",
            "proteins": 420,
            "fat": 142,
            "carbohydrates": 242,
            "calories": 4242,
            "price": 424,
            "image": "https://code.s3.yandex.net/react/code/meat-01.png",
            "image_mobile": "https://code.s3.yandex.net/react/code/meat-01-mobile.png",
            "image_large": "https://code.s3.yandex.net/react/code/meat-01-large.png",
            "__v": 0
        },
        {
            "_id": "61c0c5a71d1f82001bdaaa72",
            "name": "Соус Spicy-X",
            "type": "sauce",
            "proteins": 30,
            "fat": 20,
            "carbohydrates": 40,
            "calories": 30,
            "price": 90,
            "image": "https://code.s3.yandex.net/react/code/sauce-02.png",
            "image_mobile": "https://code.s3.yandex.net/react/code/sauce-02-mobile.png",
            "image_large": "https://code.s3.yandex.net/react/code/sauce-02-large.png",
            "__v": 0
        },
        {
            "_id": "61c0c5a71d1f82001bdaaa6e",
            "name": "Филе Люминесцентного тетраодонтимформа",
            "type": "main",
            "proteins": 44,
            "fat": 26,
            "carbohydrates": 85,
            "calories": 643,
            "price": 988,
            "image": "https://code.s3.yandex.net/react/code/meat-03.png",
            "image_mobile": "https://code.s3.yandex.net/react/code/meat-03-mobile.png",
            "image_large": "https://code.s3.yandex.net/react/code/meat-03-large.png",
            "__v": 0
        },
        {
            "_id": "61c0c5a71d1f82001bdaaa73",
            "name": "Соус фирменный Space Sauce",
            "type": "sauce",
            "proteins": 50,
            "fat": 22,
            "carbohydrates": 11,
            "calories": 14,
            "price": 80,
            "image": "https://code.s3.yandex.net/react/code/sauce-04.png",
            "image_mobile": "https://code.s3.yandex.net/react/code/sauce-04-mobile.png",
            "image_large": "https://code.s3.yandex.net/react/code/sauce-04-large.png",
            "__v": 0
        },
        {
            "_id": "61c0c5a71d1f82001bdaaa74",
            "name": "Соус традиционный галактический",
            "type": "sauce",
            "proteins": 42,
            "fat": 24,
            "carbohydrates": 42,
            "calories": 99,
            "price": 15,
            "image": "https://code.s3.yandex.net/react/code/sauce-03.png",
            "image_mobile": "https://code.s3.yandex.net/react/code/sauce-03-mobile.png",
            "image_large": "https://code.s3.yandex.net/react/code/sauce-03-large.png",
            "__v": 0
        },
        {
            "_id": "61c0c5a71d1f82001bdaaa6c",
            "name": "Краторная булка N-200i",
            "type": "bun",
            "proteins": 80,
            "fat": 24,
            "carbohydrates": 53,
            "calories": 420,
            "price": 1255,
            "image": "https://code.s3.yandex.net/react/code/bun-02.png",
            "image_mobile": "https://code.s3.yandex.net/react/code/bun-02-mobile.png",
            "image_large": "https://code.s3.yandex.net/react/code/bun-02-large.png",
            "__v": 0
        },
        {
            "_id": "61c0c5a71d1f82001bdaaa75",
            "name": "Соус с шипами Антарианского плоскоходца",
            "type": "sauce",
            "proteins": 101,
            "fat": 99,
            "carbohydrates": 100,
            "calories": 100,
            "price": 88,
            "image": "https://code.s3.yandex.net/react/code/sauce-01.png",
            "image_mobile": "https://code.s3.yandex.net/react/code/sauce-01-mobile.png",
            "image_large": "https://code.s3.yandex.net/react/code/sauce-01-large.png",
            "__v": 0
        },
        {
            "_id": "61c0c5a71d1f82001bdaaa76",
            "name": "Хрустящие минеральные кольца",
            "type": "main",
            "proteins": 808,
            "fat": 689,
            "carbohydrates": 609,
            "calories": 986,
            "price": 300,
            "image": "https://code.s3.yandex.net/react/code/mineral_rings.png",
            "image_mobile": "https://code.s3.yandex.net/react/code/mineral_rings-mobile.png",
            "image_large": "https://code.s3.yandex.net/react/code/mineral_rings-large.png",
            "__v": 0
        },
        {
            "_id": "61c0c5a71d1f82001bdaaa77",
            "name": "Плоды Фалленианского дерева",
            "type": "main",
            "proteins": 20,
            "fat": 5,
            "carbohydrates": 55,
            "calories": 77,
            "price": 874,
            "image": "https://code.s3.yandex.net/react/code/sp_1.png",
            "image_mobile": "https://code.s3.yandex.net/react/code/sp_1-mobile.png",
            "image_large": "https://code.s3.yandex.net/react/code/sp_1-large.png",
            "__v": 0
        },
        {
            "_id": "61c0c5a71d1f82001bdaaa78",
            "name": "Кристаллы марсианских альфа-сахаридов",
            "type": "main",
            "proteins": 234,
            "fat": 432,
            "carbohydrates": 111,
            "calories": 189,
            "price": 762,
            "image": "https://code.s3.yandex.net/react/code/core.png",
            "image_mobile": "https://code.s3.yandex.net/react/code/core-mobile.png",
            "image_large": "https://code.s3.yandex.net/react/code/core-large.png",
            "__v": 0
        },
        {
            "_id": "61c0c5a71d1f82001bdaaa79",
            "name": "Мини-салат Экзо-Плантаго",
            "type": "main",
            "proteins": 1,
            "fat": 2,
            "carbohydrates": 3,
            "calories": 6,
            "price": 4400,
            "image": "https://code.s3.yandex.net/react/code/salad.png",
            "image_mobile": "https://code.s3.yandex.net/react/code/salad-mobile.png",
            "image_large": "https://code.s3.yandex.net/react/code/salad-large.png",
            "__v": 0
        },
        {
            "_id": "61c0c5a71d1f82001bdaaa7a",
            "name": "Сыр с астероидной плесенью",
            "type": "main",
            "proteins": 84,
            "fat": 48,
            "carbohydrates": 420,
            "calories": 3377,
            "price": 4142,
            "image": "https://code.s3.yandex.net/react/code/cheese.png",
            "image_mobile": "https://code.s3.yandex.net/react/code/cheese-mobile.png",
            "image_large": "https://code.s3.yandex.net/react/code/cheese-large.png",
            "__v": 0
        }
    ]
}
HTTP/1.1 200 OK
Date: Sun, 30 Jun 2024 15:27:33 GMT
Content-Type: application/json; charset=utf-8
Transfer-Encoding: chunked
Connection: keep-alive
X-Powered-By: Express
Access-Control-Allow-Origin: *
ETag: W/"1745-LHZ7D8kBZWcbCGljCoPXtjB5CeA"
CF-Cache-Status: DYNAMIC
Report-To: {"endpoints":[{"url":"https:\/\/a.nel.cloudflare.com\/report\/v4?s=aCR8Clwunu3u8IinZNztofSdrVnfqKNqNnAv0TA97n%2BnHV7d0eSmRXWdsmtTIeryTW2y3vo3zhUqRlZV1f00Nz%2Bhy%2FgDe6ioFx7JQbyZX1wp%2Fs0bIiUVnYyLkB5EsYzv%2FAO43SJRluSlpl4aylX2r5davUU%3D"}],"group":"cf-nel","max_age":604800}
NEL: {"success_fraction":0,"report_to":"cf-nel","max_age":604800}
Server: cloudflare
CF-RAY: 89bf2e5999dc9d3a-DME
Content-Encoding: gzip
alt-svc: h3=":443"; ma=86400

{
    "success": true,
    "data": [
        {
            "_id": "61c0c5a71d1f82001bdaaa6d",
            "name": "Флюоресцентная булка R2-D3",
            "type": "bun",
            "proteins": 44,
            "fat": 26,
            "carbohydrates": 85,
            "calories": 643,
            "price": 988,
            "image": "https://code.s3.yandex.net/react/code/bun-01.png",
            "image_mobile": "https://code.s3.yandex.net/react/code/bun-01-mobile.png",
            "image_large": "https://code.s3.yandex.net/react/code/bun-01-large.png",
            "__v": 0
        },
        {
            "_id": "61c0c5a71d1f82001bdaaa6f",
            "name": "Мясо бессмертных моллюсков Protostomia",
            "type": "main",
            "proteins": 433,
            "fat": 244,
            "carbohydrates": 33,
            "calories": 420,
            "price": 1337,
            "image": "https://code.s3.yandex.net/react/code/meat-02.png",
            "image_mobile": "https://code.s3.yandex.net/react/code/meat-02-mobile.png",
            "image_large": "https://code.s3.yandex.net/react/code/meat-02-large.png",
            "__v": 0
        },
        {
            "_id": "61c0c5a71d1f82001bdaaa70",
            "name": "Говяжий метеорит (отбивная)",
            "type": "main",
            "proteins": 800,
            "fat": 800,
            "carbohydrates": 300,
            "calories": 2674,
            "price": 3000,
            "image": "https://code.s3.yandex.net/react/code/meat-04.png",
            "image_mobile": "https://code.s3.yandex.net/react/code/meat-04-mobile.png",
            "image_large": "https://code.s3.yandex.net/react/code/meat-04-large.png",
            "__v": 0
        },
        {
            "_id": "61c0c5a71d1f82001bdaaa71",
            "name": "Биокотлета из марсианской Магнолии",
            "type": "main",
            "proteins": 420,
            "fat": 142,
            "carbohydrates": 242,
            "calories": 4242,
            "price": 424,
            "image": "https://code.s3.yandex.net/react/code/meat-01.png",
            "image_mobile": "https://code.s3.yandex.net/react/code/meat-01-mobile.png",
            "image_large": "https://code.s3.yandex.net/react/code/meat-01-large.png",
            "__v": 0
        },
        {
            "_id": "61c0c5a71d1f82001bdaaa72",
            "name": "Соус Spicy-X",
            "type": "sauce",
            "proteins": 30,
            "fat": 20,
            "carbohydrates": 40,
            "calories": 30,
            "price": 90,
            "image": "https://code.s3.yandex.net/react/code/sauce-02.png",
            "image_mobile": "https://code.s3.yandex.net/react/code/sauce-02-mobile.png",
            "image_large": "https://code.s3.yandex.net/react/code/sauce-02-large.png",
            "__v": 0
        },
        {
            "_id": "61c0c5a71d1f82001bdaaa6e",
            "name": "Филе Люминесцентного тетраодонтимформа",
            "type": "main",
            "proteins": 44,
            "fat": 26,
            "carbohydrates": 85,
            "calories": 643,
            "price": 988,
            "image": "https://code.s3.yandex.net/react/code/meat-03.png",
            "image_mobile": "https://code.s3.yandex.net/react/code/meat-03-mobile.png",
            "image_large": "https://code.s3.yandex.net/react/code/meat-03-large.png",
            "__v": 0
        },
        {
            "_id": "61c0c5a71d1f82001bdaaa73",
            "name": "Соус фирменный Space Sauce",
            "type": "sauce",
            "proteins": 50,
            "fat": 22,
            "carbohydrates": 11,
            "calories": 14,
            "price": 80,
            "image": "https://code.s3.yandex.net/react/code/sauce-04.png",
            "image_mobile": "https://code.s3.yandex.net/react/code/sauce-04-mobile.png",
            "image_large": "https://code.s3.yandex.net/react/code/sauce-04-large.png",
            "__v": 0
        },
        {
            "_id": "61c0c5a71d1f82001bdaaa74",
            "name": "Соус традиционный галактический",
            "type": "sauce",
            "proteins": 42,
            "fat": 24,
            "carbohydrates": 42,
            "calories": 99,
            "price": 15,
            "image": "https://code.s3.yandex.net/react/code/sauce-03.png",
            "image_mobile": "https://code.s3.yandex.net/react/code/sauce-03-mobile.png",
            "image_large": "https://code.s3.yandex.net/react/code/sauce-03-large.png",
            "__v": 0
        },
        {
            "_id": "61c0c5a71d1f82001bdaaa6c",
            "name": "Краторная булка N-200i",
            "type": "bun",
            "proteins": 80,
            "fat": 24,
            "carbohydrates": 53,
            "calories": 420,
            "price": 1255,
            "image": "https://code.s3.yandex.net/react/code/bun-02.png",
            "image_mobile": "https://code.s3.yandex.net/react/code/bun-02-mobile.png",
            "image_large": "https://code.s3.yandex.net/react/code/bun-02-large.png",
            "__v": 0
        },
        {
            "_id": "61c0c5a71d1f82001bdaaa75",
            "name": "Соус с шипами Антарианского плоскоходца",
            "type": "sauce",
            "proteins": 101,
            "fat": 99,
            "carbohydrates": 100,
            "calories": 100,
            "price": 88,
            "image": "https://code.s3.yandex.net/react/code/sauce-01.png",
            "image_mobile": "https://code.s3.yandex.net/react/code/sauce-01-mobile.png",
            "image_large": "https://code.s3.yandex.net/react/code/sauce-01-large.png",
            "__v": 0
        },
        {
            "_id": "61c0c5a71d1f82001bdaaa76",
            "name": "Хрустящие минеральные кольца",
            "type": "main",
            "proteins": 808,
            "fat": 689,
            "carbohydrates": 609,
            "calories": 986,
            "price": 300,
            "image": "https://code.s3.yandex.net/react/code/mineral_rings.png",
            "image_mobile": "https://code.s3.yandex.net/react/code/mineral_rings-mobile.png",
            "image_large": "https://code.s3.yandex.net/react/code/mineral_rings-large.png",
            "__v": 0
        },
        {
            "_id": "61c0c5a71d1f82001bdaaa77",
            "name": "Плоды Фалленианского дерева",
            "type": "main",
            "proteins": 20,
            "fat": 5,
            "carbohydrates": 55,
            "calories": 77,
            "price": 874,
            "image": "https://code.s3.yandex.net/react/code/sp_1.png",
            "image_mobile": "https://code.s3.yandex.net/react/code/sp_1-mobile.png",
            "image_large": "https://code.s3.yandex.net/react/code/sp_1-large.png",
            "__v": 0
        },
        {
            "_id": "61c0c5a71d1f82001bdaaa78",
            "name": "Кристаллы марсианских альфа-сахаридов",
            "type": "main",
            "proteins": 234,
            "fat": 432,
            "carbohydrates": 111,
            "calories": 189,
            "price": 762,
            "image": "https://code.s3.yandex.net/react/code/core.png",
            "image_mobile": "https://code.s3.yandex.net/react/code/core-mobile.png",
            "image_large": "https://code.s3.yandex.net/react/code/core-large.png",
            "__v": 0
        },
        {
            "_id": "61c0c5a71d1f82001bdaaa79",
            "name": "Мини-салат Экзо-Плантаго",
            "type": "main",
            "proteins": 1,
            "fat": 2,
            "carbohydrates": 3,
            "calories": 6,
            "price": 4400,
            "image": "https://code.s3.yandex.net/react/code/salad.png",
            "image_mobile": "https://code.s3.yandex.net/react/code/salad-mobile.png",
            "image_large": "https://code.s3.yandex.net/react/code/salad-large.png",
            "__v": 0
        },
        {
            "_id": "61c0c5a71d1f82001bdaaa7a",
            "name": "Сыр с астероидной плесенью",
            "type": "main",
            "proteins": 84,
            "fat": 48,
            "carbohydrates": 420,
            "calories": 3377,
            "price": 4142,
            "image": "https://code.s3.yandex.net/react/code/cheese.png",
            "image_mobile": "https://code.s3.yandex.net/react/code/cheese-mobile.png",
            "image_large": "https://code.s3.yandex.net/react/code/cheese-large.png",
            "__v": 0
        }
    ]
}
HTTP/1.1 200 OK
Date: Sun, 30 Jun 2024 15:27:33 GMT
Content-Type: application/json; charset=utf-8
Transfer-Encoding: chunked
Connection: keep-alive
X-Powered-By: Express
Access-Control-Allow-Origin: *
ETag: W/"1745-LHZ7D8kBZWcbCGljCoPXtjB5CeA"
CF-Cache-Status: DYNAMIC
Report-To: {"endpoints":[{"url":"https:\/\/a.nel.cloudflare.com\/report\/v4?s=aCR8Clwunu3u8IinZNztofSdrVnfqKNqNnAv0TA97n%2BnHV7d0eSmRXWdsmtTIeryTW2y3vo3zhUqRlZV1f00Nz%2Bhy%2FgDe6ioFx7JQbyZX1wp%2Fs0bIiUVnYyLkB5EsYzv%2FAO43SJRluSlpl4aylX2r5davUU%3D"}],"group":"cf-nel","max_age":604800}
NEL: {"success_fraction":0,"report_to":"cf-nel","max_age":604800}
Server: cloudflare
CF-RAY: 89bf2e5999dc9d3a-DME
Content-Encoding: gzip
alt-svc: h3=":443"; ma=86400

{
    "success": true,
    "data": [
        {
            "_id": "61c0c5a71d1f82001bdaaa6d",
            "name": "Флюоресцентная булка R2-D3",
            "type": "bun",
            "proteins": 44,
            "fat": 26,
            "carbohydrates": 85,
            "calories": 643,
            "price": 988,
            "image": "https://code.s3.yandex.net/react/code/bun-01.png",
            "image_mobile": "https://code.s3.yandex.net/react/code/bun-01-mobile.png",
            "image_large": "https://code.s3.yandex.net/react/code/bun-01-large.png",
            "__v": 0
        },
        {
            "_id": "61c0c5a71d1f82001bdaaa6f",
            "name": "Мясо бессмертных моллюсков Protostomia",
            "type": "main",
            "proteins": 433,
            "fat": 244,
            "carbohydrates": 33,
            "calories": 420,
            "price": 1337,
            "image": "https://code.s3.yandex.net/react/code/meat-02.png",
            "image_mobile": "https://code.s3.yandex.net/react/code/meat-02-mobile.png",
            "image_large": "https://code.s3.yandex.net/react/code/meat-02-large.png",
            "__v": 0
        },
        {
            "_id": "61c0c5a71d1f82001bdaaa70",
            "name": "Говяжий метеорит (отбивная)",
            "type": "main",
            "proteins": 800,
            "fat": 800,
            "carbohydrates": 300,
            "calories": 2674,
            "price": 3000,
            "image": "https://code.s3.yandex.net/react/code/meat-04.png",
            "image_mobile": "https://code.s3.yandex.net/react/code/meat-04-mobile.png",
            "image_large": "https://code.s3.yandex.net/react/code/meat-04-large.png",
            "__v": 0
        },
        {
            "_id": "61c0c5a71d1f82001bdaaa71",
            "name": "Биокотлета из марсианской Магнолии",
            "type": "main",
            "proteins": 420,
            "fat": 142,
            "carbohydrates": 242,
            "calories": 4242,
            "price": 424,
            "image": "https://code.s3.yandex.net/react/code/meat-01.png",
            "image_mobile": "https://code.s3.yandex.net/react/code/meat-01-mobile.png",
            "image_large": "https://code.s3.yandex.net/react/code/meat-01-large.png",
            "__v": 0
        },
        {
            "_id": "61c0c5a71d1f82001bdaaa72",
            "name": "Соус Spicy-X",
            "type": "sauce",
            "proteins": 30,
            "fat": 20,
            "carbohydrates": 40,
            "calories": 30,
            "price": 90,
            "image": "https://code.s3.yandex.net/react/code/sauce-02.png",
            "image_mobile": "https://code.s3.yandex.net/react/code/sauce-02-mobile.png",
            "image_large": "https://code.s3.yandex.net/react/code/sauce-02-large.png",
            "__v": 0
        },
        {
            "_id": "61c0c5a71d1f82001bdaaa6e",
            "name": "Филе Люминесцентного тетраодонтимформа",
            "type": "main",
            "proteins": 44,
            "fat": 26,
            "carbohydrates": 85,
            "calories": 643,
            "price": 988,
            "image": "https://code.s3.yandex.net/react/code/meat-03.png",
            "image_mobile": "https://code.s3.yandex.net/react/code/meat-03-mobile.png",
            "image_large": "https://code.s3.yandex.net/react/code/meat-03-large.png",
            "__v": 0
        },
        {
            "_id": "61c0c5a71d1f82001bdaaa73",
            "name": "Соус фирменный Space Sauce",
            "type": "sauce",
            "proteins": 50,
            "fat": 22,
            "carbohydrates": 11,
            "calories": 14,
            "price": 80,
            "image": "https://code.s3.yandex.net/react/code/sauce-04.png",
            "image_mobile": "https://code.s3.yandex.net/react/code/sauce-04-mobile.png",
            "image_large": "https://code.s3.yandex.net/react/code/sauce-04-large.png",
            "__v": 0
        },
        {
            "_id": "61c0c5a71d1f82001bdaaa74",
            "name": "Соус традиционный галактический",
            "type": "sauce",
            "proteins": 42,
            "fat": 24,
            "carbohydrates": 42,
            "calories": 99,
            "price": 15,
            "image": "https://code.s3.yandex.net/react/code/sauce-03.png",
            "image_mobile": "https://code.s3.yandex.net/react/code/sauce-03-mobile.png",
            "image_large": "https://code.s3.yandex.net/react/code/sauce-03-large.png",
            "__v": 0
        },
        {
            "_id": "61c0c5a71d1f82001bdaaa6c",
            "name": "Краторная булка N-200i",
            "type": "bun",
            "proteins": 80,
            "fat": 24,
            "carbohydrates": 53,
            "calories": 420,
            "price": 1255,
            "image": "https://code.s3.yandex.net/react/code/bun-02.png",
            "image_mobile": "https://code.s3.yandex.net/react/code/bun-02-mobile.png",
            "image_large": "https://code.s3.yandex.net/react/code/bun-02-large.png",
            "__v": 0
        },
        {
            "_id": "61c0c5a71d1f82001bdaaa75",
            "name": "Соус с шипами Антарианского плоскоходца",
            "type": "sauce",
            "proteins": 101,
            "fat": 99,
            "carbohydrates": 100,
            "calories": 100,
            "price": 88,
            "image": "https://code.s3.yandex.net/react/code/sauce-01.png",
            "image_mobile": "https://code.s3.yandex.net/react/code/sauce-01-mobile.png",
            "image_large": "https://code.s3.yandex.net/react/code/sauce-01-large.png",
            "__v": 0
        },
        {
            "_id": "61c0c5a71d1f82001bdaaa76",
            "name": "Хрустящие минеральные кольца",
            "type": "main",
            "proteins": 808,
            "fat": 689,
            "carbohydrates": 609,
            "calories": 986,
            "price": 300,
            "image": "https://code.s3.yandex.net/react/code/mineral_rings.png",
            "image_mobile": "https://code.s3.yandex.net/react/code/mineral_rings-mobile.png",
            "image_large": "https://code.s3.yandex.net/react/code/mineral_rings-large.png",
            "__v": 0
        },
        {
            "_id": "61c0c5a71d1f82001bdaaa77",
            "name": "Плоды Фалленианского дерева",
            "type": "main",
            "proteins": 20,
            "fat": 5,
            "carbohydrates": 55,
            "calories": 77,
            "price": 874,
            "image": "https://code.s3.yandex.net/react/code/sp_1.png",
            "image_mobile": "https://code.s3.yandex.net/react/code/sp_1-mobile.png",
            "image_large": "https://code.s3.yandex.net/react/code/sp_1-large.png",
            "__v": 0
        },
        {
            "_id": "61c0c5a71d1f82001bdaaa78",
            "name": "Кристаллы марсианских альфа-сахаридов",
            "type": "main",
            "proteins": 234,
            "fat": 432,
            "carbohydrates": 111,
            "calories": 189,
            "price": 762,
            "image": "https://code.s3.yandex.net/react/code/core.png",
            "image_mobile": "https://code.s3.yandex.net/react/code/core-mobile.png",
            "image_large": "https://code.s3.yandex.net/react/code/core-large.png",
            "__v": 0
        },
        {
            "_id": "61c0c5a71d1f82001bdaaa79",
            "name": "Мини-салат Экзо-Плантаго",
            "type": "main",
            "proteins": 1,
            "fat": 2,
            "carbohydrates": 3,
            "calories": 6,
            "price": 4400,
            "image": "https://code.s3.yandex.net/react/code/salad.png",
            "image_mobile": "https://code.s3.yandex.net/react/code/salad-mobile.png",
            "image_large": "https://code.s3.yandex.net/react/code/salad-large.png",
            "__v": 0
        },
        {
            "_id": "61c0c5a71d1f82001bdaaa7a",
            "name": "Сыр с астероидной плесенью",
            "type": "main",
            "proteins": 84,
            "fat": 48,
            "carbohydrates": 420,
            "calories": 3377,
            "price": 4142,
            "image": "https://code.s3.yandex.net/react/code/cheese.png",
            "image_mobile": "https://code.s3.yandex.net/react/code/cheese-mobile.png",
            "image_large": "https://code.s3.yandex.net/react/code/cheese-large.png",
            "__v": 0
        }
    ]
}
HTTP/1.1 200 OK
Date: Sun, 30 Jun 2024 15:27:33 GMT
Content-Type: application/json; charset=utf-8
Transfer-Encoding: chunked
Connection: keep-alive
X-Powered-By: Express
Access-Control-Allow-Origin: *
ETag: W/"1745-LHZ7D8kBZWcbCGljCoPXtjB5CeA"
CF-Cache-Status: DYNAMIC
Report-To: {"endpoints":[{"url":"https:\/\/a.nel.cloudflare.com\/report\/v4?s=aCR8Clwunu3u8IinZNztofSdrVnfqKNqNnAv0TA97n%2BnHV7d0eSmRXWdsmtTIeryTW2y3vo3zhUqRlZV1f00Nz%2Bhy%2FgDe6ioFx7JQbyZX1wp%2Fs0bIiUVnYyLkB5EsYzv%2FAO43SJRluSlpl4aylX2r5davUU%3D"}],"group":"cf-nel","max_age":604800}
NEL: {"success_fraction":0,"report_to":"cf-nel","max_age":604800}
Server: cloudflare
CF-RAY: 89bf2e5999dc9d3a-DME
Content-Encoding: gzip
alt-svc: h3=":443"; ma=86400

{
    "success": true,
    "data": [
        {
            "_id": "61c0c5a71d1f82001bdaaa6d",
            "name": "Флюоресцентная булка R2-D3",
            "type": "bun",
            "proteins": 44,
            "fat": 26,
            "carbohydrates": 85,
            "calories": 643,
            "price": 988,
            "image": "https://code.s3.yandex.net/react/code/bun-01.png",
            "image_mobile": "https://code.s3.yandex.net/react/code/bun-01-mobile.png",
            "image_large": "https://code.s3.yandex.net/react/code/bun-01-large.png",
            "__v": 0
        },
        {
            "_id": "61c0c5a71d1f82001bdaaa6f",
            "name": "Мясо бессмертных моллюсков Protostomia",
            "type": "main",
            "proteins": 433,
            "fat": 244,
            "carbohydrates": 33,
            "calories": 420,
            "price": 1337,
            "image": "https://code.s3.yandex.net/react/code/meat-02.png",
            "image_mobile": "https://code.s3.yandex.net/react/code/meat-02-mobile.png",
            "image_large": "https://code.s3.yandex.net/react/code/meat-02-large.png",
            "__v": 0
        },
        {
            "_id": "61c0c5a71d1f82001bdaaa70",
            "name": "Говяжий метеорит (отбивная)",
            "type": "main",
            "proteins": 800,
            "fat": 800,
            "carbohydrates": 300,
            "calories": 2674,
            "price": 3000,
            "image": "https://code.s3.yandex.net/react/code/meat-04.png",
            "image_mobile": "https://code.s3.yandex.net/react/code/meat-04-mobile.png",
            "image_large": "https://code.s3.yandex.net/react/code/meat-04-large.png",
            "__v": 0
        },
        {
            "_id": "61c0c5a71d1f82001bdaaa71",
            "name": "Биокотлета из марсианской Магнолии",
            "type": "main",
            "proteins": 420,
            "fat": 142,
            "carbohydrates": 242,
            "calories": 4242,
            "price": 424,
            "image": "https://code.s3.yandex.net/react/code/meat-01.png",
            "image_mobile": "https://code.s3.yandex.net/react/code/meat-01-mobile.png",
            "image_large": "https://code.s3.yandex.net/react/code/meat-01-large.png",
            "__v": 0
        },
        {
            "_id": "61c0c5a71d1f82001bdaaa72",
            "name": "Соус Spicy-X",
            "type": "sauce",
            "proteins": 30,
            "fat": 20,
            "carbohydrates": 40,
            "calories": 30,
            "price": 90,
            "image": "https://code.s3.yandex.net/react/code/sauce-02.png",
            "image_mobile": "https://code.s3.yandex.net/react/code/sauce-02-mobile.png",
            "image_large": "https://code.s3.yandex.net/react/code/sauce-02-large.png",
            "__v": 0
        },
        {
            "_id": "61c0c5a71d1f82001bdaaa6e",
            "name": "Филе Люминесцентного тетраодонтимформа",
            "type": "main",
            "proteins": 44,
            "fat": 26,
            "carbohydrates": 85,
            "calories": 643,
            "price": 988,
            "image": "https://code.s3.yandex.net/react/code/meat-03.png",
            "image_mobile": "https://code.s3.yandex.net/react/code/meat-03-mobile.png",
            "image_large": "https://code.s3.yandex.net/react/code/meat-03-large.png",
            "__v": 0
        },
        {
            "_id": "61c0c5a71d1f82001bdaaa73",
            "name": "Соус фирменный Space Sauce",
            "type": "sauce",
            "proteins": 50,
            "fat": 22,
            "carbohydrates": 11,
            "calories": 14,
            "price": 80,
            "image": "https://code.s3.yandex.net/react/code/sauce-04.png",
            "image_mobile": "https://code.s3.yandex.net/react/code/sauce-04-mobile.png",
            "image_large": "https://code.s3.yandex.net/react/code/sauce-04-large.png",
            "__v": 0
        },
        {
            "_id": "61c0c5a71d1f82001bdaaa74",
            "name": "Соус традиционный галактический",
            "type": "sauce",
            "proteins": 42,
            "fat": 24,
            "carbohydrates": 42,
            "calories": 99,
            "price": 15,
            "image": "https://code.s3.yandex.net/react/code/sauce-03.png",
            "image_mobile": "https://code.s3.yandex.net/react/code/sauce-03-mobile.png",
            "image_large": "https://code.s3.yandex.net/react/code/sauce-03-large.png",
            "__v": 0
        },
        {
            "_id": "61c0c5a71d1f82001bdaaa6c",
            "name": "Краторная булка N-200i",
            "type": "bun",
            "proteins": 80,
            "fat": 24,
            "carbohydrates": 53,
            "calories": 420,
            "price": 1255,
            "image": "https://code.s3.yandex.net/react/code/bun-02.png",
            "image_mobile": "https://code.s3.yandex.net/react/code/bun-02-mobile.png",
            "image_large": "https://code.s3.yandex.net/react/code/bun-02-large.png",
            "__v": 0
        },
        {
            "_id": "61c0c5a71d1f82001bdaaa75",
            "name": "Соус с шипами Антарианского плоскоходца",
            "type": "sauce",
            "proteins": 101,
            "fat": 99,
            "carbohydrates": 100,
            "calories": 100,
            "price": 88,
            "image": "https://code.s3.yandex.net/react/code/sauce-01.png",
            "image_mobile": "https://code.s3.yandex.net/react/code/sauce-01-mobile.png",
            "image_large": "https://code.s3.yandex.net/react/code/sauce-01-large.png",
            "__v": 0
        },
        {
            "_id": "61c0c5a71d1f82001bdaaa76",
            "name": "Хрустящие минеральные кольца",
            "type": "main",
            "proteins": 808,
            "fat": 689,
            "carbohydrates": 609,
            "calories": 986,
            "price": 300,
            "image": "https://code.s3.yandex.net/react/code/mineral_rings.png",
            "image_mobile": "https://code.s3.yandex.net/react/code/mineral_rings-mobile.png",
            "image_large": "https://code.s3.yandex.net/react/code/mineral_rings-large.png",
            "__v": 0
        },
        {
            "_id": "61c0c5a71d1f82001bdaaa77",
            "name": "Плоды Фалленианского дерева",
            "type": "main",
            "proteins": 20,
            "fat": 5,
            "carbohydrates": 55,
            "calories": 77,
            "price": 874,
            "image": "https://code.s3.yandex.net/react/code/sp_1.png",
            "image_mobile": "https://code.s3.yandex.net/react/code/sp_1-mobile.png",
            "image_large": "https://code.s3.yandex.net/react/code/sp_1-large.png",
            "__v": 0
        },
        {
            "_id": "61c0c5a71d1f82001bdaaa78",
            "name": "Кристаллы марсианских альфа-сахаридов",
            "type": "main",
            "proteins": 234,
            "fat": 432,
            "carbohydrates": 111,
            "calories": 189,
            "price": 762,
            "image": "https://code.s3.yandex.net/react/code/core.png",
            "image_mobile": "https://code.s3.yandex.net/react/code/core-mobile.png",
            "image_large": "https://code.s3.yandex.net/react/code/core-large.png",
            "__v": 0
        },
        {
            "_id": "61c0c5a71d1f82001bdaaa79",
            "name": "Мини-салат Экзо-Плантаго",
            "type": "main",
            "proteins": 1,
            "fat": 2,
            "carbohydrates": 3,
[...]
            "fat": 2,
            "carbohydrates": 3,
            "calories": 6,
            "price": 4400,
            "image": "https://code.s3.yandex.net/react/code/salad.png",
            "image_mobile": "https://code.s3.yandex.net/react/code/salad-mobile.png",
            "image_large": "https://code.s3.yandex.net/react/code/salad-large.png",
            "__v": 0
        },
        {
            "_id": "61c0c5a71d1f82001bdaaa7a",
            "name": "Сыр с астероидной плесенью",
            "type": "main",
            "proteins": 84,
            "fat": 48,
            "carbohydrates": 420,
            "calories": 3377,
            "price": 4142,
            "image": "https://code.s3.yandex.net/react/code/cheese.png",
            "image_mobile": "https://code.s3.yandex.net/react/code/cheese-mobile.png",
            "image_large": "https://code.s3.yandex.net/react/code/cheese-large.png",
            "__v": 0
        }
    ]
}
Request method:	POST
Request URI:	https://stellarburgers.nomoreparties.site/api/orders
Proxy:			<none>
Request params:	<none>
Query params:	<none>
Form params:	<none>
Path params:	<none>
Headers:		authorization=
				Accept=*/*
				Content-Type=application/json
Cookies:		<none>
Multiparts:		<none>
Body:
{
    "ingredients": [
        "61c0c5a71d1f82001bdaaa6f",
        "61c0c5a71d1f82001bdaaa6e",
        "61c0c5a71d1f82001bdaaa6c"
    ]
}
Request method:	POST
Request URI:	https://stellarburgers.nomoreparties.site/api/orders
Proxy:			<none>
Request params:	<none>
Query params:	<none>
Form params:	<none>
Path params:	<none>
Headers:		authorization=
				Accept=*/*
				Content-Type=application/json
Cookies:		<none>
Multiparts:		<none>
Body:
{
    "ingredients": [
        "61c0c5a71d1f82001bdaaa6f",
        "61c0c5a71d1f82001bdaaa6e",
        "61c0c5a71d1f82001bdaaa6c"
    ]
}
Request method:	POST
Request URI:	https://stellarburgers.nomoreparties.site/api/orders
Proxy:			<none>
Request params:	<none>
Query params:	<none>
Form params:	<none>
Path params:	<none>
Headers:		authorization=
				Accept=*/*
				Content-Type=application/json
Cookies:		<none>
Multiparts:		<none>
Body:
{
    "ingredients": [
        "61c0c5a71d1f82001bdaaa6f",
        "61c0c5a71d1f82001bdaaa6e",
        "61c0c5a71d1f82001bdaaa6c"
    ]
}
Request method:	POST
Request URI:	https://stellarburgers.nomoreparties.site/api/orders
Proxy:			<none>
Request params:	<none>
Query params:	<none>
Form params:	<none>
Path params:	<none>
Headers:		authorization=
				Accept=*/*
				Content-Type=application/json
Cookies:		<none>
Multiparts:		<none>
Body:
{
    "ingredients": [
        "61c0c5a71d1f82001bdaaa6f",
        "61c0c5a71d1f82001bdaaa6e",
        "61c0c5a71d1f82001bdaaa6c"
    ]
}
Request method:	POST
Request URI:	https://stellarburgers.nomoreparties.site/api/orders
Proxy:			<none>
Request params:	<none>
Query params:	<none>
Form params:	<none>
Path params:	<none>
Headers:		authorization=
				Accept=*/*
				Content-Type=application/json
Cookies:		<none>
Multiparts:		<none>
Body:
{
    "ingredients": [
        "61c0c5a71d1f82001bdaaa6f",
        "61c0c5a71d1f82001bdaaa6e",
        "61c0c5a71d1f82001bdaaa6c"
    ]
}
Request method:	POST
Request URI:	https://stellarburgers.nomoreparties.site/api/orders
Proxy:			<none>
Request params:	<none>
Query params:	<none>
Form params:	<none>
Path params:	<none>
Headers:		authorization=
				Accept=*/*
				Content-Type=application/json
Cookies:		<none>
Multiparts:		<none>
Body:
{
    "ingredients": [
        "61c0c5a71d1f82001bdaaa6f",
        "61c0c5a71d1f82001bdaaa6e",
        "61c0c5a71d1f82001bdaaa6c"
    ]
}
Request method:	POST
Request URI:	https://stellarburgers.nomoreparties.site/api/orders
Proxy:			<none>
Request params:	<none>
Query params:	<none>
Form params:	<none>
Path params:	<none>
Headers:		authorization=
				Accept=*/*
				Content-Type=application/json
Cookies:		<none>
Multiparts:		<none>
Body:
{
    "ingredients": [
        "61c0c5a71d1f82001bdaaa6f",
        "61c0c5a71d1f82001bdaaa6e",
        "61c0c5a71d1f82001bdaaa6c"
    ]
}
HTTP/1.1 200 OK
Date: Sun, 30 Jun 2024 15:27:35 GMT
Content-Type: application/json; charset=utf-8
Transfer-Encoding: chunked
Connection: keep-alive
X-Powered-By: Express
Access-Control-Allow-Origin: *
ETag: W/"85-nxP4HpYkeA8ixKPTUqcs2dIUyS0"
CF-Cache-Status: DYNAMIC
Report-To: {"endpoints":[{"url":"https:\/\/a.nel.cloudflare.com\/report\/v4?s=AdzUawKWgX2QFrT0HLLjrj8673dsgYIikmpb0GQbQbKY2NRUXIxjQa9RiRGPoU55ttfm6fdrsM1DX5j85aj3Uwyv1bGkYUOwma6jeGvzmrzKPxu2B6CQgKCgkZCTW7exT23impLdue5leoT7hfa7FuQwcdY%3D"}],"group":"cf-nel","max_age":604800}
NEL: {"success_fraction":0,"report_to":"cf-nel","max_age":604800}
Server: cloudflare
CF-RAY: 89bf2e6968310e30-AMS
Content-Encoding: gzip
alt-svc: h3=":443"; ma=86400

{
    "success": true,
    "name": "Люминесцентный бессмертный краторный бургер",
    "order": {
        "number": 3745
    }
}
HTTP/1.1 200 OK
Date: Sun, 30 Jun 2024 15:27:35 GMT
Content-Type: application/json; charset=utf-8
Transfer-Encoding: chunked
Connection: keep-alive
X-Powered-By: Express
Access-Control-Allow-Origin: *
ETag: W/"85-nxP4HpYkeA8ixKPTUqcs2dIUyS0"
CF-Cache-Status: DYNAMIC
Report-To: {"endpoints":[{"url":"https:\/\/a.nel.cloudflare.com\/report\/v4?s=AdzUawKWgX2QFrT0HLLjrj8673dsgYIikmpb0GQbQbKY2NRUXIxjQa9RiRGPoU55ttfm6fdrsM1DX5j85aj3Uwyv1bGkYUOwma6jeGvzmrzKPxu2B6CQgKCgkZCTW7exT23impLdue5leoT7hfa7FuQwcdY%3D"}],"group":"cf-nel","max_age":604800}
NEL: {"success_fraction":0,"report_to":"cf-nel","max_age":604800}
Server: cloudflare
CF-RAY: 89bf2e6968310e30-AMS
Content-Encoding: gzip
alt-svc: h3=":443"; ma=86400

{
    "success": true,
    "name": "Люминесцентный бессмертный краторный бургер",
    "order": {
        "number": 3745
    }
}
HTTP/1.1 200 OK
Date: Sun, 30 Jun 2024 15:27:35 GMT
Content-Type: application/json; charset=utf-8
Transfer-Encoding: chunked
Connection: keep-alive
X-Powered-By: Express
Access-Control-Allow-Origin: *
ETag: W/"85-nxP4HpYkeA8ixKPTUqcs2dIUyS0"
CF-Cache-Status: DYNAMIC
Report-To: {"endpoints":[{"url":"https:\/\/a.nel.cloudflare.com\/report\/v4?s=AdzUawKWgX2QFrT0HLLjrj8673dsgYIikmpb0GQbQbKY2NRUXIxjQa9RiRGPoU55ttfm6fdrsM1DX5j85aj3Uwyv1bGkYUOwma6jeGvzmrzKPxu2B6CQgKCgkZCTW7exT23impLdue5leoT7hfa7FuQwcdY%3D"}],"group":"cf-nel","max_age":604800}
NEL: {"success_fraction":0,"report_to":"cf-nel","max_age":604800}
Server: cloudflare
CF-RAY: 89bf2e6968310e30-AMS
Content-Encoding: gzip
alt-svc: h3=":443"; ma=86400

{
    "success": true,
    "name": "Люминесцентный бессмертный краторный бургер",
    "order": {
        "number": 3745
    }
}
HTTP/1.1 200 OK
Date: Sun, 30 Jun 2024 15:27:35 GMT
Content-Type: application/json; charset=utf-8
Transfer-Encoding: chunked
Connection: keep-alive
X-Powered-By: Express
Access-Control-Allow-Origin: *
ETag: W/"85-nxP4HpYkeA8ixKPTUqcs2dIUyS0"
CF-Cache-Status: DYNAMIC
Report-To: {"endpoints":[{"url":"https:\/\/a.nel.cloudflare.com\/report\/v4?s=AdzUawKWgX2QFrT0HLLjrj8673dsgYIikmpb0GQbQbKY2NRUXIxjQa9RiRGPoU55ttfm6fdrsM1DX5j85aj3Uwyv1bGkYUOwma6jeGvzmrzKPxu2B6CQgKCgkZCTW7exT23impLdue5leoT7hfa7FuQwcdY%3D"}],"group":"cf-nel","max_age":604800}
NEL: {"success_fraction":0,"report_to":"cf-nel","max_age":604800}
Server: cloudflare
CF-RAY: 89bf2e6968310e30-AMS
Content-Encoding: gzip
alt-svc: h3=":443"; ma=86400

{
    "success": true,
    "name": "Люминесцентный бессмертный краторный бургер",
    "order": {
        "number": 3745
    }
}
HTTP/1.1 200 OK
Date: Sun, 30 Jun 2024 15:27:35 GMT
Content-Type: application/json; charset=utf-8
Transfer-Encoding: chunked
Connection: keep-alive
X-Powered-By: Express
Access-Control-Allow-Origin: *
ETag: W/"85-nxP4HpYkeA8ixKPTUqcs2dIUyS0"
CF-Cache-Status: DYNAMIC
Report-To: {"endpoints":[{"url":"https:\/\/a.nel.cloudflare.com\/report\/v4?s=AdzUawKWgX2QFrT0HLLjrj8673dsgYIikmpb0GQbQbKY2NRUXIxjQa9RiRGPoU55ttfm6fdrsM1DX5j85aj3Uwyv1bGkYUOwma6jeGvzmrzKPxu2B6CQgKCgkZCTW7exT23impLdue5leoT7hfa7FuQwcdY%3D"}],"group":"cf-nel","max_age":604800}
NEL: {"success_fraction":0,"report_to":"cf-nel","max_age":604800}
Server: cloudflare
CF-RAY: 89bf2e6968310e30-AMS
Content-Encoding: gzip
alt-svc: h3=":443"; ma=86400

{
    "success": true,
    "name": "Люминесцентный бессмертный краторный бургер",
    "order": {
        "number": 3745
    }
}
HTTP/1.1 200 OK
Date: Sun, 30 Jun 2024 15:27:35 GMT
Content-Type: application/json; charset=utf-8
Transfer-Encoding: chunked
Connection: keep-alive
X-Powered-By: Express
Access-Control-Allow-Origin: *
ETag: W/"85-nxP4HpYkeA8ixKPTUqcs2dIUyS0"
CF-Cache-Status: DYNAMIC
Report-To: {"endpoints":[{"url":"https:\/\/a.nel.cloudflare.com\/report\/v4?s=AdzUawKWgX2QFrT0HLLjrj8673dsgYIikmpb0GQbQbKY2NRUXIxjQa9RiRGPoU55ttfm6fdrsM1DX5j85aj3Uwyv1bGkYUOwma6jeGvzmrzKPxu2B6CQgKCgkZCTW7exT23impLdue5leoT7hfa7FuQwcdY%3D"}],"group":"cf-nel","max_age":604800}
NEL: {"success_fraction":0,"report_to":"cf-nel","max_age":604800}
Server: cloudflare
CF-RAY: 89bf2e6968310e30-AMS
Content-Encoding: gzip
alt-svc: h3=":443"; ma=86400

{
    "success": true,
    "name": "Люминесцентный бессмертный краторный бургер",
    "order": {
        "number": 3745
    }
}
HTTP/1.1 200 OK
Date: Sun, 30 Jun 2024 15:27:35 GMT
Content-Type: application/json; charset=utf-8
Transfer-Encoding: chunked
Connection: keep-alive
X-Powered-By: Express
Access-Control-Allow-Origin: *
ETag: W/"85-nxP4HpYkeA8ixKPTUqcs2dIUyS0"
CF-Cache-Status: DYNAMIC
Report-To: {"endpoints":[{"url":"https:\/\/a.nel.cloudflare.com\/report\/v4?s=AdzUawKWgX2QFrT0HLLjrj8673dsgYIikmpb0GQbQbKY2NRUXIxjQa9RiRGPoU55ttfm6fdrsM1DX5j85aj3Uwyv1bGkYUOwma6jeGvzmrzKPxu2B6CQgKCgkZCTW7exT23impLdue5leoT7hfa7FuQwcdY%3D"}],"group":"cf-nel","max_age":604800}
NEL: {"success_fraction":0,"report_to":"cf-nel","max_age":604800}
Server: cloudflare
CF-RAY: 89bf2e6968310e30-AMS
Content-Encoding: gzip
alt-svc: h3=":443"; ma=86400

{
    "success": true,
    "name": "Люминесцентный бессмертный краторный бургер",
    "order": {
        "number": 3745
    }
}
Request method:	DELETE
Request URI:	https://stellarburgers.nomoreparties.site/api/auth/user
Proxy:			<none>
Request params:	<none>
Query params:	<none>
Form params:	<none>
Path params:	<none>
Headers:		authorization=Bearer eyJhbGciOiJIUzI1NiIsInR5cCI6IkpXVCJ9.eyJpZCI6IjY2ODE3OTY3OWVkMjgwMDAxYjQ1OTVmYyIsImlhdCI6MTcxOTc2MTI1NSwiZXhwIjoxNzE5NzYyNDU1fQ.1jtZHO8A77KeY5NvsDz8dwR0ZqMHpnjVirSFAaw25rc
				Accept=*/*
				Content-Type=application/json
Cookies:		<none>
Multiparts:		<none>
Body:			<none>
Request method:	DELETE
Request URI:	https://stellarburgers.nomoreparties.site/api/auth/user
Proxy:			<none>
Request params:	<none>
Query params:	<none>
Form params:	<none>
Path params:	<none>
Headers:		authorization=Bearer eyJhbGciOiJIUzI1NiIsInR5cCI6IkpXVCJ9.eyJpZCI6IjY2ODE3OTY3OWVkMjgwMDAxYjQ1OTVmYyIsImlhdCI6MTcxOTc2MTI1NSwiZXhwIjoxNzE5NzYyNDU1fQ.1jtZHO8A77KeY5NvsDz8dwR0ZqMHpnjVirSFAaw25rc
				Accept=*/*
				Content-Type=application/json
Cookies:		<none>
Multiparts:		<none>
Body:			<none>
Request method:	DELETE
Request URI:	https://stellarburgers.nomoreparties.site/api/auth/user
Proxy:			<none>
Request params:	<none>
Query params:	<none>
Form params:	<none>
Path params:	<none>
Headers:		authorization=Bearer eyJhbGciOiJIUzI1NiIsInR5cCI6IkpXVCJ9.eyJpZCI6IjY2ODE3OTY3OWVkMjgwMDAxYjQ1OTVmYyIsImlhdCI6MTcxOTc2MTI1NSwiZXhwIjoxNzE5NzYyNDU1fQ.1jtZHO8A77KeY5NvsDz8dwR0ZqMHpnjVirSFAaw25rc
				Accept=*/*
				Content-Type=application/json
Cookies:		<none>
Multiparts:		<none>
Body:			<none>
Request method:	DELETE
Request URI:	https://stellarburgers.nomoreparties.site/api/auth/user
Proxy:			<none>
Request params:	<none>
Query params:	<none>
Form params:	<none>
Path params:	<none>
Headers:		authorization=Bearer eyJhbGciOiJIUzI1NiIsInR5cCI6IkpXVCJ9.eyJpZCI6IjY2ODE3OTY3OWVkMjgwMDAxYjQ1OTVmYyIsImlhdCI6MTcxOTc2MTI1NSwiZXhwIjoxNzE5NzYyNDU1fQ.1jtZHO8A77KeY5NvsDz8dwR0ZqMHpnjVirSFAaw25rc
				Accept=*/*
				Content-Type=application/json
Cookies:		<none>
Multiparts:		<none>
Body:			<none>
Request method:	DELETE
Request URI:	https://stellarburgers.nomoreparties.site/api/auth/user
Proxy:			<none>
Request params:	<none>
Query params:	<none>
Form params:	<none>
Path params:	<none>
Headers:		authorization=Bearer eyJhbGciOiJIUzI1NiIsInR5cCI6IkpXVCJ9.eyJpZCI6IjY2ODE3OTY3OWVkMjgwMDAxYjQ1OTVmYyIsImlhdCI6MTcxOTc2MTI1NSwiZXhwIjoxNzE5NzYyNDU1fQ.1jtZHO8A77KeY5NvsDz8dwR0ZqMHpnjVirSFAaw25rc
				Accept=*/*
				Content-Type=application/json
Cookies:		<none>
Multiparts:		<none>
Body:			<none>
Request method:	DELETE
Request URI:	https://stellarburgers.nomoreparties.site/api/auth/user
Proxy:			<none>
Request params:	<none>
Query params:	<none>
Form params:	<none>
Path params:	<none>
Headers:		authorization=Bearer eyJhbGciOiJIUzI1NiIsInR5cCI6IkpXVCJ9.eyJpZCI6IjY2ODE3OTY3OWVkMjgwMDAxYjQ1OTVmYyIsImlhdCI6MTcxOTc2MTI1NSwiZXhwIjoxNzE5NzYyNDU1fQ.1jtZHO8A77KeY5NvsDz8dwR0ZqMHpnjVirSFAaw25rc
				Accept=*/*
				Content-Type=application/json
Cookies:		<none>
Multiparts:		<none>
Body:			<none>
Request method:	DELETE
Request URI:	https://stellarburgers.nomoreparties.site/api/auth/user
Proxy:			<none>
Request params:	<none>
Query params:	<none>
Form params:	<none>
Path params:	<none>
Headers:		authorization=Bearer eyJhbGciOiJIUzI1NiIsInR5cCI6IkpXVCJ9.eyJpZCI6IjY2ODE3OTY3OWVkMjgwMDAxYjQ1OTVmYyIsImlhdCI6MTcxOTc2MTI1NSwiZXhwIjoxNzE5NzYyNDU1fQ.1jtZHO8A77KeY5NvsDz8dwR0ZqMHpnjVirSFAaw25rc
				Accept=*/*
				Content-Type=application/json
Cookies:		<none>
Multiparts:		<none>
Body:			<none>
Request method:	DELETE
Request URI:	https://stellarburgers.nomoreparties.site/api/auth/user
Proxy:			<none>
Request params:	<none>
Query params:	<none>
Form params:	<none>
Path params:	<none>
Headers:		authorization=Bearer eyJhbGciOiJIUzI1NiIsInR5cCI6IkpXVCJ9.eyJpZCI6IjY2ODE3OTY3OWVkMjgwMDAxYjQ1OTVmYyIsImlhdCI6MTcxOTc2MTI1NSwiZXhwIjoxNzE5NzYyNDU1fQ.1jtZHO8A77KeY5NvsDz8dwR0ZqMHpnjVirSFAaw25rc
				Accept=*/*
				Content-Type=application/json
Cookies:		<none>
Multiparts:		<none>
Body:			<none>
HTTP/1.1 202 Accepted
Date: Sun, 30 Jun 2024 15:27:36 GMT
Content-Type: application/json; charset=utf-8
Content-Length: 54
Connection: keep-alive
X-Powered-By: Express
Access-Control-Allow-Origin: *
ETag: W/"36-hDmZnQ3Ou/ynnqAeC6TYmyseuzY"
CF-Cache-Status: DYNAMIC
Report-To: {"endpoints":[{"url":"https:\/\/a.nel.cloudflare.com\/report\/v4?s=qxr86bbGHSF3yHdjvJI9On0%2F5qGoVaKdFyIiIRaZ7JOeUhLK7rJClVbCwgrGzAyZK9aehU%2FYuQiTZcdJnLN0BTRJGTePC3q9Tb%2BqzQTPNMhOkoTLB4IC2Do5Ct1K3FUIhxFhm9ERi3mq7NLFgTIm3H0Xq%2Fk%3D"}],"group":"cf-nel","max_age":604800}
NEL: {"success_fraction":0,"report_to":"cf-nel","max_age":604800}
Server: cloudflare
CF-RAY: 89bf2e6b3a7e9ff0-AMS
alt-svc: h3=":443"; ma=86400

{
    "success": true,
    "message": "User successfully removed"
}
HTTP/1.1 202 Accepted
Date: Sun, 30 Jun 2024 15:27:36 GMT
Content-Type: application/json; charset=utf-8
Content-Length: 54
Connection: keep-alive
X-Powered-By: Express
Access-Control-Allow-Origin: *
ETag: W/"36-hDmZnQ3Ou/ynnqAeC6TYmyseuzY"
CF-Cache-Status: DYNAMIC
Report-To: {"endpoints":[{"url":"https:\/\/a.nel.cloudflare.com\/report\/v4?s=qxr86bbGHSF3yHdjvJI9On0%2F5qGoVaKdFyIiIRaZ7JOeUhLK7rJClVbCwgrGzAyZK9aehU%2FYuQiTZcdJnLN0BTRJGTePC3q9Tb%2BqzQTPNMhOkoTLB4IC2Do5Ct1K3FUIhxFhm9ERi3mq7NLFgTIm3H0Xq%2Fk%3D"}],"group":"cf-nel","max_age":604800}
NEL: {"success_fraction":0,"report_to":"cf-nel","max_age":604800}
Server: cloudflare
CF-RAY: 89bf2e6b3a7e9ff0-AMS
alt-svc: h3=":443"; ma=86400

{
    "success": true,
    "message": "User successfully removed"
}
HTTP/1.1 202 Accepted
Date: Sun, 30 Jun 2024 15:27:36 GMT
Content-Type: application/json; charset=utf-8
Content-Length: 54
Connection: keep-alive
X-Powered-By: Express
Access-Control-Allow-Origin: *
ETag: W/"36-hDmZnQ3Ou/ynnqAeC6TYmyseuzY"
CF-Cache-Status: DYNAMIC
Report-To: {"endpoints":[{"url":"https:\/\/a.nel.cloudflare.com\/report\/v4?s=qxr86bbGHSF3yHdjvJI9On0%2F5qGoVaKdFyIiIRaZ7JOeUhLK7rJClVbCwgrGzAyZK9aehU%2FYuQiTZcdJnLN0BTRJGTePC3q9Tb%2BqzQTPNMhOkoTLB4IC2Do5Ct1K3FUIhxFhm9ERi3mq7NLFgTIm3H0Xq%2Fk%3D"}],"group":"cf-nel","max_age":604800}
NEL: {"success_fraction":0,"report_to":"cf-nel","max_age":604800}
Server: cloudflare
CF-RAY: 89bf2e6b3a7e9ff0-AMS
alt-svc: h3=":443"; ma=86400

{
    "success": true,
    "message": "User successfully removed"
}
HTTP/1.1 202 Accepted
Date: Sun, 30 Jun 2024 15:27:36 GMT
Content-Type: application/json; charset=utf-8
Content-Length: 54
Connection: keep-alive
X-Powered-By: Express
Access-Control-Allow-Origin: *
ETag: W/"36-hDmZnQ3Ou/ynnqAeC6TYmyseuzY"
CF-Cache-Status: DYNAMIC
Report-To: {"endpoints":[{"url":"https:\/\/a.nel.cloudflare.com\/report\/v4?s=qxr86bbGHSF3yHdjvJI9On0%2F5qGoVaKdFyIiIRaZ7JOeUhLK7rJClVbCwgrGzAyZK9aehU%2FYuQiTZcdJnLN0BTRJGTePC3q9Tb%2BqzQTPNMhOkoTLB4IC2Do5Ct1K3FUIhxFhm9ERi3mq7NLFgTIm3H0Xq%2Fk%3D"}],"group":"cf-nel","max_age":604800}
NEL: {"success_fraction":0,"report_to":"cf-nel","max_age":604800}
Server: cloudflare
CF-RAY: 89bf2e6b3a7e9ff0-AMS
alt-svc: h3=":443"; ma=86400

{
    "success": true,
    "message": "User successfully removed"
}
HTTP/1.1 202 Accepted
Date: Sun, 30 Jun 2024 15:27:36 GMT
Content-Type: application/json; charset=utf-8
Content-Length: 54
Connection: keep-alive
X-Powered-By: Express
Access-Control-Allow-Origin: *
ETag: W/"36-hDmZnQ3Ou/ynnqAeC6TYmyseuzY"
CF-Cache-Status: DYNAMIC
Report-To: {"endpoints":[{"url":"https:\/\/a.nel.cloudflare.com\/report\/v4?s=qxr86bbGHSF3yHdjvJI9On0%2F5qGoVaKdFyIiIRaZ7JOeUhLK7rJClVbCwgrGzAyZK9aehU%2FYuQiTZcdJnLN0BTRJGTePC3q9Tb%2BqzQTPNMhOkoTLB4IC2Do5Ct1K3FUIhxFhm9ERi3mq7NLFgTIm3H0Xq%2Fk%3D"}],"group":"cf-nel","max_age":604800}
NEL: {"success_fraction":0,"report_to":"cf-nel","max_age":604800}
Server: cloudflare
CF-RAY: 89bf2e6b3a7e9ff0-AMS
alt-svc: h3=":443"; ma=86400

{
    "success": true,
    "message": "User successfully removed"
}
HTTP/1.1 202 Accepted
Date: Sun, 30 Jun 2024 15:27:36 GMT
Content-Type: application/json; charset=utf-8
Content-Length: 54
Connection: keep-alive
X-Powered-By: Express
Access-Control-Allow-Origin: *
ETag: W/"36-hDmZnQ3Ou/ynnqAeC6TYmyseuzY"
CF-Cache-Status: DYNAMIC
Report-To: {"endpoints":[{"url":"https:\/\/a.nel.cloudflare.com\/report\/v4?s=qxr86bbGHSF3yHdjvJI9On0%2F5qGoVaKdFyIiIRaZ7JOeUhLK7rJClVbCwgrGzAyZK9aehU%2FYuQiTZcdJnLN0BTRJGTePC3q9Tb%2BqzQTPNMhOkoTLB4IC2Do5Ct1K3FUIhxFhm9ERi3mq7NLFgTIm3H0Xq%2Fk%3D"}],"group":"cf-nel","max_age":604800}
NEL: {"success_fraction":0,"report_to":"cf-nel","max_age":604800}
Server: cloudflare
CF-RAY: 89bf2e6b3a7e9ff0-AMS
alt-svc: h3=":443"; ma=86400

{
    "success": true,
    "message": "User successfully removed"
}
HTTP/1.1 202 Accepted
Date: Sun, 30 Jun 2024 15:27:36 GMT
Content-Type: application/json; charset=utf-8
Content-Length: 54
Connection: keep-alive
X-Powered-By: Express
Access-Control-Allow-Origin: *
ETag: W/"36-hDmZnQ3Ou/ynnqAeC6TYmyseuzY"
CF-Cache-Status: DYNAMIC
Report-To: {"endpoints":[{"url":"https:\/\/a.nel.cloudflare.com\/report\/v4?s=qxr86bbGHSF3yHdjvJI9On0%2F5qGoVaKdFyIiIRaZ7JOeUhLK7rJClVbCwgrGzAyZK9aehU%2FYuQiTZcdJnLN0BTRJGTePC3q9Tb%2BqzQTPNMhOkoTLB4IC2Do5Ct1K3FUIhxFhm9ERi3mq7NLFgTIm3H0Xq%2Fk%3D"}],"group":"cf-nel","max_age":604800}
NEL: {"success_fraction":0,"report_to":"cf-nel","max_age":604800}
Server: cloudflare
CF-RAY: 89bf2e6b3a7e9ff0-AMS
alt-svc: h3=":443"; ma=86400

{
    "success": true,
    "message": "User successfully removed"
}
HTTP/1.1 202 Accepted
Date: Sun, 30 Jun 2024 15:27:36 GMT
Content-Type: application/json; charset=utf-8
Content-Length: 54
Connection: keep-alive
X-Powered-By: Express
Access-Control-Allow-Origin: *
ETag: W/"36-hDmZnQ3Ou/ynnqAeC6TYmyseuzY"
CF-Cache-Status: DYNAMIC
Report-To: {"endpoints":[{"url":"https:\/\/a.nel.cloudflare.com\/report\/v4?s=qxr86bbGHSF3yHdjvJI9On0%2F5qGoVaKdFyIiIRaZ7JOeUhLK7rJClVbCwgrGzAyZK9aehU%2FYuQiTZcdJnLN0BTRJGTePC3q9Tb%2BqzQTPNMhOkoTLB4IC2Do5Ct1K3FUIhxFhm9ERi3mq7NLFgTIm3H0Xq%2Fk%3D"}],"group":"cf-nel","max_age":604800}
NEL: {"success_fraction":0,"report_to":"cf-nel","max_age":604800}
Server: cloudflare
CF-RAY: 89bf2e6b3a7e9ff0-AMS
alt-svc: h3=":443"; ma=86400

{
    "success": true,
    "message": "User successfully removed"
}
]]></system-out>
  </testcase>
</testsuite>