<?xml version="1.0" encoding="UTF-8"?>
<testsuite xmlns:xsi="http://www.w3.org/2001/XMLSchema-instance" xsi:noNamespaceSchemaLocation="https://maven.apache.org/surefire/maven-surefire-plugin/xsd/surefire-test-report-3.0.xsd" version="3.0" name="CreateUserTest" time="3.372" tests="5" errors="0" skipped="0" failures="0">
  <properties>
[...]
</properties>
  <testcase name="createDoubleUser" classname="CreateUserTest" time="1.213">
    <system-out><![CDATA[Request method:	POST
Request URI:	https://stellarburgers.nomoreparties.site/api/auth/register
Proxy:			<none>
Request params:	<none>
Query params:	<none>
Form params:	<none>
Path params:	<none>
Headers:		Accept=*/*
				Content-Type=application/json
Cookies:		<none>
Multiparts:		<none>
Body:
{
    "email": "CLFuWLpKhw@ya.ru",
    "password": "SpjDsVRCPS",
    "name": "faORIIRALi"
}
Request method:	POST
Request URI:	https://stellarburgers.nomoreparties.site/api/auth/register
Proxy:			<none>
Request params:	<none>
Query params:	<none>
Form params:	<none>
Path params:	<none>
Headers:		Accept=*/*
				Content-Type=application/json
Cookies:		<none>
Multiparts:		<none>
Body:
{
    "email": "CLFuWLpKhw@ya.ru",
    "password": "SpjDsVRCPS",
    "name": "faORIIRALi"
}
Request method:	POST
Request URI:	https://stellarburgers.nomoreparties.site/api/auth/register
Proxy:			<none>
Request params:	<none>
Query params:	<none>
Form params:	<none>
Path params:	<none>
Headers:		Accept=*/*
				Content-Type=application/json
Cookies:		<none>
Multiparts:		<none>
Body:
{
    "email": "CLFuWLpKhw@ya.ru",
    "password": "SpjDsVRCPS",
    "name": "faORIIRALi"
}
Request method:	POST
Request URI:	https://stellarburgers.nomoreparties.site/api/auth/register
Proxy:			<none>
Request params:	<none>
Query params:	<none>
Form params:	<none>
Path params:	<none>
Headers:		Accept=*/*
				Content-Type=application/json
Cookies:		<none>
Multiparts:		<none>
Body:
{
    "email": "CLFuWLpKhw@ya.ru",
    "password": "SpjDsVRCPS",
    "name": "faORIIRALi"
}
Request method:	POST
Request URI:	https://stellarburgers.nomoreparties.site/api/auth/register
Proxy:			<none>
Request params:	<none>
Query params:	<none>
Form params:	<none>
Path params:	<none>
Headers:		Accept=*/*
				Content-Type=application/json
Cookies:		<none>
Multiparts:		<none>
Body:
{
    "email": "CLFuWLpKhw@ya.ru",
    "password": "SpjDsVRCPS",
    "name": "faORIIRALi"
}
Request method:	POST
Request URI:	https://stellarburgers.nomoreparties.site/api/auth/register
Proxy:			<none>
Request params:	<none>
Query params:	<none>
Form params:	<none>
Path params:	<none>
Headers:		Accept=*/*
				Content-Type=application/json
Cookies:		<none>
Multiparts:		<none>
Body:
{
    "email": "CLFuWLpKhw@ya.ru",
    "password": "SpjDsVRCPS",
    "name": "faORIIRALi"
}
Request method:	POST
Request URI:	https://stellarburgers.nomoreparties.site/api/auth/register
Proxy:			<none>
Request params:	<none>
Query params:	<none>
Form params:	<none>
Path params:	<none>
Headers:		Accept=*/*
				Content-Type=application/json
Cookies:		<none>
Multiparts:		<none>
Body:
{
    "email": "CLFuWLpKhw@ya.ru",
    "password": "SpjDsVRCPS",
    "name": "faORIIRALi"
}
Request method:	POST
Request URI:	https://stellarburgers.nomoreparties.site/api/auth/register
Proxy:			<none>
Request params:	<none>
Query params:	<none>
Form params:	<none>
Path params:	<none>
Headers:		Accept=*/*
				Content-Type=application/json
Cookies:		<none>
Multiparts:		<none>
Body:
{
    "email": "CLFuWLpKhw@ya.ru",
    "password": "SpjDsVRCPS",
    "name": "faORIIRALi"
}
Request method:	POST
Request URI:	https://stellarburgers.nomoreparties.site/api/auth/register
Proxy:			<none>
Request params:	<none>
Query params:	<none>
Form params:	<none>
Path params:	<none>
Headers:		Accept=*/*
				Content-Type=application/json
Cookies:		<none>
Multiparts:		<none>
Body:
{
    "email": "CLFuWLpKhw@ya.ru",
    "password": "SpjDsVRCPS",
    "name": "faORIIRALi"
}
HTTP/1.1 200 OK
Date: Sun, 30 Jun 2024 15:27:36 GMT
Content-Type: application/json; charset=utf-8
Transfer-Encoding: chunked
Connection: keep-alive
X-Powered-By: Express
Access-Control-Allow-Origin: *
authorization: Bearer eyJhbGciOiJIUzI1NiIsInR5cCI6IkpXVCJ9.eyJpZCI6IjY2ODE3OTY4OWVkMjgwMDAxYjQ1OTVmZiIsImlhdCI6MTcxOTc2MTI1NiwiZXhwIjoxNzE5NzYyNDU2fQ.SZyiXKL39gbmS0JbNU9h4s1tV1wkSOCTFRgyT5vz_1U
ETag: W/"16d-Y2EYB5HEwR6WFtTG/2Rylwg/JEo"
CF-Cache-Status: DYNAMIC
Report-To: {"endpoints":[{"url":"https:\/\/a.nel.cloudflare.com\/report\/v4?s=tdq8Eb0QWPcuyYrHkim%2FgxWDUI50dGt7QBypqhzUzvTF5nIOHWOaKsv%2BQePKUNxV7sgqzYsYoSbHIJyxBNHq9stbmp2qMELC18uGPrAeoMzu2ZgRtCDQ5Tt2qTffKvE910JZt6Tn4wBqM%2BdgO%2BBHYh64gLw%3D"}],"group":"cf-nel","max_age":604800}
NEL: {"success_fraction":0,"report_to":"cf-nel","max_age":604800}
Server: cloudflare
CF-RAY: 89bf2e6eb9236329-LHR
Content-Encoding: gzip
alt-svc: h3=":443"; ma=86400

{
    "success": true,
    "user": {
        "email": "clfuwlpkhw@ya.ru",
        "name": "faORIIRALi"
    },
    "accessToken": "Bearer eyJhbGciOiJIUzI1NiIsInR5cCI6IkpXVCJ9.eyJpZCI6IjY2ODE3OTY4OWVkMjgwMDAxYjQ1OTVmZiIsImlhdCI6MTcxOTc2MTI1NiwiZXhwIjoxNzE5NzYyNDU2fQ.SZyiXKL39gbmS0JbNU9h4s1tV1wkSOCTFRgyT5vz_1U",
    "refreshToken": "761f8a75c5b4c5e410488217ec1fe0b47f896ca1b115ed38c7d626db56be953c0f51605ac1a92270"
}
HTTP/1.1 200 OK
Date: Sun, 30 Jun 2024 15:27:36 GMT
Content-Type: application/json; charset=utf-8
Transfer-Encoding: chunked
Connection: keep-alive
X-Powered-By: Express
Access-Control-Allow-Origin: *
authorization: Bearer eyJhbGciOiJIUzI1NiIsInR5cCI6IkpXVCJ9.eyJpZCI6IjY2ODE3OTY4OWVkMjgwMDAxYjQ1OTVmZiIsImlhdCI6MTcxOTc2MTI1NiwiZXhwIjoxNzE5NzYyNDU2fQ.SZyiXKL39gbmS0JbNU9h4s1tV1wkSOCTFRgyT5vz_1U
ETag: W/"16d-Y2EYB5HEwR6WFtTG/2Rylwg/JEo"
CF-Cache-Status: DYNAMIC
Report-To: {"endpoints":[{"url":"https:\/\/a.nel.cloudflare.com\/report\/v4?s=tdq8Eb0QWPcuyYrHkim%2FgxWDUI50dGt7QBypqhzUzvTF5nIOHWOaKsv%2BQePKUNxV7sgqzYsYoSbHIJyxBNHq9stbmp2qMELC18uGPrAeoMzu2ZgRtCDQ5Tt2qTffKvE910JZt6Tn4wBqM%2BdgO%2BBHYh64gLw%3D"}],"group":"cf-nel","max_age":604800}
NEL: {"success_fraction":0,"report_to":"cf-nel","max_age":604800}
Server: cloudflare
CF-RAY: 89bf2e6eb9236329-LHR
Content-Encoding: gzip
alt-svc: h3=":443"; ma=86400

{
    "success": true,
    "user": {
        "email": "clfuwlpkhw@ya.ru",
        "name": "faORIIRALi"
    },
    "accessToken": "Bearer eyJhbGciOiJIUzI1NiIsInR5cCI6IkpXVCJ9.eyJpZCI6IjY2ODE3OTY4OWVkMjgwMDAxYjQ1OTVmZiIsImlhdCI6MTcxOTc2MTI1NiwiZXhwIjoxNzE5NzYyNDU2fQ.SZyiXKL39gbmS0JbNU9h4s1tV1wkSOCTFRgyT5vz_1U",
    "refreshToken": "761f8a75c5b4c5e410488217ec1fe0b47f896ca1b115ed38c7d626db56be953c0f51605ac1a92270"
}
HTTP/1.1 200 OK
Date: Sun, 30 Jun 2024 15:27:36 GMT
Content-Type: application/json; charset=utf-8
Transfer-Encoding: chunked
Connection: keep-alive
X-Powered-By: Express
Access-Control-Allow-Origin: *
authorization: Bearer eyJhbGciOiJIUzI1NiIsInR5cCI6IkpXVCJ9.eyJpZCI6IjY2ODE3OTY4OWVkMjgwMDAxYjQ1OTVmZiIsImlhdCI6MTcxOTc2MTI1NiwiZXhwIjoxNzE5NzYyNDU2fQ.SZyiXKL39gbmS0JbNU9h4s1tV1wkSOCTFRgyT5vz_1U
ETag: W/"16d-Y2EYB5HEwR6WFtTG/2Rylwg/JEo"
CF-Cache-Status: DYNAMIC
Report-To: {"endpoints":[{"url":"https:\/\/a.nel.cloudflare.com\/report\/v4?s=tdq8Eb0QWPcuyYrHkim%2FgxWDUI50dGt7QBypqhzUzvTF5nIOHWOaKsv%2BQePKUNxV7sgqzYsYoSbHIJyxBNHq9stbmp2qMELC18uGPrAeoMzu2ZgRtCDQ5Tt2qTffKvE910JZt6Tn4wBqM%2BdgO%2BBHYh64gLw%3D"}],"group":"cf-nel","max_age":604800}
NEL: {"success_fraction":0,"report_to":"cf-nel","max_age":604800}
Server: cloudflare
CF-RAY: 89bf2e6eb9236329-LHR
Content-Encoding: gzip
alt-svc: h3=":443"; ma=86400

{
    "success": true,
    "user": {
        "email": "clfuwlpkhw@ya.ru",
        "name": "faORIIRALi"
    },
    "accessToken": "Bearer eyJhbGciOiJIUzI1NiIsInR5cCI6IkpXVCJ9.eyJpZCI6IjY2ODE3OTY4OWVkMjgwMDAxYjQ1OTVmZiIsImlhdCI6MTcxOTc2MTI1NiwiZXhwIjoxNzE5NzYyNDU2fQ.SZyiXKL39gbmS0JbNU9h4s1tV1wkSOCTFRgyT5vz_1U",
    "refreshToken": "761f8a75c5b4c5e410488217ec1fe0b47f896ca1b115ed38c7d626db56be953c0f51605ac1a92270"
}
HTTP/1.1 200 OK
Date: Sun, 30 Jun 2024 15:27:36 GMT
Content-Type: application/json; charset=utf-8
Transfer-Encoding: chunked
Connection: keep-alive
X-Powered-By: Express
Access-Control-Allow-Origin: *
authorization: Bearer eyJhbGciOiJIUzI1NiIsInR5cCI6IkpXVCJ9.eyJpZCI6IjY2ODE3OTY4OWVkMjgwMDAxYjQ1OTVmZiIsImlhdCI6MTcxOTc2MTI1NiwiZXhwIjoxNzE5NzYyNDU2fQ.SZyiXKL39gbmS0JbNU9h4s1tV1wkSOCTFRgyT5vz_1U
ETag: W/"16d-Y2EYB5HEwR6WFtTG/2Rylwg/JEo"
CF-Cache-Status: DYNAMIC
Report-To: {"endpoints":[{"url":"https:\/\/a.nel.cloudflare.com\/report\/v4?s=tdq8Eb0QWPcuyYrHkim%2FgxWDUI50dGt7QBypqhzUzvTF5nIOHWOaKsv%2BQePKUNxV7sgqzYsYoSbHIJyxBNHq9stbmp2qMELC18uGPrAeoMzu2ZgRtCDQ5Tt2qTffKvE910JZt6Tn4wBqM%2BdgO%2BBHYh64gLw%3D"}],"group":"cf-nel","max_age":604800}
NEL: {"success_fraction":0,"report_to":"cf-nel","max_age":604800}
Server: cloudflare
CF-RAY: 89bf2e6eb9236329-LHR
Content-Encoding: gzip
alt-svc: h3=":443"; ma=86400

{
    "success": true,
    "user": {
        "email": "clfuwlpkhw@ya.ru",
        "name": "faORIIRALi"
    },
    "accessToken": "Bearer eyJhbGciOiJIUzI1NiIsInR5cCI6IkpXVCJ9.eyJpZCI6IjY2ODE3OTY4OWVkMjgwMDAxYjQ1OTVmZiIsImlhdCI6MTcxOTc2MTI1NiwiZXhwIjoxNzE5NzYyNDU2fQ.SZyiXKL39gbmS0JbNU9h4s1tV1wkSOCTFRgyT5vz_1U",
    "refreshToken": "761f8a75c5b4c5e410488217ec1fe0b47f896ca1b115ed38c7d626db56be953c0f51605ac1a92270"
}
HTTP/1.1 200 OK
Date: Sun, 30 Jun 2024 15:27:36 GMT
Content-Type: application/json; charset=utf-8
Transfer-Encoding: chunked
Connection: keep-alive
X-Powered-By: Express
Access-Control-Allow-Origin: *
authorization: Bearer eyJhbGciOiJIUzI1NiIsInR5cCI6IkpXVCJ9.eyJpZCI6IjY2ODE3OTY4OWVkMjgwMDAxYjQ1OTVmZiIsImlhdCI6MTcxOTc2MTI1NiwiZXhwIjoxNzE5NzYyNDU2fQ.SZyiXKL39gbmS0JbNU9h4s1tV1wkSOCTFRgyT5vz_1U
ETag: W/"16d-Y2EYB5HEwR6WFtTG/2Rylwg/JEo"
CF-Cache-Status: DYNAMIC
Report-To: {"endpoints":[{"url":"https:\/\/a.nel.cloudflare.com\/report\/v4?s=tdq8Eb0QWPcuyYrHkim%2FgxWDUI50dGt7QBypqhzUzvTF5nIOHWOaKsv%2BQePKUNxV7sgqzYsYoSbHIJyxBNHq9stbmp2qMELC18uGPrAeoMzu2ZgRtCDQ5Tt2qTffKvE910JZt6Tn4wBqM%2BdgO%2BBHYh64gLw%3D"}],"group":"cf-nel","max_age":604800}
NEL: {"success_fraction":0,"report_to":"cf-nel","max_age":604800}
Server: cloudflare
CF-RAY: 89bf2e6eb9236329-LHR
Content-Encoding: gzip
alt-svc: h3=":443"; ma=86400

{
    "success": true,
    "user": {
        "email": "clfuwlpkhw@ya.ru",
        "name": "faORIIRALi"
    },
    "accessToken": "Bearer eyJhbGciOiJIUzI1NiIsInR5cCI6IkpXVCJ9.eyJpZCI6IjY2ODE3OTY4OWVkMjgwMDAxYjQ1OTVmZiIsImlhdCI6MTcxOTc2MTI1NiwiZXhwIjoxNzE5NzYyNDU2fQ.SZyiXKL39gbmS0JbNU9h4s1tV1wkSOCTFRgyT5vz_1U",
    "refreshToken": "761f8a75c5b4c5e410488217ec1fe0b47f896ca1b115ed38c7d626db56be953c0f51605ac1a92270"
}
HTTP/1.1 200 OK
Date: Sun, 30 Jun 2024 15:27:36 GMT
Content-Type: application/json; charset=utf-8
Transfer-Encoding: chunked
Connection: keep-alive
X-Powered-By: Express
Access-Control-Allow-Origin: *
authorization: Bearer eyJhbGciOiJIUzI1NiIsInR5cCI6IkpXVCJ9.eyJpZCI6IjY2ODE3OTY4OWVkMjgwMDAxYjQ1OTVmZiIsImlhdCI6MTcxOTc2MTI1NiwiZXhwIjoxNzE5NzYyNDU2fQ.SZyiXKL39gbmS0JbNU9h4s1tV1wkSOCTFRgyT5vz_1U
ETag: W/"16d-Y2EYB5HEwR6WFtTG/2Rylwg/JEo"
CF-Cache-Status: DYNAMIC
Report-To: {"endpoints":[{"url":"https:\/\/a.nel.cloudflare.com\/report\/v4?s=tdq8Eb0QWPcuyYrHkim%2FgxWDUI50dGt7QBypqhzUzvTF5nIOHWOaKsv%2BQePKUNxV7sgqzYsYoSbHIJyxBNHq9stbmp2qMELC18uGPrAeoMzu2ZgRtCDQ5Tt2qTffKvE910JZt6Tn4wBqM%2BdgO%2BBHYh64gLw%3D"}],"group":"cf-nel","max_age":604800}
NEL: {"success_fraction":0,"report_to":"cf-nel","max_age":604800}
Server: cloudflare
CF-RAY: 89bf2e6eb9236329-LHR
Content-Encoding: gzip
alt-svc: h3=":443"; ma=86400

{
    "success": true,
    "user": {
        "email": "clfuwlpkhw@ya.ru",
        "name": "faORIIRALi"
    },
    "accessToken": "Bearer eyJhbGciOiJIUzI1NiIsInR5cCI6IkpXVCJ9.eyJpZCI6IjY2ODE3OTY4OWVkMjgwMDAxYjQ1OTVmZiIsImlhdCI6MTcxOTc2MTI1NiwiZXhwIjoxNzE5NzYyNDU2fQ.SZyiXKL39gbmS0JbNU9h4s1tV1wkSOCTFRgyT5vz_1U",
    "refreshToken": "761f8a75c5b4c5e410488217ec1fe0b47f896ca1b115ed38c7d626db56be953c0f51605ac1a92270"
}
HTTP/1.1 200 OK
Date: Sun, 30 Jun 2024 15:27:36 GMT
Content-Type: application/json; charset=utf-8
Transfer-Encoding: chunked
Connection: keep-alive
X-Powered-By: Express
Access-Control-Allow-Origin: *
authorization: Bearer eyJhbGciOiJIUzI1NiIsInR5cCI6IkpXVCJ9.eyJpZCI6IjY2ODE3OTY4OWVkMjgwMDAxYjQ1OTVmZiIsImlhdCI6MTcxOTc2MTI1NiwiZXhwIjoxNzE5NzYyNDU2fQ.SZyiXKL39gbmS0JbNU9h4s1tV1wkSOCTFRgyT5vz_1U
ETag: W/"16d-Y2EYB5HEwR6WFtTG/2Rylwg/JEo"
CF-Cache-Status: DYNAMIC
Report-To: {"endpoints":[{"url":"https:\/\/a.nel.cloudflare.com\/report\/v4?s=tdq8Eb0QWPcuyYrHkim%2FgxWDUI50dGt7QBypqhzUzvTF5nIOHWOaKsv%2BQePKUNxV7sgqzYsYoSbHIJyxBNHq9stbmp2qMELC18uGPrAeoMzu2ZgRtCDQ5Tt2qTffKvE910JZt6Tn4wBqM%2BdgO%2BBHYh64gLw%3D"}],"group":"cf-nel","max_age":604800}
NEL: {"success_fraction":0,"report_to":"cf-nel","max_age":604800}
Server: cloudflare
CF-RAY: 89bf2e6eb9236329-LHR
Content-Encoding: gzip
alt-svc: h3=":443"; ma=86400

{
    "success": true,
    "user": {
        "email": "clfuwlpkhw@ya.ru",
        "name": "faORIIRALi"
    },
    "accessToken": "Bearer eyJhbGciOiJIUzI1NiIsInR5cCI6IkpXVCJ9.eyJpZCI6IjY2ODE3OTY4OWVkMjgwMDAxYjQ1OTVmZiIsImlhdCI6MTcxOTc2MTI1NiwiZXhwIjoxNzE5NzYyNDU2fQ.SZyiXKL39gbmS0JbNU9h4s1tV1wkSOCTFRgyT5vz_1U",
    "refreshToken": "761f8a75c5b4c5e410488217ec1fe0b47f896ca1b115ed38c7d626db56be953c0f51605ac1a92270"
}
HTTP/1.1 200 OK
Date: Sun, 30 Jun 2024 15:27:36 GMT
Content-Type: application/json; charset=utf-8
Transfer-Encoding: chunked
Connection: keep-alive
X-Powered-By: Express
Access-Control-Allow-Origin: *
authorization: Bearer eyJhbGciOiJIUzI1NiIsInR5cCI6IkpXVCJ9.eyJpZCI6IjY2ODE3OTY4OWVkMjgwMDAxYjQ1OTVmZiIsImlhdCI6MTcxOTc2MTI1NiwiZXhwIjoxNzE5NzYyNDU2fQ.SZyiXKL39gbmS0JbNU9h4s1tV1wkSOCTFRgyT5vz_1U
ETag: W/"16d-Y2EYB5HEwR6WFtTG/2Rylwg/JEo"
CF-Cache-Status: DYNAMIC
Report-To: {"endpoints":[{"url":"https:\/\/a.nel.cloudflare.com\/report\/v4?s=tdq8Eb0QWPcuyYrHkim%2FgxWDUI50dGt7QBypqhzUzvTF5nIOHWOaKsv%2BQePKUNxV7sgqzYsYoSbHIJyxBNHq9stbmp2qMELC18uGPrAeoMzu2ZgRtCDQ5Tt2qTffKvE910JZt6Tn4wBqM%2BdgO%2BBHYh64gLw%3D"}],"group":"cf-nel","max_age":604800}
NEL: {"success_fraction":0,"report_to":"cf-nel","max_age":604800}
Server: cloudflare
CF-RAY: 89bf2e6eb9236329-LHR
Content-Encoding: gzip
alt-svc: h3=":443"; ma=86400

{
    "success": true,
    "user": {
        "email": "clfuwlpkhw@ya.ru",
        "name": "faORIIRALi"
    },
    "accessToken": "Bearer eyJhbGciOiJIUzI1NiIsInR5cCI6IkpXVCJ9.eyJpZCI6IjY2ODE3OTY4OWVkMjgwMDAxYjQ1OTVmZiIsImlhdCI6MTcxOTc2MTI1NiwiZXhwIjoxNzE5NzYyNDU2fQ.SZyiXKL39gbmS0JbNU9h4s1tV1wkSOCTFRgyT5vz_1U",
    "refreshToken": "761f8a75c5b4c5e410488217ec1fe0b47f896ca1b115ed38c7d626db56be953c0f51605ac1a92270"
}
HTTP/1.1 200 OK
Date: Sun, 30 Jun 2024 15:27:36 GMT
Content-Type: application/json; charset=utf-8
Transfer-Encoding: chunked
Connection: keep-alive
X-Powered-By: Express
Access-Control-Allow-Origin: *
authorization: Bearer eyJhbGciOiJIUzI1NiIsInR5cCI6IkpXVCJ9.eyJpZCI6IjY2ODE3OTY4OWVkMjgwMDAxYjQ1OTVmZiIsImlhdCI6MTcxOTc2MTI1NiwiZXhwIjoxNzE5NzYyNDU2fQ.SZyiXKL39gbmS0JbNU9h4s1tV1wkSOCTFRgyT5vz_1U
ETag: W/"16d-Y2EYB5HEwR6WFtTG/2Rylwg/JEo"
CF-Cache-Status: DYNAMIC
Report-To: {"endpoints":[{"url":"https:\/\/a.nel.cloudflare.com\/report\/v4?s=tdq8Eb0QWPcuyYrHkim%2FgxWDUI50dGt7QBypqhzUzvTF5nIOHWOaKsv%2BQePKUNxV7sgqzYsYoSbHIJyxBNHq9stbmp2qMELC18uGPrAeoMzu2ZgRtCDQ5Tt2qTffKvE910JZt6Tn4wBqM%2BdgO%2BBHYh64gLw%3D"}],"group":"cf-nel","max_age":604800}
NEL: {"success_fraction":0,"report_to":"cf-nel","max_age":604800}
Server: cloudflare
CF-RAY: 89bf2e6eb9236329-LHR
Content-Encoding: gzip
alt-svc: h3=":443"; ma=86400

{
    "success": true,
    "user": {
        "email": "clfuwlpkhw@ya.ru",
        "name": "faORIIRALi"
    },
    "accessToken": "Bearer eyJhbGciOiJIUzI1NiIsInR5cCI6IkpXVCJ9.eyJpZCI6IjY2ODE3OTY4OWVkMjgwMDAxYjQ1OTVmZiIsImlhdCI6MTcxOTc2MTI1NiwiZXhwIjoxNzE5NzYyNDU2fQ.SZyiXKL39gbmS0JbNU9h4s1tV1wkSOCTFRgyT5vz_1U",
    "refreshToken": "761f8a75c5b4c5e410488217ec1fe0b47f896ca1b115ed38c7d626db56be953c0f51605ac1a92270"
}
Request method:	POST
Request URI:	https://stellarburgers.nomoreparties.site/api/auth/register
Proxy:			<none>
Request params:	<none>
Query params:	<none>
Form params:	<none>
Path params:	<none>
Headers:		Accept=*/*
				Content-Type=application/json
Cookies:		<none>
Multiparts:		<none>
Body:
{
    "email": "CLFuWLpKhw@ya.ru",
    "password": "SpjDsVRCPS",
    "name": "faORIIRALi"
}
Request method:	POST
Request URI:	https://stellarburgers.nomoreparties.site/api/auth/register
Proxy:			<none>
Request params:	<none>
Query params:	<none>
Form params:	<none>
Path params:	<none>
Headers:		Accept=*/*
				Content-Type=application/json
Cookies:		<none>
Multiparts:		<none>
Body:
{
    "email": "CLFuWLpKhw@ya.ru",
    "password": "SpjDsVRCPS",
    "name": "faORIIRALi"
}
Request method:	POST
Request URI:	https://stellarburgers.nomoreparties.site/api/auth/register
Proxy:			<none>
Request params:	<none>
Query params:	<none>
Form params:	<none>
Path params:	<none>
Headers:		Accept=*/*
				Content-Type=application/json
Cookies:		<none>
Multiparts:		<none>
Body:
{
    "email": "CLFuWLpKhw@ya.ru",
    "password": "SpjDsVRCPS",
    "name": "faORIIRALi"
}
Request method:	POST
Request URI:	https://stellarburgers.nomoreparties.site/api/auth/register
Proxy:			<none>
Request params:	<none>
Query params:	<none>
Form params:	<none>
Path params:	<none>
Headers:		Accept=*/*
				Content-Type=application/json
Cookies:		<none>
Multiparts:		<none>
Body:
{
    "email": "CLFuWLpKhw@ya.ru",
    "password": "SpjDsVRCPS",
    "name": "faORIIRALi"
}
Request method:	POST
Request URI:	https://stellarburgers.nomoreparties.site/api/auth/register
Proxy:			<none>
Request params:	<none>
Query params:	<none>
Form params:	<none>
Path params:	<none>
Headers:		Accept=*/*
				Content-Type=application/json
Cookies:		<none>
Multiparts:		<none>
Body:
{
    "email": "CLFuWLpKhw@ya.ru",
    "password": "SpjDsVRCPS",
    "name": "faORIIRALi"
}
Request method:	POST
Request URI:	https://stellarburgers.nomoreparties.site/api/auth/register
Proxy:			<none>
Request params:	<none>
Query params:	<none>
Form params:	<none>
Path params:	<none>
Headers:		Accept=*/*
				Content-Type=application/json
Cookies:		<none>
Multiparts:		<none>
Body:
{
    "email": "CLFuWLpKhw@ya.ru",
    "password": "SpjDsVRCPS",
    "name": "faORIIRALi"
}
Request method:	POST
Request URI:	https://stellarburgers.nomoreparties.site/api/auth/register
Proxy:			<none>
Request params:	<none>
Query params:	<none>
Form params:	<none>
Path params:	<none>
Headers:		Accept=*/*
				Content-Type=application/json
Cookies:		<none>
Multiparts:		<none>
Body:
{
    "email": "CLFuWLpKhw@ya.ru",
    "password": "SpjDsVRCPS",
    "name": "faORIIRALi"
}
Request method:	POST
Request URI:	https://stellarburgers.nomoreparties.site/api/auth/register
Proxy:			<none>
Request params:	<none>
Query params:	<none>
Form params:	<none>
Path params:	<none>
Headers:		Accept=*/*
				Content-Type=application/json
Cookies:		<none>
Multiparts:		<none>
Body:
{
    "email": "CLFuWLpKhw@ya.ru",
    "password": "SpjDsVRCPS",
    "name": "faORIIRALi"
}
Request method:	POST
Request URI:	https://stellarburgers.nomoreparties.site/api/auth/register
Proxy:			<none>
Request params:	<none>
Query params:	<none>
Form params:	<none>
Path params:	<none>
Headers:		Accept=*/*
				Content-Type=application/json
Cookies:		<none>
Multiparts:		<none>
Body:
{
    "email": "CLFuWLpKhw@ya.ru",
    "password": "SpjDsVRCPS",
    "name": "faORIIRALi"
}
HTTP/1.1 403 Forbidden
Date: Sun, 30 Jun 2024 15:27:37 GMT
Content-Type: application/json; charset=utf-8
Transfer-Encoding: chunked
Connection: keep-alive
X-Powered-By: Express
Access-Control-Allow-Origin: *
ETag: W/"31-WKEMg8zALB1Ko0WjUHi/6RBGHVc"
CF-Cache-Status: DYNAMIC
Report-To: {"endpoints":[{"url":"https:\/\/a.nel.cloudflare.com\/report\/v4?s=o8Egwz46tzWJMFOLkbFGZaOFhDLJydQNMqRy1k9b%2FkUIFPV3pRcf47vlyCbcdw2j8j45kkuo60nIllsy70g6elkx4DENzsac%2FLYOM1qlAcP1keTTHvx6n0IQtk9ucj4UH6qAmPPsxtQaKLMkS5igb9TQYOA%3D"}],"group":"cf-nel","max_age":604800}
NEL: {"success_fraction":0,"report_to":"cf-nel","max_age":604800}
Server: cloudflare
CF-RAY: 89bf2e70dece03d1-DME
Content-Encoding: gzip
alt-svc: h3=":443"; ma=86400

{
    "success": false,
    "message": "User already exists"
}
HTTP/1.1 403 Forbidden
Date: Sun, 30 Jun 2024 15:27:37 GMT
Content-Type: application/json; charset=utf-8
Transfer-Encoding: chunked
Connection: keep-alive
X-Powered-By: Express
Access-Control-Allow-Origin: *
ETag: W/"31-WKEMg8zALB1Ko0WjUHi/6RBGHVc"
CF-Cache-Status: DYNAMIC
Report-To: {"endpoints":[{"url":"https:\/\/a.nel.cloudflare.com\/report\/v4?s=o8Egwz46tzWJMFOLkbFGZaOFhDLJydQNMqRy1k9b%2FkUIFPV3pRcf47vlyCbcdw2j8j45kkuo60nIllsy70g6elkx4DENzsac%2FLYOM1qlAcP1keTTHvx6n0IQtk9ucj4UH6qAmPPsxtQaKLMkS5igb9TQYOA%3D"}],"group":"cf-nel","max_age":604800}
NEL: {"success_fraction":0,"report_to":"cf-nel","max_age":604800}
Server: cloudflare
CF-RAY: 89bf2e70dece03d1-DME
Content-Encoding: gzip
alt-svc: h3=":443"; ma=86400

{
    "success": false,
    "message": "User already exists"
}
HTTP/1.1 403 Forbidden
Date: Sun, 30 Jun 2024 15:27:37 GMT
Content-Type: application/json; charset=utf-8
Transfer-Encoding: chunked
Connection: keep-alive
X-Powered-By: Express
Access-Control-Allow-Origin: *
ETag: W/"31-WKEMg8zALB1Ko0WjUHi/6RBGHVc"
CF-Cache-Status: DYNAMIC
Report-To: {"endpoints":[{"url":"https:\/\/a.nel.cloudflare.com\/report\/v4?s=o8Egwz46tzWJMFOLkbFGZaOFhDLJydQNMqRy1k9b%2FkUIFPV3pRcf47vlyCbcdw2j8j45kkuo60nIllsy70g6elkx4DENzsac%2FLYOM1qlAcP1keTTHvx6n0IQtk9ucj4UH6qAmPPsxtQaKLMkS5igb9TQYOA%3D"}],"group":"cf-nel","max_age":604800}
NEL: {"success_fraction":0,"report_to":"cf-nel","max_age":604800}
Server: cloudflare
CF-RAY: 89bf2e70dece03d1-DME
Content-Encoding: gzip
alt-svc: h3=":443"; ma=86400

{
    "success": false,
    "message": "User already exists"
}
HTTP/1.1 403 Forbidden
Date: Sun, 30 Jun 2024 15:27:37 GMT
Content-Type: application/json; charset=utf-8
Transfer-Encoding: chunked
Connection: keep-alive
X-Powered-By: Express
Access-Control-Allow-Origin: *
ETag: W/"31-WKEMg8zALB1Ko0WjUHi/6RBGHVc"
CF-Cache-Status: DYNAMIC
Report-To: {"endpoints":[{"url":"https:\/\/a.nel.cloudflare.com\/report\/v4?s=o8Egwz46tzWJMFOLkbFGZaOFhDLJydQNMqRy1k9b%2FkUIFPV3pRcf47vlyCbcdw2j8j45kkuo60nIllsy70g6elkx4DENzsac%2FLYOM1qlAcP1keTTHvx6n0IQtk9ucj4UH6qAmPPsxtQaKLMkS5igb9TQYOA%3D"}],"group":"cf-nel","max_age":604800}
NEL: {"success_fraction":0,"report_to":"cf-nel","max_age":604800}
Server: cloudflare
CF-RAY: 89bf2e70dece03d1-DME
Content-Encoding: gzip
alt-svc: h3=":443"; ma=86400

{
    "success": false,
    "message": "User already exists"
}
HTTP/1.1 403 Forbidden
Date: Sun, 30 Jun 2024 15:27:37 GMT
Content-Type: application/json; charset=utf-8
Transfer-Encoding: chunked
Connection: keep-alive
X-Powered-By: Express
Access-Control-Allow-Origin: *
ETag: W/"31-WKEMg8zALB1Ko0WjUHi/6RBGHVc"
CF-Cache-Status: DYNAMIC
Report-To: {"endpoints":[{"url":"https:\/\/a.nel.cloudflare.com\/report\/v4?s=o8Egwz46tzWJMFOLkbFGZaOFhDLJydQNMqRy1k9b%2FkUIFPV3pRcf47vlyCbcdw2j8j45kkuo60nIllsy70g6elkx4DENzsac%2FLYOM1qlAcP1keTTHvx6n0IQtk9ucj4UH6qAmPPsxtQaKLMkS5igb9TQYOA%3D"}],"group":"cf-nel","max_age":604800}
NEL: {"success_fraction":0,"report_to":"cf-nel","max_age":604800}
Server: cloudflare
CF-RAY: 89bf2e70dece03d1-DME
Content-Encoding: gzip
alt-svc: h3=":443"; ma=86400

{
    "success": false,
    "message": "User already exists"
}
HTTP/1.1 403 Forbidden
Date: Sun, 30 Jun 2024 15:27:37 GMT
Content-Type: application/json; charset=utf-8
Transfer-Encoding: chunked
Connection: keep-alive
X-Powered-By: Express
Access-Control-Allow-Origin: *
ETag: W/"31-WKEMg8zALB1Ko0WjUHi/6RBGHVc"
CF-Cache-Status: DYNAMIC
Report-To: {"endpoints":[{"url":"https:\/\/a.nel.cloudflare.com\/report\/v4?s=o8Egwz46tzWJMFOLkbFGZaOFhDLJydQNMqRy1k9b%2FkUIFPV3pRcf47vlyCbcdw2j8j45kkuo60nIllsy70g6elkx4DENzsac%2FLYOM1qlAcP1keTTHvx6n0IQtk9ucj4UH6qAmPPsxtQaKLMkS5igb9TQYOA%3D"}],"group":"cf-nel","max_age":604800}
NEL: {"success_fraction":0,"report_to":"cf-nel","max_age":604800}
Server: cloudflare
CF-RAY: 89bf2e70dece03d1-DME
Content-Encoding: gzip
alt-svc: h3=":443"; ma=86400

{
    "success": false,
    "message": "User already exists"
}
HTTP/1.1 403 Forbidden
Date: Sun, 30 Jun 2024 15:27:37 GMT
Content-Type: application/json; charset=utf-8
Transfer-Encoding: chunked
Connection: keep-alive
X-Powered-By: Express
Access-Control-Allow-Origin: *
ETag: W/"31-WKEMg8zALB1Ko0WjUHi/6RBGHVc"
CF-Cache-Status: DYNAMIC
Report-To: {"endpoints":[{"url":"https:\/\/a.nel.cloudflare.com\/report\/v4?s=o8Egwz46tzWJMFOLkbFGZaOFhDLJydQNMqRy1k9b%2FkUIFPV3pRcf47vlyCbcdw2j8j45kkuo60nIllsy70g6elkx4DENzsac%2FLYOM1qlAcP1keTTHvx6n0IQtk9ucj4UH6qAmPPsxtQaKLMkS5igb9TQYOA%3D"}],"group":"cf-nel","max_age":604800}
NEL: {"success_fraction":0,"report_to":"cf-nel","max_age":604800}
Server: cloudflare
CF-RAY: 89bf2e70dece03d1-DME
Content-Encoding: gzip
alt-svc: h3=":443"; ma=86400

{
    "success": false,
    "message": "User already exists"
}
HTTP/1.1 403 Forbidden
Date: Sun, 30 Jun 2024 15:27:37 GMT
Content-Type: application/json; charset=utf-8
Transfer-Encoding: chunked
Connection: keep-alive
X-Powered-By: Express
Access-Control-Allow-Origin: *
ETag: W/"31-WKEMg8zALB1Ko0WjUHi/6RBGHVc"
CF-Cache-Status: DYNAMIC
Report-To: {"endpoints":[{"url":"https:\/\/a.nel.cloudflare.com\/report\/v4?s=o8Egwz46tzWJMFOLkbFGZaOFhDLJydQNMqRy1k9b%2FkUIFPV3pRcf47vlyCbcdw2j8j45kkuo60nIllsy70g6elkx4DENzsac%2FLYOM1qlAcP1keTTHvx6n0IQtk9ucj4UH6qAmPPsxtQaKLMkS5igb9TQYOA%3D"}],"group":"cf-nel","max_age":604800}
NEL: {"success_fraction":0,"report_to":"cf-nel","max_age":604800}
Server: cloudflare
CF-RAY: 89bf2e70dece03d1-DME
Content-Encoding: gzip
alt-svc: h3=":443"; ma=86400

{
    "success": false,
    "message": "User already exists"
}
HTTP/1.1 403 Forbidden
Date: Sun, 30 Jun 2024 15:27:37 GMT
Content-Type: application/json; charset=utf-8
Transfer-Encoding: chunked
Connection: keep-alive
X-Powered-By: Express
Access-Control-Allow-Origin: *
ETag: W/"31-WKEMg8zALB1Ko0WjUHi/6RBGHVc"
CF-Cache-Status: DYNAMIC
Report-To: {"endpoints":[{"url":"https:\/\/a.nel.cloudflare.com\/report\/v4?s=o8Egwz46tzWJMFOLkbFGZaOFhDLJydQNMqRy1k9b%2FkUIFPV3pRcf47vlyCbcdw2j8j45kkuo60nIllsy70g6elkx4DENzsac%2FLYOM1qlAcP1keTTHvx6n0IQtk9ucj4UH6qAmPPsxtQaKLMkS5igb9TQYOA%3D"}],"group":"cf-nel","max_age":604800}
NEL: {"success_fraction":0,"report_to":"cf-nel","max_age":604800}
Server: cloudflare
CF-RAY: 89bf2e70dece03d1-DME
Content-Encoding: gzip
alt-svc: h3=":443"; ma=86400

{
    "success": false,
    "message": "User already exists"
}
Request method:	POST
Request URI:	https://stellarburgers.nomoreparties.site/api/auth/login
Proxy:			<none>
Request params:	<none>
Query params:	<none>
Form params:	<none>
Path params:	<none>
Headers:		Accept=*/*
				Content-Type=application/json
Cookies:		<none>
Multiparts:		<none>
Body:
{
    "email": "CLFuWLpKhw@ya.ru",
    "password": "SpjDsVRCPS",
    "name": "faORIIRALi"
}
Request method:	POST
Request URI:	https://stellarburgers.nomoreparties.site/api/auth/login
Proxy:			<none>
Request params:	<none>
Query params:	<none>
Form params:	<none>
Path params:	<none>
Headers:		Accept=*/*
				Content-Type=application/json
Cookies:		<none>
Multiparts:		<none>
Body:
{
    "email": "CLFuWLpKhw@ya.ru",
    "password": "SpjDsVRCPS",
    "name": "faORIIRALi"
}
Request method:	POST
Request URI:	https://stellarburgers.nomoreparties.site/api/auth/login
Proxy:			<none>
Request params:	<none>
Query params:	<none>
Form params:	<none>
Path params:	<none>
Headers:		Accept=*/*
				Content-Type=application/json
Cookies:		<none>
Multiparts:		<none>
Body:
{
    "email": "CLFuWLpKhw@ya.ru",
    "password": "SpjDsVRCPS",
    "name": "faORIIRALi"
}
Request method:	POST
Request URI:	https://stellarburgers.nomoreparties.site/api/auth/login
Proxy:			<none>
Request params:	<none>
Query params:	<none>
Form params:	<none>
Path params:	<none>
Headers:		Accept=*/*
				Content-Type=application/json
Cookies:		<none>
Multiparts:		<none>
Body:
{
    "email": "CLFuWLpKhw@ya.ru",
    "password": "SpjDsVRCPS",
    "name": "faORIIRALi"
}
Request method:	POST
Request URI:	https://stellarburgers.nomoreparties.site/api/auth/login
Proxy:			<none>
Request params:	<none>
Query params:	<none>
Form params:	<none>
Path params:	<none>
Headers:		Accept=*/*
				Content-Type=application/json
Cookies:		<none>
Multiparts:		<none>
Body:
{
    "email": "CLFuWLpKhw@ya.ru",
    "password": "SpjDsVRCPS",
    "name": "faORIIRALi"
}
Request method:	POST
Request URI:	https://stellarburgers.nomoreparties.site/api/auth/login
Proxy:			<none>
Request params:	<none>
Query params:	<none>
Form params:	<none>
Path params:	<none>
Headers:		Accept=*/*
				Content-Type=application/json
Cookies:		<none>
Multiparts:		<none>
Body:
{
    "email": "CLFuWLpKhw@ya.ru",
    "password": "SpjDsVRCPS",
    "name": "faORIIRALi"
}
Request method:	POST
Request URI:	https://stellarburgers.nomoreparties.site/api/auth/login
Proxy:			<none>
Request params:	<none>
Query params:	<none>
Form params:	<none>
Path params:	<none>
Headers:		Accept=*/*
				Content-Type=application/json
Cookies:		<none>
Multiparts:		<none>
Body:
{
    "email": "CLFuWLpKhw@ya.ru",
    "password": "SpjDsVRCPS",
    "name": "faORIIRALi"
}
Request method:	POST
Request URI:	https://stellarburgers.nomoreparties.site/api/auth/login
Proxy:			<none>
Request params:	<none>
Query params:	<none>
Form params:	<none>
Path params:	<none>
Headers:		Accept=*/*
				Content-Type=application/json
Cookies:		<none>
Multiparts:		<none>
Body:
{
    "email": "CLFuWLpKhw@ya.ru",
    "password": "SpjDsVRCPS",
    "name": "faORIIRALi"
}
Request method:	POST
Request URI:	https://stellarburgers.nomoreparties.site/api/auth/login
Proxy:			<none>
Request params:	<none>
Query params:	<none>
Form params:	<none>
Path params:	<none>
Headers:		Accept=*/*
				Content-Type=application/json
Cookies:		<none>
Multiparts:		<none>
Body:
{
    "email": "CLFuWLpKhw@ya.ru",
    "password": "SpjDsVRCPS",
    "name": "faORIIRALi"
}
HTTP/1.1 200 OK
Date: Sun, 30 Jun 2024 15:27:37 GMT
Content-Type: application/json; charset=utf-8
Transfer-Encoding: chunked
Connection: keep-alive
X-Powered-By: Express
Access-Control-Allow-Origin: *
ETag: W/"16d-r2LUBBPc45owqGUkG9NNmLpExRI"
CF-Cache-Status: DYNAMIC
Report-To: {"endpoints":[{"url":"https:\/\/a.nel.cloudflare.com\/report\/v4?s=R5ZsVaNzKUIh3DUy3iL7XPapWtfMjKnFhFO%2FXDEUVLhmquZgkMwcLBrL8ofeFpJqO4azmjk9jVpEcWiDHRQ6R3m%2BGYvp%2BpNX5efTSYtCu7CihQhaLwAofgCiCTllKXkp2EeyCmf9mF3%2BTE2ALRe%2FV81GMkQ%3D"}],"group":"cf-nel","max_age":604800}
NEL: {"success_fraction":0,"report_to":"cf-nel","max_age":604800}
Server: cloudflare
CF-RAY: 89bf2e723b2b1cb3-AMS
Content-Encoding: gzip
alt-svc: h3=":443"; ma=86400

{
    "success": true,
    "accessToken": "Bearer eyJhbGciOiJIUzI1NiIsInR5cCI6IkpXVCJ9.eyJpZCI6IjY2ODE3OTY4OWVkMjgwMDAxYjQ1OTVmZiIsImlhdCI6MTcxOTc2MTI1NywiZXhwIjoxNzE5NzYyNDU3fQ.Wf8WeQp1F-YmJpbA3ewobKF9y1WKk3jVIXOeErA--Mk",
    "refreshToken": "576271339866f7c4c14c55b176a8a7f308d31e63d4d020bc57b275e4c57f63170591a4cb69fe150d",
    "user": {
        "email": "clfuwlpkhw@ya.ru",
        "name": "faORIIRALi"
    }
}
HTTP/1.1 200 OK
Date: Sun, 30 Jun 2024 15:27:37 GMT
Content-Type: application/json; charset=utf-8
Transfer-Encoding: chunked
Connection: keep-alive
X-Powered-By: Express
Access-Control-Allow-Origin: *
ETag: W/"16d-r2LUBBPc45owqGUkG9NNmLpExRI"
CF-Cache-Status: DYNAMIC
Report-To: {"endpoints":[{"url":"https:\/\/a.nel.cloudflare.com\/report\/v4?s=R5ZsVaNzKUIh3DUy3iL7XPapWtfMjKnFhFO%2FXDEUVLhmquZgkMwcLBrL8ofeFpJqO4azmjk9jVpEcWiDHRQ6R3m%2BGYvp%2BpNX5efTSYtCu7CihQhaLwAofgCiCTllKXkp2EeyCmf9mF3%2BTE2ALRe%2FV81GMkQ%3D"}],"group":"cf-nel","max_age":604800}
NEL: {"success_fraction":0,"report_to":"cf-nel","max_age":604800}
Server: cloudflare
CF-RAY: 89bf2e723b2b1cb3-AMS
Content-Encoding: gzip
alt-svc: h3=":443"; ma=86400

{
    "success": true,
    "accessToken": "Bearer eyJhbGciOiJIUzI1NiIsInR5cCI6IkpXVCJ9.eyJpZCI6IjY2ODE3OTY4OWVkMjgwMDAxYjQ1OTVmZiIsImlhdCI6MTcxOTc2MTI1NywiZXhwIjoxNzE5NzYyNDU3fQ.Wf8WeQp1F-YmJpbA3ewobKF9y1WKk3jVIXOeErA--Mk",
    "refreshToken": "576271339866f7c4c14c55b176a8a7f308d31e63d4d020bc57b275e4c57f63170591a4cb69fe150d",
    "user": {
        "email": "clfuwlpkhw@ya.ru",
        "name": "faORIIRALi"
    }
}
HTTP/1.1 200 OK
Date: Sun, 30 Jun 2024 15:27:37 GMT
Content-Type: application/json; charset=utf-8
Transfer-Encoding: chunked
Connection: keep-alive
X-Powered-By: Express
Access-Control-Allow-Origin: *
ETag: W/"16d-r2LUBBPc45owqGUkG9NNmLpExRI"
CF-Cache-Status: DYNAMIC
Report-To: {"endpoints":[{"url":"https:\/\/a.nel.cloudflare.com\/report\/v4?s=R5ZsVaNzKUIh3DUy3iL7XPapWtfMjKnFhFO%2FXDEUVLhmquZgkMwcLBrL8ofeFpJqO4azmjk9jVpEcWiDHRQ6R3m%2BGYvp%2BpNX5efTSYtCu7CihQhaLwAofgCiCTllKXkp2EeyCmf9mF3%2BTE2ALRe%2FV81GMkQ%3D"}],"group":"cf-nel","max_age":604800}
NEL: {"success_fraction":0,"report_to":"cf-nel","max_age":604800}
Server: cloudflare
CF-RAY: 89bf2e723b2b1cb3-AMS
Content-Encoding: gzip
alt-svc: h3=":443"; ma=86400

{
    "success": true,
    "accessToken": "Bearer eyJhbGciOiJIUzI1NiIsInR5cCI6IkpXVCJ9.eyJpZCI6IjY2ODE3OTY4OWVkMjgwMDAxYjQ1OTVmZiIsImlhdCI6MTcxOTc2MTI1NywiZXhwIjoxNzE5NzYyNDU3fQ.Wf8WeQp1F-YmJpbA3ewobKF9y1WKk3jVIXOeErA--Mk",
    "refreshToken": "576271339866f7c4c14c55b176a8a7f308d31e63d4d020bc57b275e4c57f63170591a4cb69fe150d",
    "user": {
        "email": "clfuwlpkhw@ya.ru",
        "name": "faORIIRALi"
    }
}
HTTP/1.1 200 OK
Date: Sun, 30 Jun 2024 15:27:37 GMT
Content-Type: application/json; charset=utf-8
Transfer-Encoding: chunked
Connection: keep-alive
X-Powered-By: Express
Access-Control-Allow-Origin: *
ETag: W/"16d-r2LUBBPc45owqGUkG9NNmLpExRI"
CF-Cache-Status: DYNAMIC
Report-To: {"endpoints":[{"url":"https:\/\/a.nel.cloudflare.com\/report\/v4?s=R5ZsVaNzKUIh3DUy3iL7XPapWtfMjKnFhFO%2FXDEUVLhmquZgkMwcLBrL8ofeFpJqO4azmjk9jVpEcWiDHRQ6R3m%2BGYvp%2BpNX5efTSYtCu7CihQhaLwAofgCiCTllKXkp2EeyCmf9mF3%2BTE2ALRe%2FV81GMkQ%3D"}],"group":"cf-nel","max_age":604800}
NEL: {"success_fraction":0,"report_to":"cf-nel","max_age":604800}
Server: cloudflare
CF-RAY: 89bf2e723b2b1cb3-AMS
Content-Encoding: gzip
alt-svc: h3=":443"; ma=86400

{
    "success": true,
    "accessToken": "Bearer eyJhbGciOiJIUzI1NiIsInR5cCI6IkpXVCJ9.eyJpZCI6IjY2ODE3OTY4OWVkMjgwMDAxYjQ1OTVmZiIsImlhdCI6MTcxOTc2MTI1NywiZXhwIjoxNzE5NzYyNDU3fQ.Wf8WeQp1F-YmJpbA3ewobKF9y1WKk3jVIXOeErA--Mk",
    "refreshToken": "576271339866f7c4c14c55b176a8a7f308d31e63d4d020bc57b275e4c57f63170591a4cb69fe150d",
    "user": {
        "email": "clfuwlpkhw@ya.ru",
        "name": "faORIIRALi"
    }
}
HTTP/1.1 200 OK
Date: Sun, 30 Jun 2024 15:27:37 GMT
Content-Type: application/json; charset=utf-8
Transfer-Encoding: chunked
Connection: keep-alive
X-Powered-By: Express
Access-Control-Allow-Origin: *
ETag: W/"16d-r2LUBBPc45owqGUkG9NNmLpExRI"
CF-Cache-Status: DYNAMIC
Report-To: {"endpoints":[{"url":"https:\/\/a.nel.cloudflare.com\/report\/v4?s=R5ZsVaNzKUIh3DUy3iL7XPapWtfMjKnFhFO%2FXDEUVLhmquZgkMwcLBrL8ofeFpJqO4azmjk9jVpEcWiDHRQ6R3m%2BGYvp%2BpNX5efTSYtCu7CihQhaLwAofgCiCTllKXkp2EeyCmf9mF3%2BTE2ALRe%2FV81GMkQ%3D"}],"group":"cf-nel","max_age":604800}
NEL: {"success_fraction":0,"report_to":"cf-nel","max_age":604800}
Server: cloudflare
CF-RAY: 89bf2e723b2b1cb3-AMS
Content-Encoding: gzip
alt-svc: h3=":443"; ma=86400

{
    "success": true,
    "accessToken": "Bearer eyJhbGciOiJIUzI1NiIsInR5cCI6IkpXVCJ9.eyJpZCI6IjY2ODE3OTY4OWVkMjgwMDAxYjQ1OTVmZiIsImlhdCI6MTcxOTc2MTI1NywiZXhwIjoxNzE5NzYyNDU3fQ.Wf8WeQp1F-YmJpbA3ewobKF9y1WKk3jVIXOeErA--Mk",
    "refreshToken": "576271339866f7c4c14c55b176a8a7f308d31e63d4d020bc57b275e4c57f63170591a4cb69fe150d",
    "user": {
        "email": "clfuwlpkhw@ya.ru",
        "name": "faORIIRALi"
    }
}
HTTP/1.1 200 OK
Date: Sun, 30 Jun 2024 15:27:37 GMT
Content-Type: application/json; charset=utf-8
Transfer-Encoding: chunked
Connection: keep-alive
X-Powered-By: Express
Access-Control-Allow-Origin: *
ETag: W/"16d-r2LUBBPc45owqGUkG9NNmLpExRI"
CF-Cache-Status: DYNAMIC
Report-To: {"endpoints":[{"url":"https:\/\/a.nel.cloudflare.com\/report\/v4?s=R5ZsVaNzKUIh3DUy3iL7XPapWtfMjKnFhFO%2FXDEUVLhmquZgkMwcLBrL8ofeFpJqO4azmjk9jVpEcWiDHRQ6R3m%2BGYvp%2BpNX5efTSYtCu7CihQhaLwAofgCiCTllKXkp2EeyCmf9mF3%2BTE2ALRe%2FV81GMkQ%3D"}],"group":"cf-nel","max_age":604800}
NEL: {"success_fraction":0,"report_to":"cf-nel","max_age":604800}
Server: cloudflare
CF-RAY: 89bf2e723b2b1cb3-AMS
Content-Encoding: gzip
alt-svc: h3=":443"; ma=86400

{
    "success": true,
    "accessToken": "Bearer eyJhbGciOiJIUzI1NiIsInR5cCI6IkpXVCJ9.eyJpZCI6IjY2ODE3OTY4OWVkMjgwMDAxYjQ1OTVmZiIsImlhdCI6MTcxOTc2MTI1NywiZXhwIjoxNzE5NzYyNDU3fQ.Wf8WeQp1F-YmJpbA3ewobKF9y1WKk3jVIXOeErA--Mk",
    "refreshToken": "576271339866f7c4c14c55b176a8a7f308d31e63d4d020bc57b275e4c57f63170591a4cb69fe150d",
    "user": {
        "email": "clfuwlpkhw@ya.ru",
        "name": "faORIIRALi"
    }
}
HTTP/1.1 200 OK
Date: Sun, 30 Jun 2024 15:27:37 GMT
Content-Type: application/json; charset=utf-8
Transfer-Encoding: chunked
Connection: keep-alive
X-Powered-By: Express
Access-Control-Allow-Origin: *
ETag: W/"16d-r2LUBBPc45owqGUkG9NNmLpExRI"
CF-Cache-Status: DYNAMIC
Report-To: {"endpoints":[{"url":"https:\/\/a.nel.cloudflare.com\/report\/v4?s=R5ZsVaNzKUIh3DUy3iL7XPapWtfMjKnFhFO%2FXDEUVLhmquZgkMwcLBrL8ofeFpJqO4azmjk9jVpEcWiDHRQ6R3m%2BGYvp%2BpNX5efTSYtCu7CihQhaLwAofgCiCTllKXkp2EeyCmf9mF3%2BTE2ALRe%2FV81GMkQ%3D"}],"group":"cf-nel","max_age":604800}
NEL: {"success_fraction":0,"report_to":"cf-nel","max_age":604800}
Server: cloudflare
CF-RAY: 89bf2e723b2b1cb3-AMS
Content-Encoding: gzip
alt-svc: h3=":443"; ma=86400

{
    "success": true,
    "accessToken": "Bearer eyJhbGciOiJIUzI1NiIsInR5cCI6IkpXVCJ9.eyJpZCI6IjY2ODE3OTY4OWVkMjgwMDAxYjQ1OTVmZiIsImlhdCI6MTcxOTc2MTI1NywiZXhwIjoxNzE5NzYyNDU3fQ.Wf8WeQp1F-YmJpbA3ewobKF9y1WKk3jVIXOeErA--Mk",
    "refreshToken": "576271339866f7c4c14c55b176a8a7f308d31e63d4d020bc57b275e4c57f63170591a4cb69fe150d",
    "user": {
        "email": "clfuwlpkhw@ya.ru",
        "name": "faORIIRALi"
    }
}
HTTP/1.1 200 OK
Date: Sun, 30 Jun 2024 15:27:37 GMT
Content-Type: application/json; charset=utf-8
Transfer-Encoding: chunked
Connection: keep-alive
X-Powered-By: Express
Access-Control-Allow-Origin: *
ETag: W/"16d-r2LUBBPc45owqGUkG9NNmLpExRI"
CF-Cache-Status: DYNAMIC
Report-To: {"endpoints":[{"url":"https:\/\/a.nel.cloudflare.com\/report\/v4?s=R5ZsVaNzKUIh3DUy3iL7XPapWtfMjKnFhFO%2FXDEUVLhmquZgkMwcLBrL8ofeFpJqO4azmjk9jVpEcWiDHRQ6R3m%2BGYvp%2BpNX5efTSYtCu7CihQhaLwAofgCiCTllKXkp2EeyCmf9mF3%2BTE2ALRe%2FV81GMkQ%3D"}],"group":"cf-nel","max_age":604800}
NEL: {"success_fraction":0,"report_to":"cf-nel","max_age":604800}
Server: cloudflare
CF-RAY: 89bf2e723b2b1cb3-AMS
Content-Encoding: gzip
alt-svc: h3=":443"; ma=86400

{
    "success": true,
    "accessToken": "Bearer eyJhbGciOiJIUzI1NiIsInR5cCI6IkpXVCJ9.eyJpZCI6IjY2ODE3OTY4OWVkMjgwMDAxYjQ1OTVmZiIsImlhdCI6MTcxOTc2MTI1NywiZXhwIjoxNzE5NzYyNDU3fQ.Wf8WeQp1F-YmJpbA3ewobKF9y1WKk3jVIXOeErA--Mk",
    "refreshToken": "576271339866f7c4c14c55b176a8a7f308d31e63d4d020bc57b275e4c57f63170591a4cb69fe150d",
    "user": {
        "email": "clfuwlpkhw@ya.ru",
        "name": "faORIIRALi"
    }
}
HTTP/1.1 200 OK
Date: Sun, 30 Jun 2024 15:27:37 GMT
Content-Type: application/json; charset=utf-8
Transfer-Encoding: chunked
Connection: keep-alive
X-Powered-By: Express
Access-Control-Allow-Origin: *
ETag: W/"16d-r2LUBBPc45owqGUkG9NNmLpExRI"
CF-Cache-Status: DYNAMIC
Report-To: {"endpoints":[{"url":"https:\/\/a.nel.cloudflare.com\/report\/v4?s=R5ZsVaNzKUIh3DUy3iL7XPapWtfMjKnFhFO%2FXDEUVLhmquZgkMwcLBrL8ofeFpJqO4azmjk9jVpEcWiDHRQ6R3m%2BGYvp%2BpNX5efTSYtCu7CihQhaLwAofgCiCTllKXkp2EeyCmf9mF3%2BTE2ALRe%2FV81GMkQ%3D"}],"group":"cf-nel","max_age":604800}
NEL: {"success_fraction":0,"report_to":"cf-nel","max_age":604800}
Server: cloudflare
CF-RAY: 89bf2e723b2b1cb3-AMS
Content-Encoding: gzip
alt-svc: h3=":443"; ma=86400

{
    "success": true,
    "accessToken": "Bearer eyJhbGciOiJIUzI1NiIsInR5cCI6IkpXVCJ9.eyJpZCI6IjY2ODE3OTY4OWVkMjgwMDAxYjQ1OTVmZiIsImlhdCI6MTcxOTc2MTI1NywiZXhwIjoxNzE5NzYyNDU3fQ.Wf8WeQp1F-YmJpbA3ewobKF9y1WKk3jVIXOeErA--Mk",
    "refreshToken": "576271339866f7c4c14c55b176a8a7f308d31e63d4d020bc57b275e4c57f63170591a4cb69fe150d",
    "user": {
        "email": "clfuwlpkhw@ya.ru",
        "name": "faORIIRALi"
    }
}
Request method:	DELETE
Request URI:	https://stellarburgers.nomoreparties.site/api/auth/user
Proxy:			<none>
Request params:	<none>
Query params:	<none>
Form params:	<none>
Path params:	<none>
Headers:		authorization=Bearer eyJhbGciOiJIUzI1NiIsInR5cCI6IkpXVCJ9.eyJpZCI6IjY2ODE3OTY4OWVkMjgwMDAxYjQ1OTVmZiIsImlhdCI6MTcxOTc2MTI1NywiZXhwIjoxNzE5NzYyNDU3fQ.Wf8WeQp1F-YmJpbA3ewobKF9y1WKk3jVIXOeErA--Mk
				Accept=*/*
				Content-Type=application/json
Cookies:		<none>
Multiparts:		<none>
Body:			<none>
Request method:	DELETE
Request URI:	https://stellarburgers.nomoreparties.site/api/auth/user
Proxy:			<none>
Request params:	<none>
Query params:	<none>
Form params:	<none>
Path params:	<none>
Headers:		authorization=Bearer eyJhbGciOiJIUzI1NiIsInR5cCI6IkpXVCJ9.eyJpZCI6IjY2ODE3OTY4OWVkMjgwMDAxYjQ1OTVmZiIsImlhdCI6MTcxOTc2MTI1NywiZXhwIjoxNzE5NzYyNDU3fQ.Wf8WeQp1F-YmJpbA3ewobKF9y1WKk3jVIXOeErA--Mk
				Accept=*/*
				Content-Type=application/json
Cookies:		<none>
Multiparts:		<none>
Body:			<none>
Request method:	DELETE
Request URI:	https://stellarburgers.nomoreparties.site/api/auth/user
Proxy:			<none>
Request params:	<none>
Query params:	<none>
Form params:	<none>
Path params:	<none>
Headers:		authorization=Bearer eyJhbGciOiJIUzI1NiIsInR5cCI6IkpXVCJ9.eyJpZCI6IjY2ODE3OTY4OWVkMjgwMDAxYjQ1OTVmZiIsImlhdCI6MTcxOTc2MTI1NywiZXhwIjoxNzE5NzYyNDU3fQ.Wf8WeQp1F-YmJpbA3ewobKF9y1WKk3jVIXOeErA--Mk
				Accept=*/*
				Content-Type=application/json
Cookies:		<none>
Multiparts:		<none>
Body:			<none>
Request method:	DELETE
Request URI:	https://stellarburgers.nomoreparties.site/api/auth/user
Proxy:			<none>
Request params:	<none>
Query params:	<none>
Form params:	<none>
Path params:	<none>
Headers:		authorization=Bearer eyJhbGciOiJIUzI1NiIsInR5cCI6IkpXVCJ9.eyJpZCI6IjY2ODE3OTY4OWVkMjgwMDAxYjQ1OTVmZiIsImlhdCI6MTcxOTc2MTI1NywiZXhwIjoxNzE5NzYyNDU3fQ.Wf8WeQp1F-YmJpbA3ewobKF9y1WKk3jVIXOeErA--Mk
				Accept=*/*
				Content-Type=application/json
Cookies:		<none>
Multiparts:		<none>
Body:			<none>
Request method:	DELETE
Request URI:	https://stellarburgers.nomoreparties.site/api/auth/user
Proxy:			<none>
Request params:	<none>
Query params:	<none>
Form params:	<none>
Path params:	<none>
Headers:		authorization=Bearer eyJhbGciOiJIUzI1NiIsInR5cCI6IkpXVCJ9.eyJpZCI6IjY2ODE3OTY4OWVkMjgwMDAxYjQ1OTVmZiIsImlhdCI6MTcxOTc2MTI1NywiZXhwIjoxNzE5NzYyNDU3fQ.Wf8WeQp1F-YmJpbA3ewobKF9y1WKk3jVIXOeErA--Mk
				Accept=*/*
				Content-Type=application/json
Cookies:		<none>
Multiparts:		<none>
Body:			<none>
Request method:	DELETE
Request URI:	https://stellarburgers.nomoreparties.site/api/auth/user
Proxy:			<none>
Request params:	<none>
Query params:	<none>
Form params:	<none>
Path params:	<none>
Headers:		authorization=Bearer eyJhbGciOiJIUzI1NiIsInR5cCI6IkpXVCJ9.eyJpZCI6IjY2ODE3OTY4OWVkMjgwMDAxYjQ1OTVmZiIsImlhdCI6MTcxOTc2MTI1NywiZXhwIjoxNzE5NzYyNDU3fQ.Wf8WeQp1F-YmJpbA3ewobKF9y1WKk3jVIXOeErA--Mk
				Accept=*/*
				Content-Type=application/json
Cookies:		<none>
Multiparts:		<none>
Body:			<none>
Request method:	DELETE
Request URI:	https://stellarburgers.nomoreparties.site/api/auth/user
Proxy:			<none>
Request params:	<none>
Query params:	<none>
Form params:	<none>
Path params:	<none>
Headers:		authorization=Bearer eyJhbGciOiJIUzI1NiIsInR5cCI6IkpXVCJ9.eyJpZCI6IjY2ODE3OTY4OWVkMjgwMDAxYjQ1OTVmZiIsImlhdCI6MTcxOTc2MTI1NywiZXhwIjoxNzE5NzYyNDU3fQ.Wf8WeQp1F-YmJpbA3ewobKF9y1WKk3jVIXOeErA--Mk
				Accept=*/*
				Content-Type=application/json
Cookies:		<none>
Multiparts:		<none>
Body:			<none>
Request method:	DELETE
Request URI:	https://stellarburgers.nomoreparties.site/api/auth/user
Proxy:			<none>
Request params:	<none>
Query params:	<none>
Form params:	<none>
Path params:	<none>
Headers:		authorization=Bearer eyJhbGciOiJIUzI1NiIsInR5cCI6IkpXVCJ9.eyJpZCI6IjY2ODE3OTY4OWVkMjgwMDAxYjQ1OTVmZiIsImlhdCI6MTcxOTc2MTI1NywiZXhwIjoxNzE5NzYyNDU3fQ.Wf8WeQp1F-YmJpbA3ewobKF9y1WKk3jVIXOeErA--Mk
				Accept=*/*
				Content-Type=application/json
Cookies:		<none>
Multiparts:		<none>
Body:			<none>
Request method:	DELETE
Request URI:	https://stellarburgers.nomoreparties.site/api/auth/user
Proxy:			<none>
Request params:	<none>
Query params:	<none>
Form params:	<none>
Path params:	<none>
Headers:		authorization=Bearer eyJhbGciOiJIUzI1NiIsInR5cCI6IkpXVCJ9.eyJpZCI6IjY2ODE3OTY4OWVkMjgwMDAxYjQ1OTVmZiIsImlhdCI6MTcxOTc2MTI1NywiZXhwIjoxNzE5NzYyNDU3fQ.Wf8WeQp1F-YmJpbA3ewobKF9y1WKk3jVIXOeErA--Mk
				Accept=*/*
				Content-Type=application/json
Cookies:		<none>
Multiparts:		<none>
Body:			<none>
Request method:	DELETE
Request URI:	https://stellarburgers.nomoreparties.site/api/auth/user
Proxy:			<none>
Request params:	<none>
Query params:	<none>
Form params:	<none>
Path params:	<none>
Headers:		authorization=Bearer eyJhbGciOiJIUzI1NiIsInR5cCI6IkpXVCJ9.eyJpZCI6IjY2ODE3OTY4OWVkMjgwMDAxYjQ1OTVmZiIsImlhdCI6MTcxOTc2MTI1NywiZXhwIjoxNzE5NzYyNDU3fQ.Wf8WeQp1F-YmJpbA3ewobKF9y1WKk3jVIXOeErA--Mk
				Accept=*/*
				Content-Type=application/json
Cookies:		<none>
Multiparts:		<none>
Body:			<none>
HTTP/1.1 202 Accepted
Date: Sun, 30 Jun 2024 15:27:37 GMT
Content-Type: application/json; charset=utf-8
Content-Length: 54
Connection: keep-alive
X-Powered-By: Express
Access-Control-Allow-Origin: *
ETag: W/"36-hDmZnQ3Ou/ynnqAeC6TYmyseuzY"
CF-Cache-Status: DYNAMIC
Report-To: {"endpoints":[{"url":"https:\/\/a.nel.cloudflare.com\/report\/v4?s=7rfTbRA7HfpR8UBW55bKJvJy%2B6ZRNr5WVT7PQfdJr4ar5H1AX0kDSpoHnvSAHE2Cm3eyEZ009a3uuDph8E2GsOlF4E0IevQS9Wytjr93N7Taf6KCuQl0ErAmJv0tXJO2rj%2Fj%2FEEGrTQVxDcN9uxNJDXuD14%3D"}],"group":"cf-nel","max_age":604800}
NEL: {"success_fraction":0,"report_to":"cf-nel","max_age":604800}
Server: cloudflare
CF-RAY: 89bf2e73bb1d0c48-DME
alt-svc: h3=":443"; ma=86400

{
    "success": true,
    "message": "User successfully removed"
}
HTTP/1.1 202 Accepted
Date: Sun, 30 Jun 2024 15:27:37 GMT
Content-Type: application/json; charset=utf-8
Content-Length: 54
Connection: keep-alive
X-Powered-By: Express
Access-Control-Allow-Origin: *
ETag: W/"36-hDmZnQ3Ou/ynnqAeC6TYmyseuzY"
CF-Cache-Status: DYNAMIC
Report-To: {"endpoints":[{"url":"https:\/\/a.nel.cloudflare.com\/report\/v4?s=7rfTbRA7HfpR8UBW55bKJvJy%2B6ZRNr5WVT7PQfdJr4ar5H1AX0kDSpoHnvSAHE2Cm3eyEZ009a3uuDph8E2GsOlF4E0IevQS9Wytjr93N7Taf6KCuQl0ErAmJv0tXJO2rj%2Fj%2FEEGrTQVxDcN9uxNJDXuD14%3D"}],"group":"cf-nel","max_age":604800}
NEL: {"success_fraction":0,"report_to":"cf-nel","max_age":604800}
Server: cloudflare
CF-RAY: 89bf2e73bb1d0c48-DME
alt-svc: h3=":443"; ma=86400

{
    "success": true,
    "message": "User successfully removed"
}
HTTP/1.1 202 Accepted
Date: Sun, 30 Jun 2024 15:27:37 GMT
Content-Type: application/json; charset=utf-8
Content-Length: 54
Connection: keep-alive
X-Powered-By: Express
Access-Control-Allow-Origin: *
ETag: W/"36-hDmZnQ3Ou/ynnqAeC6TYmyseuzY"
CF-Cache-Status: DYNAMIC
Report-To: {"endpoints":[{"url":"https:\/\/a.nel.cloudflare.com\/report\/v4?s=7rfTbRA7HfpR8UBW55bKJvJy%2B6ZRNr5WVT7PQfdJr4ar5H1AX0kDSpoHnvSAHE2Cm3eyEZ009a3uuDph8E2GsOlF4E0IevQS9Wytjr93N7Taf6KCuQl0ErAmJv0tXJO2rj%2Fj%2FEEGrTQVxDcN9uxNJDXuD14%3D"}],"group":"cf-nel","max_age":604800}
NEL: {"success_fraction":0,"report_to":"cf-nel","max_age":604800}
Server: cloudflare
CF-RAY: 89bf2e73bb1d0c48-DME
alt-svc: h3=":443"; ma=86400

{
    "success": true,
    "message": "User successfully removed"
}
HTTP/1.1 202 Accepted
Date: Sun, 30 Jun 2024 15:27:37 GMT
Content-Type: application/json; charset=utf-8
Content-Length: 54
Connection: keep-alive
X-Powered-By: Express
Access-Control-Allow-Origin: *
ETag: W/"36-hDmZnQ3Ou/ynnqAeC6TYmyseuzY"
CF-Cache-Status: DYNAMIC
Report-To: {"endpoints":[{"url":"https:\/\/a.nel.cloudflare.com\/report\/v4?s=7rfTbRA7HfpR8UBW55bKJvJy%2B6ZRNr5WVT7PQfdJr4ar5H1AX0kDSpoHnvSAHE2Cm3eyEZ009a3uuDph8E2GsOlF4E0IevQS9Wytjr93N7Taf6KCuQl0ErAmJv0tXJO2rj%2Fj%2FEEGrTQVxDcN9uxNJDXuD14%3D"}],"group":"cf-nel","max_age":604800}
NEL: {"success_fraction":0,"report_to":"cf-nel","max_age":604800}
Server: cloudflare
CF-RAY: 89bf2e73bb1d0c48-DME
alt-svc: h3=":443"; ma=86400

{
    "success": true,
    "message": "User successfully removed"
}
HTTP/1.1 202 Accepted
Date: Sun, 30 Jun 2024 15:27:37 GMT
Content-Type: application/json; charset=utf-8
Content-Length: 54
Connection: keep-alive
X-Powered-By: Express
Access-Control-Allow-Origin: *
ETag: W/"36-hDmZnQ3Ou/ynnqAeC6TYmyseuzY"
CF-Cache-Status: DYNAMIC
Report-To: {"endpoints":[{"url":"https:\/\/a.nel.cloudflare.com\/report\/v4?s=7rfTbRA7HfpR8UBW55bKJvJy%2B6ZRNr5WVT7PQfdJr4ar5H1AX0kDSpoHnvSAHE2Cm3eyEZ009a3uuDph8E2GsOlF4E0IevQS9Wytjr93N7Taf6KCuQl0ErAmJv0tXJO2rj%2Fj%2FEEGrTQVxDcN9uxNJDXuD14%3D"}],"group":"cf-nel","max_age":604800}
NEL: {"success_fraction":0,"report_to":"cf-nel","max_age":604800}
Server: cloudflare
CF-RAY: 89bf2e73bb1d0c48-DME
alt-svc: h3=":443"; ma=86400

{
    "success": true,
    "message": "User successfully removed"
}
HTTP/1.1 202 Accepted
Date: Sun, 30 Jun 2024 15:27:37 GMT
Content-Type: application/json; charset=utf-8
Content-Length: 54
Connection: keep-alive
X-Powered-By: Express
Access-Control-Allow-Origin: *
ETag: W/"36-hDmZnQ3Ou/ynnqAeC6TYmyseuzY"
CF-Cache-Status: DYNAMIC
Report-To: {"endpoints":[{"url":"https:\/\/a.nel.cloudflare.com\/report\/v4?s=7rfTbRA7HfpR8UBW55bKJvJy%2B6ZRNr5WVT7PQfdJr4ar5H1AX0kDSpoHnvSAHE2Cm3eyEZ009a3uuDph8E2GsOlF4E0IevQS9Wytjr93N7Taf6KCuQl0ErAmJv0tXJO2rj%2Fj%2FEEGrTQVxDcN9uxNJDXuD14%3D"}],"group":"cf-nel","max_age":604800}
NEL: {"success_fraction":0,"report_to":"cf-nel","max_age":604800}
Server: cloudflare
CF-RAY: 89bf2e73bb1d0c48-DME
alt-svc: h3=":443"; ma=86400

{
    "success": true,
    "message": "User successfully removed"
}
HTTP/1.1 202 Accepted
Date: Sun, 30 Jun 2024 15:27:37 GMT
Content-Type: application/json; charset=utf-8
Content-Length: 54
Connection: keep-alive
X-Powered-By: Express
Access-Control-Allow-Origin: *
ETag: W/"36-hDmZnQ3Ou/ynnqAeC6TYmyseuzY"
CF-Cache-Status: DYNAMIC
Report-To: {"endpoints":[{"url":"https:\/\/a.nel.cloudflare.com\/report\/v4?s=7rfTbRA7HfpR8UBW55bKJvJy%2B6ZRNr5WVT7PQfdJr4ar5H1AX0kDSpoHnvSAHE2Cm3eyEZ009a3uuDph8E2GsOlF4E0IevQS9Wytjr93N7Taf6KCuQl0ErAmJv0tXJO2rj%2Fj%2FEEGrTQVxDcN9uxNJDXuD14%3D"}],"group":"cf-nel","max_age":604800}
NEL: {"success_fraction":0,"report_to":"cf-nel","max_age":604800}
Server: cloudflare
CF-RAY: 89bf2e73bb1d0c48-DME
alt-svc: h3=":443"; ma=86400

{
    "success": true,
    "message": "User successfully removed"
}
HTTP/1.1 202 Accepted
Date: Sun, 30 Jun 2024 15:27:37 GMT
Content-Type: application/json; charset=utf-8
Content-Length: 54
Connection: keep-alive
X-Powered-By: Express
Access-Control-Allow-Origin: *
ETag: W/"36-hDmZnQ3Ou/ynnqAeC6TYmyseuzY"
CF-Cache-Status: DYNAMIC
Report-To: {"endpoints":[{"url":"https:\/\/a.nel.cloudflare.com\/report\/v4?s=7rfTbRA7HfpR8UBW55bKJvJy%2B6ZRNr5WVT7PQfdJr4ar5H1AX0kDSpoHnvSAHE2Cm3eyEZ009a3uuDph8E2GsOlF4E0IevQS9Wytjr93N7Taf6KCuQl0ErAmJv0tXJO2rj%2Fj%2FEEGrTQVxDcN9uxNJDXuD14%3D"}],"group":"cf-nel","max_age":604800}
NEL: {"success_fraction":0,"report_to":"cf-nel","max_age":604800}
Server: cloudflare
CF-RAY: 89bf2e73bb1d0c48-DME
alt-svc: h3=":443"; ma=86400

{
    "success": true,
    "message": "User successfully removed"
}
HTTP/1.1 202 Accepted
Date: Sun, 30 Jun 2024 15:27:37 GMT
Content-Type: application/json; charset=utf-8
Content-Length: 54
Connection: keep-alive
X-Powered-By: Express
Access-Control-Allow-Origin: *
ETag: W/"36-hDmZnQ3Ou/ynnqAeC6TYmyseuzY"
CF-Cache-Status: DYNAMIC
Report-To: {"endpoints":[{"url":"https:\/\/a.nel.cloudflare.com\/report\/v4?s=7rfTbRA7HfpR8UBW55bKJvJy%2B6ZRNr5WVT7PQfdJr4ar5H1AX0kDSpoHnvSAHE2Cm3eyEZ009a3uuDph8E2GsOlF4E0IevQS9Wytjr93N7Taf6KCuQl0ErAmJv0tXJO2rj%2Fj%2FEEGrTQVxDcN9uxNJDXuD14%3D"}],"group":"cf-nel","max_age":604800}
NEL: {"success_fraction":0,"report_to":"cf-nel","max_age":604800}
Server: cloudflare
CF-RAY: 89bf2e73bb1d0c48-DME
alt-svc: h3=":443"; ma=86400

{
    "success": true,
    "message": "User successfully removed"
}
HTTP/1.1 202 Accepted
Date: Sun, 30 Jun 2024 15:27:37 GMT
Content-Type: application/json; charset=utf-8
Content-Length: 54
Connection: keep-alive
X-Powered-By: Express
Access-Control-Allow-Origin: *
ETag: W/"36-hDmZnQ3Ou/ynnqAeC6TYmyseuzY"
CF-Cache-Status: DYNAMIC
Report-To: {"endpoints":[{"url":"https:\/\/a.nel.cloudflare.com\/report\/v4?s=7rfTbRA7HfpR8UBW55bKJvJy%2B6ZRNr5WVT7PQfdJr4ar5H1AX0kDSpoHnvSAHE2Cm3eyEZ009a3uuDph8E2GsOlF4E0IevQS9Wytjr93N7Taf6KCuQl0ErAmJv0tXJO2rj%2Fj%2FEEGrTQVxDcN9uxNJDXuD14%3D"}],"group":"cf-nel","max_age":604800}
NEL: {"success_fraction":0,"report_to":"cf-nel","max_age":604800}
Server: cloudflare
CF-RAY: 89bf2e73bb1d0c48-DME
alt-svc: h3=":443"; ma=86400

{
    "success": true,
    "message": "User successfully removed"
}
]]></system-out>
  </testcase>
  <testcase name="createUserWithoutPassword" classname="CreateUserTest" time="0.353">
    <system-out><![CDATA[Request method:	POST
Request URI:	https://stellarburgers.nomoreparties.site/api/auth/register
Proxy:			<none>
Request params:	<none>
Query params:	<none>
Form params:	<none>
Path params:	<none>
Headers:		Accept=*/*
				Content-Type=application/json
Cookies:		<none>
Multiparts:		<none>
Body:
{
    "email": "bWLeuOHyDa@ya.ru",
    "password": "",
    "name": "fiRuKCMcWX"
}
Request method:	POST
Request URI:	https://stellarburgers.nomoreparties.site/api/auth/register
Proxy:			<none>
Request params:	<none>
Query params:	<none>
Form params:	<none>
Path params:	<none>
Headers:		Accept=*/*
				Content-Type=application/json
Cookies:		<none>
Multiparts:		<none>
Body:
{
    "email": "bWLeuOHyDa@ya.ru",
    "password": "",
    "name": "fiRuKCMcWX"
}
Request method:	POST
Request URI:	https://stellarburgers.nomoreparties.site/api/auth/register
Proxy:			<none>
Request params:	<none>
Query params:	<none>
Form params:	<none>
Path params:	<none>
Headers:		Accept=*/*
				Content-Type=application/json
Cookies:		<none>
Multiparts:		<none>
Body:
{
    "email": "bWLeuOHyDa@ya.ru",
    "password": "",
    "name": "fiRuKCMcWX"
}
Request method:	POST
Request URI:	https://stellarburgers.nomoreparties.site/api/auth/register
Proxy:			<none>
Request params:	<none>
Query params:	<none>
Form params:	<none>
Path params:	<none>
Headers:		Accept=*/*
				Content-Type=application/json
Cookies:		<none>
Multiparts:		<none>
Body:
{
    "email": "bWLeuOHyDa@ya.ru",
    "password": "",
    "name": "fiRuKCMcWX"
}
Request method:	POST
Request URI:	https://stellarburgers.nomoreparties.site/api/auth/register
Proxy:			<none>
Request params:	<none>
Query params:	<none>
Form params:	<none>
Path params:	<none>
Headers:		Accept=*/*
				Content-Type=application/json
Cookies:		<none>
Multiparts:		<none>
Body:
{
    "email": "bWLeuOHyDa@ya.ru",
    "password": "",
    "name": "fiRuKCMcWX"
}
Request method:	POST
Request URI:	https://stellarburgers.nomoreparties.site/api/auth/register
Proxy:			<none>
Request params:	<none>
Query params:	<none>
Form params:	<none>
Path params:	<none>
Headers:		Accept=*/*
				Content-Type=application/json
Cookies:		<none>
Multiparts:		<none>
Body:
{
    "email": "bWLeuOHyDa@ya.ru",
    "password": "",
    "name": "fiRuKCMcWX"
}
Request method:	POST
Request URI:	https://stellarburgers.nomoreparties.site/api/auth/register
Proxy:			<none>
Request params:	<none>
Query params:	<none>
Form params:	<none>
Path params:	<none>
Headers:		Accept=*/*
				Content-Type=application/json
Cookies:		<none>
Multiparts:		<none>
Body:
{
    "email": "bWLeuOHyDa@ya.ru",
    "password": "",
    "name": "fiRuKCMcWX"
}
Request method:	POST
Request URI:	https://stellarburgers.nomoreparties.site/api/auth/register
Proxy:			<none>
Request params:	<none>
Query params:	<none>
Form params:	<none>
Path params:	<none>
Headers:		Accept=*/*
				Content-Type=application/json
Cookies:		<none>
Multiparts:		<none>
Body:
{
    "email": "bWLeuOHyDa@ya.ru",
    "password": "",
    "name": "fiRuKCMcWX"
}
Request method:	POST
Request URI:	https://stellarburgers.nomoreparties.site/api/auth/register
Proxy:			<none>
Request params:	<none>
Query params:	<none>
Form params:	<none>
Path params:	<none>
Headers:		Accept=*/*
				Content-Type=application/json
Cookies:		<none>
Multiparts:		<none>
Body:
{
    "email": "bWLeuOHyDa@ya.ru",
    "password": "",
    "name": "fiRuKCMcWX"
}
Request method:	POST
Request URI:	https://stellarburgers.nomoreparties.site/api/auth/register
Proxy:			<none>
Request params:	<none>
Query params:	<none>
Form params:	<none>
Path params:	<none>
Headers:		Accept=*/*
				Content-Type=application/json
Cookies:		<none>
Multiparts:		<none>
Body:
{
    "email": "bWLeuOHyDa@ya.ru",
    "password": "",
    "name": "fiRuKCMcWX"
}
Request method:	POST
Request URI:	https://stellarburgers.nomoreparties.site/api/auth/register
Proxy:			<none>
Request params:	<none>
Query params:	<none>
Form params:	<none>
Path params:	<none>
Headers:		Accept=*/*
				Content-Type=application/json
Cookies:		<none>
Multiparts:		<none>
Body:
{
    "email": "bWLeuOHyDa@ya.ru",
    "password": "",
    "name": "fiRuKCMcWX"
}
HTTP/1.1 403 Forbidden
Date: Sun, 30 Jun 2024 15:27:38 GMT
Content-Type: application/json; charset=utf-8
Transfer-Encoding: chunked
Connection: keep-alive
X-Powered-By: Express
Access-Control-Allow-Origin: *
ETag: W/"4a-EmWdisR78lCFKIQWVZ3yQkk5Ixs"
CF-Cache-Status: DYNAMIC
Report-To: {"endpoints":[{"url":"https:\/\/a.nel.cloudflare.com\/report\/v4?s=ZZ0MDBTaYCiXBmpNm4POZjBp0gOxVPBjnRinjGG%2B3GI8BXnZocpBIpfvmtPUcmP93AlxFpE9xXyg5OT8CRGN6dOMy5R%2FGRwG07uwaI7mwVxid8XuoCrH1R0HmEOuvkfDTPuRYOi0voALTu%2BwBC3eTctLSp4%3D"}],"group":"cf-nel","max_age":604800}
NEL: {"success_fraction":0,"report_to":"cf-nel","max_age":604800}
Server: cloudflare
CF-RAY: 89bf2e76e831635f-LHR
Content-Encoding: gzip
alt-svc: h3=":443"; ma=86400

{
    "success": false,
    "message": "Email, password and name are required fields"
}
HTTP/1.1 403 Forbidden
Date: Sun, 30 Jun 2024 15:27:38 GMT
Content-Type: application/json; charset=utf-8
Transfer-Encoding: chunked
Connection: keep-alive
X-Powered-By: Express
Access-Control-Allow-Origin: *
ETag: W/"4a-EmWdisR78lCFKIQWVZ3yQkk5Ixs"
CF-Cache-Status: DYNAMIC
Report-To: {"endpoints":[{"url":"https:\/\/a.nel.cloudflare.com\/report\/v4?s=ZZ0MDBTaYCiXBmpNm4POZjBp0gOxVPBjnRinjGG%2B3GI8BXnZocpBIpfvmtPUcmP93AlxFpE9xXyg5OT8CRGN6dOMy5R%2FGRwG07uwaI7mwVxid8XuoCrH1R0HmEOuvkfDTPuRYOi0voALTu%2BwBC3eTctLSp4%3D"}],"group":"cf-nel","max_age":604800}
NEL: {"success_fraction":0,"report_to":"cf-nel","max_age":604800}
Server: cloudflare
CF-RAY: 89bf2e76e831635f-LHR
Content-Encoding: gzip
alt-svc: h3=":443"; ma=86400

{
    "success": false,
    "message": "Email, password and name are required fields"
}
HTTP/1.1 403 Forbidden
Date: Sun, 30 Jun 2024 15:27:38 GMT
Content-Type: application/json; charset=utf-8
Transfer-Encoding: chunked
Connection: keep-alive
X-Powered-By: Express
Access-Control-Allow-Origin: *
ETag: W/"4a-EmWdisR78lCFKIQWVZ3yQkk5Ixs"
CF-Cache-Status: DYNAMIC
Report-To: {"endpoints":[{"url":"https:\/\/a.nel.cloudflare.com\/report\/v4?s=ZZ0MDBTaYCiXBmpNm4POZjBp0gOxVPBjnRinjGG%2B3GI8BXnZocpBIpfvmtPUcmP93AlxFpE9xXyg5OT8CRGN6dOMy5R%2FGRwG07uwaI7mwVxid8XuoCrH1R0HmEOuvkfDTPuRYOi0voALTu%2BwBC3eTctLSp4%3D"}],"group":"cf-nel","max_age":604800}
NEL: {"success_fraction":0,"report_to":"cf-nel","max_age":604800}
Server: cloudflare
CF-RAY: 89bf2e76e831635f-LHR
Content-Encoding: gzip
alt-svc: h3=":443"; ma=86400

{
    "success": false,
    "message": "Email, password and name are required fields"
}
HTTP/1.1 403 Forbidden
Date: Sun, 30 Jun 2024 15:27:38 GMT
Content-Type: application/json; charset=utf-8
Transfer-Encoding: chunked
Connection: keep-alive
X-Powered-By: Express
Access-Control-Allow-Origin: *
ETag: W/"4a-EmWdisR78lCFKIQWVZ3yQkk5Ixs"
CF-Cache-Status: DYNAMIC
Report-To: {"endpoints":[{"url":"https:\/\/a.nel.cloudflare.com\/report\/v4?s=ZZ0MDBTaYCiXBmpNm4POZjBp0gOxVPBjnRinjGG%2B3GI8BXnZocpBIpfvmtPUcmP93AlxFpE9xXyg5OT8CRGN6dOMy5R%2FGRwG07uwaI7mwVxid8XuoCrH1R0HmEOuvkfDTPuRYOi0voALTu%2BwBC3eTctLSp4%3D"}],"group":"cf-nel","max_age":604800}
NEL: {"success_fraction":0,"report_to":"cf-nel","max_age":604800}
Server: cloudflare
CF-RAY: 89bf2e76e831635f-LHR
Content-Encoding: gzip
alt-svc: h3=":443"; ma=86400

{
    "success": false,
    "message": "Email, password and name are required fields"
}
HTTP/1.1 403 Forbidden
Date: Sun, 30 Jun 2024 15:27:38 GMT
Content-Type: application/json; charset=utf-8
Transfer-Encoding: chunked
Connection: keep-alive
X-Powered-By: Express
Access-Control-Allow-Origin: *
ETag: W/"4a-EmWdisR78lCFKIQWVZ3yQkk5Ixs"
CF-Cache-Status: DYNAMIC
Report-To: {"endpoints":[{"url":"https:\/\/a.nel.cloudflare.com\/report\/v4?s=ZZ0MDBTaYCiXBmpNm4POZjBp0gOxVPBjnRinjGG%2B3GI8BXnZocpBIpfvmtPUcmP93AlxFpE9xXyg5OT8CRGN6dOMy5R%2FGRwG07uwaI7mwVxid8XuoCrH1R0HmEOuvkfDTPuRYOi0voALTu%2BwBC3eTctLSp4%3D"}],"group":"cf-nel","max_age":604800}
NEL: {"success_fraction":0,"report_to":"cf-nel","max_age":604800}
Server: cloudflare
CF-RAY: 89bf2e76e831635f-LHR
Content-Encoding: gzip
alt-svc: h3=":443"; ma=86400

{
    "success": false,
    "message": "Email, password and name are required fields"
}
HTTP/1.1 403 Forbidden
Date: Sun, 30 Jun 2024 15:27:38 GMT
Content-Type: application/json; charset=utf-8
Transfer-Encoding: chunked
Connection: keep-alive
X-Powered-By: Express
Access-Control-Allow-Origin: *
ETag: W/"4a-EmWdisR78lCFKIQWVZ3yQkk5Ixs"
CF-Cache-Status: DYNAMIC
Report-To: {"endpoints":[{"url":"https:\/\/a.nel.cloudflare.com\/report\/v4?s=ZZ0MDBTaYCiXBmpNm4POZjBp0gOxVPBjnRinjGG%2B3GI8BXnZocpBIpfvmtPUcmP93AlxFpE9xXyg5OT8CRGN6dOMy5R%2FGRwG07uwaI7mwVxid8XuoCrH1R0HmEOuvkfDTPuRYOi0voALTu%2BwBC3eTctLSp4%3D"}],"group":"cf-nel","max_age":604800}
NEL: {"success_fraction":0,"report_to":"cf-nel","max_age":604800}
Server: cloudflare
CF-RAY: 89bf2e76e831635f-LHR
Content-Encoding: gzip
alt-svc: h3=":443"; ma=86400

{
    "success": false,
    "message": "Email, password and name are required fields"
}
HTTP/1.1 403 Forbidden
Date: Sun, 30 Jun 2024 15:27:38 GMT
Content-Type: application/json; charset=utf-8
Transfer-Encoding: chunked
Connection: keep-alive
X-Powered-By: Express
Access-Control-Allow-Origin: *
ETag: W/"4a-EmWdisR78lCFKIQWVZ3yQkk5Ixs"
CF-Cache-Status: DYNAMIC
Report-To: {"endpoints":[{"url":"https:\/\/a.nel.cloudflare.com\/report\/v4?s=ZZ0MDBTaYCiXBmpNm4POZjBp0gOxVPBjnRinjGG%2B3GI8BXnZocpBIpfvmtPUcmP93AlxFpE9xXyg5OT8CRGN6dOMy5R%2FGRwG07uwaI7mwVxid8XuoCrH1R0HmEOuvkfDTPuRYOi0voALTu%2BwBC3eTctLSp4%3D"}],"group":"cf-nel","max_age":604800}
NEL: {"success_fraction":0,"report_to":"cf-nel","max_age":604800}
Server: cloudflare
CF-RAY: 89bf2e76e831635f-LHR
Content-Encoding: gzip
alt-svc: h3=":443"; ma=86400

{
    "success": false,
    "message": "Email, password and name are required fields"
}
HTTP/1.1 403 Forbidden
Date: Sun, 30 Jun 2024 15:27:38 GMT
Content-Type: application/json; charset=utf-8
Transfer-Encoding: chunked
Connection: keep-alive
X-Powered-By: Express
Access-Control-Allow-Origin: *
ETag: W/"4a-EmWdisR78lCFKIQWVZ3yQkk5Ixs"
CF-Cache-Status: DYNAMIC
Report-To: {"endpoints":[{"url":"https:\/\/a.nel.cloudflare.com\/report\/v4?s=ZZ0MDBTaYCiXBmpNm4POZjBp0gOxVPBjnRinjGG%2B3GI8BXnZocpBIpfvmtPUcmP93AlxFpE9xXyg5OT8CRGN6dOMy5R%2FGRwG07uwaI7mwVxid8XuoCrH1R0HmEOuvkfDTPuRYOi0voALTu%2BwBC3eTctLSp4%3D"}],"group":"cf-nel","max_age":604800}
NEL: {"success_fraction":0,"report_to":"cf-nel","max_age":604800}
Server: cloudflare
CF-RAY: 89bf2e76e831635f-LHR
Content-Encoding: gzip
alt-svc: h3=":443"; ma=86400

{
    "success": false,
    "message": "Email, password and name are required fields"
}
HTTP/1.1 403 Forbidden
Date: Sun, 30 Jun 2024 15:27:38 GMT
Content-Type: application/json; charset=utf-8
Transfer-Encoding: chunked
Connection: keep-alive
X-Powered-By: Express
Access-Control-Allow-Origin: *
ETag: W/"4a-EmWdisR78lCFKIQWVZ3yQkk5Ixs"
CF-Cache-Status: DYNAMIC
Report-To: {"endpoints":[{"url":"https:\/\/a.nel.cloudflare.com\/report\/v4?s=ZZ0MDBTaYCiXBmpNm4POZjBp0gOxVPBjnRinjGG%2B3GI8BXnZocpBIpfvmtPUcmP93AlxFpE9xXyg5OT8CRGN6dOMy5R%2FGRwG07uwaI7mwVxid8XuoCrH1R0HmEOuvkfDTPuRYOi0voALTu%2BwBC3eTctLSp4%3D"}],"group":"cf-nel","max_age":604800}
NEL: {"success_fraction":0,"report_to":"cf-nel","max_age":604800}
Server: cloudflare
CF-RAY: 89bf2e76e831635f-LHR
Content-Encoding: gzip
alt-svc: h3=":443"; ma=86400

{
    "success": false,
    "message": "Email, password and name are required fields"
}
HTTP/1.1 403 Forbidden
Date: Sun, 30 Jun 2024 15:27:38 GMT
Content-Type: application/json; charset=utf-8
Transfer-Encoding: chunked
Connection: keep-alive
X-Powered-By: Express
Access-Control-Allow-Origin: *
ETag: W/"4a-EmWdisR78lCFKIQWVZ3yQkk5Ixs"
CF-Cache-Status: DYNAMIC
Report-To: {"endpoints":[{"url":"https:\/\/a.nel.cloudflare.com\/report\/v4?s=ZZ0MDBTaYCiXBmpNm4POZjBp0gOxVPBjnRinjGG%2B3GI8BXnZocpBIpfvmtPUcmP93AlxFpE9xXyg5OT8CRGN6dOMy5R%2FGRwG07uwaI7mwVxid8XuoCrH1R0HmEOuvkfDTPuRYOi0voALTu%2BwBC3eTctLSp4%3D"}],"group":"cf-nel","max_age":604800}
NEL: {"success_fraction":0,"report_to":"cf-nel","max_age":604800}
Server: cloudflare
CF-RAY: 89bf2e76e831635f-LHR
Content-Encoding: gzip
alt-svc: h3=":443"; ma=86400

{
    "success": false,
    "message": "Email, password and name are required fields"
}
HTTP/1.1 403 Forbidden
Date: Sun, 30 Jun 2024 15:27:38 GMT
Content-Type: application/json; charset=utf-8
Transfer-Encoding: chunked
Connection: keep-alive
X-Powered-By: Express
Access-Control-Allow-Origin: *
ETag: W/"4a-EmWdisR78lCFKIQWVZ3yQkk5Ixs"
CF-Cache-Status: DYNAMIC
Report-To: {"endpoints":[{"url":"https:\/\/a.nel.cloudflare.com\/report\/v4?s=ZZ0MDBTaYCiXBmpNm4POZjBp0gOxVPBjnRinjGG%2B3GI8BXnZocpBIpfvmtPUcmP93AlxFpE9xXyg5OT8CRGN6dOMy5R%2FGRwG07uwaI7mwVxid8XuoCrH1R0HmEOuvkfDTPuRYOi0voALTu%2BwBC3eTctLSp4%3D"}],"group":"cf-nel","max_age":604800}
NEL: {"success_fraction":0,"report_to":"cf-nel","max_age":604800}
Server: cloudflare
CF-RAY: 89bf2e76e831635f-LHR
Content-Encoding: gzip
alt-svc: h3=":443"; ma=86400

{
    "success": false,
    "message": "Email, password and name are required fields"
}
]]></system-out>
  </testcase>
  <testcase name="createUserWithoutName" classname="CreateUserTest" time="0.314">
    <system-out><![CDATA[Request method:	POST
Request URI:	https://stellarburgers.nomoreparties.site/api/auth/register
Proxy:			<none>
Request params:	<none>
Query params:	<none>
Form params:	<none>
Path params:	<none>
Headers:		Accept=*/*
				Content-Type=application/json
Cookies:		<none>
Multiparts:		<none>
Body:
{
    "email": "fiTCFOSHgu@ya.ru",
    "password": "NpwzPkKYrr",
    "name": ""
}
Request method:	POST
Request URI:	https://stellarburgers.nomoreparties.site/api/auth/register
Proxy:			<none>
Request params:	<none>
Query params:	<none>
Form params:	<none>
Path params:	<none>
Headers:		Accept=*/*
				Content-Type=application/json
Cookies:		<none>
Multiparts:		<none>
Body:
{
    "email": "fiTCFOSHgu@ya.ru",
    "password": "NpwzPkKYrr",
    "name": ""
}
Request method:	POST
Request URI:	https://stellarburgers.nomoreparties.site/api/auth/register
Proxy:			<none>
Request params:	<none>
Query params:	<none>
Form params:	<none>
Path params:	<none>
Headers:		Accept=*/*
				Content-Type=application/json
Cookies:		<none>
Multiparts:		<none>
Body:
{
    "email": "fiTCFOSHgu@ya.ru",
    "password": "NpwzPkKYrr",
    "name": ""
}
Request method:	POST
Request URI:	https://stellarburgers.nomoreparties.site/api/auth/register
Proxy:			<none>
Request params:	<none>
Query params:	<none>
Form params:	<none>
Path params:	<none>
Headers:		Accept=*/*
				Content-Type=application/json
Cookies:		<none>
Multiparts:		<none>
Body:
{
    "email": "fiTCFOSHgu@ya.ru",
    "password": "NpwzPkKYrr",
    "name": ""
}
Request method:	POST
Request URI:	https://stellarburgers.nomoreparties.site/api/auth/register
Proxy:			<none>
Request params:	<none>
Query params:	<none>
Form params:	<none>
Path params:	<none>
Headers:		Accept=*/*
				Content-Type=application/json
Cookies:		<none>
Multiparts:		<none>
Body:
{
    "email": "fiTCFOSHgu@ya.ru",
    "password": "NpwzPkKYrr",
    "name": ""
}
Request method:	POST
Request URI:	https://stellarburgers.nomoreparties.site/api/auth/register
Proxy:			<none>
Request params:	<none>
Query params:	<none>
Form params:	<none>
Path params:	<none>
Headers:		Accept=*/*
				Content-Type=application/json
Cookies:		<none>
Multiparts:		<none>
Body:
{
    "email": "fiTCFOSHgu@ya.ru",
    "password": "NpwzPkKYrr",
    "name": ""
}
Request method:	POST
Request URI:	https://stellarburgers.nomoreparties.site/api/auth/register
Proxy:			<none>
Request params:	<none>
Query params:	<none>
Form params:	<none>
Path params:	<none>
Headers:		Accept=*/*
				Content-Type=application/json
Cookies:		<none>
Multiparts:		<none>
Body:
{
    "email": "fiTCFOSHgu@ya.ru",
    "password": "NpwzPkKYrr",
    "name": ""
}
Request method:	POST
Request URI:	https://stellarburgers.nomoreparties.site/api/auth/register
Proxy:			<none>
Request params:	<none>
Query params:	<none>
Form params:	<none>
Path params:	<none>
Headers:		Accept=*/*
				Content-Type=application/json
Cookies:		<none>
Multiparts:		<none>
Body:
{
    "email": "fiTCFOSHgu@ya.ru",
    "password": "NpwzPkKYrr",
    "name": ""
}
Request method:	POST
Request URI:	https://stellarburgers.nomoreparties.site/api/auth/register
Proxy:			<none>
Request params:	<none>
Query params:	<none>
Form params:	<none>
Path params:	<none>
Headers:		Accept=*/*
				Content-Type=application/json
Cookies:		<none>
Multiparts:		<none>
Body:
{
    "email": "fiTCFOSHgu@ya.ru",
    "password": "NpwzPkKYrr",
    "name": ""
}
Request method:	POST
Request URI:	https://stellarburgers.nomoreparties.site/api/auth/register
Proxy:			<none>
Request params:	<none>
Query params:	<none>
Form params:	<none>
Path params:	<none>
Headers:		Accept=*/*
				Content-Type=application/json
Cookies:		<none>
Multiparts:		<none>
Body:
{
    "email": "fiTCFOSHgu@ya.ru",
    "password": "NpwzPkKYrr",
    "name": ""
}
Request method:	POST
Request URI:	https://stellarburgers.nomoreparties.site/api/auth/register
Proxy:			<none>
Request params:	<none>
Query params:	<none>
Form params:	<none>
Path params:	<none>
Headers:		Accept=*/*
				Content-Type=application/json
Cookies:		<none>
Multiparts:		<none>
Body:
{
    "email": "fiTCFOSHgu@ya.ru",
    "password": "NpwzPkKYrr",
    "name": ""
}
Request method:	POST
Request URI:	https://stellarburgers.nomoreparties.site/api/auth/register
Proxy:			<none>
Request params:	<none>
Query params:	<none>
Form params:	<none>
Path params:	<none>
Headers:		Accept=*/*
				Content-Type=application/json
Cookies:		<none>
Multiparts:		<none>
Body:
{
    "email": "fiTCFOSHgu@ya.ru",
    "password": "NpwzPkKYrr",
    "name": ""
}
Request method:	POST
Request URI:	https://stellarburgers.nomoreparties.site/api/auth/register
Proxy:			<none>
Request params:	<none>
Query params:	<none>
Form params:	<none>
Path params:	<none>
Headers:		Accept=*/*
				Content-Type=application/json
Cookies:		<none>
Multiparts:		<none>
Body:
{
    "email": "fiTCFOSHgu@ya.ru",
    "password": "NpwzPkKYrr",
    "name": ""
}
HTTP/1.1 403 Forbidden
Date: Sun, 30 Jun 2024 15:27:38 GMT
Content-Type: application/json; charset=utf-8
Transfer-Encoding: chunked
Connection: keep-alive
X-Powered-By: Express
Access-Control-Allow-Origin: *
ETag: W/"4a-EmWdisR78lCFKIQWVZ3yQkk5Ixs"
CF-Cache-Status: DYNAMIC
Report-To: {"endpoints":[{"url":"https:\/\/a.nel.cloudflare.com\/report\/v4?s=rG2B06ttLcobQ%2B2YrOi29Qj8p0P0SFhlOC%2Bh%2B7fl6p3JxKYeH%2F9Qj1ebZLYJeXMQqFGY8kG3B4SdSzX%2FpiltaeLi4qEQBqF0L2OhMtmoKuT25VwjhXxBJmEekYhFl%2FJS4VLoQk6IMO0putbb7WBCIbOTtW4%3D"}],"group":"cf-nel","max_age":604800}
NEL: {"success_fraction":0,"report_to":"cf-nel","max_age":604800}
Server: cloudflare
CF-RAY: 89bf2e78ecd02c2b-FRA
Content-Encoding: gzip
alt-svc: h3=":443"; ma=86400

{
    "success": false,
    "message": "Email, password and name are required fields"
}
HTTP/1.1 403 Forbidden
Date: Sun, 30 Jun 2024 15:27:38 GMT
Content-Type: application/json; charset=utf-8
Transfer-Encoding: chunked
Connection: keep-alive
X-Powered-By: Express
Access-Control-Allow-Origin: *
ETag: W/"4a-EmWdisR78lCFKIQWVZ3yQkk5Ixs"
CF-Cache-Status: DYNAMIC
Report-To: {"endpoints":[{"url":"https:\/\/a.nel.cloudflare.com\/report\/v4?s=rG2B06ttLcobQ%2B2YrOi29Qj8p0P0SFhlOC%2Bh%2B7fl6p3JxKYeH%2F9Qj1ebZLYJeXMQqFGY8kG3B4SdSzX%2FpiltaeLi4qEQBqF0L2OhMtmoKuT25VwjhXxBJmEekYhFl%2FJS4VLoQk6IMO0putbb7WBCIbOTtW4%3D"}],"group":"cf-nel","max_age":604800}
NEL: {"success_fraction":0,"report_to":"cf-nel","max_age":604800}
Server: cloudflare
CF-RAY: 89bf2e78ecd02c2b-FRA
Content-Encoding: gzip
alt-svc: h3=":443"; ma=86400

{
    "success": false,
    "message": "Email, password and name are required fields"
}
HTTP/1.1 403 Forbidden
Date: Sun, 30 Jun 2024 15:27:38 GMT
Content-Type: application/json; charset=utf-8
Transfer-Encoding: chunked
Connection: keep-alive
X-Powered-By: Express
Access-Control-Allow-Origin: *
ETag: W/"4a-EmWdisR78lCFKIQWVZ3yQkk5Ixs"
CF-Cache-Status: DYNAMIC
Report-To: {"endpoints":[{"url":"https:\/\/a.nel.cloudflare.com\/report\/v4?s=rG2B06ttLcobQ%2B2YrOi29Qj8p0P0SFhlOC%2Bh%2B7fl6p3JxKYeH%2F9Qj1ebZLYJeXMQqFGY8kG3B4SdSzX%2FpiltaeLi4qEQBqF0L2OhMtmoKuT25VwjhXxBJmEekYhFl%2FJS4VLoQk6IMO0putbb7WBCIbOTtW4%3D"}],"group":"cf-nel","max_age":604800}
NEL: {"success_fraction":0,"report_to":"cf-nel","max_age":604800}
Server: cloudflare
CF-RAY: 89bf2e78ecd02c2b-FRA
Content-Encoding: gzip
alt-svc: h3=":443"; ma=86400

{
    "success": false,
    "message": "Email, password and name are required fields"
}
HTTP/1.1 403 Forbidden
Date: Sun, 30 Jun 2024 15:27:38 GMT
Content-Type: application/json; charset=utf-8
Transfer-Encoding: chunked
Connection: keep-alive
X-Powered-By: Express
Access-Control-Allow-Origin: *
ETag: W/"4a-EmWdisR78lCFKIQWVZ3yQkk5Ixs"
CF-Cache-Status: DYNAMIC
Report-To: {"endpoints":[{"url":"https:\/\/a.nel.cloudflare.com\/report\/v4?s=rG2B06ttLcobQ%2B2YrOi29Qj8p0P0SFhlOC%2Bh%2B7fl6p3JxKYeH%2F9Qj1ebZLYJeXMQqFGY8kG3B4SdSzX%2FpiltaeLi4qEQBqF0L2OhMtmoKuT25VwjhXxBJmEekYhFl%2FJS4VLoQk6IMO0putbb7WBCIbOTtW4%3D"}],"group":"cf-nel","max_age":604800}
NEL: {"success_fraction":0,"report_to":"cf-nel","max_age":604800}
Server: cloudflare
CF-RAY: 89bf2e78ecd02c2b-FRA
Content-Encoding: gzip
alt-svc: h3=":443"; ma=86400

{
    "success": false,
    "message": "Email, password and name are required fields"
}
HTTP/1.1 403 Forbidden
Date: Sun, 30 Jun 2024 15:27:38 GMT
Content-Type: application/json; charset=utf-8
Transfer-Encoding: chunked
Connection: keep-alive
X-Powered-By: Express
Access-Control-Allow-Origin: *
ETag: W/"4a-EmWdisR78lCFKIQWVZ3yQkk5Ixs"
CF-Cache-Status: DYNAMIC
Report-To: {"endpoints":[{"url":"https:\/\/a.nel.cloudflare.com\/report\/v4?s=rG2B06ttLcobQ%2B2YrOi29Qj8p0P0SFhlOC%2Bh%2B7fl6p3JxKYeH%2F9Qj1ebZLYJeXMQqFGY8kG3B4SdSzX%2FpiltaeLi4qEQBqF0L2OhMtmoKuT25VwjhXxBJmEekYhFl%2FJS4VLoQk6IMO0putbb7WBCIbOTtW4%3D"}],"group":"cf-nel","max_age":604800}
NEL: {"success_fraction":0,"report_to":"cf-nel","max_age":604800}
Server: cloudflare
CF-RAY: 89bf2e78ecd02c2b-FRA
Content-Encoding: gzip
alt-svc: h3=":443"; ma=86400

{
    "success": false,
    "message": "Email, password and name are required fields"
}
HTTP/1.1 403 Forbidden
Date: Sun, 30 Jun 2024 15:27:38 GMT
Content-Type: application/json; charset=utf-8
Transfer-Encoding: chunked
Connection: keep-alive
X-Powered-By: Express
Access-Control-Allow-Origin: *
ETag: W/"4a-EmWdisR78lCFKIQWVZ3yQkk5Ixs"
CF-Cache-Status: DYNAMIC
Report-To: {"endpoints":[{"url":"https:\/\/a.nel.cloudflare.com\/report\/v4?s=rG2B06ttLcobQ%2B2YrOi29Qj8p0P0SFhlOC%2Bh%2B7fl6p3JxKYeH%2F9Qj1ebZLYJeXMQqFGY8kG3B4SdSzX%2FpiltaeLi4qEQBqF0L2OhMtmoKuT25VwjhXxBJmEekYhFl%2FJS4VLoQk6IMO0putbb7WBCIbOTtW4%3D"}],"group":"cf-nel","max_age":604800}
NEL: {"success_fraction":0,"report_to":"cf-nel","max_age":604800}
Server: cloudflare
CF-RAY: 89bf2e78ecd02c2b-FRA
Content-Encoding: gzip
alt-svc: h3=":443"; ma=86400

{
    "success": false,
    "message": "Email, password and name are required fields"
}
HTTP/1.1 403 Forbidden
Date: Sun, 30 Jun 2024 15:27:38 GMT
Content-Type: application/json; charset=utf-8
Transfer-Encoding: chunked
Connection: keep-alive
X-Powered-By: Express
Access-Control-Allow-Origin: *
ETag: W/"4a-EmWdisR78lCFKIQWVZ3yQkk5Ixs"
CF-Cache-Status: DYNAMIC
Report-To: {"endpoints":[{"url":"https:\/\/a.nel.cloudflare.com\/report\/v4?s=rG2B06ttLcobQ%2B2YrOi29Qj8p0P0SFhlOC%2Bh%2B7fl6p3JxKYeH%2F9Qj1ebZLYJeXMQqFGY8kG3B4SdSzX%2FpiltaeLi4qEQBqF0L2OhMtmoKuT25VwjhXxBJmEekYhFl%2FJS4VLoQk6IMO0putbb7WBCIbOTtW4%3D"}],"group":"cf-nel","max_age":604800}
NEL: {"success_fraction":0,"report_to":"cf-nel","max_age":604800}
Server: cloudflare
CF-RAY: 89bf2e78ecd02c2b-FRA
Content-Encoding: gzip
alt-svc: h3=":443"; ma=86400

{
    "success": false,
    "message": "Email, password and name are required fields"
}
HTTP/1.1 403 Forbidden
Date: Sun, 30 Jun 2024 15:27:38 GMT
Content-Type: application/json; charset=utf-8
Transfer-Encoding: chunked
Connection: keep-alive
X-Powered-By: Express
Access-Control-Allow-Origin: *
ETag: W/"4a-EmWdisR78lCFKIQWVZ3yQkk5Ixs"
CF-Cache-Status: DYNAMIC
Report-To: {"endpoints":[{"url":"https:\/\/a.nel.cloudflare.com\/report\/v4?s=rG2B06ttLcobQ%2B2YrOi29Qj8p0P0SFhlOC%2Bh%2B7fl6p3JxKYeH%2F9Qj1ebZLYJeXMQqFGY8kG3B4SdSzX%2FpiltaeLi4qEQBqF0L2OhMtmoKuT25VwjhXxBJmEekYhFl%2FJS4VLoQk6IMO0putbb7WBCIbOTtW4%3D"}],"group":"cf-nel","max_age":604800}
NEL: {"success_fraction":0,"report_to":"cf-nel","max_age":604800}
Server: cloudflare
CF-RAY: 89bf2e78ecd02c2b-FRA
Content-Encoding: gzip
alt-svc: h3=":443"; ma=86400

{
    "success": false,
    "message": "Email, password and name are required fields"
}
HTTP/1.1 403 Forbidden
Date: Sun, 30 Jun 2024 15:27:38 GMT
Content-Type: application/json; charset=utf-8
Transfer-Encoding: chunked
Connection: keep-alive
X-Powered-By: Express
Access-Control-Allow-Origin: *
ETag: W/"4a-EmWdisR78lCFKIQWVZ3yQkk5Ixs"
CF-Cache-Status: DYNAMIC
Report-To: {"endpoints":[{"url":"https:\/\/a.nel.cloudflare.com\/report\/v4?s=rG2B06ttLcobQ%2B2YrOi29Qj8p0P0SFhlOC%2Bh%2B7fl6p3JxKYeH%2F9Qj1ebZLYJeXMQqFGY8kG3B4SdSzX%2FpiltaeLi4qEQBqF0L2OhMtmoKuT25VwjhXxBJmEekYhFl%2FJS4VLoQk6IMO0putbb7WBCIbOTtW4%3D"}],"group":"cf-nel","max_age":604800}
NEL: {"success_fraction":0,"report_to":"cf-nel","max_age":604800}
Server: cloudflare
CF-RAY: 89bf2e78ecd02c2b-FRA
Content-Encoding: gzip
alt-svc: h3=":443"; ma=86400

{
    "success": false,
    "message": "Email, password and name are required fields"
}
HTTP/1.1 403 Forbidden
Date: Sun, 30 Jun 2024 15:27:38 GMT
Content-Type: application/json; charset=utf-8
Transfer-Encoding: chunked
Connection: keep-alive
X-Powered-By: Express
Access-Control-Allow-Origin: *
ETag: W/"4a-EmWdisR78lCFKIQWVZ3yQkk5Ixs"
CF-Cache-Status: DYNAMIC
Report-To: {"endpoints":[{"url":"https:\/\/a.nel.cloudflare.com\/report\/v4?s=rG2B06ttLcobQ%2B2YrOi29Qj8p0P0SFhlOC%2Bh%2B7fl6p3JxKYeH%2F9Qj1ebZLYJeXMQqFGY8kG3B4SdSzX%2FpiltaeLi4qEQBqF0L2OhMtmoKuT25VwjhXxBJmEekYhFl%2FJS4VLoQk6IMO0putbb7WBCIbOTtW4%3D"}],"group":"cf-nel","max_age":604800}
NEL: {"success_fraction":0,"report_to":"cf-nel","max_age":604800}
Server: cloudflare
CF-RAY: 89bf2e78ecd02c2b-FRA
Content-Encoding: gzip
alt-svc: h3=":443"; ma=86400

{
    "success": false,
    "message": "Email, password and name are required fields"
}
HTTP/1.1 403 Forbidden
Date: Sun, 30 Jun 2024 15:27:38 GMT
Content-Type: application/json; charset=utf-8
Transfer-Encoding: chunked
Connection: keep-alive
X-Powered-By: Express
Access-Control-Allow-Origin: *
ETag: W/"4a-EmWdisR78lCFKIQWVZ3yQkk5Ixs"
CF-Cache-Status: DYNAMIC
Report-To: {"endpoints":[{"url":"https:\/\/a.nel.cloudflare.com\/report\/v4?s=rG2B06ttLcobQ%2B2YrOi29Qj8p0P0SFhlOC%2Bh%2B7fl6p3JxKYeH%2F9Qj1ebZLYJeXMQqFGY8kG3B4SdSzX%2FpiltaeLi4qEQBqF0L2OhMtmoKuT25VwjhXxBJmEekYhFl%2FJS4VLoQk6IMO0putbb7WBCIbOTtW4%3D"}],"group":"cf-nel","max_age":604800}
NEL: {"success_fraction":0,"report_to":"cf-nel","max_age":604800}
Server: cloudflare
CF-RAY: 89bf2e78ecd02c2b-FRA
Content-Encoding: gzip
alt-svc: h3=":443"; ma=86400

{
    "success": false,
    "message": "Email, password and name are required fields"
}
HTTP/1.1 403 Forbidden
Date: Sun, 30 Jun 2024 15:27:38 GMT
Content-Type: application/json; charset=utf-8
Transfer-Encoding: chunked
Connection: keep-alive
X-Powered-By: Express
Access-Control-Allow-Origin: *
ETag: W/"4a-EmWdisR78lCFKIQWVZ3yQkk5Ixs"
CF-Cache-Status: DYNAMIC
[...]
				Accept=*/*
				Content-Type=application/json
Cookies:		<none>
Multiparts:		<none>
Body:			<none>
Request method:	DELETE
Request URI:	https://stellarburgers.nomoreparties.site/api/auth/user
Proxy:			<none>
Request params:	<none>
Query params:	<none>
Form params:	<none>
Path params:	<none>
Headers:		authorization=Bearer eyJhbGciOiJIUzI1NiIsInR5cCI6IkpXVCJ9.eyJpZCI6IjY2ODE3OTZiOWVkMjgwMDAxYjQ1OTYwMiIsImlhdCI6MTcxOTc2MTI1OSwiZXhwIjoxNzE5NzYyNDU5fQ.wEdYH8jEFD2EbFgS3pHCvS2kSn9U4X9ZG9kmzoB4eu0
				Accept=*/*
				Content-Type=application/json
Cookies:		<none>
Multiparts:		<none>
Body:			<none>
Request method:	DELETE
Request URI:	https://stellarburgers.nomoreparties.site/api/auth/user
Proxy:			<none>
Request params:	<none>
Query params:	<none>
Form params:	<none>
Path params:	<none>
Headers:		authorization=Bearer eyJhbGciOiJIUzI1NiIsInR5cCI6IkpXVCJ9.eyJpZCI6IjY2ODE3OTZiOWVkMjgwMDAxYjQ1OTYwMiIsImlhdCI6MTcxOTc2MTI1OSwiZXhwIjoxNzE5NzYyNDU5fQ.wEdYH8jEFD2EbFgS3pHCvS2kSn9U4X9ZG9kmzoB4eu0
				Accept=*/*
				Content-Type=application/json
Cookies:		<none>
Multiparts:		<none>
Body:			<none>
Request method:	DELETE
Request URI:	https://stellarburgers.nomoreparties.site/api/auth/user
Proxy:			<none>
Request params:	<none>
Query params:	<none>
Form params:	<none>
Path params:	<none>
Headers:		authorization=Bearer eyJhbGciOiJIUzI1NiIsInR5cCI6IkpXVCJ9.eyJpZCI6IjY2ODE3OTZiOWVkMjgwMDAxYjQ1OTYwMiIsImlhdCI6MTcxOTc2MTI1OSwiZXhwIjoxNzE5NzYyNDU5fQ.wEdYH8jEFD2EbFgS3pHCvS2kSn9U4X9ZG9kmzoB4eu0
				Accept=*/*
				Content-Type=application/json
Cookies:		<none>
Multiparts:		<none>
Body:			<none>
Request method:	DELETE
Request URI:	https://stellarburgers.nomoreparties.site/api/auth/user
Proxy:			<none>
Request params:	<none>
Query params:	<none>
Form params:	<none>
Path params:	<none>
Headers:		authorization=Bearer eyJhbGciOiJIUzI1NiIsInR5cCI6IkpXVCJ9.eyJpZCI6IjY2ODE3OTZiOWVkMjgwMDAxYjQ1OTYwMiIsImlhdCI6MTcxOTc2MTI1OSwiZXhwIjoxNzE5NzYyNDU5fQ.wEdYH8jEFD2EbFgS3pHCvS2kSn9U4X9ZG9kmzoB4eu0
				Accept=*/*
				Content-Type=application/json
Cookies:		<none>
Multiparts:		<none>
Body:			<none>
Request method:	DELETE
Request URI:	https://stellarburgers.nomoreparties.site/api/auth/user
Proxy:			<none>
Request params:	<none>
Query params:	<none>
Form params:	<none>
Path params:	<none>
Headers:		authorization=Bearer eyJhbGciOiJIUzI1NiIsInR5cCI6IkpXVCJ9.eyJpZCI6IjY2ODE3OTZiOWVkMjgwMDAxYjQ1OTYwMiIsImlhdCI6MTcxOTc2MTI1OSwiZXhwIjoxNzE5NzYyNDU5fQ.wEdYH8jEFD2EbFgS3pHCvS2kSn9U4X9ZG9kmzoB4eu0
				Accept=*/*
				Content-Type=application/json
Cookies:		<none>
Multiparts:		<none>
Body:			<none>
Request method:	DELETE
Request URI:	https://stellarburgers.nomoreparties.site/api/auth/user
Proxy:			<none>
Request params:	<none>
Query params:	<none>
Form params:	<none>
Path params:	<none>
Headers:		authorization=Bearer eyJhbGciOiJIUzI1NiIsInR5cCI6IkpXVCJ9.eyJpZCI6IjY2ODE3OTZiOWVkMjgwMDAxYjQ1OTYwMiIsImlhdCI6MTcxOTc2MTI1OSwiZXhwIjoxNzE5NzYyNDU5fQ.wEdYH8jEFD2EbFgS3pHCvS2kSn9U4X9ZG9kmzoB4eu0
				Accept=*/*
				Content-Type=application/json
Cookies:		<none>
Multiparts:		<none>
Body:			<none>
Request method:	DELETE
Request URI:	https://stellarburgers.nomoreparties.site/api/auth/user
Proxy:			<none>
Request params:	<none>
Query params:	<none>
Form params:	<none>
Path params:	<none>
Headers:		authorization=Bearer eyJhbGciOiJIUzI1NiIsInR5cCI6IkpXVCJ9.eyJpZCI6IjY2ODE3OTZiOWVkMjgwMDAxYjQ1OTYwMiIsImlhdCI6MTcxOTc2MTI1OSwiZXhwIjoxNzE5NzYyNDU5fQ.wEdYH8jEFD2EbFgS3pHCvS2kSn9U4X9ZG9kmzoB4eu0
				Accept=*/*
				Content-Type=application/json
Cookies:		<none>
Multiparts:		<none>
Body:			<none>
Request method:	DELETE
Request URI:	https://stellarburgers.nomoreparties.site/api/auth/user
Proxy:			<none>
Request params:	<none>
Query params:	<none>
Form params:	<none>
Path params:	<none>
Headers:		authorization=Bearer eyJhbGciOiJIUzI1NiIsInR5cCI6IkpXVCJ9.eyJpZCI6IjY2ODE3OTZiOWVkMjgwMDAxYjQ1OTYwMiIsImlhdCI6MTcxOTc2MTI1OSwiZXhwIjoxNzE5NzYyNDU5fQ.wEdYH8jEFD2EbFgS3pHCvS2kSn9U4X9ZG9kmzoB4eu0
				Accept=*/*
				Content-Type=application/json
Cookies:		<none>
Multiparts:		<none>
Body:			<none>
Request method:	DELETE
Request URI:	https://stellarburgers.nomoreparties.site/api/auth/user
Proxy:			<none>
Request params:	<none>
Query params:	<none>
Form params:	<none>
Path params:	<none>
Headers:		authorization=Bearer eyJhbGciOiJIUzI1NiIsInR5cCI6IkpXVCJ9.eyJpZCI6IjY2ODE3OTZiOWVkMjgwMDAxYjQ1OTYwMiIsImlhdCI6MTcxOTc2MTI1OSwiZXhwIjoxNzE5NzYyNDU5fQ.wEdYH8jEFD2EbFgS3pHCvS2kSn9U4X9ZG9kmzoB4eu0
				Accept=*/*
				Content-Type=application/json
Cookies:		<none>
Multiparts:		<none>
Body:			<none>
Request method:	DELETE
Request URI:	https://stellarburgers.nomoreparties.site/api/auth/user
Proxy:			<none>
Request params:	<none>
Query params:	<none>
Form params:	<none>
Path params:	<none>
Headers:		authorization=Bearer eyJhbGciOiJIUzI1NiIsInR5cCI6IkpXVCJ9.eyJpZCI6IjY2ODE3OTZiOWVkMjgwMDAxYjQ1OTYwMiIsImlhdCI6MTcxOTc2MTI1OSwiZXhwIjoxNzE5NzYyNDU5fQ.wEdYH8jEFD2EbFgS3pHCvS2kSn9U4X9ZG9kmzoB4eu0
				Accept=*/*
				Content-Type=application/json
Cookies:		<none>
Multiparts:		<none>
Body:			<none>
Request method:	DELETE
Request URI:	https://stellarburgers.nomoreparties.site/api/auth/user
Proxy:			<none>
Request params:	<none>
Query params:	<none>
Form params:	<none>
Path params:	<none>
Headers:		authorization=Bearer eyJhbGciOiJIUzI1NiIsInR5cCI6IkpXVCJ9.eyJpZCI6IjY2ODE3OTZiOWVkMjgwMDAxYjQ1OTYwMiIsImlhdCI6MTcxOTc2MTI1OSwiZXhwIjoxNzE5NzYyNDU5fQ.wEdYH8jEFD2EbFgS3pHCvS2kSn9U4X9ZG9kmzoB4eu0
				Accept=*/*
				Content-Type=application/json
Cookies:		<none>
Multiparts:		<none>
Body:			<none>
Request method:	DELETE
Request URI:	https://stellarburgers.nomoreparties.site/api/auth/user
Proxy:			<none>
Request params:	<none>
Query params:	<none>
Form params:	<none>
Path params:	<none>
Headers:		authorization=Bearer eyJhbGciOiJIUzI1NiIsInR5cCI6IkpXVCJ9.eyJpZCI6IjY2ODE3OTZiOWVkMjgwMDAxYjQ1OTYwMiIsImlhdCI6MTcxOTc2MTI1OSwiZXhwIjoxNzE5NzYyNDU5fQ.wEdYH8jEFD2EbFgS3pHCvS2kSn9U4X9ZG9kmzoB4eu0
				Accept=*/*
				Content-Type=application/json
Cookies:		<none>
Multiparts:		<none>
Body:			<none>
HTTP/1.1 202 Accepted
Date: Sun, 30 Jun 2024 15:27:39 GMT
Content-Type: application/json; charset=utf-8
Content-Length: 54
Connection: keep-alive
X-Powered-By: Express
Access-Control-Allow-Origin: *
ETag: W/"36-hDmZnQ3Ou/ynnqAeC6TYmyseuzY"
CF-Cache-Status: DYNAMIC
Report-To: {"endpoints":[{"url":"https:\/\/a.nel.cloudflare.com\/report\/v4?s=Niy5HfQI6RqNDfSXeSQNMcdLvrh5xnx6T%2BHxec1APtIfIFFupFsymDKniip2F7c0jUInH%2Bfb4QMvPGKjkJKg19CXyGZLk9sCNWLdanmy6e%2Bs2nrW7zfV%2FI3G2ua4pbJwNffMpBLgbXhVOWS2Q6HBYt%2FQMPI%3D"}],"group":"cf-nel","max_age":604800}
NEL: {"success_fraction":0,"report_to":"cf-nel","max_age":604800}
Server: cloudflare
CF-RAY: 89bf2e80fdbc0e90-AMS
alt-svc: h3=":443"; ma=86400

{
    "success": true,
    "message": "User successfully removed"
}
HTTP/1.1 202 Accepted
Date: Sun, 30 Jun 2024 15:27:39 GMT
Content-Type: application/json; charset=utf-8
Content-Length: 54
Connection: keep-alive
X-Powered-By: Express
Access-Control-Allow-Origin: *
ETag: W/"36-hDmZnQ3Ou/ynnqAeC6TYmyseuzY"
CF-Cache-Status: DYNAMIC
Report-To: {"endpoints":[{"url":"https:\/\/a.nel.cloudflare.com\/report\/v4?s=Niy5HfQI6RqNDfSXeSQNMcdLvrh5xnx6T%2BHxec1APtIfIFFupFsymDKniip2F7c0jUInH%2Bfb4QMvPGKjkJKg19CXyGZLk9sCNWLdanmy6e%2Bs2nrW7zfV%2FI3G2ua4pbJwNffMpBLgbXhVOWS2Q6HBYt%2FQMPI%3D"}],"group":"cf-nel","max_age":604800}
NEL: {"success_fraction":0,"report_to":"cf-nel","max_age":604800}
Server: cloudflare
CF-RAY: 89bf2e80fdbc0e90-AMS
alt-svc: h3=":443"; ma=86400

{
    "success": true,
    "message": "User successfully removed"
}
HTTP/1.1 202 Accepted
Date: Sun, 30 Jun 2024 15:27:39 GMT
Content-Type: application/json; charset=utf-8
Content-Length: 54
Connection: keep-alive
X-Powered-By: Express
Access-Control-Allow-Origin: *
ETag: W/"36-hDmZnQ3Ou/ynnqAeC6TYmyseuzY"
CF-Cache-Status: DYNAMIC
Report-To: {"endpoints":[{"url":"https:\/\/a.nel.cloudflare.com\/report\/v4?s=Niy5HfQI6RqNDfSXeSQNMcdLvrh5xnx6T%2BHxec1APtIfIFFupFsymDKniip2F7c0jUInH%2Bfb4QMvPGKjkJKg19CXyGZLk9sCNWLdanmy6e%2Bs2nrW7zfV%2FI3G2ua4pbJwNffMpBLgbXhVOWS2Q6HBYt%2FQMPI%3D"}],"group":"cf-nel","max_age":604800}
NEL: {"success_fraction":0,"report_to":"cf-nel","max_age":604800}
Server: cloudflare
CF-RAY: 89bf2e80fdbc0e90-AMS
alt-svc: h3=":443"; ma=86400

{
    "success": true,
    "message": "User successfully removed"
}
HTTP/1.1 202 Accepted
Date: Sun, 30 Jun 2024 15:27:39 GMT
Content-Type: application/json; charset=utf-8
Content-Length: 54
Connection: keep-alive
X-Powered-By: Express
Access-Control-Allow-Origin: *
ETag: W/"36-hDmZnQ3Ou/ynnqAeC6TYmyseuzY"
CF-Cache-Status: DYNAMIC
Report-To: {"endpoints":[{"url":"https:\/\/a.nel.cloudflare.com\/report\/v4?s=Niy5HfQI6RqNDfSXeSQNMcdLvrh5xnx6T%2BHxec1APtIfIFFupFsymDKniip2F7c0jUInH%2Bfb4QMvPGKjkJKg19CXyGZLk9sCNWLdanmy6e%2Bs2nrW7zfV%2FI3G2ua4pbJwNffMpBLgbXhVOWS2Q6HBYt%2FQMPI%3D"}],"group":"cf-nel","max_age":604800}
NEL: {"success_fraction":0,"report_to":"cf-nel","max_age":604800}
Server: cloudflare
CF-RAY: 89bf2e80fdbc0e90-AMS
alt-svc: h3=":443"; ma=86400

{
    "success": true,
    "message": "User successfully removed"
}
HTTP/1.1 202 Accepted
Date: Sun, 30 Jun 2024 15:27:39 GMT
Content-Type: application/json; charset=utf-8
Content-Length: 54
Connection: keep-alive
X-Powered-By: Express
Access-Control-Allow-Origin: *
ETag: W/"36-hDmZnQ3Ou/ynnqAeC6TYmyseuzY"
CF-Cache-Status: DYNAMIC
Report-To: {"endpoints":[{"url":"https:\/\/a.nel.cloudflare.com\/report\/v4?s=Niy5HfQI6RqNDfSXeSQNMcdLvrh5xnx6T%2BHxec1APtIfIFFupFsymDKniip2F7c0jUInH%2Bfb4QMvPGKjkJKg19CXyGZLk9sCNWLdanmy6e%2Bs2nrW7zfV%2FI3G2ua4pbJwNffMpBLgbXhVOWS2Q6HBYt%2FQMPI%3D"}],"group":"cf-nel","max_age":604800}
NEL: {"success_fraction":0,"report_to":"cf-nel","max_age":604800}
Server: cloudflare
CF-RAY: 89bf2e80fdbc0e90-AMS
alt-svc: h3=":443"; ma=86400

{
    "success": true,
    "message": "User successfully removed"
}
HTTP/1.1 202 Accepted
Date: Sun, 30 Jun 2024 15:27:39 GMT
Content-Type: application/json; charset=utf-8
Content-Length: 54
Connection: keep-alive
X-Powered-By: Express
Access-Control-Allow-Origin: *
ETag: W/"36-hDmZnQ3Ou/ynnqAeC6TYmyseuzY"
CF-Cache-Status: DYNAMIC
Report-To: {"endpoints":[{"url":"https:\/\/a.nel.cloudflare.com\/report\/v4?s=Niy5HfQI6RqNDfSXeSQNMcdLvrh5xnx6T%2BHxec1APtIfIFFupFsymDKniip2F7c0jUInH%2Bfb4QMvPGKjkJKg19CXyGZLk9sCNWLdanmy6e%2Bs2nrW7zfV%2FI3G2ua4pbJwNffMpBLgbXhVOWS2Q6HBYt%2FQMPI%3D"}],"group":"cf-nel","max_age":604800}
NEL: {"success_fraction":0,"report_to":"cf-nel","max_age":604800}
Server: cloudflare
CF-RAY: 89bf2e80fdbc0e90-AMS
alt-svc: h3=":443"; ma=86400

{
    "success": true,
    "message": "User successfully removed"
}
HTTP/1.1 202 Accepted
Date: Sun, 30 Jun 2024 15:27:39 GMT
Content-Type: application/json; charset=utf-8
Content-Length: 54
Connection: keep-alive
X-Powered-By: Express
Access-Control-Allow-Origin: *
ETag: W/"36-hDmZnQ3Ou/ynnqAeC6TYmyseuzY"
CF-Cache-Status: DYNAMIC
Report-To: {"endpoints":[{"url":"https:\/\/a.nel.cloudflare.com\/report\/v4?s=Niy5HfQI6RqNDfSXeSQNMcdLvrh5xnx6T%2BHxec1APtIfIFFupFsymDKniip2F7c0jUInH%2Bfb4QMvPGKjkJKg19CXyGZLk9sCNWLdanmy6e%2Bs2nrW7zfV%2FI3G2ua4pbJwNffMpBLgbXhVOWS2Q6HBYt%2FQMPI%3D"}],"group":"cf-nel","max_age":604800}
NEL: {"success_fraction":0,"report_to":"cf-nel","max_age":604800}
Server: cloudflare
CF-RAY: 89bf2e80fdbc0e90-AMS
alt-svc: h3=":443"; ma=86400

{
    "success": true,
    "message": "User successfully removed"
}
HTTP/1.1 202 Accepted
Date: Sun, 30 Jun 2024 15:27:39 GMT
Content-Type: application/json; charset=utf-8
Content-Length: 54
Connection: keep-alive
X-Powered-By: Express
Access-Control-Allow-Origin: *
ETag: W/"36-hDmZnQ3Ou/ynnqAeC6TYmyseuzY"
CF-Cache-Status: DYNAMIC
Report-To: {"endpoints":[{"url":"https:\/\/a.nel.cloudflare.com\/report\/v4?s=Niy5HfQI6RqNDfSXeSQNMcdLvrh5xnx6T%2BHxec1APtIfIFFupFsymDKniip2F7c0jUInH%2Bfb4QMvPGKjkJKg19CXyGZLk9sCNWLdanmy6e%2Bs2nrW7zfV%2FI3G2ua4pbJwNffMpBLgbXhVOWS2Q6HBYt%2FQMPI%3D"}],"group":"cf-nel","max_age":604800}
NEL: {"success_fraction":0,"report_to":"cf-nel","max_age":604800}
Server: cloudflare
CF-RAY: 89bf2e80fdbc0e90-AMS
alt-svc: h3=":443"; ma=86400

{
    "success": true,
    "message": "User successfully removed"
}
HTTP/1.1 202 Accepted
Date: Sun, 30 Jun 2024 15:27:39 GMT
Content-Type: application/json; charset=utf-8
Content-Length: 54
Connection: keep-alive
X-Powered-By: Express
Access-Control-Allow-Origin: *
ETag: W/"36-hDmZnQ3Ou/ynnqAeC6TYmyseuzY"
CF-Cache-Status: DYNAMIC
Report-To: {"endpoints":[{"url":"https:\/\/a.nel.cloudflare.com\/report\/v4?s=Niy5HfQI6RqNDfSXeSQNMcdLvrh5xnx6T%2BHxec1APtIfIFFupFsymDKniip2F7c0jUInH%2Bfb4QMvPGKjkJKg19CXyGZLk9sCNWLdanmy6e%2Bs2nrW7zfV%2FI3G2ua4pbJwNffMpBLgbXhVOWS2Q6HBYt%2FQMPI%3D"}],"group":"cf-nel","max_age":604800}
NEL: {"success_fraction":0,"report_to":"cf-nel","max_age":604800}
Server: cloudflare
CF-RAY: 89bf2e80fdbc0e90-AMS
alt-svc: h3=":443"; ma=86400

{
    "success": true,
    "message": "User successfully removed"
}
HTTP/1.1 202 Accepted
Date: Sun, 30 Jun 2024 15:27:39 GMT
Content-Type: application/json; charset=utf-8
Content-Length: 54
Connection: keep-alive
X-Powered-By: Express
Access-Control-Allow-Origin: *
ETag: W/"36-hDmZnQ3Ou/ynnqAeC6TYmyseuzY"
CF-Cache-Status: DYNAMIC
Report-To: {"endpoints":[{"url":"https:\/\/a.nel.cloudflare.com\/report\/v4?s=Niy5HfQI6RqNDfSXeSQNMcdLvrh5xnx6T%2BHxec1APtIfIFFupFsymDKniip2F7c0jUInH%2Bfb4QMvPGKjkJKg19CXyGZLk9sCNWLdanmy6e%2Bs2nrW7zfV%2FI3G2ua4pbJwNffMpBLgbXhVOWS2Q6HBYt%2FQMPI%3D"}],"group":"cf-nel","max_age":604800}
NEL: {"success_fraction":0,"report_to":"cf-nel","max_age":604800}
Server: cloudflare
CF-RAY: 89bf2e80fdbc0e90-AMS
alt-svc: h3=":443"; ma=86400

{
    "success": true,
    "message": "User successfully removed"
}
HTTP/1.1 202 Accepted
Date: Sun, 30 Jun 2024 15:27:39 GMT
Content-Type: application/json; charset=utf-8
Content-Length: 54
Connection: keep-alive
X-Powered-By: Express
Access-Control-Allow-Origin: *
ETag: W/"36-hDmZnQ3Ou/ynnqAeC6TYmyseuzY"
CF-Cache-Status: DYNAMIC
Report-To: {"endpoints":[{"url":"https:\/\/a.nel.cloudflare.com\/report\/v4?s=Niy5HfQI6RqNDfSXeSQNMcdLvrh5xnx6T%2BHxec1APtIfIFFupFsymDKniip2F7c0jUInH%2Bfb4QMvPGKjkJKg19CXyGZLk9sCNWLdanmy6e%2Bs2nrW7zfV%2FI3G2ua4pbJwNffMpBLgbXhVOWS2Q6HBYt%2FQMPI%3D"}],"group":"cf-nel","max_age":604800}
NEL: {"success_fraction":0,"report_to":"cf-nel","max_age":604800}
Server: cloudflare
CF-RAY: 89bf2e80fdbc0e90-AMS
alt-svc: h3=":443"; ma=86400

{
    "success": true,
    "message": "User successfully removed"
}
HTTP/1.1 202 Accepted
Date: Sun, 30 Jun 2024 15:27:39 GMT
Content-Type: application/json; charset=utf-8
Content-Length: 54
Connection: keep-alive
X-Powered-By: Express
Access-Control-Allow-Origin: *
ETag: W/"36-hDmZnQ3Ou/ynnqAeC6TYmyseuzY"
CF-Cache-Status: DYNAMIC
Report-To: {"endpoints":[{"url":"https:\/\/a.nel.cloudflare.com\/report\/v4?s=Niy5HfQI6RqNDfSXeSQNMcdLvrh5xnx6T%2BHxec1APtIfIFFupFsymDKniip2F7c0jUInH%2Bfb4QMvPGKjkJKg19CXyGZLk9sCNWLdanmy6e%2Bs2nrW7zfV%2FI3G2ua4pbJwNffMpBLgbXhVOWS2Q6HBYt%2FQMPI%3D"}],"group":"cf-nel","max_age":604800}
NEL: {"success_fraction":0,"report_to":"cf-nel","max_age":604800}
Server: cloudflare
CF-RAY: 89bf2e80fdbc0e90-AMS
alt-svc: h3=":443"; ma=86400

{
    "success": true,
    "message": "User successfully removed"
}
HTTP/1.1 202 Accepted
Date: Sun, 30 Jun 2024 15:27:39 GMT
Content-Type: application/json; charset=utf-8
Content-Length: 54
Connection: keep-alive
X-Powered-By: Express
Access-Control-Allow-Origin: *
ETag: W/"36-hDmZnQ3Ou/ynnqAeC6TYmyseuzY"
CF-Cache-Status: DYNAMIC
Report-To: {"endpoints":[{"url":"https:\/\/a.nel.cloudflare.com\/report\/v4?s=Niy5HfQI6RqNDfSXeSQNMcdLvrh5xnx6T%2BHxec1APtIfIFFupFsymDKniip2F7c0jUInH%2Bfb4QMvPGKjkJKg19CXyGZLk9sCNWLdanmy6e%2Bs2nrW7zfV%2FI3G2ua4pbJwNffMpBLgbXhVOWS2Q6HBYt%2FQMPI%3D"}],"group":"cf-nel","max_age":604800}
NEL: {"success_fraction":0,"report_to":"cf-nel","max_age":604800}
Server: cloudflare
CF-RAY: 89bf2e80fdbc0e90-AMS
alt-svc: h3=":443"; ma=86400

{
    "success": true,
    "message": "User successfully removed"
}
HTTP/1.1 202 Accepted
Date: Sun, 30 Jun 2024 15:27:39 GMT
Content-Type: application/json; charset=utf-8
Content-Length: 54
Connection: keep-alive
X-Powered-By: Express
Access-Control-Allow-Origin: *
ETag: W/"36-hDmZnQ3Ou/ynnqAeC6TYmyseuzY"
CF-Cache-Status: DYNAMIC
Report-To: {"endpoints":[{"url":"https:\/\/a.nel.cloudflare.com\/report\/v4?s=Niy5HfQI6RqNDfSXeSQNMcdLvrh5xnx6T%2BHxec1APtIfIFFupFsymDKniip2F7c0jUInH%2Bfb4QMvPGKjkJKg19CXyGZLk9sCNWLdanmy6e%2Bs2nrW7zfV%2FI3G2ua4pbJwNffMpBLgbXhVOWS2Q6HBYt%2FQMPI%3D"}],"group":"cf-nel","max_age":604800}
NEL: {"success_fraction":0,"report_to":"cf-nel","max_age":604800}
Server: cloudflare
CF-RAY: 89bf2e80fdbc0e90-AMS
alt-svc: h3=":443"; ma=86400

{
    "success": true,
    "message": "User successfully removed"
}
HTTP/1.1 202 Accepted
Date: Sun, 30 Jun 2024 15:27:39 GMT
Content-Type: application/json; charset=utf-8
Content-Length: 54
Connection: keep-alive
X-Powered-By: Express
Access-Control-Allow-Origin: *
ETag: W/"36-hDmZnQ3Ou/ynnqAeC6TYmyseuzY"
CF-Cache-Status: DYNAMIC
Report-To: {"endpoints":[{"url":"https:\/\/a.nel.cloudflare.com\/report\/v4?s=Niy5HfQI6RqNDfSXeSQNMcdLvrh5xnx6T%2BHxec1APtIfIFFupFsymDKniip2F7c0jUInH%2Bfb4QMvPGKjkJKg19CXyGZLk9sCNWLdanmy6e%2Bs2nrW7zfV%2FI3G2ua4pbJwNffMpBLgbXhVOWS2Q6HBYt%2FQMPI%3D"}],"group":"cf-nel","max_age":604800}
NEL: {"success_fraction":0,"report_to":"cf-nel","max_age":604800}
Server: cloudflare
CF-RAY: 89bf2e80fdbc0e90-AMS
alt-svc: h3=":443"; ma=86400

{
    "success": true,
    "message": "User successfully removed"
}
HTTP/1.1 202 Accepted
Date: Sun, 30 Jun 2024 15:27:39 GMT
Content-Type: application/json; charset=utf-8
Content-Length: 54
Connection: keep-alive
X-Powered-By: Express
Access-Control-Allow-Origin: *
ETag: W/"36-hDmZnQ3Ou/ynnqAeC6TYmyseuzY"
CF-Cache-Status: DYNAMIC
Report-To: {"endpoints":[{"url":"https:\/\/a.nel.cloudflare.com\/report\/v4?s=Niy5HfQI6RqNDfSXeSQNMcdLvrh5xnx6T%2BHxec1APtIfIFFupFsymDKniip2F7c0jUInH%2Bfb4QMvPGKjkJKg19CXyGZLk9sCNWLdanmy6e%2Bs2nrW7zfV%2FI3G2ua4pbJwNffMpBLgbXhVOWS2Q6HBYt%2FQMPI%3D"}],"group":"cf-nel","max_age":604800}
NEL: {"success_fraction":0,"report_to":"cf-nel","max_age":604800}
Server: cloudflare
CF-RAY: 89bf2e80fdbc0e90-AMS
alt-svc: h3=":443"; ma=86400

{
    "success": true,
    "message": "User successfully removed"
}
HTTP/1.1 202 Accepted
Date: Sun, 30 Jun 2024 15:27:39 GMT
Content-Type: application/json; charset=utf-8
Content-Length: 54
Connection: keep-alive
X-Powered-By: Express
Access-Control-Allow-Origin: *
ETag: W/"36-hDmZnQ3Ou/ynnqAeC6TYmyseuzY"
CF-Cache-Status: DYNAMIC
Report-To: {"endpoints":[{"url":"https:\/\/a.nel.cloudflare.com\/report\/v4?s=Niy5HfQI6RqNDfSXeSQNMcdLvrh5xnx6T%2BHxec1APtIfIFFupFsymDKniip2F7c0jUInH%2Bfb4QMvPGKjkJKg19CXyGZLk9sCNWLdanmy6e%2Bs2nrW7zfV%2FI3G2ua4pbJwNffMpBLgbXhVOWS2Q6HBYt%2FQMPI%3D"}],"group":"cf-nel","max_age":604800}
NEL: {"success_fraction":0,"report_to":"cf-nel","max_age":604800}
Server: cloudflare
CF-RAY: 89bf2e80fdbc0e90-AMS
alt-svc: h3=":443"; ma=86400

{
    "success": true,
    "message": "User successfully removed"
}
HTTP/1.1 202 Accepted
Date: Sun, 30 Jun 2024 15:27:39 GMT
Content-Type: application/json; charset=utf-8
Content-Length: 54
Connection: keep-alive
X-Powered-By: Express
Access-Control-Allow-Origin: *
ETag: W/"36-hDmZnQ3Ou/ynnqAeC6TYmyseuzY"
CF-Cache-Status: DYNAMIC
Report-To: {"endpoints":[{"url":"https:\/\/a.nel.cloudflare.com\/report\/v4?s=Niy5HfQI6RqNDfSXeSQNMcdLvrh5xnx6T%2BHxec1APtIfIFFupFsymDKniip2F7c0jUInH%2Bfb4QMvPGKjkJKg19CXyGZLk9sCNWLdanmy6e%2Bs2nrW7zfV%2FI3G2ua4pbJwNffMpBLgbXhVOWS2Q6HBYt%2FQMPI%3D"}],"group":"cf-nel","max_age":604800}
NEL: {"success_fraction":0,"report_to":"cf-nel","max_age":604800}
Server: cloudflare
CF-RAY: 89bf2e80fdbc0e90-AMS
alt-svc: h3=":443"; ma=86400

{
    "success": true,
    "message": "User successfully removed"
}
]]></system-out>
  </testcase>
</testsuite>