<?xml version="1.0" encoding="UTF-8"?>
<testsuite xmlns:xsi="http://www.w3.org/2001/XMLSchema-instance" xsi:noNamespaceSchemaLocation="https://maven.apache.org/surefire/maven-surefire-plugin/xsd/surefire-test-report-3.0.xsd" version="3.0" name="GetOrderUserTest" time="4.585" tests="2" errors="0" skipped="0" failures="0">
  <properties>
[...]
</properties>
  <testcase name="getOrderIngridientNotAuthUser" classname="GetOrderUserTest" time="1.518">
    <system-out><![CDATA[Request method:	POST
Request URI:	https://stellarburgers.nomoreparties.site/api/auth/register
Proxy:			<none>
Request params:	<none>
Query params:	<none>
Form params:	<none>
Path params:	<none>
Headers:		Accept=*/*
				Content-Type=application/json
Cookies:		<none>
Multiparts:		<none>
Body:
{
    "email": "PYGxqjhBLF@ya.ru",
    "password": "rPOxyODxdc",
    "name": "OyQVkCuPHL"
}
Request method:	POST
Request URI:	https://stellarburgers.nomoreparties.site/api/auth/register
Proxy:			<none>
Request params:	<none>
Query params:	<none>
Form params:	<none>
Path params:	<none>
Headers:		Accept=*/*
				Content-Type=application/json
Cookies:		<none>
Multiparts:		<none>
Body:
{
    "email": "PYGxqjhBLF@ya.ru",
    "password": "rPOxyODxdc",
    "name": "OyQVkCuPHL"
}
Request method:	POST
Request URI:	https://stellarburgers.nomoreparties.site/api/auth/register
Proxy:			<none>
Request params:	<none>
Query params:	<none>
Form params:	<none>
Path params:	<none>
Headers:		Accept=*/*
				Content-Type=application/json
Cookies:		<none>
Multiparts:		<none>
Body:
{
    "email": "PYGxqjhBLF@ya.ru",
    "password": "rPOxyODxdc",
    "name": "OyQVkCuPHL"
}
Request method:	POST
Request URI:	https://stellarburgers.nomoreparties.site/api/auth/register
Proxy:			<none>
Request params:	<none>
Query params:	<none>
Form params:	<none>
Path params:	<none>
Headers:		Accept=*/*
				Content-Type=application/json
Cookies:		<none>
Multiparts:		<none>
Body:
{
    "email": "PYGxqjhBLF@ya.ru",
    "password": "rPOxyODxdc",
    "name": "OyQVkCuPHL"
}
Request method:	POST
Request URI:	https://stellarburgers.nomoreparties.site/api/auth/register
Proxy:			<none>
Request params:	<none>
Query params:	<none>
Form params:	<none>
Path params:	<none>
Headers:		Accept=*/*
				Content-Type=application/json
Cookies:		<none>
Multiparts:		<none>
Body:
{
    "email": "PYGxqjhBLF@ya.ru",
    "password": "rPOxyODxdc",
    "name": "OyQVkCuPHL"
}
Request method:	POST
Request URI:	https://stellarburgers.nomoreparties.site/api/auth/register
Proxy:			<none>
Request params:	<none>
Query params:	<none>
Form params:	<none>
Path params:	<none>
Headers:		Accept=*/*
				Content-Type=application/json
Cookies:		<none>
Multiparts:		<none>
Body:
{
    "email": "PYGxqjhBLF@ya.ru",
    "password": "rPOxyODxdc",
    "name": "OyQVkCuPHL"
}
Request method:	POST
Request URI:	https://stellarburgers.nomoreparties.site/api/auth/register
Proxy:			<none>
Request params:	<none>
Query params:	<none>
Form params:	<none>
Path params:	<none>
Headers:		Accept=*/*
				Content-Type=application/json
Cookies:		<none>
Multiparts:		<none>
Body:
{
    "email": "PYGxqjhBLF@ya.ru",
    "password": "rPOxyODxdc",
    "name": "OyQVkCuPHL"
}
Request method:	POST
Request URI:	https://stellarburgers.nomoreparties.site/api/auth/register
Proxy:			<none>
Request params:	<none>
Query params:	<none>
Form params:	<none>
Path params:	<none>
Headers:		Accept=*/*
				Content-Type=application/json
Cookies:		<none>
Multiparts:		<none>
Body:
{
    "email": "PYGxqjhBLF@ya.ru",
    "password": "rPOxyODxdc",
    "name": "OyQVkCuPHL"
}
Request method:	POST
Request URI:	https://stellarburgers.nomoreparties.site/api/auth/register
Proxy:			<none>
Request params:	<none>
Query params:	<none>
Form params:	<none>
Path params:	<none>
Headers:		Accept=*/*
				Content-Type=application/json
Cookies:		<none>
Multiparts:		<none>
Body:
{
    "email": "PYGxqjhBLF@ya.ru",
    "password": "rPOxyODxdc",
    "name": "OyQVkCuPHL"
}
Request method:	POST
Request URI:	https://stellarburgers.nomoreparties.site/api/auth/register
Proxy:			<none>
Request params:	<none>
Query params:	<none>
Form params:	<none>
Path params:	<none>
Headers:		Accept=*/*
				Content-Type=application/json
Cookies:		<none>
Multiparts:		<none>
Body:
{
    "email": "PYGxqjhBLF@ya.ru",
    "password": "rPOxyODxdc",
    "name": "OyQVkCuPHL"
}
Request method:	POST
Request URI:	https://stellarburgers.nomoreparties.site/api/auth/register
Proxy:			<none>
Request params:	<none>
Query params:	<none>
Form params:	<none>
Path params:	<none>
Headers:		Accept=*/*
				Content-Type=application/json
Cookies:		<none>
Multiparts:		<none>
Body:
{
    "email": "PYGxqjhBLF@ya.ru",
    "password": "rPOxyODxdc",
    "name": "OyQVkCuPHL"
}
Request method:	POST
Request URI:	https://stellarburgers.nomoreparties.site/api/auth/register
Proxy:			<none>
Request params:	<none>
Query params:	<none>
Form params:	<none>
Path params:	<none>
Headers:		Accept=*/*
				Content-Type=application/json
Cookies:		<none>
Multiparts:		<none>
Body:
{
    "email": "PYGxqjhBLF@ya.ru",
    "password": "rPOxyODxdc",
    "name": "OyQVkCuPHL"
}
Request method:	POST
Request URI:	https://stellarburgers.nomoreparties.site/api/auth/register
Proxy:			<none>
Request params:	<none>
Query params:	<none>
Form params:	<none>
Path params:	<none>
Headers:		Accept=*/*
				Content-Type=application/json
Cookies:		<none>
Multiparts:		<none>
Body:
{
    "email": "PYGxqjhBLF@ya.ru",
    "password": "rPOxyODxdc",
    "name": "OyQVkCuPHL"
}
Request method:	POST
Request URI:	https://stellarburgers.nomoreparties.site/api/auth/register
Proxy:			<none>
Request params:	<none>
Query params:	<none>
Form params:	<none>
Path params:	<none>
Headers:		Accept=*/*
				Content-Type=application/json
Cookies:		<none>
Multiparts:		<none>
Body:
{
    "email": "PYGxqjhBLF@ya.ru",
    "password": "rPOxyODxdc",
    "name": "OyQVkCuPHL"
}
Request method:	POST
Request URI:	https://stellarburgers.nomoreparties.site/api/auth/register
Proxy:			<none>
Request params:	<none>
Query params:	<none>
Form params:	<none>
Path params:	<none>
Headers:		Accept=*/*
				Content-Type=application/json
Cookies:		<none>
Multiparts:		<none>
Body:
{
    "email": "PYGxqjhBLF@ya.ru",
    "password": "rPOxyODxdc",
    "name": "OyQVkCuPHL"
}
Request method:	POST
Request URI:	https://stellarburgers.nomoreparties.site/api/auth/register
Proxy:			<none>
Request params:	<none>
Query params:	<none>
Form params:	<none>
Path params:	<none>
Headers:		Accept=*/*
				Content-Type=application/json
Cookies:		<none>
Multiparts:		<none>
Body:
{
    "email": "PYGxqjhBLF@ya.ru",
    "password": "rPOxyODxdc",
    "name": "OyQVkCuPHL"
}
Request method:	POST
Request URI:	https://stellarburgers.nomoreparties.site/api/auth/register
Proxy:			<none>
Request params:	<none>
Query params:	<none>
Form params:	<none>
Path params:	<none>
Headers:		Accept=*/*
				Content-Type=application/json
Cookies:		<none>
Multiparts:		<none>
Body:
{
    "email": "PYGxqjhBLF@ya.ru",
    "password": "rPOxyODxdc",
    "name": "OyQVkCuPHL"
}
Request method:	POST
Request URI:	https://stellarburgers.nomoreparties.site/api/auth/register
Proxy:			<none>
Request params:	<none>
Query params:	<none>
Form params:	<none>
Path params:	<none>
Headers:		Accept=*/*
				Content-Type=application/json
Cookies:		<none>
Multiparts:		<none>
Body:
{
    "email": "PYGxqjhBLF@ya.ru",
    "password": "rPOxyODxdc",
    "name": "OyQVkCuPHL"
}
HTTP/1.1 200 OK
Date: Sun, 30 Jun 2024 15:27:40 GMT
Content-Type: application/json; charset=utf-8
Transfer-Encoding: chunked
Connection: keep-alive
X-Powered-By: Express
Access-Control-Allow-Origin: *
authorization: Bearer eyJhbGciOiJIUzI1NiIsInR5cCI6IkpXVCJ9.eyJpZCI6IjY2ODE3OTZjOWVkMjgwMDAxYjQ1OTYwNSIsImlhdCI6MTcxOTc2MTI2MCwiZXhwIjoxNzE5NzYyNDYwfQ.K94_ZEDvfGVzze52iGwYj0dZ2ww62rFJgkxDj08or8Y
ETag: W/"16d-JKufPCs6+CaHvsxx25FV+pU3I/0"
CF-Cache-Status: DYNAMIC
Report-To: {"endpoints":[{"url":"https:\/\/a.nel.cloudflare.com\/report\/v4?s=JWAknpKKct%2FhBwgx9Wz0LUZWbNchrSTfxdTUCYwIrJtY0XTSlIFya%2FLsqu1UPChUeE%2BswX6X5Etx5uYBbiZZieoOmuSGs7bf6eSaf5rwQW38JzX9Jh157ujfQ%2FeaTgoOnm8rfJQsjBJ9av40nAASTWC3VaM%3D"}],"group":"cf-nel","max_age":604800}
NEL: {"success_fraction":0,"report_to":"cf-nel","max_age":604800}
Server: cloudflare
CF-RAY: 89bf2e844f8d63ea-LHR
Content-Encoding: gzip
alt-svc: h3=":443"; ma=86400

{
    "success": true,
    "user": {
        "email": "pygxqjhblf@ya.ru",
        "name": "OyQVkCuPHL"
    },
    "accessToken": "Bearer eyJhbGciOiJIUzI1NiIsInR5cCI6IkpXVCJ9.eyJpZCI6IjY2ODE3OTZjOWVkMjgwMDAxYjQ1OTYwNSIsImlhdCI6MTcxOTc2MTI2MCwiZXhwIjoxNzE5NzYyNDYwfQ.K94_ZEDvfGVzze52iGwYj0dZ2ww62rFJgkxDj08or8Y",
    "refreshToken": "438cb80b6599b19dd79d02f8aa1c9e6eef7fff33ec126108ff45eb1a08d58b69f1a8732e72f82d5e"
}
HTTP/1.1 200 OK
Date: Sun, 30 Jun 2024 15:27:40 GMT
Content-Type: application/json; charset=utf-8
Transfer-Encoding: chunked
Connection: keep-alive
X-Powered-By: Express
Access-Control-Allow-Origin: *
authorization: Bearer eyJhbGciOiJIUzI1NiIsInR5cCI6IkpXVCJ9.eyJpZCI6IjY2ODE3OTZjOWVkMjgwMDAxYjQ1OTYwNSIsImlhdCI6MTcxOTc2MTI2MCwiZXhwIjoxNzE5NzYyNDYwfQ.K94_ZEDvfGVzze52iGwYj0dZ2ww62rFJgkxDj08or8Y
ETag: W/"16d-JKufPCs6+CaHvsxx25FV+pU3I/0"
CF-Cache-Status: DYNAMIC
Report-To: {"endpoints":[{"url":"https:\/\/a.nel.cloudflare.com\/report\/v4?s=JWAknpKKct%2FhBwgx9Wz0LUZWbNchrSTfxdTUCYwIrJtY0XTSlIFya%2FLsqu1UPChUeE%2BswX6X5Etx5uYBbiZZieoOmuSGs7bf6eSaf5rwQW38JzX9Jh157ujfQ%2FeaTgoOnm8rfJQsjBJ9av40nAASTWC3VaM%3D"}],"group":"cf-nel","max_age":604800}
NEL: {"success_fraction":0,"report_to":"cf-nel","max_age":604800}
Server: cloudflare
CF-RAY: 89bf2e844f8d63ea-LHR
Content-Encoding: gzip
alt-svc: h3=":443"; ma=86400

{
    "success": true,
    "user": {
        "email": "pygxqjhblf@ya.ru",
        "name": "OyQVkCuPHL"
    },
    "accessToken": "Bearer eyJhbGciOiJIUzI1NiIsInR5cCI6IkpXVCJ9.eyJpZCI6IjY2ODE3OTZjOWVkMjgwMDAxYjQ1OTYwNSIsImlhdCI6MTcxOTc2MTI2MCwiZXhwIjoxNzE5NzYyNDYwfQ.K94_ZEDvfGVzze52iGwYj0dZ2ww62rFJgkxDj08or8Y",
    "refreshToken": "438cb80b6599b19dd79d02f8aa1c9e6eef7fff33ec126108ff45eb1a08d58b69f1a8732e72f82d5e"
}
HTTP/1.1 200 OK
Date: Sun, 30 Jun 2024 15:27:40 GMT
Content-Type: application/json; charset=utf-8
Transfer-Encoding: chunked
Connection: keep-alive
X-Powered-By: Express
Access-Control-Allow-Origin: *
authorization: Bearer eyJhbGciOiJIUzI1NiIsInR5cCI6IkpXVCJ9.eyJpZCI6IjY2ODE3OTZjOWVkMjgwMDAxYjQ1OTYwNSIsImlhdCI6MTcxOTc2MTI2MCwiZXhwIjoxNzE5NzYyNDYwfQ.K94_ZEDvfGVzze52iGwYj0dZ2ww62rFJgkxDj08or8Y
ETag: W/"16d-JKufPCs6+CaHvsxx25FV+pU3I/0"
CF-Cache-Status: DYNAMIC
Report-To: {"endpoints":[{"url":"https:\/\/a.nel.cloudflare.com\/report\/v4?s=JWAknpKKct%2FhBwgx9Wz0LUZWbNchrSTfxdTUCYwIrJtY0XTSlIFya%2FLsqu1UPChUeE%2BswX6X5Etx5uYBbiZZieoOmuSGs7bf6eSaf5rwQW38JzX9Jh157ujfQ%2FeaTgoOnm8rfJQsjBJ9av40nAASTWC3VaM%3D"}],"group":"cf-nel","max_age":604800}
NEL: {"success_fraction":0,"report_to":"cf-nel","max_age":604800}
Server: cloudflare
CF-RAY: 89bf2e844f8d63ea-LHR
Content-Encoding: gzip
alt-svc: h3=":443"; ma=86400

{
    "success": true,
    "user": {
        "email": "pygxqjhblf@ya.ru",
        "name": "OyQVkCuPHL"
    },
    "accessToken": "Bearer eyJhbGciOiJIUzI1NiIsInR5cCI6IkpXVCJ9.eyJpZCI6IjY2ODE3OTZjOWVkMjgwMDAxYjQ1OTYwNSIsImlhdCI6MTcxOTc2MTI2MCwiZXhwIjoxNzE5NzYyNDYwfQ.K94_ZEDvfGVzze52iGwYj0dZ2ww62rFJgkxDj08or8Y",
    "refreshToken": "438cb80b6599b19dd79d02f8aa1c9e6eef7fff33ec126108ff45eb1a08d58b69f1a8732e72f82d5e"
}
HTTP/1.1 200 OK
Date: Sun, 30 Jun 2024 15:27:40 GMT
Content-Type: application/json; charset=utf-8
Transfer-Encoding: chunked
Connection: keep-alive
X-Powered-By: Express
Access-Control-Allow-Origin: *
authorization: Bearer eyJhbGciOiJIUzI1NiIsInR5cCI6IkpXVCJ9.eyJpZCI6IjY2ODE3OTZjOWVkMjgwMDAxYjQ1OTYwNSIsImlhdCI6MTcxOTc2MTI2MCwiZXhwIjoxNzE5NzYyNDYwfQ.K94_ZEDvfGVzze52iGwYj0dZ2ww62rFJgkxDj08or8Y
ETag: W/"16d-JKufPCs6+CaHvsxx25FV+pU3I/0"
CF-Cache-Status: DYNAMIC
Report-To: {"endpoints":[{"url":"https:\/\/a.nel.cloudflare.com\/report\/v4?s=JWAknpKKct%2FhBwgx9Wz0LUZWbNchrSTfxdTUCYwIrJtY0XTSlIFya%2FLsqu1UPChUeE%2BswX6X5Etx5uYBbiZZieoOmuSGs7bf6eSaf5rwQW38JzX9Jh157ujfQ%2FeaTgoOnm8rfJQsjBJ9av40nAASTWC3VaM%3D"}],"group":"cf-nel","max_age":604800}
NEL: {"success_fraction":0,"report_to":"cf-nel","max_age":604800}
Server: cloudflare
CF-RAY: 89bf2e844f8d63ea-LHR
Content-Encoding: gzip
alt-svc: h3=":443"; ma=86400

{
    "success": true,
    "user": {
        "email": "pygxqjhblf@ya.ru",
        "name": "OyQVkCuPHL"
    },
    "accessToken": "Bearer eyJhbGciOiJIUzI1NiIsInR5cCI6IkpXVCJ9.eyJpZCI6IjY2ODE3OTZjOWVkMjgwMDAxYjQ1OTYwNSIsImlhdCI6MTcxOTc2MTI2MCwiZXhwIjoxNzE5NzYyNDYwfQ.K94_ZEDvfGVzze52iGwYj0dZ2ww62rFJgkxDj08or8Y",
    "refreshToken": "438cb80b6599b19dd79d02f8aa1c9e6eef7fff33ec126108ff45eb1a08d58b69f1a8732e72f82d5e"
}
HTTP/1.1 200 OK
Date: Sun, 30 Jun 2024 15:27:40 GMT
Content-Type: application/json; charset=utf-8
Transfer-Encoding: chunked
Connection: keep-alive
X-Powered-By: Express
Access-Control-Allow-Origin: *
authorization: Bearer eyJhbGciOiJIUzI1NiIsInR5cCI6IkpXVCJ9.eyJpZCI6IjY2ODE3OTZjOWVkMjgwMDAxYjQ1OTYwNSIsImlhdCI6MTcxOTc2MTI2MCwiZXhwIjoxNzE5NzYyNDYwfQ.K94_ZEDvfGVzze52iGwYj0dZ2ww62rFJgkxDj08or8Y
ETag: W/"16d-JKufPCs6+CaHvsxx25FV+pU3I/0"
CF-Cache-Status: DYNAMIC
Report-To: {"endpoints":[{"url":"https:\/\/a.nel.cloudflare.com\/report\/v4?s=JWAknpKKct%2FhBwgx9Wz0LUZWbNchrSTfxdTUCYwIrJtY0XTSlIFya%2FLsqu1UPChUeE%2BswX6X5Etx5uYBbiZZieoOmuSGs7bf6eSaf5rwQW38JzX9Jh157ujfQ%2FeaTgoOnm8rfJQsjBJ9av40nAASTWC3VaM%3D"}],"group":"cf-nel","max_age":604800}
NEL: {"success_fraction":0,"report_to":"cf-nel","max_age":604800}
Server: cloudflare
CF-RAY: 89bf2e844f8d63ea-LHR
Content-Encoding: gzip
alt-svc: h3=":443"; ma=86400

{
    "success": true,
    "user": {
        "email": "pygxqjhblf@ya.ru",
        "name": "OyQVkCuPHL"
    },
    "accessToken": "Bearer eyJhbGciOiJIUzI1NiIsInR5cCI6IkpXVCJ9.eyJpZCI6IjY2ODE3OTZjOWVkMjgwMDAxYjQ1OTYwNSIsImlhdCI6MTcxOTc2MTI2MCwiZXhwIjoxNzE5NzYyNDYwfQ.K94_ZEDvfGVzze52iGwYj0dZ2ww62rFJgkxDj08or8Y",
    "refreshToken": "438cb80b6599b19dd79d02f8aa1c9e6eef7fff33ec126108ff45eb1a08d58b69f1a8732e72f82d5e"
}
HTTP/1.1 200 OK
Date: Sun, 30 Jun 2024 15:27:40 GMT
Content-Type: application/json; charset=utf-8
Transfer-Encoding: chunked
Connection: keep-alive
X-Powered-By: Express
Access-Control-Allow-Origin: *
authorization: Bearer eyJhbGciOiJIUzI1NiIsInR5cCI6IkpXVCJ9.eyJpZCI6IjY2ODE3OTZjOWVkMjgwMDAxYjQ1OTYwNSIsImlhdCI6MTcxOTc2MTI2MCwiZXhwIjoxNzE5NzYyNDYwfQ.K94_ZEDvfGVzze52iGwYj0dZ2ww62rFJgkxDj08or8Y
ETag: W/"16d-JKufPCs6+CaHvsxx25FV+pU3I/0"
CF-Cache-Status: DYNAMIC
Report-To: {"endpoints":[{"url":"https:\/\/a.nel.cloudflare.com\/report\/v4?s=JWAknpKKct%2FhBwgx9Wz0LUZWbNchrSTfxdTUCYwIrJtY0XTSlIFya%2FLsqu1UPChUeE%2BswX6X5Etx5uYBbiZZieoOmuSGs7bf6eSaf5rwQW38JzX9Jh157ujfQ%2FeaTgoOnm8rfJQsjBJ9av40nAASTWC3VaM%3D"}],"group":"cf-nel","max_age":604800}
NEL: {"success_fraction":0,"report_to":"cf-nel","max_age":604800}
Server: cloudflare
CF-RAY: 89bf2e844f8d63ea-LHR
Content-Encoding: gzip
alt-svc: h3=":443"; ma=86400

{
    "success": true,
    "user": {
        "email": "pygxqjhblf@ya.ru",
        "name": "OyQVkCuPHL"
    },
    "accessToken": "Bearer eyJhbGciOiJIUzI1NiIsInR5cCI6IkpXVCJ9.eyJpZCI6IjY2ODE3OTZjOWVkMjgwMDAxYjQ1OTYwNSIsImlhdCI6MTcxOTc2MTI2MCwiZXhwIjoxNzE5NzYyNDYwfQ.K94_ZEDvfGVzze52iGwYj0dZ2ww62rFJgkxDj08or8Y",
    "refreshToken": "438cb80b6599b19dd79d02f8aa1c9e6eef7fff33ec126108ff45eb1a08d58b69f1a8732e72f82d5e"
}
HTTP/1.1 200 OK
Date: Sun, 30 Jun 2024 15:27:40 GMT
Content-Type: application/json; charset=utf-8
Transfer-Encoding: chunked
Connection: keep-alive
X-Powered-By: Express
Access-Control-Allow-Origin: *
authorization: Bearer eyJhbGciOiJIUzI1NiIsInR5cCI6IkpXVCJ9.eyJpZCI6IjY2ODE3OTZjOWVkMjgwMDAxYjQ1OTYwNSIsImlhdCI6MTcxOTc2MTI2MCwiZXhwIjoxNzE5NzYyNDYwfQ.K94_ZEDvfGVzze52iGwYj0dZ2ww62rFJgkxDj08or8Y
ETag: W/"16d-JKufPCs6+CaHvsxx25FV+pU3I/0"
CF-Cache-Status: DYNAMIC
Report-To: {"endpoints":[{"url":"https:\/\/a.nel.cloudflare.com\/report\/v4?s=JWAknpKKct%2FhBwgx9Wz0LUZWbNchrSTfxdTUCYwIrJtY0XTSlIFya%2FLsqu1UPChUeE%2BswX6X5Etx5uYBbiZZieoOmuSGs7bf6eSaf5rwQW38JzX9Jh157ujfQ%2FeaTgoOnm8rfJQsjBJ9av40nAASTWC3VaM%3D"}],"group":"cf-nel","max_age":604800}
NEL: {"success_fraction":0,"report_to":"cf-nel","max_age":604800}
Server: cloudflare
CF-RAY: 89bf2e844f8d63ea-LHR
Content-Encoding: gzip
alt-svc: h3=":443"; ma=86400

{
    "success": true,
    "user": {
        "email": "pygxqjhblf@ya.ru",
        "name": "OyQVkCuPHL"
    },
    "accessToken": "Bearer eyJhbGciOiJIUzI1NiIsInR5cCI6IkpXVCJ9.eyJpZCI6IjY2ODE3OTZjOWVkMjgwMDAxYjQ1OTYwNSIsImlhdCI6MTcxOTc2MTI2MCwiZXhwIjoxNzE5NzYyNDYwfQ.K94_ZEDvfGVzze52iGwYj0dZ2ww62rFJgkxDj08or8Y",
    "refreshToken": "438cb80b6599b19dd79d02f8aa1c9e6eef7fff33ec126108ff45eb1a08d58b69f1a8732e72f82d5e"
}
HTTP/1.1 200 OK
Date: Sun, 30 Jun 2024 15:27:40 GMT
Content-Type: application/json; charset=utf-8
Transfer-Encoding: chunked
Connection: keep-alive
X-Powered-By: Express
Access-Control-Allow-Origin: *
authorization: Bearer eyJhbGciOiJIUzI1NiIsInR5cCI6IkpXVCJ9.eyJpZCI6IjY2ODE3OTZjOWVkMjgwMDAxYjQ1OTYwNSIsImlhdCI6MTcxOTc2MTI2MCwiZXhwIjoxNzE5NzYyNDYwfQ.K94_ZEDvfGVzze52iGwYj0dZ2ww62rFJgkxDj08or8Y
ETag: W/"16d-JKufPCs6+CaHvsxx25FV+pU3I/0"
CF-Cache-Status: DYNAMIC
Report-To: {"endpoints":[{"url":"https:\/\/a.nel.cloudflare.com\/report\/v4?s=JWAknpKKct%2FhBwgx9Wz0LUZWbNchrSTfxdTUCYwIrJtY0XTSlIFya%2FLsqu1UPChUeE%2BswX6X5Etx5uYBbiZZieoOmuSGs7bf6eSaf5rwQW38JzX9Jh157ujfQ%2FeaTgoOnm8rfJQsjBJ9av40nAASTWC3VaM%3D"}],"group":"cf-nel","max_age":604800}
NEL: {"success_fraction":0,"report_to":"cf-nel","max_age":604800}
Server: cloudflare
CF-RAY: 89bf2e844f8d63ea-LHR
Content-Encoding: gzip
alt-svc: h3=":443"; ma=86400

{
    "success": true,
    "user": {
        "email": "pygxqjhblf@ya.ru",
        "name": "OyQVkCuPHL"
    },
    "accessToken": "Bearer eyJhbGciOiJIUzI1NiIsInR5cCI6IkpXVCJ9.eyJpZCI6IjY2ODE3OTZjOWVkMjgwMDAxYjQ1OTYwNSIsImlhdCI6MTcxOTc2MTI2MCwiZXhwIjoxNzE5NzYyNDYwfQ.K94_ZEDvfGVzze52iGwYj0dZ2ww62rFJgkxDj08or8Y",
    "refreshToken": "438cb80b6599b19dd79d02f8aa1c9e6eef7fff33ec126108ff45eb1a08d58b69f1a8732e72f82d5e"
}
HTTP/1.1 200 OK
Date: Sun, 30 Jun 2024 15:27:40 GMT
Content-Type: application/json; charset=utf-8
Transfer-Encoding: chunked
Connection: keep-alive
X-Powered-By: Express
Access-Control-Allow-Origin: *
authorization: Bearer eyJhbGciOiJIUzI1NiIsInR5cCI6IkpXVCJ9.eyJpZCI6IjY2ODE3OTZjOWVkMjgwMDAxYjQ1OTYwNSIsImlhdCI6MTcxOTc2MTI2MCwiZXhwIjoxNzE5NzYyNDYwfQ.K94_ZEDvfGVzze52iGwYj0dZ2ww62rFJgkxDj08or8Y
ETag: W/"16d-JKufPCs6+CaHvsxx25FV+pU3I/0"
CF-Cache-Status: DYNAMIC
Report-To: {"endpoints":[{"url":"https:\/\/a.nel.cloudflare.com\/report\/v4?s=JWAknpKKct%2FhBwgx9Wz0LUZWbNchrSTfxdTUCYwIrJtY0XTSlIFya%2FLsqu1UPChUeE%2BswX6X5Etx5uYBbiZZieoOmuSGs7bf6eSaf5rwQW38JzX9Jh157ujfQ%2FeaTgoOnm8rfJQsjBJ9av40nAASTWC3VaM%3D"}],"group":"cf-nel","max_age":604800}
NEL: {"success_fraction":0,"report_to":"cf-nel","max_age":604800}
Server: cloudflare
CF-RAY: 89bf2e844f8d63ea-LHR
Content-Encoding: gzip
alt-svc: h3=":443"; ma=86400

{
    "success": true,
    "user": {
        "email": "pygxqjhblf@ya.ru",
        "name": "OyQVkCuPHL"
    },
    "accessToken": "Bearer eyJhbGciOiJIUzI1NiIsInR5cCI6IkpXVCJ9.eyJpZCI6IjY2ODE3OTZjOWVkMjgwMDAxYjQ1OTYwNSIsImlhdCI6MTcxOTc2MTI2MCwiZXhwIjoxNzE5NzYyNDYwfQ.K94_ZEDvfGVzze52iGwYj0dZ2ww62rFJgkxDj08or8Y",
    "refreshToken": "438cb80b6599b19dd79d02f8aa1c9e6eef7fff33ec126108ff45eb1a08d58b69f1a8732e72f82d5e"
}
HTTP/1.1 200 OK
Date: Sun, 30 Jun 2024 15:27:40 GMT
Content-Type: application/json; charset=utf-8
Transfer-Encoding: chunked
Connection: keep-alive
X-Powered-By: Express
Access-Control-Allow-Origin: *
authorization: Bearer eyJhbGciOiJIUzI1NiIsInR5cCI6IkpXVCJ9.eyJpZCI6IjY2ODE3OTZjOWVkMjgwMDAxYjQ1OTYwNSIsImlhdCI6MTcxOTc2MTI2MCwiZXhwIjoxNzE5NzYyNDYwfQ.K94_ZEDvfGVzze52iGwYj0dZ2ww62rFJgkxDj08or8Y
ETag: W/"16d-JKufPCs6+CaHvsxx25FV+pU3I/0"
CF-Cache-Status: DYNAMIC
Report-To: {"endpoints":[{"url":"https:\/\/a.nel.cloudflare.com\/report\/v4?s=JWAknpKKct%2FhBwgx9Wz0LUZWbNchrSTfxdTUCYwIrJtY0XTSlIFya%2FLsqu1UPChUeE%2BswX6X5Etx5uYBbiZZieoOmuSGs7bf6eSaf5rwQW38JzX9Jh157ujfQ%2FeaTgoOnm8rfJQsjBJ9av40nAASTWC3VaM%3D"}],"group":"cf-nel","max_age":604800}
NEL: {"success_fraction":0,"report_to":"cf-nel","max_age":604800}
Server: cloudflare
CF-RAY: 89bf2e844f8d63ea-LHR
Content-Encoding: gzip
alt-svc: h3=":443"; ma=86400

{
    "success": true,
    "user": {
        "email": "pygxqjhblf@ya.ru",
        "name": "OyQVkCuPHL"
    },
    "accessToken": "Bearer eyJhbGciOiJIUzI1NiIsInR5cCI6IkpXVCJ9.eyJpZCI6IjY2ODE3OTZjOWVkMjgwMDAxYjQ1OTYwNSIsImlhdCI6MTcxOTc2MTI2MCwiZXhwIjoxNzE5NzYyNDYwfQ.K94_ZEDvfGVzze52iGwYj0dZ2ww62rFJgkxDj08or8Y",
    "refreshToken": "438cb80b6599b19dd79d02f8aa1c9e6eef7fff33ec126108ff45eb1a08d58b69f1a8732e72f82d5e"
}
HTTP/1.1 200 OK
Date: Sun, 30 Jun 2024 15:27:40 GMT
Content-Type: application/json; charset=utf-8
Transfer-Encoding: chunked
Connection: keep-alive
X-Powered-By: Express
Access-Control-Allow-Origin: *
authorization: Bearer eyJhbGciOiJIUzI1NiIsInR5cCI6IkpXVCJ9.eyJpZCI6IjY2ODE3OTZjOWVkMjgwMDAxYjQ1OTYwNSIsImlhdCI6MTcxOTc2MTI2MCwiZXhwIjoxNzE5NzYyNDYwfQ.K94_ZEDvfGVzze52iGwYj0dZ2ww62rFJgkxDj08or8Y
ETag: W/"16d-JKufPCs6+CaHvsxx25FV+pU3I/0"
CF-Cache-Status: DYNAMIC
Report-To: {"endpoints":[{"url":"https:\/\/a.nel.cloudflare.com\/report\/v4?s=JWAknpKKct%2FhBwgx9Wz0LUZWbNchrSTfxdTUCYwIrJtY0XTSlIFya%2FLsqu1UPChUeE%2BswX6X5Etx5uYBbiZZieoOmuSGs7bf6eSaf5rwQW38JzX9Jh157ujfQ%2FeaTgoOnm8rfJQsjBJ9av40nAASTWC3VaM%3D"}],"group":"cf-nel","max_age":604800}
NEL: {"success_fraction":0,"report_to":"cf-nel","max_age":604800}
Server: cloudflare
CF-RAY: 89bf2e844f8d63ea-LHR
Content-Encoding: gzip
alt-svc: h3=":443"; ma=86400

{
    "success": true,
    "user": {
        "email": "pygxqjhblf@ya.ru",
        "name": "OyQVkCuPHL"
    },
    "accessToken": "Bearer eyJhbGciOiJIUzI1NiIsInR5cCI6IkpXVCJ9.eyJpZCI6IjY2ODE3OTZjOWVkMjgwMDAxYjQ1OTYwNSIsImlhdCI6MTcxOTc2MTI2MCwiZXhwIjoxNzE5NzYyNDYwfQ.K94_ZEDvfGVzze52iGwYj0dZ2ww62rFJgkxDj08or8Y",
    "refreshToken": "438cb80b6599b19dd79d02f8aa1c9e6eef7fff33ec126108ff45eb1a08d58b69f1a8732e72f82d5e"
}
HTTP/1.1 200 OK
Date: Sun, 30 Jun 2024 15:27:40 GMT
Content-Type: application/json; charset=utf-8
Transfer-Encoding: chunked
Connection: keep-alive
X-Powered-By: Express
Access-Control-Allow-Origin: *
authorization: Bearer eyJhbGciOiJIUzI1NiIsInR5cCI6IkpXVCJ9.eyJpZCI6IjY2ODE3OTZjOWVkMjgwMDAxYjQ1OTYwNSIsImlhdCI6MTcxOTc2MTI2MCwiZXhwIjoxNzE5NzYyNDYwfQ.K94_ZEDvfGVzze52iGwYj0dZ2ww62rFJgkxDj08or8Y
ETag: W/"16d-JKufPCs6+CaHvsxx25FV+pU3I/0"
CF-Cache-Status: DYNAMIC
Report-To: {"endpoints":[{"url":"https:\/\/a.nel.cloudflare.com\/report\/v4?s=JWAknpKKct%2FhBwgx9Wz0LUZWbNchrSTfxdTUCYwIrJtY0XTSlIFya%2FLsqu1UPChUeE%2BswX6X5Etx5uYBbiZZieoOmuSGs7bf6eSaf5rwQW38JzX9Jh157ujfQ%2FeaTgoOnm8rfJQsjBJ9av40nAASTWC3VaM%3D"}],"group":"cf-nel","max_age":604800}
NEL: {"success_fraction":0,"report_to":"cf-nel","max_age":604800}
Server: cloudflare
CF-RAY: 89bf2e844f8d63ea-LHR
Content-Encoding: gzip
alt-svc: h3=":443"; ma=86400

{
    "success": true,
    "user": {
        "email": "pygxqjhblf@ya.ru",
        "name": "OyQVkCuPHL"
    },
    "accessToken": "Bearer eyJhbGciOiJIUzI1NiIsInR5cCI6IkpXVCJ9.eyJpZCI6IjY2ODE3OTZjOWVkMjgwMDAxYjQ1OTYwNSIsImlhdCI6MTcxOTc2MTI2MCwiZXhwIjoxNzE5NzYyNDYwfQ.K94_ZEDvfGVzze52iGwYj0dZ2ww62rFJgkxDj08or8Y",
    "refreshToken": "438cb80b6599b19dd79d02f8aa1c9e6eef7fff33ec126108ff45eb1a08d58b69f1a8732e72f82d5e"
}
HTTP/1.1 200 OK
Date: Sun, 30 Jun 2024 15:27:40 GMT
Content-Type: application/json; charset=utf-8
Transfer-Encoding: chunked
Connection: keep-alive
X-Powered-By: Express
Access-Control-Allow-Origin: *
authorization: Bearer eyJhbGciOiJIUzI1NiIsInR5cCI6IkpXVCJ9.eyJpZCI6IjY2ODE3OTZjOWVkMjgwMDAxYjQ1OTYwNSIsImlhdCI6MTcxOTc2MTI2MCwiZXhwIjoxNzE5NzYyNDYwfQ.K94_ZEDvfGVzze52iGwYj0dZ2ww62rFJgkxDj08or8Y
ETag: W/"16d-JKufPCs6+CaHvsxx25FV+pU3I/0"
CF-Cache-Status: DYNAMIC
Report-To: {"endpoints":[{"url":"https:\/\/a.nel.cloudflare.com\/report\/v4?s=JWAknpKKct%2FhBwgx9Wz0LUZWbNchrSTfxdTUCYwIrJtY0XTSlIFya%2FLsqu1UPChUeE%2BswX6X5Etx5uYBbiZZieoOmuSGs7bf6eSaf5rwQW38JzX9Jh157ujfQ%2FeaTgoOnm8rfJQsjBJ9av40nAASTWC3VaM%3D"}],"group":"cf-nel","max_age":604800}
NEL: {"success_fraction":0,"report_to":"cf-nel","max_age":604800}
Server: cloudflare
CF-RAY: 89bf2e844f8d63ea-LHR
Content-Encoding: gzip
alt-svc: h3=":443"; ma=86400

{
    "success": true,
    "user": {
        "email": "pygxqjhblf@ya.ru",
        "name": "OyQVkCuPHL"
    },
    "accessToken": "Bearer eyJhbGciOiJIUzI1NiIsInR5cCI6IkpXVCJ9.eyJpZCI6IjY2ODE3OTZjOWVkMjgwMDAxYjQ1OTYwNSIsImlhdCI6MTcxOTc2MTI2MCwiZXhwIjoxNzE5NzYyNDYwfQ.K94_ZEDvfGVzze52iGwYj0dZ2ww62rFJgkxDj08or8Y",
    "refreshToken": "438cb80b6599b19dd79d02f8aa1c9e6eef7fff33ec126108ff45eb1a08d58b69f1a8732e72f82d5e"
}
HTTP/1.1 200 OK
Date: Sun, 30 Jun 2024 15:27:40 GMT
Content-Type: application/json; charset=utf-8
Transfer-Encoding: chunked
Connection: keep-alive
X-Powered-By: Express
Access-Control-Allow-Origin: *
authorization: Bearer eyJhbGciOiJIUzI1NiIsInR5cCI6IkpXVCJ9.eyJpZCI6IjY2ODE3OTZjOWVkMjgwMDAxYjQ1OTYwNSIsImlhdCI6MTcxOTc2MTI2MCwiZXhwIjoxNzE5NzYyNDYwfQ.K94_ZEDvfGVzze52iGwYj0dZ2ww62rFJgkxDj08or8Y
ETag: W/"16d-JKufPCs6+CaHvsxx25FV+pU3I/0"
CF-Cache-Status: DYNAMIC
Report-To: {"endpoints":[{"url":"https:\/\/a.nel.cloudflare.com\/report\/v4?s=JWAknpKKct%2FhBwgx9Wz0LUZWbNchrSTfxdTUCYwIrJtY0XTSlIFya%2FLsqu1UPChUeE%2BswX6X5Etx5uYBbiZZieoOmuSGs7bf6eSaf5rwQW38JzX9Jh157ujfQ%2FeaTgoOnm8rfJQsjBJ9av40nAASTWC3VaM%3D"}],"group":"cf-nel","max_age":604800}
NEL: {"success_fraction":0,"report_to":"cf-nel","max_age":604800}
Server: cloudflare
CF-RAY: 89bf2e844f8d63ea-LHR
Content-Encoding: gzip
alt-svc: h3=":443"; ma=86400

{
    "success": true,
    "user": {
        "email": "pygxqjhblf@ya.ru",
        "name": "OyQVkCuPHL"
    },
    "accessToken": "Bearer eyJhbGciOiJIUzI1NiIsInR5cCI6IkpXVCJ9.eyJpZCI6IjY2ODE3OTZjOWVkMjgwMDAxYjQ1OTYwNSIsImlhdCI6MTcxOTc2MTI2MCwiZXhwIjoxNzE5NzYyNDYwfQ.K94_ZEDvfGVzze52iGwYj0dZ2ww62rFJgkxDj08or8Y",
    "refreshToken": "438cb80b6599b19dd79d02f8aa1c9e6eef7fff33ec126108ff45eb1a08d58b69f1a8732e72f82d5e"
}
HTTP/1.1 200 OK
Date: Sun, 30 Jun 2024 15:27:40 GMT
Content-Type: application/json; charset=utf-8
Transfer-Encoding: chunked
Connection: keep-alive
X-Powered-By: Express
Access-Control-Allow-Origin: *
authorization: Bearer eyJhbGciOiJIUzI1NiIsInR5cCI6IkpXVCJ9.eyJpZCI6IjY2ODE3OTZjOWVkMjgwMDAxYjQ1OTYwNSIsImlhdCI6MTcxOTc2MTI2MCwiZXhwIjoxNzE5NzYyNDYwfQ.K94_ZEDvfGVzze52iGwYj0dZ2ww62rFJgkxDj08or8Y
ETag: W/"16d-JKufPCs6+CaHvsxx25FV+pU3I/0"
CF-Cache-Status: DYNAMIC
Report-To: {"endpoints":[{"url":"https:\/\/a.nel.cloudflare.com\/report\/v4?s=JWAknpKKct%2FhBwgx9Wz0LUZWbNchrSTfxdTUCYwIrJtY0XTSlIFya%2FLsqu1UPChUeE%2BswX6X5Etx5uYBbiZZieoOmuSGs7bf6eSaf5rwQW38JzX9Jh157ujfQ%2FeaTgoOnm8rfJQsjBJ9av40nAASTWC3VaM%3D"}],"group":"cf-nel","max_age":604800}
NEL: {"success_fraction":0,"report_to":"cf-nel","max_age":604800}
Server: cloudflare
CF-RAY: 89bf2e844f8d63ea-LHR
Content-Encoding: gzip
alt-svc: h3=":443"; ma=86400

{
    "success": true,
    "user": {
        "email": "pygxqjhblf@ya.ru",
        "name": "OyQVkCuPHL"
    },
    "accessToken": "Bearer eyJhbGciOiJIUzI1NiIsInR5cCI6IkpXVCJ9.eyJpZCI6IjY2ODE3OTZjOWVkMjgwMDAxYjQ1OTYwNSIsImlhdCI6MTcxOTc2MTI2MCwiZXhwIjoxNzE5NzYyNDYwfQ.K94_ZEDvfGVzze52iGwYj0dZ2ww62rFJgkxDj08or8Y",
    "refreshToken": "438cb80b6599b19dd79d02f8aa1c9e6eef7fff33ec126108ff45eb1a08d58b69f1a8732e72f82d5e"
}
HTTP/1.1 200 OK
Date: Sun, 30 Jun 2024 15:27:40 GMT
Content-Type: application/json; charset=utf-8
Transfer-Encoding: chunked
Connection: keep-alive
X-Powered-By: Express
Access-Control-Allow-Origin: *
authorization: Bearer eyJhbGciOiJIUzI1NiIsInR5cCI6IkpXVCJ9.eyJpZCI6IjY2ODE3OTZjOWVkMjgwMDAxYjQ1OTYwNSIsImlhdCI6MTcxOTc2MTI2MCwiZXhwIjoxNzE5NzYyNDYwfQ.K94_ZEDvfGVzze52iGwYj0dZ2ww62rFJgkxDj08or8Y
ETag: W/"16d-JKufPCs6+CaHvsxx25FV+pU3I/0"
CF-Cache-Status: DYNAMIC
Report-To: {"endpoints":[{"url":"https:\/\/a.nel.cloudflare.com\/report\/v4?s=JWAknpKKct%2FhBwgx9Wz0LUZWbNchrSTfxdTUCYwIrJtY0XTSlIFya%2FLsqu1UPChUeE%2BswX6X5Etx5uYBbiZZieoOmuSGs7bf6eSaf5rwQW38JzX9Jh157ujfQ%2FeaTgoOnm8rfJQsjBJ9av40nAASTWC3VaM%3D"}],"group":"cf-nel","max_age":604800}
NEL: {"success_fraction":0,"report_to":"cf-nel","max_age":604800}
Server: cloudflare
CF-RAY: 89bf2e844f8d63ea-LHR
Content-Encoding: gzip
alt-svc: h3=":443"; ma=86400

{
    "success": true,
    "user": {
        "email": "pygxqjhblf@ya.ru",
        "name": "OyQVkCuPHL"
    },
    "accessToken": "Bearer eyJhbGciOiJIUzI1NiIsInR5cCI6IkpXVCJ9.eyJpZCI6IjY2ODE3OTZjOWVkMjgwMDAxYjQ1OTYwNSIsImlhdCI6MTcxOTc2MTI2MCwiZXhwIjoxNzE5NzYyNDYwfQ.K94_ZEDvfGVzze52iGwYj0dZ2ww62rFJgkxDj08or8Y",
    "refreshToken": "438cb80b6599b19dd79d02f8aa1c9e6eef7fff33ec126108ff45eb1a08d58b69f1a8732e72f82d5e"
}
HTTP/1.1 200 OK
Date: Sun, 30 Jun 2024 15:27:40 GMT
Content-Type: application/json; charset=utf-8
Transfer-Encoding: chunked
Connection: keep-alive
X-Powered-By: Express
Access-Control-Allow-Origin: *
authorization: Bearer eyJhbGciOiJIUzI1NiIsInR5cCI6IkpXVCJ9.eyJpZCI6IjY2ODE3OTZjOWVkMjgwMDAxYjQ1OTYwNSIsImlhdCI6MTcxOTc2MTI2MCwiZXhwIjoxNzE5NzYyNDYwfQ.K94_ZEDvfGVzze52iGwYj0dZ2ww62rFJgkxDj08or8Y
ETag: W/"16d-JKufPCs6+CaHvsxx25FV+pU3I/0"
CF-Cache-Status: DYNAMIC
Report-To: {"endpoints":[{"url":"https:\/\/a.nel.cloudflare.com\/report\/v4?s=JWAknpKKct%2FhBwgx9Wz0LUZWbNchrSTfxdTUCYwIrJtY0XTSlIFya%2FLsqu1UPChUeE%2BswX6X5Etx5uYBbiZZieoOmuSGs7bf6eSaf5rwQW38JzX9Jh157ujfQ%2FeaTgoOnm8rfJQsjBJ9av40nAASTWC3VaM%3D"}],"group":"cf-nel","max_age":604800}
NEL: {"success_fraction":0,"report_to":"cf-nel","max_age":604800}
Server: cloudflare
CF-RAY: 89bf2e844f8d63ea-LHR
Content-Encoding: gzip
alt-svc: h3=":443"; ma=86400

{
    "success": true,
    "user": {
        "email": "pygxqjhblf@ya.ru",
        "name": "OyQVkCuPHL"
    },
    "accessToken": "Bearer eyJhbGciOiJIUzI1NiIsInR5cCI6IkpXVCJ9.eyJpZCI6IjY2ODE3OTZjOWVkMjgwMDAxYjQ1OTYwNSIsImlhdCI6MTcxOTc2MTI2MCwiZXhwIjoxNzE5NzYyNDYwfQ.K94_ZEDvfGVzze52iGwYj0dZ2ww62rFJgkxDj08or8Y",
    "refreshToken": "438cb80b6599b19dd79d02f8aa1c9e6eef7fff33ec126108ff45eb1a08d58b69f1a8732e72f82d5e"
}
HTTP/1.1 200 OK
Date: Sun, 30 Jun 2024 15:27:40 GMT
Content-Type: application/json; charset=utf-8
Transfer-Encoding: chunked
Connection: keep-alive
X-Powered-By: Express
Access-Control-Allow-Origin: *
authorization: Bearer eyJhbGciOiJIUzI1NiIsInR5cCI6IkpXVCJ9.eyJpZCI6IjY2ODE3OTZjOWVkMjgwMDAxYjQ1OTYwNSIsImlhdCI6MTcxOTc2MTI2MCwiZXhwIjoxNzE5NzYyNDYwfQ.K94_ZEDvfGVzze52iGwYj0dZ2ww62rFJgkxDj08or8Y
ETag: W/"16d-JKufPCs6+CaHvsxx25FV+pU3I/0"
CF-Cache-Status: DYNAMIC
Report-To: {"endpoints":[{"url":"https:\/\/a.nel.cloudflare.com\/report\/v4?s=JWAknpKKct%2FhBwgx9Wz0LUZWbNchrSTfxdTUCYwIrJtY0XTSlIFya%2FLsqu1UPChUeE%2BswX6X5Etx5uYBbiZZieoOmuSGs7bf6eSaf5rwQW38JzX9Jh157ujfQ%2FeaTgoOnm8rfJQsjBJ9av40nAASTWC3VaM%3D"}],"group":"cf-nel","max_age":604800}
NEL: {"success_fraction":0,"report_to":"cf-nel","max_age":604800}
Server: cloudflare
CF-RAY: 89bf2e844f8d63ea-LHR
Content-Encoding: gzip
alt-svc: h3=":443"; ma=86400

{
    "success": true,
    "user": {
        "email": "pygxqjhblf@ya.ru",
        "name": "OyQVkCuPHL"
    },
    "accessToken": "Bearer eyJhbGciOiJIUzI1NiIsInR5cCI6IkpXVCJ9.eyJpZCI6IjY2ODE3OTZjOWVkMjgwMDAxYjQ1OTYwNSIsImlhdCI6MTcxOTc2MTI2MCwiZXhwIjoxNzE5NzYyNDYwfQ.K94_ZEDvfGVzze52iGwYj0dZ2ww62rFJgkxDj08or8Y",
    "refreshToken": "438cb80b6599b19dd79d02f8aa1c9e6eef7fff33ec126108ff45eb1a08d58b69f1a8732e72f82d5e"
}
Request method:	POST
Request URI:	https://stellarburgers.nomoreparties.site/api/auth/login
Proxy:			<none>
Request params:	<none>
Query params:	<none>
Form params:	<none>
Path params:	<none>
Headers:		Accept=*/*
				Content-Type=application/json
Cookies:		<none>
Multiparts:		<none>
Body:
{
    "email": "PYGxqjhBLF@ya.ru",
    "password": "rPOxyODxdc",
    "name": "OyQVkCuPHL"
}
Request method:	POST
Request URI:	https://stellarburgers.nomoreparties.site/api/auth/login
Proxy:			<none>
Request params:	<none>
Query params:	<none>
Form params:	<none>
Path params:	<none>
Headers:		Accept=*/*
				Content-Type=application/json
Cookies:		<none>
Multiparts:		<none>
Body:
{
    "email": "PYGxqjhBLF@ya.ru",
    "password": "rPOxyODxdc",
    "name": "OyQVkCuPHL"
}
Request method:	POST
Request URI:	https://stellarburgers.nomoreparties.site/api/auth/login
Proxy:			<none>
Request params:	<none>
Query params:	<none>
Form params:	<none>
Path params:	<none>
Headers:		Accept=*/*
				Content-Type=application/json
Cookies:		<none>
Multiparts:		<none>
Body:
{
    "email": "PYGxqjhBLF@ya.ru",
    "password": "rPOxyODxdc",
    "name": "OyQVkCuPHL"
}
Request method:	POST
Request URI:	https://stellarburgers.nomoreparties.site/api/auth/login
Proxy:			<none>
Request params:	<none>
Query params:	<none>
Form params:	<none>
Path params:	<none>
Headers:		Accept=*/*
				Content-Type=application/json
Cookies:		<none>
Multiparts:		<none>
Body:
{
    "email": "PYGxqjhBLF@ya.ru",
    "password": "rPOxyODxdc",
    "name": "OyQVkCuPHL"
}
Request method:	POST
Request URI:	https://stellarburgers.nomoreparties.site/api/auth/login
Proxy:			<none>
Request params:	<none>
Query params:	<none>
Form params:	<none>
Path params:	<none>
Headers:		Accept=*/*
				Content-Type=application/json
Cookies:		<none>
Multiparts:		<none>
Body:
{
    "email": "PYGxqjhBLF@ya.ru",
    "password": "rPOxyODxdc",
    "name": "OyQVkCuPHL"
}
Request method:	POST
Request URI:	https://stellarburgers.nomoreparties.site/api/auth/login
Proxy:			<none>
Request params:	<none>
Query params:	<none>
Form params:	<none>
Path params:	<none>
Headers:		Accept=*/*
				Content-Type=application/json
Cookies:		<none>
Multiparts:		<none>
Body:
{
    "email": "PYGxqjhBLF@ya.ru",
    "password": "rPOxyODxdc",
    "name": "OyQVkCuPHL"
}
Request method:	POST
Request URI:	https://stellarburgers.nomoreparties.site/api/auth/login
Proxy:			<none>
Request params:	<none>
Query params:	<none>
Form params:	<none>
Path params:	<none>
Headers:		Accept=*/*
				Content-Type=application/json
Cookies:		<none>
Multiparts:		<none>
Body:
{
    "email": "PYGxqjhBLF@ya.ru",
    "password": "rPOxyODxdc",
    "name": "OyQVkCuPHL"
}
Request method:	POST
Request URI:	https://stellarburgers.nomoreparties.site/api/auth/login
Proxy:			<none>
Request params:	<none>
Query params:	<none>
Form params:	<none>
Path params:	<none>
Headers:		Accept=*/*
				Content-Type=application/json
Cookies:		<none>
Multiparts:		<none>
Body:
{
    "email": "PYGxqjhBLF@ya.ru",
    "password": "rPOxyODxdc",
    "name": "OyQVkCuPHL"
}
Request method:	POST
Request URI:	https://stellarburgers.nomoreparties.site/api/auth/login
Proxy:			<none>
Request params:	<none>
Query params:	<none>
Form params:	<none>
Path params:	<none>
Headers:		Accept=*/*
				Content-Type=application/json
Cookies:		<none>
Multiparts:		<none>
Body:
{
    "email": "PYGxqjhBLF@ya.ru",
    "password": "rPOxyODxdc",
    "name": "OyQVkCuPHL"
}
Request method:	POST
Request URI:	https://stellarburgers.nomoreparties.site/api/auth/login
Proxy:			<none>
Request params:	<none>
Query params:	<none>
Form params:	<none>
Path params:	<none>
Headers:		Accept=*/*
				Content-Type=application/json
Cookies:		<none>
Multiparts:		<none>
Body:
{
    "email": "PYGxqjhBLF@ya.ru",
    "password": "rPOxyODxdc",
    "name": "OyQVkCuPHL"
}
Request method:	POST
Request URI:	https://stellarburgers.nomoreparties.site/api/auth/login
Proxy:			<none>
Request params:	<none>
Query params:	<none>
Form params:	<none>
Path params:	<none>
Headers:		Accept=*/*
				Content-Type=application/json
Cookies:		<none>
Multiparts:		<none>
Body:
{
    "email": "PYGxqjhBLF@ya.ru",
    "password": "rPOxyODxdc",
    "name": "OyQVkCuPHL"
}
Request method:	POST
Request URI:	https://stellarburgers.nomoreparties.site/api/auth/login
Proxy:			<none>
Request params:	<none>
Query params:	<none>
Form params:	<none>
Path params:	<none>
Headers:		Accept=*/*
				Content-Type=application/json
Cookies:		<none>
Multiparts:		<none>
Body:
{
    "email": "PYGxqjhBLF@ya.ru",
    "password": "rPOxyODxdc",
    "name": "OyQVkCuPHL"
}
Request method:	POST
Request URI:	https://stellarburgers.nomoreparties.site/api/auth/login
Proxy:			<none>
Request params:	<none>
Query params:	<none>
Form params:	<none>
Path params:	<none>
Headers:		Accept=*/*
				Content-Type=application/json
Cookies:		<none>
Multiparts:		<none>
Body:
{
    "email": "PYGxqjhBLF@ya.ru",
    "password": "rPOxyODxdc",
    "name": "OyQVkCuPHL"
}
Request method:	POST
Request URI:	https://stellarburgers.nomoreparties.site/api/auth/login
Proxy:			<none>
Request params:	<none>
Query params:	<none>
Form params:	<none>
Path params:	<none>
Headers:		Accept=*/*
				Content-Type=application/json
Cookies:		<none>
Multiparts:		<none>
Body:
{
    "email": "PYGxqjhBLF@ya.ru",
    "password": "rPOxyODxdc",
    "name": "OyQVkCuPHL"
}
Request method:	POST
Request URI:	https://stellarburgers.nomoreparties.site/api/auth/login
Proxy:			<none>
Request params:	<none>
Query params:	<none>
Form params:	<none>
Path params:	<none>
Headers:		Accept=*/*
				Content-Type=application/json
Cookies:		<none>
Multiparts:		<none>
Body:
{
    "email": "PYGxqjhBLF@ya.ru",
    "password": "rPOxyODxdc",
    "name": "OyQVkCuPHL"
}
Request method:	POST
Request URI:	https://stellarburgers.nomoreparties.site/api/auth/login
Proxy:			<none>
Request params:	<none>
Query params:	<none>
Form params:	<none>
Path params:	<none>
Headers:		Accept=*/*
				Content-Type=application/json
Cookies:		<none>
Multiparts:		<none>
Body:
{
    "email": "PYGxqjhBLF@ya.ru",
    "password": "rPOxyODxdc",
    "name": "OyQVkCuPHL"
}
Request method:	POST
Request URI:	https://stellarburgers.nomoreparties.site/api/auth/login
Proxy:			<none>
Request params:	<none>
Query params:	<none>
Form params:	<none>
Path params:	<none>
Headers:		Accept=*/*
				Content-Type=application/json
Cookies:		<none>
Multiparts:		<none>
Body:
{
    "email": "PYGxqjhBLF@ya.ru",
    "password": "rPOxyODxdc",
    "name": "OyQVkCuPHL"
}
Request method:	POST
Request URI:	https://stellarburgers.nomoreparties.site/api/auth/login
Proxy:			<none>
Request params:	<none>
Query params:	<none>
Form params:	<none>
Path params:	<none>
Headers:		Accept=*/*
				Content-Type=application/json
Cookies:		<none>
Multiparts:		<none>
Body:
{
    "email": "PYGxqjhBLF@ya.ru",
    "password": "rPOxyODxdc",
    "name": "OyQVkCuPHL"
}
HTTP/1.1 200 OK
Date: Sun, 30 Jun 2024 15:27:40 GMT
Content-Type: application/json; charset=utf-8
Transfer-Encoding: chunked
Connection: keep-alive
X-Powered-By: Express
Access-Control-Allow-Origin: *
ETag: W/"16d-DD3Iqh1Lk6i3Jv9IdIu2372qj+g"
CF-Cache-Status: DYNAMIC
Report-To: {"endpoints":[{"url":"https:\/\/a.nel.cloudflare.com\/report\/v4?s=TD4US2LapPoMi1PQAdzIRwaCxDXeTGx6YxU3AVjUeXyW114xVEtq3H6d2qEdEc4YIklSiktbCyjxOsXncQMKqpLxvTrhbeUbLXr6mYpR8kb%2B%2B53P3OLkdbu6vIrilR2b1yy%2FpLwhftS0NJMmXMuPvUeMjec%3D"}],"group":"cf-nel","max_age":604800}
NEL: {"success_fraction":0,"report_to":"cf-nel","max_age":604800}
Server: cloudflare
CF-RAY: 89bf2e868ead1c08-AMS
Content-Encoding: gzip
alt-svc: h3=":443"; ma=86400

{
    "success": true,
    "accessToken": "Bearer eyJhbGciOiJIUzI1NiIsInR5cCI6IkpXVCJ9.eyJpZCI6IjY2ODE3OTZjOWVkMjgwMDAxYjQ1OTYwNSIsImlhdCI6MTcxOTc2MTI2MCwiZXhwIjoxNzE5NzYyNDYwfQ.K94_ZEDvfGVzze52iGwYj0dZ2ww62rFJgkxDj08or8Y",
    "refreshToken": "c786bbf054bc13ecd9097d714f3736f65cd379d78af580fed994e50f3b01d14de9525b9845c7359b",
    "user": {
        "email": "pygxqjhblf@ya.ru",
        "name": "OyQVkCuPHL"
    }
}
HTTP/1.1 200 OK
Date: Sun, 30 Jun 2024 15:27:40 GMT
Content-Type: application/json; charset=utf-8
Transfer-Encoding: chunked
Connection: keep-alive
X-Powered-By: Express
Access-Control-Allow-Origin: *
ETag: W/"16d-DD3Iqh1Lk6i3Jv9IdIu2372qj+g"
CF-Cache-Status: DYNAMIC
Report-To: {"endpoints":[{"url":"https:\/\/a.nel.cloudflare.com\/report\/v4?s=TD4US2LapPoMi1PQAdzIRwaCxDXeTGx6YxU3AVjUeXyW114xVEtq3H6d2qEdEc4YIklSiktbCyjxOsXncQMKqpLxvTrhbeUbLXr6mYpR8kb%2B%2B53P3OLkdbu6vIrilR2b1yy%2FpLwhftS0NJMmXMuPvUeMjec%3D"}],"group":"cf-nel","max_age":604800}
NEL: {"success_fraction":0,"report_to":"cf-nel","max_age":604800}
Server: cloudflare
CF-RAY: 89bf2e868ead1c08-AMS
Content-Encoding: gzip
alt-svc: h3=":443"; ma=86400

{
    "success": true,
    "accessToken": "Bearer eyJhbGciOiJIUzI1NiIsInR5cCI6IkpXVCJ9.eyJpZCI6IjY2ODE3OTZjOWVkMjgwMDAxYjQ1OTYwNSIsImlhdCI6MTcxOTc2MTI2MCwiZXhwIjoxNzE5NzYyNDYwfQ.K94_ZEDvfGVzze52iGwYj0dZ2ww62rFJgkxDj08or8Y",
    "refreshToken": "c786bbf054bc13ecd9097d714f3736f65cd379d78af580fed994e50f3b01d14de9525b9845c7359b",
    "user": {
        "email": "pygxqjhblf@ya.ru",
        "name": "OyQVkCuPHL"
    }
}
HTTP/1.1 200 OK
Date: Sun, 30 Jun 2024 15:27:40 GMT
Content-Type: application/json; charset=utf-8
Transfer-Encoding: chunked
Connection: keep-alive
X-Powered-By: Express
Access-Control-Allow-Origin: *
ETag: W/"16d-DD3Iqh1Lk6i3Jv9IdIu2372qj+g"
CF-Cache-Status: DYNAMIC
Report-To: {"endpoints":[{"url":"https:\/\/a.nel.cloudflare.com\/report\/v4?s=TD4US2LapPoMi1PQAdzIRwaCxDXeTGx6YxU3AVjUeXyW114xVEtq3H6d2qEdEc4YIklSiktbCyjxOsXncQMKqpLxvTrhbeUbLXr6mYpR8kb%2B%2B53P3OLkdbu6vIrilR2b1yy%2FpLwhftS0NJMmXMuPvUeMjec%3D"}],"group":"cf-nel","max_age":604800}
NEL: {"success_fraction":0,"report_to":"cf-nel","max_age":604800}
Server: cloudflare
CF-RAY: 89bf2e868ead1c08-AMS
Content-Encoding: gzip
alt-svc: h3=":443"; ma=86400

{
    "success": true,
    "accessToken": "Bearer eyJhbGciOiJIUzI1NiIsInR5cCI6IkpXVCJ9.eyJpZCI6IjY2ODE3OTZjOWVkMjgwMDAxYjQ1OTYwNSIsImlhdCI6MTcxOTc2MTI2MCwiZXhwIjoxNzE5NzYyNDYwfQ.K94_ZEDvfGVzze52iGwYj0dZ2ww62rFJgkxDj08or8Y",
    "refreshToken": "c786bbf054bc13ecd9097d714f3736f65cd379d78af580fed994e50f3b01d14de9525b9845c7359b",
    "user": {
        "email": "pygxqjhblf@ya.ru",
        "name": "OyQVkCuPHL"
    }
}
HTTP/1.1 200 OK
Date: Sun, 30 Jun 2024 15:27:40 GMT
Content-Type: application/json; charset=utf-8
Transfer-Encoding: chunked
Connection: keep-alive
X-Powered-By: Express
Access-Control-Allow-Origin: *
ETag: W/"16d-DD3Iqh1Lk6i3Jv9IdIu2372qj+g"
CF-Cache-Status: DYNAMIC
Report-To: {"endpoints":[{"url":"https:\/\/a.nel.cloudflare.com\/report\/v4?s=TD4US2LapPoMi1PQAdzIRwaCxDXeTGx6YxU3AVjUeXyW114xVEtq3H6d2qEdEc4YIklSiktbCyjxOsXncQMKqpLxvTrhbeUbLXr6mYpR8kb%2B%2B53P3OLkdbu6vIrilR2b1yy%2FpLwhftS0NJMmXMuPvUeMjec%3D"}],"group":"cf-nel","max_age":604800}
NEL: {"success_fraction":0,"report_to":"cf-nel","max_age":604800}
Server: cloudflare
CF-RAY: 89bf2e868ead1c08-AMS
Content-Encoding: gzip
alt-svc: h3=":443"; ma=86400

{
    "success": true,
    "accessToken": "Bearer eyJhbGciOiJIUzI1NiIsInR5cCI6IkpXVCJ9.eyJpZCI6IjY2ODE3OTZjOWVkMjgwMDAxYjQ1OTYwNSIsImlhdCI6MTcxOTc2MTI2MCwiZXhwIjoxNzE5NzYyNDYwfQ.K94_ZEDvfGVzze52iGwYj0dZ2ww62rFJgkxDj08or8Y",
    "refreshToken": "c786bbf054bc13ecd9097d714f3736f65cd379d78af580fed994e50f3b01d14de9525b9845c7359b",
    "user": {
        "email": "pygxqjhblf@ya.ru",
        "name": "OyQVkCuPHL"
    }
}
HTTP/1.1 200 OK
Date: Sun, 30 Jun 2024 15:27:40 GMT
Content-Type: application/json; charset=utf-8
Transfer-Encoding: chunked
Connection: keep-alive
X-Powered-By: Express
Access-Control-Allow-Origin: *
ETag: W/"16d-DD3Iqh1Lk6i3Jv9IdIu2372qj+g"
CF-Cache-Status: DYNAMIC
Report-To: {"endpoints":[{"url":"https:\/\/a.nel.cloudflare.com\/report\/v4?s=TD4US2LapPoMi1PQAdzIRwaCxDXeTGx6YxU3AVjUeXyW114xVEtq3H6d2qEdEc4YIklSiktbCyjxOsXncQMKqpLxvTrhbeUbLXr6mYpR8kb%2B%2B53P3OLkdbu6vIrilR2b1yy%2FpLwhftS0NJMmXMuPvUeMjec%3D"}],"group":"cf-nel","max_age":604800}
NEL: {"success_fraction":0,"report_to":"cf-nel","max_age":604800}
Server: cloudflare
CF-RAY: 89bf2e868ead1c08-AMS
Content-Encoding: gzip
alt-svc: h3=":443"; ma=86400

{
    "success": true,
    "accessToken": "Bearer eyJhbGciOiJIUzI1NiIsInR5cCI6IkpXVCJ9.eyJpZCI6IjY2ODE3OTZjOWVkMjgwMDAxYjQ1OTYwNSIsImlhdCI6MTcxOTc2MTI2MCwiZXhwIjoxNzE5NzYyNDYwfQ.K94_ZEDvfGVzze52iGwYj0dZ2ww62rFJgkxDj08or8Y",
    "refreshToken": "c786bbf054bc13ecd9097d714f3736f65cd379d78af580fed994e50f3b01d14de9525b9845c7359b",
    "user": {
        "email": "pygxqjhblf@ya.ru",
        "name": "OyQVkCuPHL"
    }
}
HTTP/1.1 200 OK
Date: Sun, 30 Jun 2024 15:27:40 GMT
Content-Type: application/json; charset=utf-8
Transfer-Encoding: chunked
Connection: keep-alive
X-Powered-By: Express
Access-Control-Allow-Origin: *
ETag: W/"16d-DD3Iqh1Lk6i3Jv9IdIu2372qj+g"
CF-Cache-Status: DYNAMIC
Report-To: {"endpoints":[{"url":"https:\/\/a.nel.cloudflare.com\/report\/v4?s=TD4US2LapPoMi1PQAdzIRwaCxDXeTGx6YxU3AVjUeXyW114xVEtq3H6d2qEdEc4YIklSiktbCyjxOsXncQMKqpLxvTrhbeUbLXr6mYpR8kb%2B%2B53P3OLkdbu6vIrilR2b1yy%2FpLwhftS0NJMmXMuPvUeMjec%3D"}],"group":"cf-nel","max_age":604800}
NEL: {"success_fraction":0,"report_to":"cf-nel","max_age":604800}
Server: cloudflare
CF-RAY: 89bf2e868ead1c08-AMS
Content-Encoding: gzip
alt-svc: h3=":443"; ma=86400

{
    "success": true,
    "accessToken": "Bearer eyJhbGciOiJIUzI1NiIsInR5cCI6IkpXVCJ9.eyJpZCI6IjY2ODE3OTZjOWVkMjgwMDAxYjQ1OTYwNSIsImlhdCI6MTcxOTc2MTI2MCwiZXhwIjoxNzE5NzYyNDYwfQ.K94_ZEDvfGVzze52iGwYj0dZ2ww62rFJgkxDj08or8Y",
    "refreshToken": "c786bbf054bc13ecd9097d714f3736f65cd379d78af580fed994e50f3b01d14de9525b9845c7359b",
    "user": {
        "email": "pygxqjhblf@ya.ru",
        "name": "OyQVkCuPHL"
    }
}
HTTP/1.1 200 OK
Date: Sun, 30 Jun 2024 15:27:40 GMT
Content-Type: application/json; charset=utf-8
Transfer-Encoding: chunked
Connection: keep-alive
X-Powered-By: Express
Access-Control-Allow-Origin: *
ETag: W/"16d-DD3Iqh1Lk6i3Jv9IdIu2372qj+g"
CF-Cache-Status: DYNAMIC
Report-To: {"endpoints":[{"url":"https:\/\/a.nel.cloudflare.com\/report\/v4?s=TD4US2LapPoMi1PQAdzIRwaCxDXeTGx6YxU3AVjUeXyW114xVEtq3H6d2qEdEc4YIklSiktbCyjxOsXncQMKqpLxvTrhbeUbLXr6mYpR8kb%2B%2B53P3OLkdbu6vIrilR2b1yy%2FpLwhftS0NJMmXMuPvUeMjec%3D"}],"group":"cf-nel","max_age":604800}
NEL: {"success_fraction":0,"report_to":"cf-nel","max_age":604800}
Server: cloudflare
CF-RAY: 89bf2e868ead1c08-AMS
Content-Encoding: gzip
alt-svc: h3=":443"; ma=86400

{
    "success": true,
    "accessToken": "Bearer eyJhbGciOiJIUzI1NiIsInR5cCI6IkpXVCJ9.eyJpZCI6IjY2ODE3OTZjOWVkMjgwMDAxYjQ1OTYwNSIsImlhdCI6MTcxOTc2MTI2MCwiZXhwIjoxNzE5NzYyNDYwfQ.K94_ZEDvfGVzze52iGwYj0dZ2ww62rFJgkxDj08or8Y",
    "refreshToken": "c786bbf054bc13ecd9097d714f3736f65cd379d78af580fed994e50f3b01d14de9525b9845c7359b",
    "user": {
        "email": "pygxqjhblf@ya.ru",
        "name": "OyQVkCuPHL"
    }
}
HTTP/1.1 200 OK
Date: Sun, 30 Jun 2024 15:27:40 GMT
Content-Type: application/json; charset=utf-8
Transfer-Encoding: chunked
Connection: keep-alive
X-Powered-By: Express
Access-Control-Allow-Origin: *
ETag: W/"16d-DD3Iqh1Lk6i3Jv9IdIu2372qj+g"
CF-Cache-Status: DYNAMIC
Report-To: {"endpoints":[{"url":"https:\/\/a.nel.cloudflare.com\/report\/v4?s=TD4US2LapPoMi1PQAdzIRwaCxDXeTGx6YxU3AVjUeXyW114xVEtq3H6d2qEdEc4YIklSiktbCyjxOsXncQMKqpLxvTrhbeUbLXr6mYpR8kb%2B%2B53P3OLkdbu6vIrilR2b1yy%2FpLwhftS0NJMmXMuPvUeMjec%3D"}],"group":"cf-nel","max_age":604800}
NEL: {"success_fraction":0,"report_to":"cf-nel","max_age":604800}
Server: cloudflare
CF-RAY: 89bf2e868ead1c08-AMS
Content-Encoding: gzip
alt-svc: h3=":443"; ma=86400

{
    "success": true,
    "accessToken": "Bearer eyJhbGciOiJIUzI1NiIsInR5cCI6IkpXVCJ9.eyJpZCI6IjY2ODE3OTZjOWVkMjgwMDAxYjQ1OTYwNSIsImlhdCI6MTcxOTc2MTI2MCwiZXhwIjoxNzE5NzYyNDYwfQ.K94_ZEDvfGVzze52iGwYj0dZ2ww62rFJgkxDj08or8Y",
    "refreshToken": "c786bbf054bc13ecd9097d714f3736f65cd379d78af580fed994e50f3b01d14de9525b9845c7359b",
    "user": {
        "email": "pygxqjhblf@ya.ru",
        "name": "OyQVkCuPHL"
    }
}
HTTP/1.1 200 OK
Date: Sun, 30 Jun 2024 15:27:40 GMT
Content-Type: application/json; charset=utf-8
Transfer-Encoding: chunked
Connection: keep-alive
X-Powered-By: Express
Access-Control-Allow-Origin: *
ETag: W/"16d-DD3Iqh1Lk6i3Jv9IdIu2372qj+g"
CF-Cache-Status: DYNAMIC
Report-To: {"endpoints":[{"url":"https:\/\/a.nel.cloudflare.com\/report\/v4?s=TD4US2LapPoMi1PQAdzIRwaCxDXeTGx6YxU3AVjUeXyW114xVEtq3H6d2qEdEc4YIklSiktbCyjxOsXncQMKqpLxvTrhbeUbLXr6mYpR8kb%2B%2B53P3OLkdbu6vIrilR2b1yy%2FpLwhftS0NJMmXMuPvUeMjec%3D"}],"group":"cf-nel","max_age":604800}
NEL: {"success_fraction":0,"report_to":"cf-nel","max_age":604800}
Server: cloudflare
CF-RAY: 89bf2e868ead1c08-AMS
Content-Encoding: gzip
alt-svc: h3=":443"; ma=86400

{
    "success": true,
    "accessToken": "Bearer eyJhbGciOiJIUzI1NiIsInR5cCI6IkpXVCJ9.eyJpZCI6IjY2ODE3OTZjOWVkMjgwMDAxYjQ1OTYwNSIsImlhdCI6MTcxOTc2MTI2MCwiZXhwIjoxNzE5NzYyNDYwfQ.K94_ZEDvfGVzze52iGwYj0dZ2ww62rFJgkxDj08or8Y",
    "refreshToken": "c786bbf054bc13ecd9097d714f3736f65cd379d78af580fed994e50f3b01d14de9525b9845c7359b",
    "user": {
        "email": "pygxqjhblf@ya.ru",
        "name": "OyQVkCuPHL"
    }
}
HTTP/1.1 200 OK
Date: Sun, 30 Jun 2024 15:27:40 GMT
Content-Type: application/json; charset=utf-8
Transfer-Encoding: chunked
Connection: keep-alive
X-Powered-By: Express
Access-Control-Allow-Origin: *
ETag: W/"16d-DD3Iqh1Lk6i3Jv9IdIu2372qj+g"
CF-Cache-Status: DYNAMIC
Report-To: {"endpoints":[{"url":"https:\/\/a.nel.cloudflare.com\/report\/v4?s=TD4US2LapPoMi1PQAdzIRwaCxDXeTGx6YxU3AVjUeXyW114xVEtq3H6d2qEdEc4YIklSiktbCyjxOsXncQMKqpLxvTrhbeUbLXr6mYpR8kb%2B%2B53P3OLkdbu6vIrilR2b1yy%2FpLwhftS0NJMmXMuPvUeMjec%3D"}],"group":"cf-nel","max_age":604800}
NEL: {"success_fraction":0,"report_to":"cf-nel","max_age":604800}
Server: cloudflare
CF-RAY: 89bf2e868ead1c08-AMS
Content-Encoding: gzip
alt-svc: h3=":443"; ma=86400

{
    "success": true,
    "accessToken": "Bearer eyJhbGciOiJIUzI1NiIsInR5cCI6IkpXVCJ9.eyJpZCI6IjY2ODE3OTZjOWVkMjgwMDAxYjQ1OTYwNSIsImlhdCI6MTcxOTc2MTI2MCwiZXhwIjoxNzE5NzYyNDYwfQ.K94_ZEDvfGVzze52iGwYj0dZ2ww62rFJgkxDj08or8Y",
    "refreshToken": "c786bbf054bc13ecd9097d714f3736f65cd379d78af580fed994e50f3b01d14de9525b9845c7359b",
    "user": {
        "email": "pygxqjhblf@ya.ru",
        "name": "OyQVkCuPHL"
    }
}
HTTP/1.1 200 OK
Date: Sun, 30 Jun 2024 15:27:40 GMT
Content-Type: application/json; charset=utf-8
Transfer-Encoding: chunked
Connection: keep-alive
X-Powered-By: Express
Access-Control-Allow-Origin: *
ETag: W/"16d-DD3Iqh1Lk6i3Jv9IdIu2372qj+g"
CF-Cache-Status: DYNAMIC
Report-To: {"endpoints":[{"url":"https:\/\/a.nel.cloudflare.com\/report\/v4?s=TD4US2LapPoMi1PQAdzIRwaCxDXeTGx6YxU3AVjUeXyW114xVEtq3H6d2qEdEc4YIklSiktbCyjxOsXncQMKqpLxvTrhbeUbLXr6mYpR8kb%2B%2B53P3OLkdbu6vIrilR2b1yy%2FpLwhftS0NJMmXMuPvUeMjec%3D"}],"group":"cf-nel","max_age":604800}
NEL: {"success_fraction":0,"report_to":"cf-nel","max_age":604800}
Server: cloudflare
CF-RAY: 89bf2e868ead1c08-AMS
Content-Encoding: gzip
alt-svc: h3=":443"; ma=86400

{
    "success": true,
    "accessToken": "Bearer eyJhbGciOiJIUzI1NiIsInR5cCI6IkpXVCJ9.eyJpZCI6IjY2ODE3OTZjOWVkMjgwMDAxYjQ1OTYwNSIsImlhdCI6MTcxOTc2MTI2MCwiZXhwIjoxNzE5NzYyNDYwfQ.K94_ZEDvfGVzze52iGwYj0dZ2ww62rFJgkxDj08or8Y",
    "refreshToken": "c786bbf054bc13ecd9097d714f3736f65cd379d78af580fed994e50f3b01d14de9525b9845c7359b",
    "user": {
        "email": "pygxqjhblf@ya.ru",
        "name": "OyQVkCuPHL"
    }
}
HTTP/1.1 200 OK
Date: Sun, 30 Jun 2024 15:27:40 GMT
Content-Type: application/json; charset=utf-8
Transfer-Encoding: chunked
Connection: keep-alive
X-Powered-By: Express
Access-Control-Allow-Origin: *
ETag: W/"16d-DD3Iqh1Lk6i3Jv9IdIu2372qj+g"
CF-Cache-Status: DYNAMIC
Report-To: {"endpoints":[{"url":"https:\/\/a.nel.cloudflare.com\/report\/v4?s=TD4US2LapPoMi1PQAdzIRwaCxDXeTGx6YxU3AVjUeXyW114xVEtq3H6d2qEdEc4YIklSiktbCyjxOsXncQMKqpLxvTrhbeUbLXr6mYpR8kb%2B%2B53P3OLkdbu6vIrilR2b1yy%2FpLwhftS0NJMmXMuPvUeMjec%3D"}],"group":"cf-nel","max_age":604800}
NEL: {"success_fraction":0,"report_to":"cf-nel","max_age":604800}
Server: cloudflare
CF-RAY: 89bf2e868ead1c08-AMS
Content-Encoding: gzip
alt-svc: h3=":443"; ma=86400

{
    "success": true,
    "accessToken": "Bearer eyJhbGciOiJIUzI1NiIsInR5cCI6IkpXVCJ9.eyJpZCI6IjY2ODE3OTZjOWVkMjgwMDAxYjQ1OTYwNSIsImlhdCI6MTcxOTc2MTI2MCwiZXhwIjoxNzE5NzYyNDYwfQ.K94_ZEDvfGVzze52iGwYj0dZ2ww62rFJgkxDj08or8Y",
    "refreshToken": "c786bbf054bc13ecd9097d714f3736f65cd379d78af580fed994e50f3b01d14de9525b9845c7359b",
    "user": {
        "email": "pygxqjhblf@ya.ru",
        "name": "OyQVkCuPHL"
    }
}
HTTP/1.1 200 OK
Date: Sun, 30 Jun 2024 15:27:40 GMT
Content-Type: application/json; charset=utf-8
Transfer-Encoding: chunked
Connection: keep-alive
X-Powered-By: Express
Access-Control-Allow-Origin: *
ETag: W/"16d-DD3Iqh1Lk6i3Jv9IdIu2372qj+g"
CF-Cache-Status: DYNAMIC
Report-To: {"endpoints":[{"url":"https:\/\/a.nel.cloudflare.com\/report\/v4?s=TD4US2LapPoMi1PQAdzIRwaCxDXeTGx6YxU3AVjUeXyW114xVEtq3H6d2qEdEc4YIklSiktbCyjxOsXncQMKqpLxvTrhbeUbLXr6mYpR8kb%2B%2B53P3OLkdbu6vIrilR2b1yy%2FpLwhftS0NJMmXMuPvUeMjec%3D"}],"group":"cf-nel","max_age":604800}
NEL: {"success_fraction":0,"report_to":"cf-nel","max_age":604800}
Server: cloudflare
CF-RAY: 89bf2e868ead1c08-AMS
Content-Encoding: gzip
alt-svc: h3=":443"; ma=86400

{
    "success": true,
    "accessToken": "Bearer eyJhbGciOiJIUzI1NiIsInR5cCI6IkpXVCJ9.eyJpZCI6IjY2ODE3OTZjOWVkMjgwMDAxYjQ1OTYwNSIsImlhdCI6MTcxOTc2MTI2MCwiZXhwIjoxNzE5NzYyNDYwfQ.K94_ZEDvfGVzze52iGwYj0dZ2ww62rFJgkxDj08or8Y",
    "refreshToken": "c786bbf054bc13ecd9097d714f3736f65cd379d78af580fed994e50f3b01d14de9525b9845c7359b",
    "user": {
        "email": "pygxqjhblf@ya.ru",
        "name": "OyQVkCuPHL"
    }
}
HTTP/1.1 200 OK
Date: Sun, 30 Jun 2024 15:27:40 GMT
Content-Type: application/json; charset=utf-8
Transfer-Encoding: chunked
Connection: keep-alive
X-Powered-By: Express
Access-Control-Allow-Origin: *
ETag: W/"16d-DD3Iqh1Lk6i3Jv9IdIu2372qj+g"
CF-Cache-Status: DYNAMIC
Report-To: {"endpoints":[{"url":"https:\/\/a.nel.cloudflare.com\/report\/v4?s=TD4US2LapPoMi1PQAdzIRwaCxDXeTGx6YxU3AVjUeXyW114xVEtq3H6d2qEdEc4YIklSiktbCyjxOsXncQMKqpLxvTrhbeUbLXr6mYpR8kb%2B%2B53P3OLkdbu6vIrilR2b1yy%2FpLwhftS0NJMmXMuPvUeMjec%3D"}],"group":"cf-nel","max_age":604800}
NEL: {"success_fraction":0,"report_to":"cf-nel","max_age":604800}
Server: cloudflare
CF-RAY: 89bf2e868ead1c08-AMS
Content-Encoding: gzip
alt-svc: h3=":443"; ma=86400

{
    "success": true,
    "accessToken": "Bearer eyJhbGciOiJIUzI1NiIsInR5cCI6IkpXVCJ9.eyJpZCI6IjY2ODE3OTZjOWVkMjgwMDAxYjQ1OTYwNSIsImlhdCI6MTcxOTc2MTI2MCwiZXhwIjoxNzE5NzYyNDYwfQ.K94_ZEDvfGVzze52iGwYj0dZ2ww62rFJgkxDj08or8Y",
    "refreshToken": "c786bbf054bc13ecd9097d714f3736f65cd379d78af580fed994e50f3b01d14de9525b9845c7359b",
    "user": {
        "email": "pygxqjhblf@ya.ru",
        "name": "OyQVkCuPHL"
    }
}
HTTP/1.1 200 OK
Date: Sun, 30 Jun 2024 15:27:40 GMT
Content-Type: application/json; charset=utf-8
Transfer-Encoding: chunked
Connection: keep-alive
X-Powered-By: Express
Access-Control-Allow-Origin: *
ETag: W/"16d-DD3Iqh1Lk6i3Jv9IdIu2372qj+g"
CF-Cache-Status: DYNAMIC
Report-To: {"endpoints":[{"url":"https:\/\/a.nel.cloudflare.com\/report\/v4?s=TD4US2LapPoMi1PQAdzIRwaCxDXeTGx6YxU3AVjUeXyW114xVEtq3H6d2qEdEc4YIklSiktbCyjxOsXncQMKqpLxvTrhbeUbLXr6mYpR8kb%2B%2B53P3OLkdbu6vIrilR2b1yy%2FpLwhftS0NJMmXMuPvUeMjec%3D"}],"group":"cf-nel","max_age":604800}
NEL: {"success_fraction":0,"report_to":"cf-nel","max_age":604800}
Server: cloudflare
CF-RAY: 89bf2e868ead1c08-AMS
Content-Encoding: gzip
alt-svc: h3=":443"; ma=86400

{
    "success": true,
    "accessToken": "Bearer eyJhbGciOiJIUzI1NiIsInR5cCI6IkpXVCJ9.eyJpZCI6IjY2ODE3OTZjOWVkMjgwMDAxYjQ1OTYwNSIsImlhdCI6MTcxOTc2MTI2MCwiZXhwIjoxNzE5NzYyNDYwfQ.K94_ZEDvfGVzze52iGwYj0dZ2ww62rFJgkxDj08or8Y",
    "refreshToken": "c786bbf054bc13ecd9097d714f3736f65cd379d78af580fed994e50f3b01d14de9525b9845c7359b",
    "user": {
        "email": "pygxqjhblf@ya.ru",
        "name": "OyQVkCuPHL"
    }
}
HTTP/1.1 200 OK
Date: Sun, 30 Jun 2024 15:27:40 GMT
Content-Type: application/json; charset=utf-8
Transfer-Encoding: chunked
Connection: keep-alive
X-Powered-By: Express
Access-Control-Allow-Origin: *
ETag: W/"16d-DD3Iqh1Lk6i3Jv9IdIu2372qj+g"
CF-Cache-Status: DYNAMIC
Report-To: {"endpoints":[{"url":"https:\/\/a.nel.cloudflare.com\/report\/v4?s=TD4US2LapPoMi1PQAdzIRwaCxDXeTGx6YxU3AVjUeXyW114xVEtq3H6d2qEdEc4YIklSiktbCyjxOsXncQMKqpLxvTrhbeUbLXr6mYpR8kb%2B%2B53P3OLkdbu6vIrilR2b1yy%2FpLwhftS0NJMmXMuPvUeMjec%3D"}],"group":"cf-nel","max_age":604800}
NEL: {"success_fraction":0,"report_to":"cf-nel","max_age":604800}
Server: cloudflare
CF-RAY: 89bf2e868ead1c08-AMS
Content-Encoding: gzip
alt-svc: h3=":443"; ma=86400

{
    "success": true,
    "accessToken": "Bearer eyJhbGciOiJIUzI1NiIsInR5cCI6IkpXVCJ9.eyJpZCI6IjY2ODE3OTZjOWVkMjgwMDAxYjQ1OTYwNSIsImlhdCI6MTcxOTc2MTI2MCwiZXhwIjoxNzE5NzYyNDYwfQ.K94_ZEDvfGVzze52iGwYj0dZ2ww62rFJgkxDj08or8Y",
    "refreshToken": "c786bbf054bc13ecd9097d714f3736f65cd379d78af580fed994e50f3b01d14de9525b9845c7359b",
    "user": {
        "email": "pygxqjhblf@ya.ru",
        "name": "OyQVkCuPHL"
    }
}
HTTP/1.1 200 OK
Date: Sun, 30 Jun 2024 15:27:40 GMT
Content-Type: application/json; charset=utf-8
Transfer-Encoding: chunked
Connection: keep-alive
X-Powered-By: Express
Access-Control-Allow-Origin: *
ETag: W/"16d-DD3Iqh1Lk6i3Jv9IdIu2372qj+g"
CF-Cache-Status: DYNAMIC
Report-To: {"endpoints":[{"url":"https:\/\/a.nel.cloudflare.com\/report\/v4?s=TD4US2LapPoMi1PQAdzIRwaCxDXeTGx6YxU3AVjUeXyW114xVEtq3H6d2qEdEc4YIklSiktbCyjxOsXncQMKqpLxvTrhbeUbLXr6mYpR8kb%2B%2B53P3OLkdbu6vIrilR2b1yy%2FpLwhftS0NJMmXMuPvUeMjec%3D"}],"group":"cf-nel","max_age":604800}
NEL: {"success_fraction":0,"report_to":"cf-nel","max_age":604800}
Server: cloudflare
CF-RAY: 89bf2e868ead1c08-AMS
Content-Encoding: gzip
alt-svc: h3=":443"; ma=86400

{
    "success": true,
    "accessToken": "Bearer eyJhbGciOiJIUzI1NiIsInR5cCI6IkpXVCJ9.eyJpZCI6IjY2ODE3OTZjOWVkMjgwMDAxYjQ1OTYwNSIsImlhdCI6MTcxOTc2MTI2MCwiZXhwIjoxNzE5NzYyNDYwfQ.K94_ZEDvfGVzze52iGwYj0dZ2ww62rFJgkxDj08or8Y",
    "refreshToken": "c786bbf054bc13ecd9097d714f3736f65cd379d78af580fed994e50f3b01d14de9525b9845c7359b",
    "user": {
        "email": "pygxqjhblf@ya.ru",
        "name": "OyQVkCuPHL"
    }
}
HTTP/1.1 200 OK
Date: Sun, 30 Jun 2024 15:27:40 GMT
Content-Type: application/json; charset=utf-8
Transfer-Encoding: chunked
Connection: keep-alive
X-Powered-By: Express
Access-Control-Allow-Origin: *
ETag: W/"16d-DD3Iqh1Lk6i3Jv9IdIu2372qj+g"
CF-Cache-Status: DYNAMIC
Report-To: {"endpoints":[{"url":"https:\/\/a.nel.cloudflare.com\/report\/v4?s=TD4US2LapPoMi1PQAdzIRwaCxDXeTGx6YxU3AVjUeXyW114xVEtq3H6d2qEdEc4YIklSiktbCyjxOsXncQMKqpLxvTrhbeUbLXr6mYpR8kb%2B%2B53P3OLkdbu6vIrilR2b1yy%2FpLwhftS0NJMmXMuPvUeMjec%3D"}],"group":"cf-nel","max_age":604800}
NEL: {"success_fraction":0,"report_to":"cf-nel","max_age":604800}
Server: cloudflare
CF-RAY: 89bf2e868ead1c08-AMS
Content-Encoding: gzip
alt-svc: h3=":443"; ma=86400

{
    "success": true,
    "accessToken": "Bearer eyJhbGciOiJIUzI1NiIsInR5cCI6IkpXVCJ9.eyJpZCI6IjY2ODE3OTZjOWVkMjgwMDAxYjQ1OTYwNSIsImlhdCI6MTcxOTc2MTI2MCwiZXhwIjoxNzE5NzYyNDYwfQ.K94_ZEDvfGVzze52iGwYj0dZ2ww62rFJgkxDj08or8Y",
    "refreshToken": "c786bbf054bc13ecd9097d714f3736f65cd379d78af580fed994e50f3b01d14de9525b9845c7359b",
    "user": {
        "email": "pygxqjhblf@ya.ru",
        "name": "OyQVkCuPHL"
    }
}
Request method:	GET
Request URI:	https://stellarburgers.nomoreparties.site/api/orders
Proxy:			<none>
Request params:	<none>
Query params:	<none>
Form params:	<none>
Path params:	<none>
Headers:		authorization=
				Accept=*/*
				Content-Type=application/json
Cookies:		<none>
Multiparts:		<none>
Body:			<none>
Request method:	GET
Request URI:	https://stellarburgers.nomoreparties.site/api/orders
Proxy:			<none>
Request params:	<none>
Query params:	<none>
Form params:	<none>
Path params:	<none>
Headers:		authorization=
				Accept=*/*
				Content-Type=application/json
Cookies:		<none>
Multiparts:		<none>
Body:			<none>
Request method:	GET
Request URI:	https://stellarburgers.nomoreparties.site/api/orders
Proxy:			<none>
Request params:	<none>
Query params:	<none>
Form params:	<none>
Path params:	<none>
Headers:		authorization=
				Accept=*/*
				Content-Type=application/json
Cookies:		<none>
Multiparts:		<none>
Body:			<none>
Request method:	GET
Request URI:	https://stellarburgers.nomoreparties.site/api/orders
Proxy:			<none>
Request params:	<none>
Query params:	<none>
Form params:	<none>
Path params:	<none>
Headers:		authorization=
				Accept=*/*
				Content-Type=application/json
Cookies:		<none>
Multiparts:		<none>
Body:			<none>
Request method:	GET
Request URI:	https://stellarburgers.nomoreparties.site/api/orders
Proxy:			<none>
Request params:	<none>
Query params:	<none>
Form params:	<none>
Path params:	<none>
Headers:		authorization=
				Accept=*/*
				Content-Type=application/json
Cookies:		<none>
Multiparts:		<none>
Body:			<none>
Request method:	GET
Request URI:	https://stellarburgers.nomoreparties.site/api/orders
Proxy:			<none>
Request params:	<none>
Query params:	<none>
Form params:	<none>
Path params:	<none>
Headers:		authorization=
				Accept=*/*
				Content-Type=application/json
Cookies:		<none>
Multiparts:		<none>
Body:			<none>
Request method:	GET
Request URI:	https://stellarburgers.nomoreparties.site/api/orders
Proxy:			<none>
Request params:	<none>
Query params:	<none>
Form params:	<none>
Path params:	<none>
Headers:		authorization=
				Accept=*/*
				Content-Type=application/json
Cookies:		<none>
Multiparts:		<none>
Body:			<none>
Request method:	GET
Request URI:	https://stellarburgers.nomoreparties.site/api/orders
Proxy:			<none>
Request params:	<none>
Query params:	<none>
Form params:	<none>
Path params:	<none>
Headers:		authorization=
				Accept=*/*
				Content-Type=application/json
Cookies:		<none>
Multiparts:		<none>
Body:			<none>
Request method:	GET
Request URI:	https://stellarburgers.nomoreparties.site/api/orders
Proxy:			<none>
Request params:	<none>
Query params:	<none>
Form params:	<none>
Path params:	<none>
Headers:		authorization=
				Accept=*/*
				Content-Type=application/json
Cookies:		<none>
Multiparts:		<none>
Body:			<none>
Request method:	GET
Request URI:	https://stellarburgers.nomoreparties.site/api/orders
Proxy:			<none>
Request params:	<none>
Query params:	<none>
Form params:	<none>
Path params:	<none>
Headers:		authorization=
				Accept=*/*
				Content-Type=application/json
Cookies:		<none>
Multiparts:		<none>
Body:			<none>
Request method:	GET
Request URI:	https://stellarburgers.nomoreparties.site/api/orders
Proxy:			<none>
Request params:	<none>
Query params:	<none>
Form params:	<none>
Path params:	<none>
Headers:		authorization=
				Accept=*/*
				Content-Type=application/json
Cookies:		<none>
Multiparts:		<none>
Body:			<none>
Request method:	GET
Request URI:	https://stellarburgers.nomoreparties.site/api/orders
Proxy:			<none>
Request params:	<none>
Query params:	<none>
Form params:	<none>
Path params:	<none>
Headers:		authorization=
				Accept=*/*
				Content-Type=application/json
Cookies:		<none>
Multiparts:		<none>
Body:			<none>
Request method:	GET
Request URI:	https://stellarburgers.nomoreparties.site/api/orders
Proxy:			<none>
Request params:	<none>
Query params:	<none>
Form params:	<none>
Path params:	<none>
Headers:		authorization=
				Accept=*/*
				Content-Type=application/json
Cookies:		<none>
Multiparts:		<none>
Body:			<none>
Request method:	GET
Request URI:	https://stellarburgers.nomoreparties.site/api/orders
Proxy:			<none>
Request params:	<none>
Query params:	<none>
Form params:	<none>
Path params:	<none>
Headers:		authorization=
				Accept=*/*
				Content-Type=application/json
Cookies:		<none>
Multiparts:		<none>
Body:			<none>
Request method:	GET
Request URI:	https://stellarburgers.nomoreparties.site/api/orders
Proxy:			<none>
Request params:	<none>
Query params:	<none>
Form params:	<none>
Path params:	<none>
Headers:		authorization=
				Accept=*/*
				Content-Type=application/json
Cookies:		<none>
Multiparts:		<none>
Body:			<none>
Request method:	GET
Request URI:	https://stellarburgers.nomoreparties.site/api/orders
Proxy:			<none>
Request params:	<none>
Query params:	<none>
Form params:	<none>
Path params:	<none>
Headers:		authorization=
				Accept=*/*
				Content-Type=application/json
Cookies:		<none>
Multiparts:		<none>
Body:			<none>
Request method:	GET
Request URI:	https://stellarburgers.nomoreparties.site/api/orders
Proxy:			<none>
Request params:	<none>
Query params:	<none>
Form params:	<none>
Path params:	<none>
Headers:		authorization=
				Accept=*/*
				Content-Type=application/json
Cookies:		<none>
Multiparts:		<none>
Body:			<none>
Request method:	GET
Request URI:	https://stellarburgers.nomoreparties.site/api/orders
Proxy:			<none>
Request params:	<none>
Query params:	<none>
Form params:	<none>
Path params:	<none>
Headers:		authorization=
				Accept=*/*
				Content-Type=application/json
Cookies:		<none>
Multiparts:		<none>
Body:			<none>
Request method:	GET
Request URI:	https://stellarburgers.nomoreparties.site/api/orders
Proxy:			<none>
Request params:	<none>
Query params:	<none>
Form params:	<none>
Path params:	<none>
Headers:		authorization=
				Accept=*/*
				Content-Type=application/json
Cookies:		<none>
Multiparts:		<none>
Body:			<none>
HTTP/1.1 401 Unauthorized
Date: Sun, 30 Jun 2024 15:27:40 GMT
Content-Type: application/json; charset=utf-8
Content-Length: 54
Connection: keep-alive
X-Powered-By: Express
Access-Control-Allow-Origin: *
ETag: W/"36-9ndkQYJpZ8s0sMN790Nuh0MLq/U"
CF-Cache-Status: DYNAMIC
Report-To: {"endpoints":[{"url":"https:\/\/a.nel.cloudflare.com\/report\/v4?s=qqYCxYOdFQLc15IqxtErP7Agt%2B3nANsUs%2BGZvqyvblONsDIcfNgjNnGmKeCHOXnQvpBHfFowaZgUZUgl3QmBp5ttw5vko6X2VQs3VNPGdjGmLU%2B2w3MwvgI2Pr%2Fe6aJqizumBGAyZD32zrRu7SN9LWODPrA%3D"}],"group":"cf-nel","max_age":604800}
NEL: {"success_fraction":0,"report_to":"cf-nel","max_age":604800}
Server: cloudflare
CF-RAY: 89bf2e88b83e9719-AMS
alt-svc: h3=":443"; ma=86400

{
    "success": false,
    "message": "You should be authorised"
}
HTTP/1.1 401 Unauthorized
Date: Sun, 30 Jun 2024 15:27:40 GMT
Content-Type: application/json; charset=utf-8
Content-Length: 54
Connection: keep-alive
X-Powered-By: Express
Access-Control-Allow-Origin: *
ETag: W/"36-9ndkQYJpZ8s0sMN790Nuh0MLq/U"
CF-Cache-Status: DYNAMIC
Report-To: {"endpoints":[{"url":"https:\/\/a.nel.cloudflare.com\/report\/v4?s=qqYCxYOdFQLc15IqxtErP7Agt%2B3nANsUs%2BGZvqyvblONsDIcfNgjNnGmKeCHOXnQvpBHfFowaZgUZUgl3QmBp5ttw5vko6X2VQs3VNPGdjGmLU%2B2w3MwvgI2Pr%2Fe6aJqizumBGAyZD32zrRu7SN9LWODPrA%3D"}],"group":"cf-nel","max_age":604800}
NEL: {"success_fraction":0,"report_to":"cf-nel","max_age":604800}
Server: cloudflare
CF-RAY: 89bf2e88b83e9719-AMS
alt-svc: h3=":443"; ma=86400

{
    "success": false,
    "message": "You should be authorised"
}
HTTP/1.1 401 Unauthorized
Date: Sun, 30 Jun 2024 15:27:40 GMT
Content-Type: application/json; charset=utf-8
Content-Length: 54
Connection: keep-alive
X-Powered-By: Express
Access-Control-Allow-Origin: *
ETag: W/"36-9ndkQYJpZ8s0sMN790Nuh0MLq/U"
CF-Cache-Status: DYNAMIC
Report-To: {"endpoints":[{"url":"https:\/\/a.nel.cloudflare.com\/report\/v4?s=qqYCxYOdFQLc15IqxtErP7Agt%2B3nANsUs%2BGZvqyvblONsDIcfNgjNnGmKeCHOXnQvpBHfFowaZgUZUgl3QmBp5ttw5vko6X2VQs3VNPGdjGmLU%2B2w3MwvgI2Pr%2Fe6aJqizumBGAyZD32zrRu7SN9LWODPrA%3D"}],"group":"cf-nel","max_age":604800}
NEL: {"success_fraction":0,"report_to":"cf-nel","max_age":604800}
Server: cloudflare
CF-RAY: 89bf2e88b83e9719-AMS
alt-svc: h3=":443"; ma=86400

{
    "success": false,
    "message": "You should be authorised"
}
HTTP/1.1 401 Unauthorized
Date: Sun, 30 Jun 2024 15:27:40 GMT
Content-Type: application/json; charset=utf-8
Content-Length: 54
Connection: keep-alive
X-Powered-By: Express
Access-Control-Allow-Origin: *
ETag: W/"36-9ndkQYJpZ8s0sMN790Nuh0MLq/U"
CF-Cache-Status: DYNAMIC
Report-To: {"endpoints":[{"url":"https:\/\/a.nel.cloudflare.com\/report\/v4?s=qqYCxYOdFQLc15IqxtErP7Agt%2B3nANsUs%2BGZvqyvblONsDIcfNgjNnGmKeCHOXnQvpBHfFowaZgUZUgl3QmBp5ttw5vko6X2VQs3VNPGdjGmLU%2B2w3MwvgI2Pr%2Fe6aJqizumBGAyZD32zrRu7SN9LWODPrA%3D"}],"group":"cf-nel","max_age":604800}
NEL: {"success_fraction":0,"report_to":"cf-nel","max_age":604800}
Server: cloudflare
CF-RAY: 89bf2e88b83e9719-AMS
alt-svc: h3=":443"; ma=86400

{
    "success": false,
    "message": "You should be authorised"
}
HTTP/1.1 401 Unauthorized
Date: Sun, 30 Jun 2024 15:27:40 GMT
Content-Type: application/json; charset=utf-8
Content-Length: 54
Connection: keep-alive
X-Powered-By: Express
Access-Control-Allow-Origin: *
ETag: W/"36-9ndkQYJpZ8s0sMN790Nuh0MLq/U"
CF-Cache-Status: DYNAMIC
Report-To: {"endpoints":[{"url":"https:\/\/a.nel.cloudflare.com\/report\/v4?s=qqYCxYOdFQLc15IqxtErP7Agt%2B3nANsUs%2BGZvqyvblONsDIcfNgjNnGmKeCHOXnQvpBHfFowaZgUZUgl3QmBp5ttw5vko6X2VQs3VNPGdjGmLU%2B2w3MwvgI2Pr%2Fe6aJqizumBGAyZD32zrRu7SN9LWODPrA%3D"}],"group":"cf-nel","max_age":604800}
NEL: {"success_fraction":0,"report_to":"cf-nel","max_age":604800}
Server: cloudflare
CF-RAY: 89bf2e88b83e9719-AMS
alt-svc: h3=":443"; ma=86400

{
    "success": false,
    "message": "You should be authorised"
}
HTTP/1.1 401 Unauthorized
Date: Sun, 30 Jun 2024 15:27:40 GMT
Content-Type: application/json; charset=utf-8
Content-Length: 54
Connection: keep-alive
X-Powered-By: Express
Access-Control-Allow-Origin: *
ETag: W/"36-9ndkQYJpZ8s0sMN790Nuh0MLq/U"
CF-Cache-Status: DYNAMIC
Report-To: {"endpoints":[{"url":"https:\/\/a.nel.cloudflare.com\/report\/v4?s=qqYCxYOdFQLc15IqxtErP7Agt%2B3nANsUs%2BGZvqyvblONsDIcfNgjNnGmKeCHOXnQvpBHfFowaZgUZUgl3QmBp5ttw5vko6X2VQs3VNPGdjGmLU%2B2w3MwvgI2Pr%2Fe6aJqizumBGAyZD32zrRu7SN9LWODPrA%3D"}],"group":"cf-nel","max_age":604800}
NEL: {"success_fraction":0,"report_to":"cf-nel","max_age":604800}
Server: cloudflare
CF-RAY: 89bf2e88b83e9719-AMS
alt-svc: h3=":443"; ma=86400

{
    "success": false,
    "message": "You should be authorised"
}
HTTP/1.1 401 Unauthorized
Date: Sun, 30 Jun 2024 15:27:40 GMT
Content-Type: application/json; charset=utf-8
Content-Length: 54
Connection: keep-alive
X-Powered-By: Express
Access-Control-Allow-Origin: *
ETag: W/"36-9ndkQYJpZ8s0sMN790Nuh0MLq/U"
CF-Cache-Status: DYNAMIC
Report-To: {"endpoints":[{"url":"https:\/\/a.nel.cloudflare.com\/report\/v4?s=qqYCxYOdFQLc15IqxtErP7Agt%2B3nANsUs%2BGZvqyvblONsDIcfNgjNnGmKeCHOXnQvpBHfFowaZgUZUgl3QmBp5ttw5vko6X2VQs3VNPGdjGmLU%2B2w3MwvgI2Pr%2Fe6aJqizumBGAyZD32zrRu7SN9LWODPrA%3D"}],"group":"cf-nel","max_age":604800}
NEL: {"success_fraction":0,"report_to":"cf-nel","max_age":604800}
Server: cloudflare
CF-RAY: 89bf2e88b83e9719-AMS
alt-svc: h3=":443"; ma=86400

{
    "success": false,
    "message": "You should be authorised"
}
HTTP/1.1 401 Unauthorized
Date: Sun, 30 Jun 2024 15:27:40 GMT
Content-Type: application/json; charset=utf-8
Content-Length: 54
Connection: keep-alive
X-Powered-By: Express
Access-Control-Allow-Origin: *
ETag: W/"36-9ndkQYJpZ8s0sMN790Nuh0MLq/U"
CF-Cache-Status: DYNAMIC
Report-To: {"endpoints":[{"url":"https:\/\/a.nel.cloudflare.com\/report\/v4?s=qqYCxYOdFQLc15IqxtErP7Agt%2B3nANsUs%2BGZvqyvblONsDIcfNgjNnGmKeCHOXnQvpBHfFowaZgUZUgl3QmBp5ttw5vko6X2VQs3VNPGdjGmLU%2B2w3MwvgI2Pr%2Fe6aJqizumBGAyZD32zrRu7SN9LWODPrA%3D"}],"group":"cf-nel","max_age":604800}
NEL: {"success_fraction":0,"report_to":"cf-nel","max_age":604800}
Server: cloudflare
CF-RAY: 89bf2e88b83e9719-AMS
alt-svc: h3=":443"; ma=86400

{
    "success": false,
    "message": "You should be authorised"
}
HTTP/1.1 401 Unauthorized
Date: Sun, 30 Jun 2024 15:27:40 GMT
Content-Type: application/json; charset=utf-8
Content-Length: 54
Connection: keep-alive
X-Powered-By: Express
Access-Control-Allow-Origin: *
ETag: W/"36-9ndkQYJpZ8s0sMN790Nuh0MLq/U"
CF-Cache-Status: DYNAMIC
Report-To: {"endpoints":[{"url":"https:\/\/a.nel.cloudflare.com\/report\/v4?s=qqYCxYOdFQLc15IqxtErP7Agt%2B3nANsUs%2BGZvqyvblONsDIcfNgjNnGmKeCHOXnQvpBHfFowaZgUZUgl3QmBp5ttw5vko6X2VQs3VNPGdjGmLU%2B2w3MwvgI2Pr%2Fe6aJqizumBGAyZD32zrRu7SN9LWODPrA%3D"}],"group":"cf-nel","max_age":604800}
NEL: {"success_fraction":0,"report_to":"cf-nel","max_age":604800}
Server: cloudflare
CF-RAY: 89bf2e88b83e9719-AMS
alt-svc: h3=":443"; ma=86400

{
    "success": false,
    "message": "You should be authorised"
}
HTTP/1.1 401 Unauthorized
Date: Sun, 30 Jun 2024 15:27:40 GMT
Content-Type: application/json; charset=utf-8
Content-Length: 54
Connection: keep-alive
X-Powered-By: Express
Access-Control-Allow-Origin: *
ETag: W/"36-9ndkQYJpZ8s0sMN790Nuh0MLq/U"
CF-Cache-Status: DYNAMIC
Report-To: {"endpoints":[{"url":"https:\/\/a.nel.cloudflare.com\/report\/v4?s=qqYCxYOdFQLc15IqxtErP7Agt%2B3nANsUs%2BGZvqyvblONsDIcfNgjNnGmKeCHOXnQvpBHfFowaZgUZUgl3QmBp5ttw5vko6X2VQs3VNPGdjGmLU%2B2w3MwvgI2Pr%2Fe6aJqizumBGAyZD32zrRu7SN9LWODPrA%3D"}],"group":"cf-nel","max_age":604800}
NEL: {"success_fraction":0,"report_to":"cf-nel","max_age":604800}
Server: cloudflare
CF-RAY: 89bf2e88b83e9719-AMS
alt-svc: h3=":443"; ma=86400

{
    "success": false,
    "message": "You should be authorised"
}
HTTP/1.1 401 Unauthorized
Date: Sun, 30 Jun 2024 15:27:40 GMT
Content-Type: application/json; charset=utf-8
Content-Length: 54
Connection: keep-alive
X-Powered-By: Express
Access-Control-Allow-Origin: *
ETag: W/"36-9ndkQYJpZ8s0sMN790Nuh0MLq/U"
CF-Cache-Status: DYNAMIC
Report-To: {"endpoints":[{"url":"https:\/\/a.nel.cloudflare.com\/report\/v4?s=qqYCxYOdFQLc15IqxtErP7Agt%2B3nANsUs%2BGZvqyvblONsDIcfNgjNnGmKeCHOXnQvpBHfFowaZgUZUgl3QmBp5ttw5vko6X2VQs3VNPGdjGmLU%2B2w3MwvgI2Pr%2Fe6aJqizumBGAyZD32zrRu7SN9LWODPrA%3D"}],"group":"cf-nel","max_age":604800}
NEL: {"success_fraction":0,"report_to":"cf-nel","max_age":604800}
Server: cloudflare
CF-RAY: 89bf2e88b83e9719-AMS
alt-svc: h3=":443"; ma=86400

{
    "success": false,
    "message": "You should be authorised"
}
HTTP/1.1 401 Unauthorized
Date: Sun, 30 Jun 2024 15:27:40 GMT
Content-Type: application/json; charset=utf-8
Content-Length: 54
Connection: keep-alive
X-Powered-By: Express
Access-Control-Allow-Origin: *
ETag: W/"36-9ndkQYJpZ8s0sMN790Nuh0MLq/U"
CF-Cache-Status: DYNAMIC
Report-To: {"endpoints":[{"url":"https:\/\/a.nel.cloudflare.com\/report\/v4?s=qqYCxYOdFQLc15IqxtErP7Agt%2B3nANsUs%2BGZvqyvblONsDIcfNgjNnGmKeCHOXnQvpBHfFowaZgUZUgl3QmBp5ttw5vko6X2VQs3VNPGdjGmLU%2B2w3MwvgI2Pr%2Fe6aJqizumBGAyZD32zrRu7SN9LWODPrA%3D"}],"group":"cf-nel","max_age":604800}
NEL: {"success_fraction":0,"report_to":"cf-nel","max_age":604800}
Server: cloudflare
CF-RAY: 89bf2e88b83e9719-AMS
alt-svc: h3=":443"; ma=86400

{
    "success": false,
    "message": "You should be authorised"
}
HTTP/1.1 401 Unauthorized
Date: Sun, 30 Jun 2024 15:27:40 GMT
Content-Type: application/json; charset=utf-8
Content-Length: 54
Connection: keep-alive
X-Powered-By: Express
Access-Control-Allow-Origin: *
ETag: W/"36-9ndkQYJpZ8s0sMN790Nuh0MLq/U"
CF-Cache-Status: DYNAMIC
Report-To: {"endpoints":[{"url":"https:\/\/a.nel.cloudflare.com\/report\/v4?s=qqYCxYOdFQLc15IqxtErP7Agt%2B3nANsUs%2BGZvqyvblONsDIcfNgjNnGmKeCHOXnQvpBHfFowaZgUZUgl3QmBp5ttw5vko6X2VQs3VNPGdjGmLU%2B2w3MwvgI2Pr%2Fe6aJqizumBGAyZD32zrRu7SN9LWODPrA%3D"}],"group":"cf-nel","max_age":604800}
NEL: {"success_fraction":0,"report_to":"cf-nel","max_age":604800}
Server: cloudflare
CF-RAY: 89bf2e88b83e9719-AMS
alt-svc: h3=":443"; ma=86400

{
    "success": false,
    "message": "You should be authorised"
}
HTTP/1.1 401 Unauthorized
Date: Sun, 30 Jun 2024 15:27:40 GMT
Content-Type: application/json; charset=utf-8
Content-Length: 54
Connection: keep-alive
X-Powered-By: Express
Access-Control-Allow-Origin: *
ETag: W/"36-9ndkQYJpZ8s0sMN790Nuh0MLq/U"
CF-Cache-Status: DYNAMIC
Report-To: {"endpoints":[{"url":"https:\/\/a.nel.cloudflare.com\/report\/v4?s=qqYCxYOdFQLc15IqxtErP7Agt%2B3nANsUs%2BGZvqyvblONsDIcfNgjNnGmKeCHOXnQvpBHfFowaZgUZUgl3QmBp5ttw5vko6X2VQs3VNPGdjGmLU%2B2w3MwvgI2Pr%2Fe6aJqizumBGAyZD32zrRu7SN9LWODPrA%3D"}],"group":"cf-nel","max_age":604800}
NEL: {"success_fraction":0,"report_to":"cf-nel","max_age":604800}
Server: cloudflare
CF-RAY: 89bf2e88b83e9719-AMS
alt-svc: h3=":443"; ma=86400

{
    "success": false,
    "message": "You should be authorised"
}
HTTP/1.1 401 Unauthorized
Date: Sun, 30 Jun 2024 15:27:40 GMT
Content-Type: application/json; charset=utf-8
Content-Length: 54
Connection: keep-alive
X-Powered-By: Express
Access-Control-Allow-Origin: *
ETag: W/"36-9ndkQYJpZ8s0sMN790Nuh0MLq/U"
CF-Cache-Status: DYNAMIC
Report-To: {"endpoints":[{"url":"https:\/\/a.nel.cloudflare.com\/report\/v4?s=qqYCxYOdFQLc15IqxtErP7Agt%2B3nANsUs%2BGZvqyvblONsDIcfNgjNnGmKeCHOXnQvpBHfFowaZgUZUgl3QmBp5ttw5vko6X2VQs3VNPGdjGmLU%2B2w3MwvgI2Pr%2Fe6aJqizumBGAyZD32zrRu7SN9LWODPrA%3D"}],"group":"cf-nel","max_age":604800}
NEL: {"success_fraction":0,"report_to":"cf-nel","max_age":604800}
Server: cloudflare
CF-RAY: 89bf2e88b83e9719-AMS
alt-svc: h3=":443"; ma=86400

{
    "success": false,
    "message": "You should be authorised"
}
HTTP/1.1 401 Unauthorized
Date: Sun, 30 Jun 2024 15:27:40 GMT
Content-Type: application/json; charset=utf-8
Content-Length: 54
Connection: keep-alive
X-Powered-By: Express
Access-Control-Allow-Origin: *
ETag: W/"36-9ndkQYJpZ8s0sMN790Nuh0MLq/U"
CF-Cache-Status: DYNAMIC
Report-To: {"endpoints":[{"url":"https:\/\/a.nel.cloudflare.com\/report\/v4?s=qqYCxYOdFQLc15IqxtErP7Agt%2B3nANsUs%2BGZvqyvblONsDIcfNgjNnGmKeCHOXnQvpBHfFowaZgUZUgl3QmBp5ttw5vko6X2VQs3VNPGdjGmLU%2B2w3MwvgI2Pr%2Fe6aJqizumBGAyZD32zrRu7SN9LWODPrA%3D"}],"group":"cf-nel","max_age":604800}
NEL: {"success_fraction":0,"report_to":"cf-nel","max_age":604800}
Server: cloudflare
CF-RAY: 89bf2e88b83e9719-AMS
alt-svc: h3=":443"; ma=86400

{
    "success": false,
    "message": "You should be authorised"
}
HTTP/1.1 401 Unauthorized
Date: Sun, 30 Jun 2024 15:27:40 GMT
Content-Type: application/json; charset=utf-8
Content-Length: 54
Connection: keep-alive
X-Powered-By: Express
Access-Control-Allow-Origin: *
ETag: W/"36-9ndkQYJpZ8s0sMN790Nuh0MLq/U"
CF-Cache-Status: DYNAMIC
Report-To: {"endpoints":[{"url":"https:\/\/a.nel.cloudflare.com\/report\/v4?s=qqYCxYOdFQLc15IqxtErP7Agt%2B3nANsUs%2BGZvqyvblONsDIcfNgjNnGmKeCHOXnQvpBHfFowaZgUZUgl3QmBp5ttw5vko6X2VQs3VNPGdjGmLU%2B2w3MwvgI2Pr%2Fe6aJqizumBGAyZD32zrRu7SN9LWODPrA%3D"}],"group":"cf-nel","max_age":604800}
NEL: {"success_fraction":0,"report_to":"cf-nel","max_age":604800}
Server: cloudflare
CF-RAY: 89bf2e88b83e9719-AMS
alt-svc: h3=":443"; ma=86400

{
    "success": false,
    "message": "You should be authorised"
}
HTTP/1.1 401 Unauthorized
Date: Sun, 30 Jun 2024 15:27:40 GMT
Content-Type: application/json; charset=utf-8
Content-Length: 54
Connection: keep-alive
X-Powered-By: Express
Access-Control-Allow-Origin: *
ETag: W/"36-9ndkQYJpZ8s0sMN790Nuh0MLq/U"
CF-Cache-Status: DYNAMIC
Report-To: {"endpoints":[{"url":"https:\/\/a.nel.cloudflare.com\/report\/v4?s=qqYCxYOdFQLc15IqxtErP7Agt%2B3nANsUs%2BGZvqyvblONsDIcfNgjNnGmKeCHOXnQvpBHfFowaZgUZUgl3QmBp5ttw5vko6X2VQs3VNPGdjGmLU%2B2w3MwvgI2Pr%2Fe6aJqizumBGAyZD32zrRu7SN9LWODPrA%3D"}],"group":"cf-nel","max_age":604800}
NEL: {"success_fraction":0,"report_to":"cf-nel","max_age":604800}
Server: cloudflare
CF-RAY: 89bf2e88b83e9719-AMS
alt-svc: h3=":443"; ma=86400

{
    "success": false,
    "message": "You should be authorised"
}
HTTP/1.1 401 Unauthorized
Date: Sun, 30 Jun 2024 15:27:40 GMT
Content-Type: application/json; charset=utf-8
Content-Length: 54
Connection: keep-alive
X-Powered-By: Express
Access-Control-Allow-Origin: *
ETag: W/"36-9ndkQYJpZ8s0sMN790Nuh0MLq/U"
CF-Cache-Status: DYNAMIC
Report-To: {"endpoints":[{"url":"https:\/\/a.nel.cloudflare.com\/report\/v4?s=qqYCxYOdFQLc15IqxtErP7Agt%2B3nANsUs%2BGZvqyvblONsDIcfNgjNnGmKeCHOXnQvpBHfFowaZgUZUgl3QmBp5ttw5vko6X2VQs3VNPGdjGmLU%2B2w3MwvgI2Pr%2Fe6aJqizumBGAyZD32zrRu7SN9LWODPrA%3D"}],"group":"cf-nel","max_age":604800}
NEL: {"success_fraction":0,"report_to":"cf-nel","max_age":604800}
Server: cloudflare
CF-RAY: 89bf2e88b83e9719-AMS
alt-svc: h3=":443"; ma=86400

{
    "success": false,
    "message": "You should be authorised"
}
Request method:	DELETE
Request URI:	https://stellarburgers.nomoreparties.site/api/auth/user
Proxy:			<none>
Request params:	<none>
Query params:	<none>
Form params:	<none>
Path params:	<none>
Headers:		authorization=Bearer eyJhbGciOiJIUzI1NiIsInR5cCI6IkpXVCJ9.eyJpZCI6IjY2ODE3OTZjOWVkMjgwMDAxYjQ1OTYwNSIsImlhdCI6MTcxOTc2MTI2MCwiZXhwIjoxNzE5NzYyNDYwfQ.K94_ZEDvfGVzze52iGwYj0dZ2ww62rFJgkxDj08or8Y
				Accept=*/*
				Content-Type=application/json
Cookies:		<none>
Multiparts:		<none>
Body:			<none>
Request method:	DELETE
Request URI:	https://stellarburgers.nomoreparties.site/api/auth/user
Proxy:			<none>
Request params:	<none>
Query params:	<none>
Form params:	<none>
Path params:	<none>
Headers:		authorization=Bearer eyJhbGciOiJIUzI1NiIsInR5cCI6IkpXVCJ9.eyJpZCI6IjY2ODE3OTZjOWVkMjgwMDAxYjQ1OTYwNSIsImlhdCI6MTcxOTc2MTI2MCwiZXhwIjoxNzE5NzYyNDYwfQ.K94_ZEDvfGVzze52iGwYj0dZ2ww62rFJgkxDj08or8Y
				Accept=*/*
				Content-Type=application/json
Cookies:		<none>
Multiparts:		<none>
Body:			<none>
Request method:	DELETE
[...]
				Accept=*/*
				Content-Type=application/json
Cookies:		<none>
Multiparts:		<none>
Body:			<none>
Request method:	DELETE
Request URI:	https://stellarburgers.nomoreparties.site/api/auth/user
Proxy:			<none>
Request params:	<none>
Query params:	<none>
Form params:	<none>
Path params:	<none>
Headers:		authorization=Bearer eyJhbGciOiJIUzI1NiIsInR5cCI6IkpXVCJ9.eyJpZCI6IjY2ODE3OTZkOWVkMjgwMDAxYjQ1OTYwOCIsImlhdCI6MTcxOTc2MTI2MiwiZXhwIjoxNzE5NzYyNDYyfQ.CiJkEcUCjLUl13BhkE-9kNao77E7ChpQI8ZcwCgRfOQ
				Accept=*/*
				Content-Type=application/json
Cookies:		<none>
Multiparts:		<none>
Body:			<none>
Request method:	DELETE
Request URI:	https://stellarburgers.nomoreparties.site/api/auth/user
Proxy:			<none>
Request params:	<none>
Query params:	<none>
Form params:	<none>
Path params:	<none>
Headers:		authorization=Bearer eyJhbGciOiJIUzI1NiIsInR5cCI6IkpXVCJ9.eyJpZCI6IjY2ODE3OTZkOWVkMjgwMDAxYjQ1OTYwOCIsImlhdCI6MTcxOTc2MTI2MiwiZXhwIjoxNzE5NzYyNDYyfQ.CiJkEcUCjLUl13BhkE-9kNao77E7ChpQI8ZcwCgRfOQ
				Accept=*/*
				Content-Type=application/json
Cookies:		<none>
Multiparts:		<none>
Body:			<none>
Request method:	DELETE
Request URI:	https://stellarburgers.nomoreparties.site/api/auth/user
Proxy:			<none>
Request params:	<none>
Query params:	<none>
Form params:	<none>
Path params:	<none>
Headers:		authorization=Bearer eyJhbGciOiJIUzI1NiIsInR5cCI6IkpXVCJ9.eyJpZCI6IjY2ODE3OTZkOWVkMjgwMDAxYjQ1OTYwOCIsImlhdCI6MTcxOTc2MTI2MiwiZXhwIjoxNzE5NzYyNDYyfQ.CiJkEcUCjLUl13BhkE-9kNao77E7ChpQI8ZcwCgRfOQ
				Accept=*/*
				Content-Type=application/json
Cookies:		<none>
Multiparts:		<none>
Body:			<none>
Request method:	DELETE
Request URI:	https://stellarburgers.nomoreparties.site/api/auth/user
Proxy:			<none>
Request params:	<none>
Query params:	<none>
Form params:	<none>
Path params:	<none>
Headers:		authorization=Bearer eyJhbGciOiJIUzI1NiIsInR5cCI6IkpXVCJ9.eyJpZCI6IjY2ODE3OTZkOWVkMjgwMDAxYjQ1OTYwOCIsImlhdCI6MTcxOTc2MTI2MiwiZXhwIjoxNzE5NzYyNDYyfQ.CiJkEcUCjLUl13BhkE-9kNao77E7ChpQI8ZcwCgRfOQ
				Accept=*/*
				Content-Type=application/json
Cookies:		<none>
Multiparts:		<none>
Body:			<none>
Request method:	DELETE
Request URI:	https://stellarburgers.nomoreparties.site/api/auth/user
Proxy:			<none>
Request params:	<none>
Query params:	<none>
Form params:	<none>
Path params:	<none>
Headers:		authorization=Bearer eyJhbGciOiJIUzI1NiIsInR5cCI6IkpXVCJ9.eyJpZCI6IjY2ODE3OTZkOWVkMjgwMDAxYjQ1OTYwOCIsImlhdCI6MTcxOTc2MTI2MiwiZXhwIjoxNzE5NzYyNDYyfQ.CiJkEcUCjLUl13BhkE-9kNao77E7ChpQI8ZcwCgRfOQ
				Accept=*/*
				Content-Type=application/json
Cookies:		<none>
Multiparts:		<none>
Body:			<none>
Request method:	DELETE
Request URI:	https://stellarburgers.nomoreparties.site/api/auth/user
Proxy:			<none>
Request params:	<none>
Query params:	<none>
Form params:	<none>
Path params:	<none>
Headers:		authorization=Bearer eyJhbGciOiJIUzI1NiIsInR5cCI6IkpXVCJ9.eyJpZCI6IjY2ODE3OTZkOWVkMjgwMDAxYjQ1OTYwOCIsImlhdCI6MTcxOTc2MTI2MiwiZXhwIjoxNzE5NzYyNDYyfQ.CiJkEcUCjLUl13BhkE-9kNao77E7ChpQI8ZcwCgRfOQ
				Accept=*/*
				Content-Type=application/json
Cookies:		<none>
Multiparts:		<none>
Body:			<none>
HTTP/1.1 202 Accepted
Date: Sun, 30 Jun 2024 15:27:44 GMT
Content-Type: application/json; charset=utf-8
Content-Length: 54
Connection: keep-alive
X-Powered-By: Express
Access-Control-Allow-Origin: *
ETag: W/"36-hDmZnQ3Ou/ynnqAeC6TYmyseuzY"
CF-Cache-Status: DYNAMIC
Report-To: {"endpoints":[{"url":"https:\/\/a.nel.cloudflare.com\/report\/v4?s=ib0Z%2BUT%2BnJIE%2FlcK0xJmGz3aU1dMlfSAKzO8xPqK2BUgNxL5qRhN%2F1fuHWalHB8tFpbEQiTeJflUI1xEhlDgEbB7I2Ru7RlCukKI30WIUlG2mPToG2%2Bh%2B1vH251Ux5QdzAfuz3uOvk6dlbJY6uandh6e6eI%3D"}],"group":"cf-nel","max_age":604800}
NEL: {"success_fraction":0,"report_to":"cf-nel","max_age":604800}
Server: cloudflare
CF-RAY: 89bf2e9dcfb42d04-FRA
alt-svc: h3=":443"; ma=86400

{
    "success": true,
    "message": "User successfully removed"
}
HTTP/1.1 202 Accepted
Date: Sun, 30 Jun 2024 15:27:44 GMT
Content-Type: application/json; charset=utf-8
Content-Length: 54
Connection: keep-alive
X-Powered-By: Express
Access-Control-Allow-Origin: *
ETag: W/"36-hDmZnQ3Ou/ynnqAeC6TYmyseuzY"
CF-Cache-Status: DYNAMIC
Report-To: {"endpoints":[{"url":"https:\/\/a.nel.cloudflare.com\/report\/v4?s=ib0Z%2BUT%2BnJIE%2FlcK0xJmGz3aU1dMlfSAKzO8xPqK2BUgNxL5qRhN%2F1fuHWalHB8tFpbEQiTeJflUI1xEhlDgEbB7I2Ru7RlCukKI30WIUlG2mPToG2%2Bh%2B1vH251Ux5QdzAfuz3uOvk6dlbJY6uandh6e6eI%3D"}],"group":"cf-nel","max_age":604800}
NEL: {"success_fraction":0,"report_to":"cf-nel","max_age":604800}
Server: cloudflare
CF-RAY: 89bf2e9dcfb42d04-FRA
alt-svc: h3=":443"; ma=86400

{
    "success": true,
    "message": "User successfully removed"
}
HTTP/1.1 202 Accepted
Date: Sun, 30 Jun 2024 15:27:44 GMT
Content-Type: application/json; charset=utf-8
Content-Length: 54
Connection: keep-alive
X-Powered-By: Express
Access-Control-Allow-Origin: *
ETag: W/"36-hDmZnQ3Ou/ynnqAeC6TYmyseuzY"
CF-Cache-Status: DYNAMIC
Report-To: {"endpoints":[{"url":"https:\/\/a.nel.cloudflare.com\/report\/v4?s=ib0Z%2BUT%2BnJIE%2FlcK0xJmGz3aU1dMlfSAKzO8xPqK2BUgNxL5qRhN%2F1fuHWalHB8tFpbEQiTeJflUI1xEhlDgEbB7I2Ru7RlCukKI30WIUlG2mPToG2%2Bh%2B1vH251Ux5QdzAfuz3uOvk6dlbJY6uandh6e6eI%3D"}],"group":"cf-nel","max_age":604800}
NEL: {"success_fraction":0,"report_to":"cf-nel","max_age":604800}
Server: cloudflare
CF-RAY: 89bf2e9dcfb42d04-FRA
alt-svc: h3=":443"; ma=86400

{
    "success": true,
    "message": "User successfully removed"
}
HTTP/1.1 202 Accepted
Date: Sun, 30 Jun 2024 15:27:44 GMT
Content-Type: application/json; charset=utf-8
Content-Length: 54
Connection: keep-alive
X-Powered-By: Express
Access-Control-Allow-Origin: *
ETag: W/"36-hDmZnQ3Ou/ynnqAeC6TYmyseuzY"
CF-Cache-Status: DYNAMIC
Report-To: {"endpoints":[{"url":"https:\/\/a.nel.cloudflare.com\/report\/v4?s=ib0Z%2BUT%2BnJIE%2FlcK0xJmGz3aU1dMlfSAKzO8xPqK2BUgNxL5qRhN%2F1fuHWalHB8tFpbEQiTeJflUI1xEhlDgEbB7I2Ru7RlCukKI30WIUlG2mPToG2%2Bh%2B1vH251Ux5QdzAfuz3uOvk6dlbJY6uandh6e6eI%3D"}],"group":"cf-nel","max_age":604800}
NEL: {"success_fraction":0,"report_to":"cf-nel","max_age":604800}
Server: cloudflare
CF-RAY: 89bf2e9dcfb42d04-FRA
alt-svc: h3=":443"; ma=86400

{
    "success": true,
    "message": "User successfully removed"
}
HTTP/1.1 202 Accepted
Date: Sun, 30 Jun 2024 15:27:44 GMT
Content-Type: application/json; charset=utf-8
Content-Length: 54
Connection: keep-alive
X-Powered-By: Express
Access-Control-Allow-Origin: *
ETag: W/"36-hDmZnQ3Ou/ynnqAeC6TYmyseuzY"
CF-Cache-Status: DYNAMIC
Report-To: {"endpoints":[{"url":"https:\/\/a.nel.cloudflare.com\/report\/v4?s=ib0Z%2BUT%2BnJIE%2FlcK0xJmGz3aU1dMlfSAKzO8xPqK2BUgNxL5qRhN%2F1fuHWalHB8tFpbEQiTeJflUI1xEhlDgEbB7I2Ru7RlCukKI30WIUlG2mPToG2%2Bh%2B1vH251Ux5QdzAfuz3uOvk6dlbJY6uandh6e6eI%3D"}],"group":"cf-nel","max_age":604800}
NEL: {"success_fraction":0,"report_to":"cf-nel","max_age":604800}
Server: cloudflare
CF-RAY: 89bf2e9dcfb42d04-FRA
alt-svc: h3=":443"; ma=86400

{
    "success": true,
    "message": "User successfully removed"
}
HTTP/1.1 202 Accepted
Date: Sun, 30 Jun 2024 15:27:44 GMT
Content-Type: application/json; charset=utf-8
Content-Length: 54
Connection: keep-alive
X-Powered-By: Express
Access-Control-Allow-Origin: *
ETag: W/"36-hDmZnQ3Ou/ynnqAeC6TYmyseuzY"
CF-Cache-Status: DYNAMIC
Report-To: {"endpoints":[{"url":"https:\/\/a.nel.cloudflare.com\/report\/v4?s=ib0Z%2BUT%2BnJIE%2FlcK0xJmGz3aU1dMlfSAKzO8xPqK2BUgNxL5qRhN%2F1fuHWalHB8tFpbEQiTeJflUI1xEhlDgEbB7I2Ru7RlCukKI30WIUlG2mPToG2%2Bh%2B1vH251Ux5QdzAfuz3uOvk6dlbJY6uandh6e6eI%3D"}],"group":"cf-nel","max_age":604800}
NEL: {"success_fraction":0,"report_to":"cf-nel","max_age":604800}
Server: cloudflare
CF-RAY: 89bf2e9dcfb42d04-FRA
alt-svc: h3=":443"; ma=86400

{
    "success": true,
    "message": "User successfully removed"
}
HTTP/1.1 202 Accepted
Date: Sun, 30 Jun 2024 15:27:44 GMT
Content-Type: application/json; charset=utf-8
Content-Length: 54
Connection: keep-alive
X-Powered-By: Express
Access-Control-Allow-Origin: *
ETag: W/"36-hDmZnQ3Ou/ynnqAeC6TYmyseuzY"
CF-Cache-Status: DYNAMIC
Report-To: {"endpoints":[{"url":"https:\/\/a.nel.cloudflare.com\/report\/v4?s=ib0Z%2BUT%2BnJIE%2FlcK0xJmGz3aU1dMlfSAKzO8xPqK2BUgNxL5qRhN%2F1fuHWalHB8tFpbEQiTeJflUI1xEhlDgEbB7I2Ru7RlCukKI30WIUlG2mPToG2%2Bh%2B1vH251Ux5QdzAfuz3uOvk6dlbJY6uandh6e6eI%3D"}],"group":"cf-nel","max_age":604800}
NEL: {"success_fraction":0,"report_to":"cf-nel","max_age":604800}
Server: cloudflare
CF-RAY: 89bf2e9dcfb42d04-FRA
alt-svc: h3=":443"; ma=86400

{
    "success": true,
    "message": "User successfully removed"
}
HTTP/1.1 202 Accepted
Date: Sun, 30 Jun 2024 15:27:44 GMT
Content-Type: application/json; charset=utf-8
Content-Length: 54
Connection: keep-alive
X-Powered-By: Express
Access-Control-Allow-Origin: *
ETag: W/"36-hDmZnQ3Ou/ynnqAeC6TYmyseuzY"
CF-Cache-Status: DYNAMIC
Report-To: {"endpoints":[{"url":"https:\/\/a.nel.cloudflare.com\/report\/v4?s=ib0Z%2BUT%2BnJIE%2FlcK0xJmGz3aU1dMlfSAKzO8xPqK2BUgNxL5qRhN%2F1fuHWalHB8tFpbEQiTeJflUI1xEhlDgEbB7I2Ru7RlCukKI30WIUlG2mPToG2%2Bh%2B1vH251Ux5QdzAfuz3uOvk6dlbJY6uandh6e6eI%3D"}],"group":"cf-nel","max_age":604800}
NEL: {"success_fraction":0,"report_to":"cf-nel","max_age":604800}
Server: cloudflare
CF-RAY: 89bf2e9dcfb42d04-FRA
alt-svc: h3=":443"; ma=86400

{
    "success": true,
    "message": "User successfully removed"
}
HTTP/1.1 202 Accepted
Date: Sun, 30 Jun 2024 15:27:44 GMT
Content-Type: application/json; charset=utf-8
Content-Length: 54
Connection: keep-alive
X-Powered-By: Express
Access-Control-Allow-Origin: *
ETag: W/"36-hDmZnQ3Ou/ynnqAeC6TYmyseuzY"
CF-Cache-Status: DYNAMIC
Report-To: {"endpoints":[{"url":"https:\/\/a.nel.cloudflare.com\/report\/v4?s=ib0Z%2BUT%2BnJIE%2FlcK0xJmGz3aU1dMlfSAKzO8xPqK2BUgNxL5qRhN%2F1fuHWalHB8tFpbEQiTeJflUI1xEhlDgEbB7I2Ru7RlCukKI30WIUlG2mPToG2%2Bh%2B1vH251Ux5QdzAfuz3uOvk6dlbJY6uandh6e6eI%3D"}],"group":"cf-nel","max_age":604800}
NEL: {"success_fraction":0,"report_to":"cf-nel","max_age":604800}
Server: cloudflare
CF-RAY: 89bf2e9dcfb42d04-FRA
alt-svc: h3=":443"; ma=86400

{
    "success": true,
    "message": "User successfully removed"
}
HTTP/1.1 202 Accepted
Date: Sun, 30 Jun 2024 15:27:44 GMT
Content-Type: application/json; charset=utf-8
Content-Length: 54
Connection: keep-alive
X-Powered-By: Express
Access-Control-Allow-Origin: *
ETag: W/"36-hDmZnQ3Ou/ynnqAeC6TYmyseuzY"
CF-Cache-Status: DYNAMIC
Report-To: {"endpoints":[{"url":"https:\/\/a.nel.cloudflare.com\/report\/v4?s=ib0Z%2BUT%2BnJIE%2FlcK0xJmGz3aU1dMlfSAKzO8xPqK2BUgNxL5qRhN%2F1fuHWalHB8tFpbEQiTeJflUI1xEhlDgEbB7I2Ru7RlCukKI30WIUlG2mPToG2%2Bh%2B1vH251Ux5QdzAfuz3uOvk6dlbJY6uandh6e6eI%3D"}],"group":"cf-nel","max_age":604800}
NEL: {"success_fraction":0,"report_to":"cf-nel","max_age":604800}
Server: cloudflare
CF-RAY: 89bf2e9dcfb42d04-FRA
alt-svc: h3=":443"; ma=86400

{
    "success": true,
    "message": "User successfully removed"
}
HTTP/1.1 202 Accepted
Date: Sun, 30 Jun 2024 15:27:44 GMT
Content-Type: application/json; charset=utf-8
Content-Length: 54
Connection: keep-alive
X-Powered-By: Express
Access-Control-Allow-Origin: *
ETag: W/"36-hDmZnQ3Ou/ynnqAeC6TYmyseuzY"
CF-Cache-Status: DYNAMIC
Report-To: {"endpoints":[{"url":"https:\/\/a.nel.cloudflare.com\/report\/v4?s=ib0Z%2BUT%2BnJIE%2FlcK0xJmGz3aU1dMlfSAKzO8xPqK2BUgNxL5qRhN%2F1fuHWalHB8tFpbEQiTeJflUI1xEhlDgEbB7I2Ru7RlCukKI30WIUlG2mPToG2%2Bh%2B1vH251Ux5QdzAfuz3uOvk6dlbJY6uandh6e6eI%3D"}],"group":"cf-nel","max_age":604800}
NEL: {"success_fraction":0,"report_to":"cf-nel","max_age":604800}
Server: cloudflare
CF-RAY: 89bf2e9dcfb42d04-FRA
alt-svc: h3=":443"; ma=86400

{
    "success": true,
    "message": "User successfully removed"
}
HTTP/1.1 202 Accepted
Date: Sun, 30 Jun 2024 15:27:44 GMT
Content-Type: application/json; charset=utf-8
Content-Length: 54
Connection: keep-alive
X-Powered-By: Express
Access-Control-Allow-Origin: *
ETag: W/"36-hDmZnQ3Ou/ynnqAeC6TYmyseuzY"
CF-Cache-Status: DYNAMIC
Report-To: {"endpoints":[{"url":"https:\/\/a.nel.cloudflare.com\/report\/v4?s=ib0Z%2BUT%2BnJIE%2FlcK0xJmGz3aU1dMlfSAKzO8xPqK2BUgNxL5qRhN%2F1fuHWalHB8tFpbEQiTeJflUI1xEhlDgEbB7I2Ru7RlCukKI30WIUlG2mPToG2%2Bh%2B1vH251Ux5QdzAfuz3uOvk6dlbJY6uandh6e6eI%3D"}],"group":"cf-nel","max_age":604800}
NEL: {"success_fraction":0,"report_to":"cf-nel","max_age":604800}
Server: cloudflare
CF-RAY: 89bf2e9dcfb42d04-FRA
alt-svc: h3=":443"; ma=86400

{
    "success": true,
    "message": "User successfully removed"
}
HTTP/1.1 202 Accepted
Date: Sun, 30 Jun 2024 15:27:44 GMT
Content-Type: application/json; charset=utf-8
Content-Length: 54
Connection: keep-alive
X-Powered-By: Express
Access-Control-Allow-Origin: *
ETag: W/"36-hDmZnQ3Ou/ynnqAeC6TYmyseuzY"
CF-Cache-Status: DYNAMIC
Report-To: {"endpoints":[{"url":"https:\/\/a.nel.cloudflare.com\/report\/v4?s=ib0Z%2BUT%2BnJIE%2FlcK0xJmGz3aU1dMlfSAKzO8xPqK2BUgNxL5qRhN%2F1fuHWalHB8tFpbEQiTeJflUI1xEhlDgEbB7I2Ru7RlCukKI30WIUlG2mPToG2%2Bh%2B1vH251Ux5QdzAfuz3uOvk6dlbJY6uandh6e6eI%3D"}],"group":"cf-nel","max_age":604800}
NEL: {"success_fraction":0,"report_to":"cf-nel","max_age":604800}
Server: cloudflare
CF-RAY: 89bf2e9dcfb42d04-FRA
alt-svc: h3=":443"; ma=86400

{
    "success": true,
    "message": "User successfully removed"
}
HTTP/1.1 202 Accepted
Date: Sun, 30 Jun 2024 15:27:44 GMT
Content-Type: application/json; charset=utf-8
Content-Length: 54
Connection: keep-alive
X-Powered-By: Express
Access-Control-Allow-Origin: *
ETag: W/"36-hDmZnQ3Ou/ynnqAeC6TYmyseuzY"
CF-Cache-Status: DYNAMIC
Report-To: {"endpoints":[{"url":"https:\/\/a.nel.cloudflare.com\/report\/v4?s=ib0Z%2BUT%2BnJIE%2FlcK0xJmGz3aU1dMlfSAKzO8xPqK2BUgNxL5qRhN%2F1fuHWalHB8tFpbEQiTeJflUI1xEhlDgEbB7I2Ru7RlCukKI30WIUlG2mPToG2%2Bh%2B1vH251Ux5QdzAfuz3uOvk6dlbJY6uandh6e6eI%3D"}],"group":"cf-nel","max_age":604800}
NEL: {"success_fraction":0,"report_to":"cf-nel","max_age":604800}
Server: cloudflare
CF-RAY: 89bf2e9dcfb42d04-FRA
alt-svc: h3=":443"; ma=86400

{
    "success": true,
    "message": "User successfully removed"
}
HTTP/1.1 202 Accepted
Date: Sun, 30 Jun 2024 15:27:44 GMT
Content-Type: application/json; charset=utf-8
Content-Length: 54
Connection: keep-alive
X-Powered-By: Express
Access-Control-Allow-Origin: *
ETag: W/"36-hDmZnQ3Ou/ynnqAeC6TYmyseuzY"
CF-Cache-Status: DYNAMIC
Report-To: {"endpoints":[{"url":"https:\/\/a.nel.cloudflare.com\/report\/v4?s=ib0Z%2BUT%2BnJIE%2FlcK0xJmGz3aU1dMlfSAKzO8xPqK2BUgNxL5qRhN%2F1fuHWalHB8tFpbEQiTeJflUI1xEhlDgEbB7I2Ru7RlCukKI30WIUlG2mPToG2%2Bh%2B1vH251Ux5QdzAfuz3uOvk6dlbJY6uandh6e6eI%3D"}],"group":"cf-nel","max_age":604800}
NEL: {"success_fraction":0,"report_to":"cf-nel","max_age":604800}
Server: cloudflare
CF-RAY: 89bf2e9dcfb42d04-FRA
alt-svc: h3=":443"; ma=86400

{
    "success": true,
    "message": "User successfully removed"
}
HTTP/1.1 202 Accepted
Date: Sun, 30 Jun 2024 15:27:44 GMT
Content-Type: application/json; charset=utf-8
Content-Length: 54
Connection: keep-alive
X-Powered-By: Express
Access-Control-Allow-Origin: *
ETag: W/"36-hDmZnQ3Ou/ynnqAeC6TYmyseuzY"
CF-Cache-Status: DYNAMIC
Report-To: {"endpoints":[{"url":"https:\/\/a.nel.cloudflare.com\/report\/v4?s=ib0Z%2BUT%2BnJIE%2FlcK0xJmGz3aU1dMlfSAKzO8xPqK2BUgNxL5qRhN%2F1fuHWalHB8tFpbEQiTeJflUI1xEhlDgEbB7I2Ru7RlCukKI30WIUlG2mPToG2%2Bh%2B1vH251Ux5QdzAfuz3uOvk6dlbJY6uandh6e6eI%3D"}],"group":"cf-nel","max_age":604800}
NEL: {"success_fraction":0,"report_to":"cf-nel","max_age":604800}
Server: cloudflare
CF-RAY: 89bf2e9dcfb42d04-FRA
alt-svc: h3=":443"; ma=86400

{
    "success": true,
    "message": "User successfully removed"
}
HTTP/1.1 202 Accepted
Date: Sun, 30 Jun 2024 15:27:44 GMT
Content-Type: application/json; charset=utf-8
Content-Length: 54
Connection: keep-alive
X-Powered-By: Express
Access-Control-Allow-Origin: *
ETag: W/"36-hDmZnQ3Ou/ynnqAeC6TYmyseuzY"
CF-Cache-Status: DYNAMIC
Report-To: {"endpoints":[{"url":"https:\/\/a.nel.cloudflare.com\/report\/v4?s=ib0Z%2BUT%2BnJIE%2FlcK0xJmGz3aU1dMlfSAKzO8xPqK2BUgNxL5qRhN%2F1fuHWalHB8tFpbEQiTeJflUI1xEhlDgEbB7I2Ru7RlCukKI30WIUlG2mPToG2%2Bh%2B1vH251Ux5QdzAfuz3uOvk6dlbJY6uandh6e6eI%3D"}],"group":"cf-nel","max_age":604800}
NEL: {"success_fraction":0,"report_to":"cf-nel","max_age":604800}
Server: cloudflare
CF-RAY: 89bf2e9dcfb42d04-FRA
alt-svc: h3=":443"; ma=86400

{
    "success": true,
    "message": "User successfully removed"
}
HTTP/1.1 202 Accepted
Date: Sun, 30 Jun 2024 15:27:44 GMT
Content-Type: application/json; charset=utf-8
Content-Length: 54
Connection: keep-alive
X-Powered-By: Express
Access-Control-Allow-Origin: *
ETag: W/"36-hDmZnQ3Ou/ynnqAeC6TYmyseuzY"
CF-Cache-Status: DYNAMIC
Report-To: {"endpoints":[{"url":"https:\/\/a.nel.cloudflare.com\/report\/v4?s=ib0Z%2BUT%2BnJIE%2FlcK0xJmGz3aU1dMlfSAKzO8xPqK2BUgNxL5qRhN%2F1fuHWalHB8tFpbEQiTeJflUI1xEhlDgEbB7I2Ru7RlCukKI30WIUlG2mPToG2%2Bh%2B1vH251Ux5QdzAfuz3uOvk6dlbJY6uandh6e6eI%3D"}],"group":"cf-nel","max_age":604800}
NEL: {"success_fraction":0,"report_to":"cf-nel","max_age":604800}
Server: cloudflare
CF-RAY: 89bf2e9dcfb42d04-FRA
alt-svc: h3=":443"; ma=86400

{
    "success": true,
    "message": "User successfully removed"
}
HTTP/1.1 202 Accepted
Date: Sun, 30 Jun 2024 15:27:44 GMT
Content-Type: application/json; charset=utf-8
Content-Length: 54
Connection: keep-alive
X-Powered-By: Express
Access-Control-Allow-Origin: *
ETag: W/"36-hDmZnQ3Ou/ynnqAeC6TYmyseuzY"
CF-Cache-Status: DYNAMIC
Report-To: {"endpoints":[{"url":"https:\/\/a.nel.cloudflare.com\/report\/v4?s=ib0Z%2BUT%2BnJIE%2FlcK0xJmGz3aU1dMlfSAKzO8xPqK2BUgNxL5qRhN%2F1fuHWalHB8tFpbEQiTeJflUI1xEhlDgEbB7I2Ru7RlCukKI30WIUlG2mPToG2%2Bh%2B1vH251Ux5QdzAfuz3uOvk6dlbJY6uandh6e6eI%3D"}],"group":"cf-nel","max_age":604800}
NEL: {"success_fraction":0,"report_to":"cf-nel","max_age":604800}
Server: cloudflare
CF-RAY: 89bf2e9dcfb42d04-FRA
alt-svc: h3=":443"; ma=86400

{
    "success": true,
    "message": "User successfully removed"
}
HTTP/1.1 202 Accepted
Date: Sun, 30 Jun 2024 15:27:44 GMT
Content-Type: application/json; charset=utf-8
Content-Length: 54
Connection: keep-alive
X-Powered-By: Express
Access-Control-Allow-Origin: *
ETag: W/"36-hDmZnQ3Ou/ynnqAeC6TYmyseuzY"
CF-Cache-Status: DYNAMIC
Report-To: {"endpoints":[{"url":"https:\/\/a.nel.cloudflare.com\/report\/v4?s=ib0Z%2BUT%2BnJIE%2FlcK0xJmGz3aU1dMlfSAKzO8xPqK2BUgNxL5qRhN%2F1fuHWalHB8tFpbEQiTeJflUI1xEhlDgEbB7I2Ru7RlCukKI30WIUlG2mPToG2%2Bh%2B1vH251Ux5QdzAfuz3uOvk6dlbJY6uandh6e6eI%3D"}],"group":"cf-nel","max_age":604800}
NEL: {"success_fraction":0,"report_to":"cf-nel","max_age":604800}
Server: cloudflare
CF-RAY: 89bf2e9dcfb42d04-FRA
alt-svc: h3=":443"; ma=86400

{
    "success": true,
    "message": "User successfully removed"
}
HTTP/1.1 202 Accepted
Date: Sun, 30 Jun 2024 15:27:44 GMT
Content-Type: application/json; charset=utf-8
Content-Length: 54
Connection: keep-alive
X-Powered-By: Express
Access-Control-Allow-Origin: *
ETag: W/"36-hDmZnQ3Ou/ynnqAeC6TYmyseuzY"
CF-Cache-Status: DYNAMIC
Report-To: {"endpoints":[{"url":"https:\/\/a.nel.cloudflare.com\/report\/v4?s=ib0Z%2BUT%2BnJIE%2FlcK0xJmGz3aU1dMlfSAKzO8xPqK2BUgNxL5qRhN%2F1fuHWalHB8tFpbEQiTeJflUI1xEhlDgEbB7I2Ru7RlCukKI30WIUlG2mPToG2%2Bh%2B1vH251Ux5QdzAfuz3uOvk6dlbJY6uandh6e6eI%3D"}],"group":"cf-nel","max_age":604800}
NEL: {"success_fraction":0,"report_to":"cf-nel","max_age":604800}
Server: cloudflare
CF-RAY: 89bf2e9dcfb42d04-FRA
alt-svc: h3=":443"; ma=86400

{
    "success": true,
    "message": "User successfully removed"
}
HTTP/1.1 202 Accepted
Date: Sun, 30 Jun 2024 15:27:44 GMT
Content-Type: application/json; charset=utf-8
Content-Length: 54
Connection: keep-alive
X-Powered-By: Express
Access-Control-Allow-Origin: *
ETag: W/"36-hDmZnQ3Ou/ynnqAeC6TYmyseuzY"
CF-Cache-Status: DYNAMIC
Report-To: {"endpoints":[{"url":"https:\/\/a.nel.cloudflare.com\/report\/v4?s=ib0Z%2BUT%2BnJIE%2FlcK0xJmGz3aU1dMlfSAKzO8xPqK2BUgNxL5qRhN%2F1fuHWalHB8tFpbEQiTeJflUI1xEhlDgEbB7I2Ru7RlCukKI30WIUlG2mPToG2%2Bh%2B1vH251Ux5QdzAfuz3uOvk6dlbJY6uandh6e6eI%3D"}],"group":"cf-nel","max_age":604800}
NEL: {"success_fraction":0,"report_to":"cf-nel","max_age":604800}
Server: cloudflare
CF-RAY: 89bf2e9dcfb42d04-FRA
alt-svc: h3=":443"; ma=86400

{
    "success": true,
    "message": "User successfully removed"
}
]]></system-out>
  </testcase>
</testsuite>